{"recorder_version":"31","session":"7845d6c3dbc9","build":"193.6494.35","bucket":"197","time":1585607426089,"group":{"id":"settings","version":"4"},"event":{"state":true,"data":{"component":"UISettings","created":1585607426386},"id":"invoked"}}
{"recorder_version":"31","session":"7845d6c3dbc9","build":"193.6494.35","bucket":"197","time":1585607426089,"group":{"id":"settings","version":"4"},"event":{"state":true,"data":{"component":"NotRoamableUiSettings","created":1585607426390},"id":"invoked"}}
{"recorder_version":"31","session":"7845d6c3dbc9","build":"193.6494.35","bucket":"197","time":1585607426096,"group":{"id":"system.java","version":"1"},"event":{"state":true,"data":{"created":1585607426397,"version":"validation.undefined_rule"},"id":"validation.undefined_rule"}}
{"recorder_version":"31","session":"7845d6c3dbc9","build":"193.6494.35","bucket":"197","time":1585607426096,"group":{"id":"system.java","version":"1"},"event":{"state":true,"data":{"created":1585607426397},"id":"invoked"}}
{"recorder_version":"31","session":"7845d6c3dbc9","build":"193.6494.35","bucket":"197","time":1585607426120,"group":{"id":"system.os","version":"3"},"event":{"state":true,"data":{"created":1585607426398,"version":"10.14"},"id":"Mac"}}
{"recorder_version":"31","session":"7845d6c3dbc9","build":"193.6494.35","bucket":"197","time":1585607426120,"group":{"id":"system.os","version":"3"},"event":{"state":true,"data":{"created":1585607426398,"name":"Mac","version":"10.14"},"id":"os.name"}}
{"recorder_version":"31","session":"7845d6c3dbc9","build":"193.6494.35","bucket":"197","time":1585607426120,"group":{"id":"system.os","version":"3"},"event":{"state":true,"data":{"created":1585607426398,"value":"-04_00"},"id":"os.timezone"}}
{"recorder_version":"31","session":"7845d6c3dbc9","build":"193.6494.35","bucket":"197","time":1585607426120,"group":{"id":"system.os","version":"3"},"event":{"state":true,"data":{"created":1585607426398},"id":"invoked"}}
{"recorder_version":"31","session":"7845d6c3dbc9","build":"193.6494.35","bucket":"197","time":1585607426299,"group":{"id":"settings","version":"4"},"event":{"state":true,"data":{"component":"UpdatesConfigurable","created":1585607426398,"name":"checkNeeded","type":"bool","value":false},"id":"not.default"}}
{"recorder_version":"31","session":"7845d6c3dbc9","build":"193.6494.35","bucket":"197","time":1585607426299,"group":{"id":"settings","version":"4"},"event":{"state":true,"data":{"component":"UpdatesConfigurable","created":1585607426399},"id":"invoked"}}
{"recorder_version":"31","session":"7845d6c3dbc9","build":"193.6494.35","bucket":"197","time":1585607426355,"group":{"id":"event.log","version":"31"},"event":{"count":1,"data":{"created":1585607426399,"version":"1200.0"},"id":"whitelist.loaded"}}
{"recorder_version":"31","session":"7845d6c3dbc9","build":"193.6494.35","bucket":"197","time":1585607426449,"group":{"id":"settings","version":"4"},"event":{"state":true,"data":{"component":"GeneralSettings","created":1585607426451,"name":"showTipsOnStartup","type":"bool","value":false},"id":"not.default"}}
{"recorder_version":"31","session":"7845d6c3dbc9","build":"193.6494.35","bucket":"197","time":1585607426449,"group":{"id":"settings","version":"4"},"event":{"state":true,"data":{"component":"GeneralSettings","created":1585607426451},"id":"invoked"}}
{"recorder_version":"31","session":"7845d6c3dbc9","build":"193.6494.35","bucket":"197","time":1585607426465,"group":{"id":"lifecycle","version":"31"},"event":{"count":1,"data":{"internal":true,"eap":false,"created":1585607426465},"id":"ide.start"}}
{"recorder_version":"31","session":"7845d6c3dbc9","build":"193.6494.35","bucket":"197","time":1585607426536,"group":{"id":"settings","version":"4"},"event":{"state":true,"data":{"component":"XmlEditorOptions","created":1585607426536},"id":"invoked"}}
{"recorder_version":"31","session":"7845d6c3dbc9","build":"193.6494.35","bucket":"197","time":1585607426889,"group":{"id":"settings","version":"4"},"event":{"state":true,"data":{"component":"VcsApplicationSettings","created":1585607426889},"id":"invoked"}}
{"recorder_version":"31","session":"7845d6c3dbc9","build":"193.6494.35","bucket":"197","time":1585607426889,"group":{"id":"lifecycle","version":"31"},"event":{"count":1,"data":{"created":1585607426890},"id":"frame.activated"}}
{"recorder_version":"31","session":"7845d6c3dbc9","build":"193.6494.35","bucket":"197","time":1585607427005,"group":{"id":"ui.dialogs","version":"31"},"event":{"count":1,"data":{"created":1585607427006,"plugin_type":"PLATFORM","dialog_class":"com.intellij.openapi.progress.util.ProgressDialog$MyDialogWrapper"},"id":"show"}}
{"recorder_version":"31","session":"7845d6c3dbc9","build":"193.6494.35","bucket":"197","time":1585607427091,"group":{"id":"performance","version":"31"},"event":{"count":1,"data":{"duration_ms":103,"created":1585607427091},"id":"ui.latency"}}
{"recorder_version":"31","session":"7845d6c3dbc9","build":"193.6494.35","bucket":"197","time":1585607427091,"group":{"id":"performance","version":"31"},"event":{"count":1,"data":{"duration_ms":103,"created":1585607427092},"id":"ui.lagging"}}
{"recorder_version":"31","session":"7845d6c3dbc9","build":"193.6494.35","bucket":"197","time":1585607428039,"group":{"id":"lifecycle","version":"31"},"event":{"count":1,"data":{"created":1585607428039,"project":"984dc00f1549fa535f2d186f3a9a6c29e1d93de0955a772968cfd5c04d3a9bb2"},"id":"project.opened"}}
{"recorder_version":"31","session":"7845d6c3dbc9","build":"193.6494.35","bucket":"197","time":1585607428306,"group":{"id":"performance","version":"31"},"event":{"count":1,"data":{"duration_ms":322,"created":1585607428306},"id":"ui.lagging"}}
{"recorder_version":"31","session":"7845d6c3dbc9","build":"193.6494.35","bucket":"197","time":1585607428592,"group":{"id":"indexing","version":"2"},"event":{"count":1,"data":{"ide_activity_id":1,"created":1585607428592,"project":"984dc00f1549fa535f2d186f3a9a6c29e1d93de0955a772968cfd5c04d3a9bb2"},"id":"started"}}
{"recorder_version":"31","session":"7845d6c3dbc9","build":"193.6494.35","bucket":"197","time":1585607428627,"group":{"id":"indexing","version":"2"},"event":{"count":1,"data":{"ide_activity_id":1,"stage_class":"com.intellij.util.indexing.UnindexedFilesUpdater","created":1585607428627,"plugin_type":"PLATFORM"},"id":"stage"}}
{"recorder_version":"31","session":"7845d6c3dbc9","build":"193.6494.35","bucket":"197","time":1585607429113,"group":{"id":"performance","version":"31"},"event":{"count":1,"data":{"duration_ms":129,"created":1585607429114},"id":"ui.lagging"}}
{"recorder_version":"31","session":"7845d6c3dbc9","build":"193.6494.35","bucket":"197","time":1585607429218,"group":{"id":"toolwindow","version":"31"},"event":{"count":1,"data":{"ViewMode":"Dock_Pinned","created":1585607429218,"plugin_type":"PLATFORM","id":"Project","Location":"Left_Top"},"id":"activated"}}
{"recorder_version":"31","session":"7845d6c3dbc9","build":"193.6494.35","bucket":"197","time":1585607430035,"group":{"id":"project.fs","version":"1"},"event":{"state":true,"data":{"os":"Mac","cs-project":false,"created":1585607430035,"project":"984dc00f1549fa535f2d186f3a9a6c29e1d93de0955a772968cfd5c04d3a9bb2","cs-implicit":true,"cs-system":false},"id":"case-sensitivity"}}
{"recorder_version":"31","session":"7845d6c3dbc9","build":"193.6494.35","bucket":"197","time":1585607430035,"group":{"id":"project.fs","version":"1"},"event":{"state":true,"data":{"created":1585607430036},"id":"invoked"}}
{"recorder_version":"31","session":"7845d6c3dbc9","build":"193.6494.35","bucket":"197","time":1585607430036,"group":{"id":"project.fs","version":"1"},"event":{"state":true,"data":{"pct-non-watched":0,"created":1585607430036,"project":"984dc00f1549fa535f2d186f3a9a6c29e1d93de0955a772968cfd5c04d3a9bb2"},"id":"roots-watched"}}
{"recorder_version":"31","session":"7845d6c3dbc9","build":"193.6494.35","bucket":"197","time":1585607430036,"group":{"id":"project.fs","version":"1"},"event":{"state":true,"data":{"created":1585607430036},"id":"invoked"}}
{"recorder_version":"31","session":"7845d6c3dbc9","build":"193.6494.35","bucket":"197","time":1585607430157,"group":{"id":"ui.dialogs","version":"31"},"event":{"count":1,"data":{"code":1,"created":1585607430157,"plugin_type":"PLATFORM","dialog_class":"com.intellij.openapi.progress.util.ProgressDialog$MyDialogWrapper"},"id":"close"}}
{"recorder_version":"31","session":"7845d6c3dbc9","build":"193.6494.35","bucket":"197","time":1585607430264,"group":{"id":"lifecycle","version":"31"},"event":{"count":1,"data":{"duration_ms":3715,"created":1585607430264,"project":"984dc00f1549fa535f2d186f3a9a6c29e1d93de0955a772968cfd5c04d3a9bb2"},"id":"project.opening.finished"}}
{"recorder_version":"31","session":"7845d6c3dbc9","build":"193.6494.35","bucket":"197","time":1585607430730,"group":{"id":"indexing","version":"2"},"event":{"count":1,"data":{"duration_ms":2138,"ide_activity_id":1,"created":1585607430731},"id":"finished"}}
{"recorder_version":"31","session":"7845d6c3dbc9","build":"193.6494.35","bucket":"197","time":1585607430860,"group":{"id":"indexing","version":"2"},"event":{"count":1,"data":{"ide_activity_id":2,"created":1585607430861,"project":"984dc00f1549fa535f2d186f3a9a6c29e1d93de0955a772968cfd5c04d3a9bb2"},"id":"started"}}
{"recorder_version":"31","session":"7845d6c3dbc9","build":"193.6494.35","bucket":"197","time":1585607430876,"group":{"id":"indexing","version":"2"},"event":{"count":1,"data":{"ide_activity_id":2,"plugin":"org.jetbrains.android","stage_class":"com.android.tools.idea.res.ResourceFolderRepositoryFileCacheImpl$PruneTask","created":1585607430879,"plugin_type":"JB_BUNDLED"},"id":"stage"}}
{"recorder_version":"31","session":"7845d6c3dbc9","build":"193.6494.35","bucket":"197","time":1585607430934,"group":{"id":"indexing","version":"2"},"event":{"count":1,"data":{"ide_activity_id":2,"plugin":"org.jetbrains.android","stage_class":"com.android.tools.idea.res.ResourceFolderRepositoryFileCacheImpl$ManageLruProjectFilesTask","created":1585607430934,"plugin_type":"JB_BUNDLED"},"id":"stage"}}
{"recorder_version":"31","session":"7845d6c3dbc9","build":"193.6494.35","bucket":"197","time":1585607430979,"group":{"id":"indexing","version":"2"},"event":{"count":1,"data":{"duration_ms":119,"ide_activity_id":2,"created":1585607430980},"id":"finished"}}
{"recorder_version":"31","session":"7845d6c3dbc9","build":"193.6494.35","bucket":"197","time":1585607431017,"group":{"id":"indexing","version":"2"},"event":{"count":1,"data":{"ide_activity_id":3,"created":1585607431018,"project":"984dc00f1549fa535f2d186f3a9a6c29e1d93de0955a772968cfd5c04d3a9bb2"},"id":"started"}}
{"recorder_version":"31","session":"7845d6c3dbc9","build":"193.6494.35","bucket":"197","time":1585607431040,"group":{"id":"indexing","version":"2"},"event":{"count":1,"data":{"ide_activity_id":3,"plugin":"org.jetbrains.android","stage_class":"com.android.tools.idea.res.ResourceFolderRegistry$PopulateCachesTask","created":1585607431040,"plugin_type":"JB_BUNDLED"},"id":"stage"}}
{"recorder_version":"31","session":"7845d6c3dbc9","build":"193.6494.35","bucket":"197","time":1585607431072,"group":{"id":"indexing","version":"2"},"event":{"count":1,"data":{"duration_ms":55,"ide_activity_id":3,"created":1585607431072},"id":"finished"}}
{"recorder_version":"31","session":"7845d6c3dbc9","build":"193.6494.35","bucket":"197","time":1585607432258,"group":{"id":"actions","version":"31"},"event":{"count":1,"data":{"context_menu":true,"action_id":"third.party","created":1585607432258,"plugin_type":"NOT_LISTED","project":"984dc00f1549fa535f2d186f3a9a6c29e1d93de0955a772968cfd5c04d3a9bb2","place":"MainMenu","class":"third.party","input_event":"NoMouseButton"},"id":"action.invoked"}}
{"recorder_version":"31","session":"7845d6c3dbc9","build":"193.6494.35","bucket":"197","time":1585607435165,"group":{"id":"startup","version":"1"},"event":{"count":1,"data":{"duration":1381,"created":1585607435166},"id":"appInit"}}
{"recorder_version":"31","session":"7845d6c3dbc9","build":"193.6494.35","bucket":"197","time":1585607435165,"group":{"id":"startup","version":"1"},"event":{"count":1,"data":{"duration":279,"created":1585607435166},"id":"splash"}}
{"recorder_version":"31","session":"7845d6c3dbc9","build":"193.6494.35","bucket":"197","time":1585607435166,"group":{"id":"startup","version":"1"},"event":{"count":1,"data":{"duration":189,"created":1585607435166},"id":"bootstrap"}}
{"recorder_version":"31","session":"7845d6c3dbc9","build":"193.6494.35","bucket":"197","time":1585607435166,"group":{"id":"startup","version":"1"},"event":{"count":1,"data":{"duration":5821,"created":1585607435167},"id":"totalDuration"}}
{"recorder_version":"31","session":"7845d6c3dbc9","build":"193.6494.35","bucket":"197","time":1585607447207,"group":{"id":"lifecycle","version":"31"},"event":{"count":1,"data":{"created":1585607447207,"project":"984dc00f1549fa535f2d186f3a9a6c29e1d93de0955a772968cfd5c04d3a9bb2"},"id":"frame.deactivated"}}
{"recorder_version":"31","session":"7845d6c3dbc9","build":"193.6494.35","bucket":"197","time":1585607449163,"group":{"id":"lifecycle","version":"31"},"event":{"count":1,"data":{"created":1585607449163,"project":"984dc00f1549fa535f2d186f3a9a6c29e1d93de0955a772968cfd5c04d3a9bb2"},"id":"frame.activated"}}
{"recorder_version":"31","session":"7845d6c3dbc9","build":"193.6494.35","bucket":"197","time":1585607449698,"group":{"id":"lifecycle","version":"31"},"event":{"count":1,"data":{"created":1585607449699,"project":"984dc00f1549fa535f2d186f3a9a6c29e1d93de0955a772968cfd5c04d3a9bb2"},"id":"frame.deactivated"}}
{"recorder_version":"31","session":"7845d6c3dbc9","build":"193.6494.35","bucket":"197","time":1585607527234,"group":{"id":"performance","version":"31"},"event":{"count":1,"data":{"duration_ms":0,"created":1585607527234},"id":"ui.latency"}}
{"recorder_version":"31","session":"7845d6c3dbc9","build":"193.6494.35","bucket":"197","time":1585607627469,"group":{"id":"performance","version":"31"},"event":{"count":1,"data":{"duration_ms":0,"created":1585607627469},"id":"ui.latency"}}
{"recorder_version":"31","session":"7845d6c3dbc9","build":"193.6494.35","bucket":"197","time":1585607726468,"group":{"id":"kotlin.ide.j2k","version":"1"},"event":{"count":1,"data":{"created":1585607726468},"id":"registered"}}
{"recorder_version":"31","session":"7845d6c3dbc9","build":"193.6494.35","bucket":"197","time":1585607726468,"group":{"id":"java.find.usages","version":"1"},"event":{"count":1,"data":{"created":1585607726469},"id":"registered"}}
{"recorder_version":"31","session":"7845d6c3dbc9","build":"193.6494.35","bucket":"197","time":1585607726468,"group":{"id":"file.types.usage","version":"31"},"event":{"count":1,"data":{"created":1585607726469},"id":"registered"}}
{"recorder_version":"31","session":"7845d6c3dbc9","build":"193.6494.35","bucket":"197","time":1585607726468,"group":{"id":"ide.script.engine","version":"2"},"event":{"count":1,"data":{"created":1585607726470},"id":"registered"}}
{"recorder_version":"31","session":"7845d6c3dbc9","build":"193.6494.35","bucket":"197","time":1585607726468,"group":{"id":"live.templates","version":"31"},"event":{"count":1,"data":{"created":1585607726470},"id":"registered"}}
{"recorder_version":"31","session":"7845d6c3dbc9","build":"193.6494.35","bucket":"197","time":1585607726468,"group":{"id":"ide.self.update","version":"2"},"event":{"count":1,"data":{"created":1585607726470},"id":"registered"}}
{"recorder_version":"31","session":"7845d6c3dbc9","build":"193.6494.35","bucket":"197","time":1585607726468,"group":{"id":"lifecycle","version":"31"},"event":{"count":1,"data":{"created":1585607726470},"id":"registered"}}
{"recorder_version":"31","session":"7845d6c3dbc9","build":"193.6494.35","bucket":"197","time":1585607726468,"group":{"id":"vcs.diff.trigger","version":"1"},"event":{"count":1,"data":{"created":1585607726470},"id":"registered"}}
{"recorder_version":"31","session":"7845d6c3dbc9","build":"193.6494.35","bucket":"197","time":1585607726468,"group":{"id":"debugger.breakpoints.usage","version":"2"},"event":{"count":1,"data":{"created":1585607726470},"id":"registered"}}
{"recorder_version":"31","session":"7845d6c3dbc9","build":"193.6494.35","bucket":"197","time":1585607726468,"group":{"id":"kotlin.gradle.library","version":"1"},"event":{"count":1,"data":{"created":1585607726471},"id":"registered"}}
{"recorder_version":"31","session":"7845d6c3dbc9","build":"193.6494.35","bucket":"197","time":1585607726468,"group":{"id":"startup","version":"1"},"event":{"count":1,"data":{"created":1585607726471},"id":"registered"}}
{"recorder_version":"31","session":"7845d6c3dbc9","build":"193.6494.35","bucket":"197","time":1585607726468,"group":{"id":"find","version":"2"},"event":{"count":1,"data":{"created":1585607726471},"id":"registered"}}
{"recorder_version":"31","session":"7845d6c3dbc9","build":"193.6494.35","bucket":"197","time":1585607726468,"group":{"id":"kotlin.gradle.target","version":"2"},"event":{"count":1,"data":{"created":1585607726471},"id":"registered"}}
{"recorder_version":"31","session":"7845d6c3dbc9","build":"193.6494.35","bucket":"197","time":1585607726468,"group":{"id":"gutter.icon.click","version":"2"},"event":{"count":1,"data":{"created":1585607726472},"id":"registered"}}
{"recorder_version":"31","session":"7845d6c3dbc9","build":"193.6494.35","bucket":"197","time":1585607726468,"group":{"id":"shell.script","version":"1"},"event":{"count":1,"data":{"created":1585607726472},"id":"registered"}}
{"recorder_version":"31","session":"7845d6c3dbc9","build":"193.6494.35","bucket":"197","time":1585607726468,"group":{"id":"new.project.wizard","version":"1"},"event":{"count":1,"data":{"created":1585607726472},"id":"registered"}}
{"recorder_version":"31","session":"7845d6c3dbc9","build":"193.6494.35","bucket":"197","time":1585607726468,"group":{"id":"kotlin.ide.npwizards","version":"1"},"event":{"count":1,"data":{"created":1585607726472},"id":"registered"}}
{"recorder_version":"31","session":"7845d6c3dbc9","build":"193.6494.35","bucket":"197","time":1585607726468,"group":{"id":"intentions","version":"31"},"event":{"count":1,"data":{"created":1585607726472},"id":"registered"}}
{"recorder_version":"31","session":"7845d6c3dbc9","build":"193.6494.35","bucket":"197","time":1585607726468,"group":{"id":"settings.repository","version":"1"},"event":{"count":1,"data":{"created":1585607726473},"id":"registered"}}
{"recorder_version":"31","session":"7845d6c3dbc9","build":"193.6494.35","bucket":"197","time":1585607726468,"group":{"id":"vcs.change.reminder","version":"2"},"event":{"count":1,"data":{"created":1585607726473},"id":"registered"}}
{"recorder_version":"31","session":"7845d6c3dbc9","build":"193.6494.35","bucket":"197","time":1585607726468,"group":{"id":"create.directory.dialog","version":"1"},"event":{"count":1,"data":{"created":1585607726473},"id":"registered"}}
{"recorder_version":"31","session":"7845d6c3dbc9","build":"193.6494.35","bucket":"197","time":1585607726468,"group":{"id":"kotlin.maven.target","version":"3"},"event":{"count":1,"data":{"created":1585607726473},"id":"registered"}}
{"recorder_version":"31","session":"7845d6c3dbc9","build":"193.6494.35","bucket":"197","time":1585607726468,"group":{"id":"json.schema","version":"1"},"event":{"count":1,"data":{"created":1585607726473},"id":"registered"}}
{"recorder_version":"31","session":"7845d6c3dbc9","build":"193.6494.35","bucket":"197","time":1585607726468,"group":{"id":"terminalShell","version":"1"},"event":{"count":1,"data":{"created":1585607726473},"id":"registered"}}
{"recorder_version":"31","session":"7845d6c3dbc9","build":"193.6494.35","bucket":"197","time":1585607726468,"group":{"id":"rename.refactoring","version":"1"},"event":{"count":1,"data":{"created":1585607726474},"id":"registered"}}
{"recorder_version":"31","session":"7845d6c3dbc9","build":"193.6494.35","bucket":"197","time":1585607726468,"group":{"id":"build.ant.actions","version":"1"},"event":{"count":1,"data":{"created":1585607726474},"id":"registered"}}
{"recorder_version":"31","session":"7845d6c3dbc9","build":"193.6494.35","bucket":"197","time":1585607726468,"group":{"id":"actions","version":"31"},"event":{"count":1,"data":{"created":1585607726474},"id":"registered"}}
{"recorder_version":"31","session":"7845d6c3dbc9","build":"193.6494.35","bucket":"197","time":1585607726468,"group":{"id":"kotlin.ide.editor","version":"1"},"event":{"count":1,"data":{"created":1585607726474},"id":"registered"}}
{"recorder_version":"31","session":"7845d6c3dbc9","build":"193.6494.35","bucket":"197","time":1585607726468,"group":{"id":"event.log","version":"31"},"event":{"count":1,"data":{"created":1585607726474},"id":"registered"}}
{"recorder_version":"31","session":"7845d6c3dbc9","build":"193.6494.35","bucket":"197","time":1585607726468,"group":{"id":"run.configuration.exec","version":"31"},"event":{"count":1,"data":{"created":1585607726474},"id":"registered"}}
{"recorder_version":"31","session":"7845d6c3dbc9","build":"193.6494.35","bucket":"197","time":1585607726468,"group":{"id":"build.tools.actions","version":"1"},"event":{"count":1,"data":{"created":1585607726474},"id":"registered"}}
{"recorder_version":"31","session":"7845d6c3dbc9","build":"193.6494.35","bucket":"197","time":1585607726468,"group":{"id":"file.editor","version":"2"},"event":{"count":1,"data":{"created":1585607726474},"id":"registered"}}
{"recorder_version":"31","session":"7845d6c3dbc9","build":"193.6494.35","bucket":"197","time":1585607726468,"group":{"id":"vfs","version":"2"},"event":{"count":1,"data":{"created":1585607726474},"id":"registered"}}
{"recorder_version":"31","session":"7845d6c3dbc9","build":"193.6494.35","bucket":"197","time":1585607726468,"group":{"id":"project.import","version":"2"},"event":{"count":1,"data":{"created":1585607726475},"id":"registered"}}
{"recorder_version":"31","session":"7845d6c3dbc9","build":"193.6494.35","bucket":"197","time":1585607726468,"group":{"id":"actions.runAnything","version":"1"},"event":{"count":1,"data":{"created":1585607726475},"id":"registered"}}
{"recorder_version":"31","session":"7845d6c3dbc9","build":"193.6494.35","bucket":"197","time":1585607726468,"group":{"id":"toolwindow","version":"31"},"event":{"count":1,"data":{"created":1585607726475},"id":"registered"}}
{"recorder_version":"31","session":"7845d6c3dbc9","build":"193.6494.35","bucket":"197","time":1585607726468,"group":{"id":"kotlin.ide.newFileTempl","version":"1"},"event":{"count":1,"data":{"created":1585607726475},"id":"registered"}}
{"recorder_version":"31","session":"7845d6c3dbc9","build":"193.6494.35","bucket":"197","time":1585607726468,"group":{"id":"ui.settings","version":"31"},"event":{"count":1,"data":{"created":1585607726475},"id":"registered"}}
{"recorder_version":"31","session":"7845d6c3dbc9","build":"193.6494.35","bucket":"197","time":1585607726468,"group":{"id":"vcs.log.trigger","version":"2"},"event":{"count":1,"data":{"created":1585607726475},"id":"registered"}}
{"recorder_version":"31","session":"7845d6c3dbc9","build":"193.6494.35","bucket":"197","time":1585607726468,"group":{"id":"productivity","version":"31"},"event":{"count":1,"data":{"created":1585607726475},"id":"registered"}}
{"recorder_version":"31","session":"7845d6c3dbc9","build":"193.6494.35","bucket":"197","time":1585607726468,"group":{"id":"build.maven.actions","version":"1"},"event":{"count":1,"data":{"created":1585607726475},"id":"registered"}}
{"recorder_version":"31","session":"7845d6c3dbc9","build":"193.6494.35","bucket":"197","time":1585607726468,"group":{"id":"ui.event","version":"3"},"event":{"count":1,"data":{"created":1585607726476},"id":"registered"}}
{"recorder_version":"31","session":"7845d6c3dbc9","build":"193.6494.35","bucket":"197","time":1585607726468,"group":{"id":"plugins.advertiser","version":"1"},"event":{"count":1,"data":{"created":1585607726476},"id":"registered"}}
{"recorder_version":"31","session":"7845d6c3dbc9","build":"193.6494.35","bucket":"197","time":1585607726468,"group":{"id":"editor.notification.panel","version":"1"},"event":{"count":1,"data":{"created":1585607726476},"id":"registered"}}
{"recorder_version":"31","session":"7845d6c3dbc9","build":"193.6494.35","bucket":"197","time":1585607726468,"group":{"id":"kotlin.ide.debugger","version":"2"},"event":{"count":1,"data":{"created":1585607726476},"id":"registered"}}
{"recorder_version":"31","session":"7845d6c3dbc9","build":"193.6494.35","bucket":"197","time":1585607726468,"group":{"id":"tooltip.action.events","version":"1"},"event":{"count":1,"data":{"created":1585607726476},"id":"registered"}}
{"recorder_version":"31","session":"7845d6c3dbc9","build":"193.6494.35","bucket":"197","time":1585607726468,"group":{"id":"completion","version":"2"},"event":{"count":1,"data":{"created":1585607726476},"id":"registered"}}
{"recorder_version":"31","session":"7845d6c3dbc9","build":"193.6494.35","bucket":"197","time":1585607726468,"group":{"id":"indexing","version":"2"},"event":{"count":1,"data":{"created":1585607726476},"id":"registered"}}
{"recorder_version":"31","session":"7845d6c3dbc9","build":"193.6494.35","bucket":"197","time":1585607726468,"group":{"id":"vcs","version":"2"},"event":{"count":1,"data":{"created":1585607726476},"id":"registered"}}
{"recorder_version":"31","session":"7845d6c3dbc9","build":"193.6494.35","bucket":"197","time":1585607726468,"group":{"id":"ui.dialogs","version":"31"},"event":{"count":1,"data":{"created":1585607726476},"id":"registered"}}
{"recorder_version":"31","session":"7845d6c3dbc9","build":"193.6494.35","bucket":"197","time":1585607726468,"group":{"id":"vcs.back.forward.trigger","version":"1"},"event":{"count":1,"data":{"created":1585607726477},"id":"registered"}}
{"recorder_version":"31","session":"7845d6c3dbc9","build":"193.6494.35","bucket":"197","time":1585607726468,"group":{"id":"customize.wizard","version":"1"},"event":{"count":1,"data":{"created":1585607726477},"id":"registered"}}
{"recorder_version":"31","session":"7845d6c3dbc9","build":"193.6494.35","bucket":"197","time":1585607726468,"group":{"id":"ide.update.dialog","version":"1"},"event":{"count":1,"data":{"created":1585607726477},"id":"registered"}}
{"recorder_version":"31","session":"7845d6c3dbc9","build":"193.6494.35","bucket":"197","time":1585607726468,"group":{"id":"toolbar","version":"31"},"event":{"count":1,"data":{"created":1585607726477},"id":"registered"}}
{"recorder_version":"31","session":"7845d6c3dbc9","build":"193.6494.35","bucket":"197","time":1585607726468,"group":{"id":"build.gradle.actions","version":"1"},"event":{"count":1,"data":{"created":1585607726477},"id":"registered"}}
{"recorder_version":"31","session":"7845d6c3dbc9","build":"193.6494.35","bucket":"197","time":1585607726468,"group":{"id":"performance","version":"31"},"event":{"count":1,"data":{"created":1585607726477},"id":"registered"}}
{"recorder_version":"31","session":"7845d6c3dbc9","build":"193.6494.35","bucket":"197","time":1585607726468,"group":{"id":"build","version":"2"},"event":{"count":1,"data":{"created":1585607726477},"id":"registered"}}
{"recorder_version":"31","session":"7845d6c3dbc9","build":"193.6494.35","bucket":"197","time":1585607726468,"group":{"id":"searchEverywhere","version":"3"},"event":{"count":1,"data":{"created":1585607726477},"id":"registered"}}
{"recorder_version":"31","session":"7845d6c3dbc9","build":"193.6494.35","bucket":"197","time":1585607726468,"group":{"id":"kotlin.ide.action.refactoring","version":"1"},"event":{"count":1,"data":{"created":1585607726477},"id":"registered"}}
{"recorder_version":"31","session":"7845d6c3dbc9","build":"193.6494.35","bucket":"197","time":1585607726468,"group":{"id":"ui.tips","version":"3"},"event":{"count":1,"data":{"created":1585607726478},"id":"registered"}}
{"recorder_version":"31","session":"7845d6c3dbc9","build":"193.6494.35","bucket":"197","time":1585607726468,"group":{"id":"surround.with","version":"2"},"event":{"count":1,"data":{"created":1585607726478},"id":"registered"}}
{"recorder_version":"31","session":"7845d6c3dbc9","build":"193.6494.35","bucket":"197","time":1585607726468,"group":{"id":"import.old.config","version":"3"},"event":{"count":1,"data":{"created":1585607726478},"id":"registered"}}
{"recorder_version":"31","session":"7845d6c3dbc9","build":"193.6494.35","bucket":"197","time":1585607726468,"group":{"id":"kotlin.jps.target","version":"3"},"event":{"count":1,"data":{"created":1585607726478},"id":"registered"}}
{"recorder_version":"31","session":"7845d6c3dbc9","build":"193.6494.35","bucket":"197","time":1585607726468,"group":{"id":"completion.postfix","version":"31"},"event":{"count":1,"data":{"created":1585607726478},"id":"registered"}}
{"recorder_version":"31","session":"7845d6c3dbc9","build":"193.6494.35","bucket":"197","time":1585607726468,"group":{"id":"build.maven.packagesearch","version":"2"},"event":{"count":1,"data":{"created":1585607726478},"id":"registered"}}
{"recorder_version":"31","session":"7845d6c3dbc9","build":"193.6494.35","bucket":"197","time":1585607727756,"group":{"id":"performance","version":"31"},"event":{"count":1,"data":{"duration_ms":1,"created":1585607727756},"id":"ui.latency"}}
{"recorder_version":"31","session":"7845d6c3dbc9","build":"193.6494.35","bucket":"197","time":1585607825188,"group":{"id":"lifecycle","version":"31"},"event":{"count":1,"data":{"created":1585607825188,"project":"984dc00f1549fa535f2d186f3a9a6c29e1d93de0955a772968cfd5c04d3a9bb2"},"id":"frame.activated"}}
{"recorder_version":"31","session":"7845d6c3dbc9","build":"193.6494.35","bucket":"197","time":1585607828002,"group":{"id":"performance","version":"31"},"event":{"count":1,"data":{"duration_ms":0,"created":1585607828002},"id":"ui.latency"}}
{"recorder_version":"31","session":"7845d6c3dbc9","build":"193.6494.35","bucket":"197","time":1585607829347,"group":{"id":"ui.dialogs","version":"31"},"event":{"count":1,"data":{"created":1585607829348,"plugin_type":"NOT_LISTED","dialog_class":"third.party"},"id":"show"}}
{"recorder_version":"31","session":"7845d6c3dbc9","build":"193.6494.35","bucket":"197","time":1585607830924,"group":{"id":"lifecycle","version":"31"},"event":{"count":1,"data":{"created":1585607830924,"project":"984dc00f1549fa535f2d186f3a9a6c29e1d93de0955a772968cfd5c04d3a9bb2"},"id":"frame.deactivated"}}
{"recorder_version":"31","session":"7845d6c3dbc9","build":"193.6494.35","bucket":"197","time":1585607928307,"group":{"id":"performance","version":"31"},"event":{"count":1,"data":{"duration_ms":0,"created":1585607928307},"id":"ui.latency"}}
{"recorder_version":"31","session":"7845d6c3dbc9","build":"193.6494.35","bucket":"197","time":1585608028660,"group":{"id":"performance","version":"31"},"event":{"count":1,"data":{"duration_ms":0,"created":1585608028660},"id":"ui.latency"}}
{"recorder_version":"31","session":"7845d6c3dbc9","build":"193.6494.35","bucket":"197","time":1585608129040,"group":{"id":"performance","version":"31"},"event":{"count":1,"data":{"duration_ms":0,"created":1585608129040},"id":"ui.latency"}}
{"recorder_version":"31","session":"7845d6c3dbc9","build":"193.6494.35","bucket":"197","time":1585608229389,"group":{"id":"performance","version":"31"},"event":{"count":1,"data":{"duration_ms":0,"created":1585608229389},"id":"ui.latency"}}
{"recorder_version":"31","session":"7845d6c3dbc9","build":"193.6494.35","bucket":"197","time":1585608326511,"group":{"id":"system.runtime","version":"2"},"event":{"state":true,"data":{"created":1585608326511,"name":"G1_Old_Generation"},"id":"garbage.collector"}}
{"recorder_version":"31","session":"7845d6c3dbc9","build":"193.6494.35","bucket":"197","time":1585608326511,"group":{"id":"system.runtime","version":"2"},"event":{"state":true,"data":{"created":1585608326511,"name":"Xmx","value":512},"id":"jvm.option"}}
{"recorder_version":"31","session":"7845d6c3dbc9","build":"193.6494.35","bucket":"197","time":1585608326511,"group":{"id":"system.runtime","version":"2"},"event":{"state":true,"data":{"vendor":"JetBrains","created":1585608326511,"bit":"64","version":"1.11"},"id":"jvm"}}
{"recorder_version":"31","session":"7845d6c3dbc9","build":"193.6494.35","bucket":"197","time":1585608326511,"group":{"id":"system.runtime","version":"2"},"event":{"state":true,"data":{"created":1585608326512,"name":"G1_Young_Generation"},"id":"garbage.collector"}}
{"recorder_version":"31","session":"7845d6c3dbc9","build":"193.6494.35","bucket":"197","time":1585608326511,"group":{"id":"system.runtime","version":"2"},"event":{"state":true,"data":{"created":1585608326512,"value":8},"id":"cores"}}
{"recorder_version":"31","session":"7845d6c3dbc9","build":"193.6494.35","bucket":"197","time":1585608326511,"group":{"id":"system.runtime","version":"2"},"event":{"state":true,"data":{"created":1585608326512,"name":"Xms","value":256},"id":"jvm.option"}}
{"recorder_version":"31","session":"7845d6c3dbc9","build":"193.6494.35","bucket":"197","time":1585608326511,"group":{"id":"system.runtime","version":"2"},"event":{"state":true,"data":{"created":1585608326512},"id":"invoked"}}
{"recorder_version":"31","session":"7845d6c3dbc9","build":"193.6494.35","bucket":"197","time":1585608326512,"group":{"id":"vcs.log.index.application","version":"2"},"event":{"state":true,"data":{"created":1585608326512},"id":"invoked"}}
{"recorder_version":"31","session":"7845d6c3dbc9","build":"193.6494.35","bucket":"197","time":1585608326512,"group":{"id":"ui.editor.color.schemes","version":"3"},"event":{"state":true,"data":{"scheme":"Default","created":1585608326513,"is_dark":false},"id":"enabled.color.scheme"}}
{"recorder_version":"31","session":"7845d6c3dbc9","build":"193.6494.35","bucket":"197","time":1585608326512,"group":{"id":"ui.editor.color.schemes","version":"3"},"event":{"state":true,"data":{"created":1585608326513},"id":"invoked"}}
{"recorder_version":"31","session":"7845d6c3dbc9","build":"193.6494.35","bucket":"197","time":1585608326514,"group":{"id":"platform.installer","version":"1"},"event":{"state":true,"data":{"created":1585608326514,"value":"IDE"},"id":"Update_Manager"}}
{"recorder_version":"31","session":"7845d6c3dbc9","build":"193.6494.35","bucket":"197","time":1585608326514,"group":{"id":"platform.installer","version":"1"},"event":{"state":true,"data":{"created":1585608326514},"id":"invoked"}}
{"recorder_version":"31","session":"7845d6c3dbc9","build":"193.6494.35","bucket":"197","time":1585608326530,"group":{"id":"vcs.github","version":"2"},"event":{"state":true,"data":{"has_enterprise":false,"created":1585608326531,"count":0},"id":"accounts"}}
{"recorder_version":"31","session":"7845d6c3dbc9","build":"193.6494.35","bucket":"197","time":1585608326530,"group":{"id":"vcs.github","version":"2"},"event":{"state":true,"data":{"created":1585608326531},"id":"invoked"}}
{"recorder_version":"31","session":"7845d6c3dbc9","build":"193.6494.35","bucket":"197","time":1585608326537,"group":{"id":"ui.info.features","version":"3"},"event":{"state":true,"data":{"created":1585608326537,"value":"hidden"},"id":"Toolbar"}}
{"recorder_version":"31","session":"7845d6c3dbc9","build":"193.6494.35","bucket":"197","time":1585608326537,"group":{"id":"ui.info.features","version":"3"},"event":{"state":true,"data":{"created":1585608326538,"enabled":false},"id":"Show.tips.on.startup"}}
{"recorder_version":"31","session":"7845d6c3dbc9","build":"193.6494.35","bucket":"197","time":1585608326537,"group":{"id":"ui.info.features","version":"3"},"event":{"state":true,"data":{"created":1585608326538,"scale_mode":true,"scale":2.0},"id":"Screen.Scale"}}
{"recorder_version":"31","session":"7845d6c3dbc9","build":"193.6494.35","bucket":"197","time":1585608326537,"group":{"id":"ui.info.features","version":"3"},"event":{"state":true,"data":{"created":1585608326538,"value":"hidden"},"id":"Tool.Window.buttons"}}
{"recorder_version":"31","session":"7845d6c3dbc9","build":"193.6494.35","bucket":"197","time":1585608326537,"group":{"id":"ui.info.features","version":"3"},"event":{"state":true,"data":{"created":1585608326538,"value":"Top"},"id":"Tabs"}}
{"recorder_version":"31","session":"7845d6c3dbc9","build":"193.6494.35","bucket":"197","time":1585608326537,"group":{"id":"ui.info.features","version":"3"},"event":{"state":true,"data":{"created":1585608326538,"enabled":true},"id":"Hide.Editor.Tabs.If.Needed"}}
{"recorder_version":"31","session":"7845d6c3dbc9","build":"193.6494.35","bucket":"197","time":1585608326537,"group":{"id":"ui.info.features","version":"3"},"event":{"state":true,"data":{"created":1585608326538,"enabled":true},"id":"Show.Editor.Tabs.In.Single.Row"}}
{"recorder_version":"31","session":"7845d6c3dbc9","build":"193.6494.35","bucket":"197","time":1585608326537,"group":{"id":"ui.info.features","version":"3"},"event":{"state":true,"data":{"toolbar":"hidden","navbar":"visible","created":1585608326538},"id":"Toolbar.and.NavBar"}}
{"recorder_version":"31","session":"7845d6c3dbc9","build":"193.6494.35","bucket":"197","time":1585608326537,"group":{"id":"ui.info.features","version":"3"},"event":{"state":true,"data":{"created":1585608326539,"enabled":false},"id":"Block.cursor"}}
{"recorder_version":"31","session":"7845d6c3dbc9","build":"193.6494.35","bucket":"197","time":1585608326537,"group":{"id":"ui.info.features","version":"3"},"event":{"state":true,"data":{"created":1585608326539,"enabled":false},"id":"Screen.Reader"}}
{"recorder_version":"31","session":"7845d6c3dbc9","build":"193.6494.35","bucket":"197","time":1585608326537,"group":{"id":"ui.info.features","version":"3"},"event":{"state":true,"data":{"created":1585608326539,"value":"Light"},"id":"Look.and.Feel"}}
{"recorder_version":"31","session":"7845d6c3dbc9","build":"193.6494.35","bucket":"197","time":1585608326537,"group":{"id":"ui.info.features","version":"3"},"event":{"state":true,"data":{"created":1585608326539,"enabled":false},"id":"QuickDoc.Show.Toolwindow"}}
{"recorder_version":"31","session":"7845d6c3dbc9","build":"193.6494.35","bucket":"197","time":1585608326537,"group":{"id":"ui.info.features","version":"3"},"event":{"state":true,"data":{"created":1585608326539,"enabled":true},"id":"Retina"}}
{"recorder_version":"31","session":"7845d6c3dbc9","build":"193.6494.35","bucket":"197","time":1585608326537,"group":{"id":"ui.info.features","version":"3"},"event":{"state":true,"data":{"grouped":"[30_50]","created":1585608326539,"count":50},"id":"Recent.files.limit"}}
{"recorder_version":"31","session":"7845d6c3dbc9","build":"193.6494.35","bucket":"197","time":1585608326537,"group":{"id":"ui.info.features","version":"3"},"event":{"state":true,"data":{"created":1585608326539,"value":"visible"},"id":"Status.bar"}}
{"recorder_version":"31","session":"7845d6c3dbc9","build":"193.6494.35","bucket":"197","time":1585608326537,"group":{"id":"ui.info.features","version":"3"},"event":{"state":true,"data":{"created":1585608326539,"enabled":true},"id":"QuickDoc.AutoUpdate"}}
{"recorder_version":"31","session":"7845d6c3dbc9","build":"193.6494.35","bucket":"197","time":1585608326537,"group":{"id":"ui.info.features","version":"3"},"event":{"state":true,"data":{"created":1585608326540,"value":"visible"},"id":"Nav.Bar"}}
{"recorder_version":"31","session":"7845d6c3dbc9","build":"193.6494.35","bucket":"197","time":1585608326537,"group":{"id":"ui.info.features","version":"3"},"event":{"state":true,"data":{"created":1585608326540,"enabled":true},"id":"Gutter.Icons"}}
{"recorder_version":"31","session":"7845d6c3dbc9","build":"193.6494.35","bucket":"197","time":1585608326537,"group":{"id":"ui.info.features","version":"3"},"event":{"state":true,"data":{"created":1585608326540,"enabled":true},"id":"Line.Numbers"}}
{"recorder_version":"31","session":"7845d6c3dbc9","build":"193.6494.35","bucket":"197","time":1585608326537,"group":{"id":"ui.info.features","version":"3"},"event":{"state":true,"data":{"created":1585608326540,"value":"per_monitor_dpi"},"id":"Hidpi.Mode"}}
{"recorder_version":"31","session":"7845d6c3dbc9","build":"193.6494.35","bucket":"197","time":1585608326537,"group":{"id":"ui.info.features","version":"3"},"event":{"state":true,"data":{"created":1585608326540,"enabled":true},"id":"Allow.merging.buttons"}}
{"recorder_version":"31","session":"7845d6c3dbc9","build":"193.6494.35","bucket":"197","time":1585608326537,"group":{"id":"ui.info.features","version":"3"},"event":{"state":true,"data":{"created":1585608326540,"enabled":false},"id":"Soft.Wraps"}}
{"recorder_version":"31","session":"7845d6c3dbc9","build":"193.6494.35","bucket":"197","time":1585608326537,"group":{"id":"ui.info.features","version":"3"},"event":{"state":true,"data":{"created":1585608326540},"id":"invoked"}}
{"recorder_version":"31","session":"7845d6c3dbc9","build":"193.6494.35","bucket":"197","time":1585608326540,"group":{"id":"platform.registry","version":"1"},"event":{"state":true,"data":{"created":1585608326540,"plugin_type":"PLATFORM","id":"show.create.new.element.in.popup"},"id":"experiment"}}
{"recorder_version":"31","session":"7845d6c3dbc9","build":"193.6494.35","bucket":"197","time":1585608326540,"group":{"id":"platform.registry","version":"1"},"event":{"state":true,"data":{"created":1585608326541,"plugin_type":"PLATFORM","id":"wsl.p9.support"},"id":"experiment"}}
{"recorder_version":"31","session":"7845d6c3dbc9","build":"193.6494.35","bucket":"197","time":1585608326540,"group":{"id":"platform.registry","version":"1"},"event":{"state":true,"data":{"created":1585608326541,"plugin_type":"PLATFORM","id":"inline.browse.button"},"id":"experiment"}}
{"recorder_version":"31","session":"7845d6c3dbc9","build":"193.6494.35","bucket":"197","time":1585608326540,"group":{"id":"platform.registry","version":"1"},"event":{"state":true,"data":{"created":1585608326541,"plugin_type":"PLATFORM","id":"recent.and.edited.files.together"},"id":"experiment"}}
{"recorder_version":"31","session":"7845d6c3dbc9","build":"193.6494.35","bucket":"197","time":1585608326540,"group":{"id":"platform.registry","version":"1"},"event":{"state":true,"data":{"created":1585608326541,"plugin_type":"PLATFORM","id":"copy.reference.popup"},"id":"experiment"}}
{"recorder_version":"31","session":"7845d6c3dbc9","build":"193.6494.35","bucket":"197","time":1585608326540,"group":{"id":"platform.registry","version":"1"},"event":{"state":true,"data":{"created":1585608326541,"id":"java.completion.argument.hints.internal"},"id":"registry"}}
{"recorder_version":"31","session":"7845d6c3dbc9","build":"193.6494.35","bucket":"197","time":1585608326540,"group":{"id":"platform.registry","version":"1"},"event":{"state":true,"data":{"created":1585608326541,"plugin_type":"PLATFORM","id":"new.large.text.file.viewer"},"id":"experiment"}}
{"recorder_version":"31","session":"7845d6c3dbc9","build":"193.6494.35","bucket":"197","time":1585608326540,"group":{"id":"platform.registry","version":"1"},"event":{"state":true,"data":{"created":1585608326541,"plugin_type":"PLATFORM","id":"linux.native.menu"},"id":"experiment"}}
{"recorder_version":"31","session":"7845d6c3dbc9","build":"193.6494.35","bucket":"197","time":1585608326540,"group":{"id":"platform.registry","version":"1"},"event":{"state":true,"data":{"created":1585608326542,"plugin_type":"PLATFORM","id":"property.value.inplace.editing"},"id":"experiment"}}
{"recorder_version":"31","session":"7845d6c3dbc9","build":"193.6494.35","bucket":"197","time":1585608326540,"group":{"id":"platform.registry","version":"1"},"event":{"state":true,"data":{"created":1585608326542,"plugin_type":"PLATFORM","id":"wsl.p9.show.roots.in.file.chooser"},"id":"experiment"}}
{"recorder_version":"31","session":"7845d6c3dbc9","build":"193.6494.35","bucket":"197","time":1585608326540,"group":{"id":"platform.registry","version":"1"},"event":{"state":true,"data":{"created":1585608326542},"id":"invoked"}}
{"recorder_version":"31","session":"7845d6c3dbc9","build":"193.6494.35","bucket":"197","time":1585608326540,"group":{"id":"os.linux.wm","version":"2"},"event":{"state":true,"data":{"created":1585608326542},"id":"invoked"}}
{"recorder_version":"31","session":"7845d6c3dbc9","build":"193.6494.35","bucket":"197","time":1585608326540,"group":{"id":"ui.fonts","version":"2"},"event":{"state":true,"data":{"created":1585608326542,"font_size":13,"font_name":".SF_NS_Text"},"id":"UI"}}
{"recorder_version":"31","session":"7845d6c3dbc9","build":"193.6494.35","bucket":"197","time":1585608326540,"group":{"id":"ui.fonts","version":"2"},"event":{"state":true,"data":{"created":1585608326542,"font_size":24},"id":"Presentation.mode"}}
{"recorder_version":"31","session":"7845d6c3dbc9","build":"193.6494.35","bucket":"197","time":1585608326540,"group":{"id":"ui.fonts","version":"2"},"event":{"state":true,"data":{"created":1585608326542,"font_size":12,"font_name":"Menlo"},"id":"IDE.editor"}}
{"recorder_version":"31","session":"7845d6c3dbc9","build":"193.6494.35","bucket":"197","time":1585608326540,"group":{"id":"ui.fonts","version":"2"},"event":{"state":true,"data":{"created":1585608326543,"value":1.2},"id":"editor.lineSpacing"}}
{"recorder_version":"31","session":"7845d6c3dbc9","build":"193.6494.35","bucket":"197","time":1585608326540,"group":{"id":"ui.fonts","version":"2"},"event":{"state":true,"data":{"created":1585608326543},"id":"invoked"}}
{"recorder_version":"31","session":"7845d6c3dbc9","build":"193.6494.35","bucket":"197","time":1585608326541,"group":{"id":"plugins","version":"1"},"event":{"state":true,"data":{"created":1585608326543,"plugin_type":"NOT_LISTED"},"id":"enabled.not.bundled.plugin"}}
{"recorder_version":"31","session":"7845d6c3dbc9","build":"193.6494.35","bucket":"197","time":1585608326541,"group":{"id":"plugins","version":"1"},"event":{"state":true,"data":{"created":1585608326543},"id":"invoked"}}
{"recorder_version":"31","session":"7845d6c3dbc9","build":"193.6494.35","bucket":"197","time":1585608326542,"group":{"id":"user.advanced.info","version":"2"},"event":{"state":true,"data":{"created":1585608326543,"value":"release"},"id":"build"}}
{"recorder_version":"31","session":"7845d6c3dbc9","build":"193.6494.35","bucket":"197","time":1585608326542,"group":{"id":"user.advanced.info","version":"2"},"event":{"state":true,"data":{"created":1585608326543},"id":"release"}}
{"recorder_version":"31","session":"7845d6c3dbc9","build":"193.6494.35","bucket":"197","time":1585608326542,"group":{"id":"user.advanced.info","version":"2"},"event":{"state":true,"data":{"created":1585608326543},"id":"invoked"}}
{"recorder_version":"31","session":"7845d6c3dbc9","build":"193.6494.35","bucket":"197","time":1585608326544,"group":{"id":"vcs.application.configuration","version":"1"},"event":{"state":true,"data":{"created":1585608326544},"id":"invoked"}}
{"recorder_version":"31","session":"7845d6c3dbc9","build":"193.6494.35","bucket":"197","time":1585608326552,"group":{"id":"java.refactoring.settings","version":"1"},"event":{"state":true,"data":{"created":1585608326552},"id":"invoked"}}
{"recorder_version":"31","session":"7845d6c3dbc9","build":"193.6494.35","bucket":"197","time":1585608326570,"group":{"id":"vcs.diff","version":"2"},"event":{"state":true,"data":{"created":1585608326571},"id":"invoked"}}
{"recorder_version":"31","session":"7845d6c3dbc9","build":"193.6494.35","bucket":"197","time":1585608326582,"group":{"id":"editor.settings.ide","version":"3"},"event":{"state":true,"data":{"created":1585608326582,"enabled":true},"id":"completionHints"}}
{"recorder_version":"31","session":"7845d6c3dbc9","build":"193.6494.35","bucket":"197","time":1585608326582,"group":{"id":"editor.settings.ide","version":"3"},"event":{"state":true,"data":{"created":1585608326582},"id":"invoked"}}
{"recorder_version":"31","session":"7845d6c3dbc9","build":"193.6494.35","bucket":"197","time":1585608326582,"group":{"id":"keymaps.name","version":"2"},"event":{"state":true,"data":{"created":1585608326582,"keymap_name":"Mac_OS_X_10.5+"},"id":"ide.keymap"}}
{"recorder_version":"31","session":"7845d6c3dbc9","build":"193.6494.35","bucket":"197","time":1585608326582,"group":{"id":"keymaps.name","version":"2"},"event":{"state":true,"data":{"created":1585608326582},"id":"invoked"}}
{"recorder_version":"31","session":"7845d6c3dbc9","build":"193.6494.35","bucket":"197","time":1585608326584,"group":{"id":"debugger.settings.ide","version":"2"},"event":{"state":true,"data":{"created":1585608326584},"id":"invoked"}}
{"recorder_version":"31","session":"7845d6c3dbc9","build":"193.6494.35","bucket":"197","time":1585608329730,"group":{"id":"performance","version":"31"},"event":{"count":1,"data":{"duration_ms":0,"created":1585608329730},"id":"ui.latency"}}
{"recorder_version":"31","session":"7845d6c3dbc9","build":"193.6494.35","bucket":"197","time":1585608430057,"group":{"id":"performance","version":"31"},"event":{"count":1,"data":{"duration_ms":1,"created":1585608430057},"id":"ui.latency"}}
{"recorder_version":"31","session":"7845d6c3dbc9","build":"193.6494.35","bucket":"197","time":1585610264720,"group":{"id":"performance","version":"31"},"event":{"count":1,"data":{"duration_ms":4,"created":1585610264721},"id":"ui.latency"}}
{"recorder_version":"31","session":"7845d6c3dbc9","build":"193.6494.35","bucket":"197","time":1585610286383,"group":{"id":"lifecycle","version":"31"},"event":{"count":1,"data":{"created":1585610286383,"project":"984dc00f1549fa535f2d186f3a9a6c29e1d93de0955a772968cfd5c04d3a9bb2"},"id":"frame.activated"}}
{"recorder_version":"31","session":"7845d6c3dbc9","build":"193.6494.35","bucket":"197","time":1585610288640,"group":{"id":"lifecycle","version":"31"},"event":{"count":1,"data":{"created":1585610288640,"project":"984dc00f1549fa535f2d186f3a9a6c29e1d93de0955a772968cfd5c04d3a9bb2"},"id":"frame.deactivated"}}
{"recorder_version":"31","session":"7845d6c3dbc9","build":"193.6494.35","bucket":"197","time":1585610322173,"group":{"id":"lifecycle","version":"31"},"event":{"count":1,"data":{"created":1585610322173,"project":"984dc00f1549fa535f2d186f3a9a6c29e1d93de0955a772968cfd5c04d3a9bb2"},"id":"frame.activated"}}
{"recorder_version":"31","session":"7845d6c3dbc9","build":"193.6494.35","bucket":"197","time":1585610325437,"group":{"id":"ui.dialogs","version":"31"},"event":{"count":1,"data":{"code":0,"created":1585610325438,"plugin_type":"NOT_LISTED","dialog_class":"third.party"},"id":"close"}}
{"recorder_version":"31","session":"7845d6c3dbc9","build":"193.6494.35","bucket":"197","time":1585610327301,"group":{"id":"ui.dialogs","version":"31"},"event":{"count":1,"data":{"created":1585610327301,"plugin_type":"NOT_LISTED","dialog_class":"third.party"},"id":"show"}}
{"recorder_version":"31","session":"7845d6c3dbc9","build":"193.6494.35","bucket":"197","time":1585610337078,"group":{"id":"ui.dialogs","version":"31"},"event":{"count":1,"data":{"code":0,"created":1585610337079,"plugin_type":"NOT_LISTED","dialog_class":"third.party"},"id":"close"}}
{"recorder_version":"31","session":"7845d6c3dbc9","build":"193.6494.35","bucket":"197","time":1585610337120,"group":{"id":"ui.dialogs","version":"31"},"event":{"count":1,"data":{"created":1585610337120,"plugin_type":"NOT_LISTED","dialog_class":"third.party"},"id":"show"}}
{"recorder_version":"31","session":"7845d6c3dbc9","build":"193.6494.35","bucket":"197","time":1585610345528,"group":{"id":"ui.dialogs","version":"31"},"event":{"count":1,"data":{"code":0,"created":1585610345529,"plugin_type":"NOT_LISTED","dialog_class":"third.party"},"id":"close"}}
{"recorder_version":"31","session":"7845d6c3dbc9","build":"193.6494.35","bucket":"197","time":1585610345585,"group":{"id":"lifecycle","version":"31"},"event":{"count":1,"data":{"error_hash":-321214664,"created":1585610345585,"plugin_type":"NOT_LISTED","error_frames":["third.party","com.intellij.openapi.actionSystem.ex.ActionUtil$1.run","com.intellij.openapi.actionSystem.ex.ActionUtil.performActionDumbAware","com.intellij.openapi.actionSystem.impl.ActionMenuItem$ActionTransmitter.lambda$actionPerformed$0","com.intellij.openapi.wm.impl.FocusManagerImpl.runOnOwnContext","com.intellij.openapi.wm.impl.IdeFocusManagerImpl.runOnOwnContext","com.intellij.openapi.actionSystem.impl.ActionMenuItem$ActionTransmitter.actionPerformed","javax.swing.AbstractButton.fireActionPerformed","com.intellij.openapi.actionSystem.impl.ActionMenuItem.lambda$fireActionPerformed$0","com.intellij.openapi.application.TransactionGuardImpl.runSyncTransaction","com.intellij.openapi.application.TransactionGuardImpl.lambda$submitTransaction$1","com.intellij.openapi.application.TransactionGuardImpl.submitTransaction","com.intellij.openapi.application.TransactionGuard.submitTransaction","com.intellij.openapi.actionSystem.impl.ActionMenuItem.fireActionPerformed","javax.swing.AbstractButton$Handler.actionPerformed","javax.swing.DefaultButtonModel.fireActionPerformed","javax.swing.JToggleButton$ToggleButtonModel.setPressed","javax.swing.AbstractButton.doClick","third.party","java.awt.CheckboxMenuItem.processItemEvent","java.awt.CheckboxMenuItem.processEvent","java.awt.MenuComponent.dispatchEventImpl","java.awt.MenuComponent.dispatchEvent","java.awt.EventQueue.dispatchEventImpl","java.awt.EventQueue$4.run","java.awt.EventQueue$4.run","java.security.AccessController.doPrivileged","java.security.ProtectionDomain$JavaSecurityAccessImpl.doIntersectionPrivilege","java.security.ProtectionDomain$JavaSecurityAccessImpl.doIntersectionPrivilege","java.awt.EventQueue$5.run","java.awt.EventQueue$5.run","java.security.AccessController.doPrivileged","java.security.ProtectionDomain$JavaSecurityAccessImpl.doIntersectionPrivilege","java.awt.EventQueue.dispatchEvent","com.intellij.ide.IdeEventQueue.defaultDispatchEvent","com.intellij.ide.IdeEventQueue._dispatchEvent","com.intellij.ide.IdeEventQueue.lambda$dispatchEvent$8","com.intellij.openapi.progress.impl.CoreProgressManager.computePrioritized","com.intellij.ide.IdeEventQueue.dispatchEvent","java.awt.EventDispatchThread.pumpOneEventForFilters","java.awt.EventDispatchThread.pumpEventsForFilter","java.awt.EventDispatchThread.pumpEventsForHierarchy","java.awt.EventDispatchThread.pumpEvents","java.awt.EventDispatchThread.pumpEvents","java.awt.EventDispatchThread.run"],"error":"java.lang.NullPointerException","error_size":45},"id":"ide.error"}}
{"recorder_version":"31","session":"7845d6c3dbc9","build":"193.6494.35","bucket":"197","time":1585610349706,"group":{"id":"ui.dialogs","version":"31"},"event":{"count":1,"data":{"created":1585610349706,"plugin_type":"PLATFORM","dialog_class":"com.intellij.diagnostic.IdeMessagePanel$3"},"id":"show"}}
{"recorder_version":"31","session":"7845d6c3dbc9","build":"193.6494.35","bucket":"197","time":1585610352785,"group":{"id":"lifecycle","version":"31"},"event":{"count":1,"data":{"created":1585610352786,"project":"984dc00f1549fa535f2d186f3a9a6c29e1d93de0955a772968cfd5c04d3a9bb2"},"id":"frame.deactivated"}}
