{"recorder_version":"31","session":"6b6200a21d51","build":"193.6494.35","bucket":"197","time":1585613767076,"group":{"id":"settings","version":"4"},"event":{"state":true,"data":{"component":"UISettings","created":1585613767351},"id":"invoked"}}
{"recorder_version":"31","session":"6b6200a21d51","build":"193.6494.35","bucket":"197","time":1585613767078,"group":{"id":"settings","version":"4"},"event":{"state":true,"data":{"component":"NotRoamableUiSettings","created":1585613767367},"id":"invoked"}}
{"recorder_version":"31","session":"6b6200a21d51","build":"193.6494.35","bucket":"197","time":1585613767085,"group":{"id":"system.java","version":"1"},"event":{"state":true,"data":{"created":1585613767373,"version":"validation.undefined_rule"},"id":"validation.undefined_rule"}}
{"recorder_version":"31","session":"6b6200a21d51","build":"193.6494.35","bucket":"197","time":1585613767085,"group":{"id":"system.java","version":"1"},"event":{"state":true,"data":{"created":1585613767374},"id":"invoked"}}
{"recorder_version":"31","session":"6b6200a21d51","build":"193.6494.35","bucket":"197","time":1585613767135,"group":{"id":"system.os","version":"3"},"event":{"state":true,"data":{"created":1585613767374,"version":"10.14"},"id":"Mac"}}
{"recorder_version":"31","session":"6b6200a21d51","build":"193.6494.35","bucket":"197","time":1585613767135,"group":{"id":"system.os","version":"3"},"event":{"state":true,"data":{"created":1585613767374,"name":"Mac","version":"10.14"},"id":"os.name"}}
{"recorder_version":"31","session":"6b6200a21d51","build":"193.6494.35","bucket":"197","time":1585613767135,"group":{"id":"system.os","version":"3"},"event":{"state":true,"data":{"created":1585613767375,"value":"-04_00"},"id":"os.timezone"}}
{"recorder_version":"31","session":"6b6200a21d51","build":"193.6494.35","bucket":"197","time":1585613767135,"group":{"id":"system.os","version":"3"},"event":{"state":true,"data":{"created":1585613767375},"id":"invoked"}}
{"recorder_version":"31","session":"6b6200a21d51","build":"193.6494.35","bucket":"197","time":1585613767279,"group":{"id":"settings","version":"4"},"event":{"state":true,"data":{"component":"UpdatesConfigurable","created":1585613767375,"name":"checkNeeded","type":"bool","value":false},"id":"not.default"}}
{"recorder_version":"31","session":"6b6200a21d51","build":"193.6494.35","bucket":"197","time":1585613767279,"group":{"id":"settings","version":"4"},"event":{"state":true,"data":{"component":"UpdatesConfigurable","created":1585613767376},"id":"invoked"}}
{"recorder_version":"31","session":"6b6200a21d51","build":"193.6494.35","bucket":"197","time":1585613767331,"group":{"id":"event.log","version":"31"},"event":{"count":1,"data":{"created":1585613767376,"version":"1200.0"},"id":"whitelist.loaded"}}
{"recorder_version":"31","session":"6b6200a21d51","build":"193.6494.35","bucket":"197","time":1585613767465,"group":{"id":"settings","version":"4"},"event":{"state":true,"data":{"component":"GeneralSettings","created":1585613767471,"name":"showTipsOnStartup","type":"bool","value":false},"id":"not.default"}}
{"recorder_version":"31","session":"6b6200a21d51","build":"193.6494.35","bucket":"197","time":1585613767465,"group":{"id":"settings","version":"4"},"event":{"state":true,"data":{"component":"GeneralSettings","created":1585613767472},"id":"invoked"}}
{"recorder_version":"31","session":"6b6200a21d51","build":"193.6494.35","bucket":"197","time":1585613767502,"group":{"id":"lifecycle","version":"31"},"event":{"count":1,"data":{"internal":true,"eap":false,"created":1585613767502},"id":"ide.start"}}
{"recorder_version":"31","session":"6b6200a21d51","build":"193.6494.35","bucket":"197","time":1585613767575,"group":{"id":"settings","version":"4"},"event":{"state":true,"data":{"component":"XmlEditorOptions","created":1585613767575},"id":"invoked"}}
{"recorder_version":"31","session":"6b6200a21d51","build":"193.6494.35","bucket":"197","time":1585613767907,"group":{"id":"settings","version":"4"},"event":{"state":true,"data":{"component":"VcsApplicationSettings","created":1585613767907},"id":"invoked"}}
{"recorder_version":"31","session":"6b6200a21d51","build":"193.6494.35","bucket":"197","time":1585613767907,"group":{"id":"lifecycle","version":"31"},"event":{"count":1,"data":{"created":1585613767908},"id":"frame.activated"}}
{"recorder_version":"31","session":"6b6200a21d51","build":"193.6494.35","bucket":"197","time":1585613768010,"group":{"id":"ui.dialogs","version":"31"},"event":{"count":1,"data":{"created":1585613768010,"plugin_type":"PLATFORM","dialog_class":"com.intellij.openapi.progress.util.ProgressDialog$MyDialogWrapper"},"id":"show"}}
{"recorder_version":"31","session":"6b6200a21d51","build":"193.6494.35","bucket":"197","time":1585613768096,"group":{"id":"performance","version":"31"},"event":{"count":1,"data":{"duration_ms":137,"created":1585613768097},"id":"ui.latency"}}
{"recorder_version":"31","session":"6b6200a21d51","build":"193.6494.35","bucket":"197","time":1585613768096,"group":{"id":"performance","version":"31"},"event":{"count":1,"data":{"duration_ms":137,"created":1585613768098},"id":"ui.lagging"}}
{"recorder_version":"31","session":"6b6200a21d51","build":"193.6494.35","bucket":"197","time":1585613769087,"group":{"id":"lifecycle","version":"31"},"event":{"count":1,"data":{"created":1585613769087,"project":"984dc00f1549fa535f2d186f3a9a6c29e1d93de0955a772968cfd5c04d3a9bb2"},"id":"project.opened"}}
{"recorder_version":"31","session":"6b6200a21d51","build":"193.6494.35","bucket":"197","time":1585613769342,"group":{"id":"performance","version":"31"},"event":{"count":1,"data":{"duration_ms":383,"created":1585613769342},"id":"ui.lagging"}}
{"recorder_version":"31","session":"6b6200a21d51","build":"193.6494.35","bucket":"197","time":1585613769648,"group":{"id":"indexing","version":"2"},"event":{"count":1,"data":{"ide_activity_id":1,"created":1585613769648,"project":"984dc00f1549fa535f2d186f3a9a6c29e1d93de0955a772968cfd5c04d3a9bb2"},"id":"started"}}
{"recorder_version":"31","session":"6b6200a21d51","build":"193.6494.35","bucket":"197","time":1585613769681,"group":{"id":"indexing","version":"2"},"event":{"count":1,"data":{"ide_activity_id":1,"stage_class":"com.intellij.util.indexing.UnindexedFilesUpdater","created":1585613769681,"plugin_type":"PLATFORM"},"id":"stage"}}
{"recorder_version":"31","session":"6b6200a21d51","build":"193.6494.35","bucket":"197","time":1585613770117,"group":{"id":"performance","version":"31"},"event":{"count":1,"data":{"duration_ms":158,"created":1585613770117},"id":"ui.lagging"}}
{"recorder_version":"31","session":"6b6200a21d51","build":"193.6494.35","bucket":"197","time":1585613770247,"group":{"id":"toolwindow","version":"31"},"event":{"count":1,"data":{"ViewMode":"Dock_Pinned","created":1585613770247,"plugin_type":"PLATFORM","id":"Project","Location":"Left_Top"},"id":"activated"}}
{"recorder_version":"31","session":"6b6200a21d51","build":"193.6494.35","bucket":"197","time":1585613771069,"group":{"id":"project.fs","version":"1"},"event":{"state":true,"data":{"os":"Mac","cs-project":false,"created":1585613771069,"project":"984dc00f1549fa535f2d186f3a9a6c29e1d93de0955a772968cfd5c04d3a9bb2","cs-implicit":true,"cs-system":false},"id":"case-sensitivity"}}
{"recorder_version":"31","session":"6b6200a21d51","build":"193.6494.35","bucket":"197","time":1585613771069,"group":{"id":"project.fs","version":"1"},"event":{"state":true,"data":{"created":1585613771070},"id":"invoked"}}
{"recorder_version":"31","session":"6b6200a21d51","build":"193.6494.35","bucket":"197","time":1585613771070,"group":{"id":"project.fs","version":"1"},"event":{"state":true,"data":{"pct-non-watched":0,"created":1585613771070,"project":"984dc00f1549fa535f2d186f3a9a6c29e1d93de0955a772968cfd5c04d3a9bb2"},"id":"roots-watched"}}
{"recorder_version":"31","session":"6b6200a21d51","build":"193.6494.35","bucket":"197","time":1585613771070,"group":{"id":"project.fs","version":"1"},"event":{"state":true,"data":{"created":1585613771070},"id":"invoked"}}
{"recorder_version":"31","session":"6b6200a21d51","build":"193.6494.35","bucket":"197","time":1585613771161,"group":{"id":"ui.dialogs","version":"31"},"event":{"count":1,"data":{"code":1,"created":1585613771161,"plugin_type":"PLATFORM","dialog_class":"com.intellij.openapi.progress.util.ProgressDialog$MyDialogWrapper"},"id":"close"}}
{"recorder_version":"31","session":"6b6200a21d51","build":"193.6494.35","bucket":"197","time":1585613771291,"group":{"id":"lifecycle","version":"31"},"event":{"count":1,"data":{"duration_ms":3721,"created":1585613771291,"project":"984dc00f1549fa535f2d186f3a9a6c29e1d93de0955a772968cfd5c04d3a9bb2"},"id":"project.opening.finished"}}
{"recorder_version":"31","session":"6b6200a21d51","build":"193.6494.35","bucket":"197","time":1585613771674,"group":{"id":"indexing","version":"2"},"event":{"count":1,"data":{"duration_ms":2025,"ide_activity_id":1,"created":1585613771676},"id":"finished"}}
{"recorder_version":"31","session":"6b6200a21d51","build":"193.6494.35","bucket":"197","time":1585613771792,"group":{"id":"indexing","version":"2"},"event":{"count":1,"data":{"ide_activity_id":2,"created":1585613771792,"project":"984dc00f1549fa535f2d186f3a9a6c29e1d93de0955a772968cfd5c04d3a9bb2"},"id":"started"}}
{"recorder_version":"31","session":"6b6200a21d51","build":"193.6494.35","bucket":"197","time":1585613771807,"group":{"id":"indexing","version":"2"},"event":{"count":1,"data":{"ide_activity_id":2,"plugin":"org.jetbrains.android","stage_class":"com.android.tools.idea.res.ResourceFolderRepositoryFileCacheImpl$PruneTask","created":1585613771807,"plugin_type":"JB_BUNDLED"},"id":"stage"}}
{"recorder_version":"31","session":"6b6200a21d51","build":"193.6494.35","bucket":"197","time":1585613771882,"group":{"id":"indexing","version":"2"},"event":{"count":1,"data":{"ide_activity_id":2,"plugin":"org.jetbrains.android","stage_class":"com.android.tools.idea.res.ResourceFolderRepositoryFileCacheImpl$ManageLruProjectFilesTask","created":1585613771883,"plugin_type":"JB_BUNDLED"},"id":"stage"}}
{"recorder_version":"31","session":"6b6200a21d51","build":"193.6494.35","bucket":"197","time":1585613771908,"group":{"id":"indexing","version":"2"},"event":{"count":1,"data":{"duration_ms":116,"ide_activity_id":2,"created":1585613771909},"id":"finished"}}
{"recorder_version":"31","session":"6b6200a21d51","build":"193.6494.35","bucket":"197","time":1585613771945,"group":{"id":"indexing","version":"2"},"event":{"count":1,"data":{"ide_activity_id":3,"created":1585613771945,"project":"984dc00f1549fa535f2d186f3a9a6c29e1d93de0955a772968cfd5c04d3a9bb2"},"id":"started"}}
{"recorder_version":"31","session":"6b6200a21d51","build":"193.6494.35","bucket":"197","time":1585613771970,"group":{"id":"indexing","version":"2"},"event":{"count":1,"data":{"ide_activity_id":3,"plugin":"org.jetbrains.android","stage_class":"com.android.tools.idea.res.ResourceFolderRegistry$PopulateCachesTask","created":1585613771970,"plugin_type":"JB_BUNDLED"},"id":"stage"}}
{"recorder_version":"31","session":"6b6200a21d51","build":"193.6494.35","bucket":"197","time":1585613771992,"group":{"id":"indexing","version":"2"},"event":{"count":1,"data":{"duration_ms":47,"ide_activity_id":3,"created":1585613771992},"id":"finished"}}
{"recorder_version":"31","session":"6b6200a21d51","build":"193.6494.35","bucket":"197","time":1585613775977,"group":{"id":"actions","version":"31"},"event":{"count":1,"data":{"context_menu":true,"action_id":"third.party","created":1585613775977,"plugin_type":"NOT_LISTED","project":"984dc00f1549fa535f2d186f3a9a6c29e1d93de0955a772968cfd5c04d3a9bb2","place":"MainMenu","class":"third.party","input_event":"NoMouseButton"},"id":"action.invoked"}}
{"recorder_version":"31","session":"6b6200a21d51","build":"193.6494.35","bucket":"197","time":1585613776152,"group":{"id":"performance","version":"31"},"event":{"count":1,"data":{"duration_ms":182,"created":1585613776153},"id":"ui.lagging"}}
{"recorder_version":"31","session":"6b6200a21d51","build":"193.6494.35","bucket":"197","time":1585613776183,"group":{"id":"startup","version":"1"},"event":{"count":1,"data":{"duration":1447,"created":1585613776183},"id":"appInit"}}
{"recorder_version":"31","session":"6b6200a21d51","build":"193.6494.35","bucket":"197","time":1585613776183,"group":{"id":"startup","version":"1"},"event":{"count":1,"data":{"duration":286,"created":1585613776184},"id":"splash"}}
{"recorder_version":"31","session":"6b6200a21d51","build":"193.6494.35","bucket":"197","time":1585613776183,"group":{"id":"startup","version":"1"},"event":{"count":1,"data":{"duration":183,"created":1585613776184},"id":"bootstrap"}}
{"recorder_version":"31","session":"6b6200a21d51","build":"193.6494.35","bucket":"197","time":1585613776183,"group":{"id":"startup","version":"1"},"event":{"count":1,"data":{"duration":5869,"created":1585613776184},"id":"totalDuration"}}
{"recorder_version":"31","session":"6b6200a21d51","build":"193.6494.35","bucket":"197","time":1585613777479,"group":{"id":"ui.dialogs","version":"31"},"event":{"count":1,"data":{"created":1585613777479,"plugin_type":"NOT_LISTED","dialog_class":"third.party"},"id":"show"}}
{"recorder_version":"31","session":"6b6200a21d51","build":"193.6494.35","bucket":"197","time":1585613779931,"group":{"id":"ui.dialogs","version":"31"},"event":{"count":1,"data":{"code":0,"created":1585613779932,"plugin_type":"NOT_LISTED","dialog_class":"third.party"},"id":"close"}}
{"recorder_version":"31","session":"6b6200a21d51","build":"193.6494.35","bucket":"197","time":1585613781483,"group":{"id":"ui.dialogs","version":"31"},"event":{"count":1,"data":{"created":1585613781483,"plugin_type":"NOT_LISTED","dialog_class":"third.party"},"id":"show"}}
{"recorder_version":"31","session":"6b6200a21d51","build":"193.6494.35","bucket":"197","time":1585613783726,"group":{"id":"ui.dialogs","version":"31"},"event":{"count":1,"data":{"code":0,"created":1585613783727,"plugin_type":"NOT_LISTED","dialog_class":"third.party"},"id":"close"}}
{"recorder_version":"31","session":"6b6200a21d51","build":"193.6494.35","bucket":"197","time":1585613783766,"group":{"id":"ui.dialogs","version":"31"},"event":{"count":1,"data":{"created":1585613783766,"plugin_type":"NOT_LISTED","dialog_class":"third.party"},"id":"show"}}
{"recorder_version":"31","session":"6b6200a21d51","build":"193.6494.35","bucket":"197","time":1585613787109,"group":{"id":"ui.dialogs","version":"31"},"event":{"count":1,"data":{"code":0,"created":1585613787110,"plugin_type":"NOT_LISTED","dialog_class":"third.party"},"id":"close"}}
{"recorder_version":"31","session":"6b6200a21d51","build":"193.6494.35","bucket":"197","time":1585613789469,"group":{"id":"ui.dialogs","version":"31"},"event":{"count":1,"data":{"created":1585613789469,"plugin_type":"NOT_LISTED","dialog_class":"third.party"},"id":"show"}}
{"recorder_version":"31","session":"6b6200a21d51","build":"193.6494.35","bucket":"197","time":1585613793360,"group":{"id":"ui.dialogs","version":"31"},"event":{"count":1,"data":{"code":0,"created":1585613793361,"plugin_type":"NOT_LISTED","dialog_class":"third.party"},"id":"close"}}
{"recorder_version":"31","session":"6b6200a21d51","build":"193.6494.35","bucket":"197","time":1585613793397,"group":{"id":"ui.dialogs","version":"31"},"event":{"count":1,"data":{"created":1585613793397,"plugin_type":"NOT_LISTED","dialog_class":"third.party"},"id":"show"}}
{"recorder_version":"31","session":"6b6200a21d51","build":"193.6494.35","bucket":"197","time":1585613796206,"group":{"id":"ui.dialogs","version":"31"},"event":{"count":1,"data":{"code":0,"created":1585613796206,"plugin_type":"NOT_LISTED","dialog_class":"third.party"},"id":"close"}}
{"recorder_version":"31","session":"6b6200a21d51","build":"193.6494.35","bucket":"197","time":1585613796242,"group":{"id":"ui.dialogs","version":"31"},"event":{"count":1,"data":{"created":1585613796242,"plugin_type":"NOT_LISTED","dialog_class":"third.party"},"id":"show"}}
{"recorder_version":"31","session":"6b6200a21d51","build":"193.6494.35","bucket":"197","time":1585613802039,"group":{"id":"ui.dialogs","version":"31"},"event":{"count":1,"data":{"code":0,"created":1585613802040,"plugin_type":"NOT_LISTED","dialog_class":"third.party"},"id":"close"}}
{"recorder_version":"31","session":"6b6200a21d51","build":"193.6494.35","bucket":"197","time":1585613802078,"group":{"id":"ui.dialogs","version":"31"},"event":{"count":1,"data":{"created":1585613802078,"plugin_type":"NOT_LISTED","dialog_class":"third.party"},"id":"show"}}
{"recorder_version":"31","session":"6b6200a21d51","build":"193.6494.35","bucket":"197","time":1585613803822,"group":{"id":"lifecycle","version":"31"},"event":{"count":1,"data":{"created":1585613803822,"project":"984dc00f1549fa535f2d186f3a9a6c29e1d93de0955a772968cfd5c04d3a9bb2"},"id":"frame.deactivated"}}
{"recorder_version":"31","session":"6b6200a21d51","build":"193.6494.35","bucket":"197","time":1585613868244,"group":{"id":"performance","version":"31"},"event":{"count":1,"data":{"duration_ms":1,"created":1585613868244},"id":"ui.latency"}}
{"recorder_version":"31","session":"6b6200a21d51","build":"193.6494.35","bucket":"197","time":1585613918661,"group":{"id":"lifecycle","version":"31"},"event":{"count":1,"data":{"created":1585613918661,"project":"984dc00f1549fa535f2d186f3a9a6c29e1d93de0955a772968cfd5c04d3a9bb2"},"id":"frame.activated"}}
{"recorder_version":"31","session":"6b6200a21d51","build":"193.6494.35","bucket":"197","time":1585613923059,"group":{"id":"ui.dialogs","version":"31"},"event":{"count":1,"data":{"code":0,"created":1585613923060,"plugin_type":"NOT_LISTED","dialog_class":"third.party"},"id":"close"}}
{"recorder_version":"31","session":"6b6200a21d51","build":"193.6494.35","bucket":"197","time":1585613923095,"group":{"id":"ui.dialogs","version":"31"},"event":{"count":1,"data":{"created":1585613923095,"plugin_type":"NOT_LISTED","dialog_class":"third.party"},"id":"show"}}
{"recorder_version":"31","session":"6b6200a21d51","build":"193.6494.35","bucket":"197","time":1585613925109,"group":{"id":"lifecycle","version":"31"},"event":{"count":1,"data":{"created":1585613925109,"project":"984dc00f1549fa535f2d186f3a9a6c29e1d93de0955a772968cfd5c04d3a9bb2"},"id":"frame.deactivated"}}
