{"recorder_version":"31","session":"54f53855d159","build":"193.6494.35","bucket":"197","time":1585612069765,"group":{"id":"settings","version":"4"},"event":{"state":true,"data":{"component":"UISettings","created":1585612070024},"id":"invoked"}}
{"recorder_version":"31","session":"54f53855d159","build":"193.6494.35","bucket":"197","time":1585612069765,"group":{"id":"settings","version":"4"},"event":{"state":true,"data":{"component":"NotRoamableUiSettings","created":1585612070026},"id":"invoked"}}
{"recorder_version":"31","session":"54f53855d159","build":"193.6494.35","bucket":"197","time":1585612069770,"group":{"id":"system.java","version":"1"},"event":{"state":true,"data":{"created":1585612070035,"version":"validation.undefined_rule"},"id":"validation.undefined_rule"}}
{"recorder_version":"31","session":"54f53855d159","build":"193.6494.35","bucket":"197","time":1585612069770,"group":{"id":"system.java","version":"1"},"event":{"state":true,"data":{"created":1585612070035},"id":"invoked"}}
{"recorder_version":"31","session":"54f53855d159","build":"193.6494.35","bucket":"197","time":1585612069788,"group":{"id":"system.os","version":"3"},"event":{"state":true,"data":{"created":1585612070035,"version":"10.14"},"id":"Mac"}}
{"recorder_version":"31","session":"54f53855d159","build":"193.6494.35","bucket":"197","time":1585612069788,"group":{"id":"system.os","version":"3"},"event":{"state":true,"data":{"created":1585612070036,"name":"Mac","version":"10.14"},"id":"os.name"}}
{"recorder_version":"31","session":"54f53855d159","build":"193.6494.35","bucket":"197","time":1585612069788,"group":{"id":"system.os","version":"3"},"event":{"state":true,"data":{"created":1585612070036,"value":"-04_00"},"id":"os.timezone"}}
{"recorder_version":"31","session":"54f53855d159","build":"193.6494.35","bucket":"197","time":1585612069788,"group":{"id":"system.os","version":"3"},"event":{"state":true,"data":{"created":1585612070036},"id":"invoked"}}
{"recorder_version":"31","session":"54f53855d159","build":"193.6494.35","bucket":"197","time":1585612069955,"group":{"id":"settings","version":"4"},"event":{"state":true,"data":{"component":"UpdatesConfigurable","created":1585612070036,"name":"checkNeeded","type":"bool","value":false},"id":"not.default"}}
{"recorder_version":"31","session":"54f53855d159","build":"193.6494.35","bucket":"197","time":1585612069955,"group":{"id":"settings","version":"4"},"event":{"state":true,"data":{"component":"UpdatesConfigurable","created":1585612070037},"id":"invoked"}}
{"recorder_version":"31","session":"54f53855d159","build":"193.6494.35","bucket":"197","time":1585612069979,"group":{"id":"event.log","version":"31"},"event":{"count":1,"data":{"created":1585612070037,"version":"1200.0"},"id":"whitelist.loaded"}}
{"recorder_version":"31","session":"54f53855d159","build":"193.6494.35","bucket":"197","time":1585612070140,"group":{"id":"settings","version":"4"},"event":{"state":true,"data":{"component":"GeneralSettings","created":1585612070142,"name":"showTipsOnStartup","type":"bool","value":false},"id":"not.default"}}
{"recorder_version":"31","session":"54f53855d159","build":"193.6494.35","bucket":"197","time":1585612070140,"group":{"id":"settings","version":"4"},"event":{"state":true,"data":{"component":"GeneralSettings","created":1585612070143},"id":"invoked"}}
{"recorder_version":"31","session":"54f53855d159","build":"193.6494.35","bucket":"197","time":1585612070169,"group":{"id":"lifecycle","version":"31"},"event":{"count":1,"data":{"internal":true,"eap":false,"created":1585612070169},"id":"ide.start"}}
{"recorder_version":"31","session":"54f53855d159","build":"193.6494.35","bucket":"197","time":1585612070239,"group":{"id":"settings","version":"4"},"event":{"state":true,"data":{"component":"XmlEditorOptions","created":1585612070240},"id":"invoked"}}
{"recorder_version":"31","session":"54f53855d159","build":"193.6494.35","bucket":"197","time":1585612070574,"group":{"id":"settings","version":"4"},"event":{"state":true,"data":{"component":"VcsApplicationSettings","created":1585612070574},"id":"invoked"}}
{"recorder_version":"31","session":"54f53855d159","build":"193.6494.35","bucket":"197","time":1585612070574,"group":{"id":"lifecycle","version":"31"},"event":{"count":1,"data":{"created":1585612070574},"id":"frame.activated"}}
{"recorder_version":"31","session":"54f53855d159","build":"193.6494.35","bucket":"197","time":1585612070673,"group":{"id":"ui.dialogs","version":"31"},"event":{"count":1,"data":{"created":1585612070674,"plugin_type":"PLATFORM","dialog_class":"com.intellij.openapi.progress.util.ProgressDialog$MyDialogWrapper"},"id":"show"}}
{"recorder_version":"31","session":"54f53855d159","build":"193.6494.35","bucket":"197","time":1585612070744,"group":{"id":"performance","version":"31"},"event":{"count":1,"data":{"duration_ms":113,"created":1585612070744},"id":"ui.latency"}}
{"recorder_version":"31","session":"54f53855d159","build":"193.6494.35","bucket":"197","time":1585612070744,"group":{"id":"performance","version":"31"},"event":{"count":1,"data":{"duration_ms":113,"created":1585612070745},"id":"ui.lagging"}}
{"recorder_version":"31","session":"54f53855d159","build":"193.6494.35","bucket":"197","time":1585612071711,"group":{"id":"lifecycle","version":"31"},"event":{"count":1,"data":{"created":1585612071711,"project":"984dc00f1549fa535f2d186f3a9a6c29e1d93de0955a772968cfd5c04d3a9bb2"},"id":"project.opened"}}
{"recorder_version":"31","session":"54f53855d159","build":"193.6494.35","bucket":"197","time":1585612071948,"group":{"id":"performance","version":"31"},"event":{"count":1,"data":{"duration_ms":319,"created":1585612071948},"id":"ui.lagging"}}
{"recorder_version":"31","session":"54f53855d159","build":"193.6494.35","bucket":"197","time":1585612072215,"group":{"id":"indexing","version":"2"},"event":{"count":1,"data":{"ide_activity_id":1,"created":1585612072216,"project":"984dc00f1549fa535f2d186f3a9a6c29e1d93de0955a772968cfd5c04d3a9bb2"},"id":"started"}}
{"recorder_version":"31","session":"54f53855d159","build":"193.6494.35","bucket":"197","time":1585612072250,"group":{"id":"indexing","version":"2"},"event":{"count":1,"data":{"ide_activity_id":1,"stage_class":"com.intellij.util.indexing.UnindexedFilesUpdater","created":1585612072250,"plugin_type":"PLATFORM"},"id":"stage"}}
{"recorder_version":"31","session":"54f53855d159","build":"193.6494.35","bucket":"197","time":1585612072772,"group":{"id":"toolwindow","version":"31"},"event":{"count":1,"data":{"ViewMode":"Dock_Pinned","created":1585612072773,"plugin_type":"PLATFORM","id":"Project","Location":"Left_Top"},"id":"activated"}}
{"recorder_version":"31","session":"54f53855d159","build":"193.6494.35","bucket":"197","time":1585612073485,"group":{"id":"lifecycle","version":"31"},"event":{"count":1,"data":{"created":1585612073485,"project":"984dc00f1549fa535f2d186f3a9a6c29e1d93de0955a772968cfd5c04d3a9bb2"},"id":"frame.deactivated"}}
{"recorder_version":"31","session":"54f53855d159","build":"193.6494.35","bucket":"197","time":1585612073854,"group":{"id":"performance","version":"31"},"event":{"count":1,"data":{"duration_ms":223,"created":1585612073855},"id":"ui.lagging"}}
{"recorder_version":"31","session":"54f53855d159","build":"193.6494.35","bucket":"197","time":1585612074030,"group":{"id":"project.fs","version":"1"},"event":{"state":true,"data":{"os":"Mac","cs-project":false,"created":1585612074030,"project":"984dc00f1549fa535f2d186f3a9a6c29e1d93de0955a772968cfd5c04d3a9bb2","cs-implicit":true,"cs-system":false},"id":"case-sensitivity"}}
{"recorder_version":"31","session":"54f53855d159","build":"193.6494.35","bucket":"197","time":1585612074030,"group":{"id":"project.fs","version":"1"},"event":{"state":true,"data":{"created":1585612074030},"id":"invoked"}}
{"recorder_version":"31","session":"54f53855d159","build":"193.6494.35","bucket":"197","time":1585612074031,"group":{"id":"project.fs","version":"1"},"event":{"state":true,"data":{"pct-non-watched":0,"created":1585612074031,"project":"984dc00f1549fa535f2d186f3a9a6c29e1d93de0955a772968cfd5c04d3a9bb2"},"id":"roots-watched"}}
{"recorder_version":"31","session":"54f53855d159","build":"193.6494.35","bucket":"197","time":1585612074031,"group":{"id":"project.fs","version":"1"},"event":{"state":true,"data":{"created":1585612074032},"id":"invoked"}}
{"recorder_version":"31","session":"54f53855d159","build":"193.6494.35","bucket":"197","time":1585612074494,"group":{"id":"ui.dialogs","version":"31"},"event":{"count":1,"data":{"code":1,"created":1585612074494,"plugin_type":"PLATFORM","dialog_class":"com.intellij.openapi.progress.util.ProgressDialog$MyDialogWrapper"},"id":"close"}}
{"recorder_version":"31","session":"54f53855d159","build":"193.6494.35","bucket":"197","time":1585612074663,"group":{"id":"lifecycle","version":"31"},"event":{"count":1,"data":{"duration_ms":4423,"created":1585612074666,"project":"984dc00f1549fa535f2d186f3a9a6c29e1d93de0955a772968cfd5c04d3a9bb2"},"id":"project.opening.finished"}}
{"recorder_version":"31","session":"54f53855d159","build":"193.6494.35","bucket":"197","time":1585612074967,"group":{"id":"indexing","version":"2"},"event":{"count":1,"data":{"duration_ms":2752,"ide_activity_id":1,"created":1585612074967},"id":"finished"}}
{"recorder_version":"31","session":"54f53855d159","build":"193.6494.35","bucket":"197","time":1585612075051,"group":{"id":"indexing","version":"2"},"event":{"count":1,"data":{"ide_activity_id":2,"created":1585612075051,"project":"984dc00f1549fa535f2d186f3a9a6c29e1d93de0955a772968cfd5c04d3a9bb2"},"id":"started"}}
{"recorder_version":"31","session":"54f53855d159","build":"193.6494.35","bucket":"197","time":1585612075066,"group":{"id":"indexing","version":"2"},"event":{"count":1,"data":{"ide_activity_id":2,"plugin":"org.jetbrains.android","stage_class":"com.android.tools.idea.res.ResourceFolderRepositoryFileCacheImpl$PruneTask","created":1585612075066,"plugin_type":"JB_BUNDLED"},"id":"stage"}}
{"recorder_version":"31","session":"54f53855d159","build":"193.6494.35","bucket":"197","time":1585612075115,"group":{"id":"indexing","version":"2"},"event":{"count":1,"data":{"ide_activity_id":2,"plugin":"org.jetbrains.android","stage_class":"com.android.tools.idea.res.ResourceFolderRepositoryFileCacheImpl$ManageLruProjectFilesTask","created":1585612075116,"plugin_type":"JB_BUNDLED"},"id":"stage"}}
{"recorder_version":"31","session":"54f53855d159","build":"193.6494.35","bucket":"197","time":1585612075145,"group":{"id":"indexing","version":"2"},"event":{"count":1,"data":{"duration_ms":93,"ide_activity_id":2,"created":1585612075145},"id":"finished"}}
{"recorder_version":"31","session":"54f53855d159","build":"193.6494.35","bucket":"197","time":1585612075157,"group":{"id":"indexing","version":"2"},"event":{"count":1,"data":{"ide_activity_id":3,"created":1585612075157,"project":"984dc00f1549fa535f2d186f3a9a6c29e1d93de0955a772968cfd5c04d3a9bb2"},"id":"started"}}
{"recorder_version":"31","session":"54f53855d159","build":"193.6494.35","bucket":"197","time":1585612075194,"group":{"id":"indexing","version":"2"},"event":{"count":1,"data":{"ide_activity_id":3,"plugin":"org.jetbrains.android","stage_class":"com.android.tools.idea.res.ResourceFolderRegistry$PopulateCachesTask","created":1585612075194,"plugin_type":"JB_BUNDLED"},"id":"stage"}}
{"recorder_version":"31","session":"54f53855d159","build":"193.6494.35","bucket":"197","time":1585612075223,"group":{"id":"indexing","version":"2"},"event":{"count":1,"data":{"duration_ms":66,"ide_activity_id":3,"created":1585612075223},"id":"finished"}}
{"recorder_version":"31","session":"54f53855d159","build":"193.6494.35","bucket":"197","time":1585612079502,"group":{"id":"startup","version":"1"},"event":{"count":1,"data":{"duration":1438,"created":1585612079502},"id":"appInit"}}
{"recorder_version":"31","session":"54f53855d159","build":"193.6494.35","bucket":"197","time":1585612079502,"group":{"id":"startup","version":"1"},"event":{"count":1,"data":{"duration":273,"created":1585612079502},"id":"splash"}}
{"recorder_version":"31","session":"54f53855d159","build":"193.6494.35","bucket":"197","time":1585612079502,"group":{"id":"startup","version":"1"},"event":{"count":1,"data":{"duration":205,"created":1585612079503},"id":"bootstrap"}}
{"recorder_version":"31","session":"54f53855d159","build":"193.6494.35","bucket":"197","time":1585612079502,"group":{"id":"startup","version":"1"},"event":{"count":1,"data":{"duration":5963,"created":1585612079503},"id":"totalDuration"}}
{"recorder_version":"31","session":"54f53855d159","build":"193.6494.35","bucket":"197","time":1585612091281,"group":{"id":"lifecycle","version":"31"},"event":{"count":1,"data":{"created":1585612091281,"project":"984dc00f1549fa535f2d186f3a9a6c29e1d93de0955a772968cfd5c04d3a9bb2"},"id":"frame.activated"}}
{"recorder_version":"31","session":"54f53855d159","build":"193.6494.35","bucket":"197","time":1585612095510,"group":{"id":"actions","version":"31"},"event":{"count":1,"data":{"context_menu":true,"action_id":"third.party","created":1585612095510,"plugin_type":"NOT_LISTED","project":"984dc00f1549fa535f2d186f3a9a6c29e1d93de0955a772968cfd5c04d3a9bb2","place":"MainMenu","class":"third.party","input_event":"NoMouseButton"},"id":"action.invoked"}}
{"recorder_version":"31","session":"54f53855d159","build":"193.6494.35","bucket":"197","time":1585612096896,"group":{"id":"ui.dialogs","version":"31"},"event":{"count":1,"data":{"created":1585612096897,"plugin_type":"NOT_LISTED","dialog_class":"third.party"},"id":"show"}}
{"recorder_version":"31","session":"54f53855d159","build":"193.6494.35","bucket":"197","time":1585612099218,"group":{"id":"ui.dialogs","version":"31"},"event":{"count":1,"data":{"code":0,"created":1585612099219,"plugin_type":"NOT_LISTED","dialog_class":"third.party"},"id":"close"}}
{"recorder_version":"31","session":"54f53855d159","build":"193.6494.35","bucket":"197","time":1585612100518,"group":{"id":"ui.dialogs","version":"31"},"event":{"count":1,"data":{"created":1585612100518,"plugin_type":"NOT_LISTED","dialog_class":"third.party"},"id":"show"}}
{"recorder_version":"31","session":"54f53855d159","build":"193.6494.35","bucket":"197","time":1585612102631,"group":{"id":"ui.dialogs","version":"31"},"event":{"count":1,"data":{"code":0,"created":1585612102631,"plugin_type":"NOT_LISTED","dialog_class":"third.party"},"id":"close"}}
{"recorder_version":"31","session":"54f53855d159","build":"193.6494.35","bucket":"197","time":1585612102656,"group":{"id":"ui.dialogs","version":"31"},"event":{"count":1,"data":{"created":1585612102656,"plugin_type":"NOT_LISTED","dialog_class":"third.party"},"id":"show"}}
{"recorder_version":"31","session":"54f53855d159","build":"193.6494.35","bucket":"197","time":1585612104748,"group":{"id":"ui.dialogs","version":"31"},"event":{"count":1,"data":{"code":0,"created":1585612104749,"plugin_type":"NOT_LISTED","dialog_class":"third.party"},"id":"close"}}
