{"recorder_version":"31","session":"d575f78c9df5","build":"193.6494.35","bucket":"197","time":1585611089927,"group":{"id":"settings","version":"4"},"event":{"state":true,"data":{"component":"UISettings","created":1585611090237},"id":"invoked"}}
{"recorder_version":"31","session":"d575f78c9df5","build":"193.6494.35","bucket":"197","time":1585611089926,"group":{"id":"settings","version":"4"},"event":{"state":true,"data":{"component":"NotRoamableUiSettings","created":1585611090242},"id":"invoked"}}
{"recorder_version":"31","session":"d575f78c9df5","build":"193.6494.35","bucket":"197","time":1585611089933,"group":{"id":"system.java","version":"1"},"event":{"state":true,"data":{"created":1585611090273,"version":"validation.undefined_rule"},"id":"validation.undefined_rule"}}
{"recorder_version":"31","session":"d575f78c9df5","build":"193.6494.35","bucket":"197","time":1585611089933,"group":{"id":"system.java","version":"1"},"event":{"state":true,"data":{"created":1585611090273},"id":"invoked"}}
{"recorder_version":"31","session":"d575f78c9df5","build":"193.6494.35","bucket":"197","time":1585611089964,"group":{"id":"system.os","version":"3"},"event":{"state":true,"data":{"created":1585611090281,"version":"10.14"},"id":"Mac"}}
{"recorder_version":"31","session":"d575f78c9df5","build":"193.6494.35","bucket":"197","time":1585611089964,"group":{"id":"system.os","version":"3"},"event":{"state":true,"data":{"created":1585611090281,"name":"Mac","version":"10.14"},"id":"os.name"}}
{"recorder_version":"31","session":"d575f78c9df5","build":"193.6494.35","bucket":"197","time":1585611089964,"group":{"id":"system.os","version":"3"},"event":{"state":true,"data":{"created":1585611090282,"value":"-04_00"},"id":"os.timezone"}}
{"recorder_version":"31","session":"d575f78c9df5","build":"193.6494.35","bucket":"197","time":1585611089964,"group":{"id":"system.os","version":"3"},"event":{"state":true,"data":{"created":1585611090282},"id":"invoked"}}
{"recorder_version":"31","session":"d575f78c9df5","build":"193.6494.35","bucket":"197","time":1585611090097,"group":{"id":"settings","version":"4"},"event":{"state":true,"data":{"component":"UpdatesConfigurable","created":1585611090282,"name":"checkNeeded","type":"bool","value":false},"id":"not.default"}}
{"recorder_version":"31","session":"d575f78c9df5","build":"193.6494.35","bucket":"197","time":1585611090098,"group":{"id":"settings","version":"4"},"event":{"state":true,"data":{"component":"UpdatesConfigurable","created":1585611090282},"id":"invoked"}}
{"recorder_version":"31","session":"d575f78c9df5","build":"193.6494.35","bucket":"197","time":1585611090209,"group":{"id":"event.log","version":"31"},"event":{"count":1,"data":{"created":1585611090283,"version":"1200.0"},"id":"whitelist.loaded"}}
{"recorder_version":"31","session":"d575f78c9df5","build":"193.6494.35","bucket":"197","time":1585611090280,"group":{"id":"settings","version":"4"},"event":{"state":true,"data":{"component":"GeneralSettings","created":1585611090284,"name":"showTipsOnStartup","type":"bool","value":false},"id":"not.default"}}
{"recorder_version":"31","session":"d575f78c9df5","build":"193.6494.35","bucket":"197","time":1585611090280,"group":{"id":"settings","version":"4"},"event":{"state":true,"data":{"component":"GeneralSettings","created":1585611090284},"id":"invoked"}}
{"recorder_version":"31","session":"d575f78c9df5","build":"193.6494.35","bucket":"197","time":1585611090295,"group":{"id":"lifecycle","version":"31"},"event":{"count":1,"data":{"internal":true,"eap":false,"created":1585611090295},"id":"ide.start"}}
{"recorder_version":"31","session":"d575f78c9df5","build":"193.6494.35","bucket":"197","time":1585611090374,"group":{"id":"settings","version":"4"},"event":{"state":true,"data":{"component":"XmlEditorOptions","created":1585611090375},"id":"invoked"}}
{"recorder_version":"31","session":"d575f78c9df5","build":"193.6494.35","bucket":"197","time":1585611090676,"group":{"id":"lifecycle","version":"31"},"event":{"count":1,"data":{"created":1585611090676},"id":"frame.activated"}}
{"recorder_version":"31","session":"d575f78c9df5","build":"193.6494.35","bucket":"197","time":1585611090677,"group":{"id":"settings","version":"4"},"event":{"state":true,"data":{"component":"VcsApplicationSettings","created":1585611090677},"id":"invoked"}}
{"recorder_version":"31","session":"d575f78c9df5","build":"193.6494.35","bucket":"197","time":1585611090799,"group":{"id":"ui.dialogs","version":"31"},"event":{"count":1,"data":{"created":1585611090799,"plugin_type":"PLATFORM","dialog_class":"com.intellij.openapi.progress.util.ProgressDialog$MyDialogWrapper"},"id":"show"}}
{"recorder_version":"31","session":"d575f78c9df5","build":"193.6494.35","bucket":"197","time":1585611090868,"group":{"id":"performance","version":"31"},"event":{"count":1,"data":{"duration_ms":54,"created":1585611090868},"id":"ui.latency"}}
{"recorder_version":"31","session":"d575f78c9df5","build":"193.6494.35","bucket":"197","time":1585611091541,"group":{"id":"lifecycle","version":"31"},"event":{"count":1,"data":{"created":1585611091542},"id":"frame.deactivated"}}
{"recorder_version":"31","session":"d575f78c9df5","build":"193.6494.35","bucket":"197","time":1585611091873,"group":{"id":"lifecycle","version":"31"},"event":{"count":1,"data":{"created":1585611091873,"project":"984dc00f1549fa535f2d186f3a9a6c29e1d93de0955a772968cfd5c04d3a9bb2"},"id":"project.opened"}}
{"recorder_version":"31","session":"d575f78c9df5","build":"193.6494.35","bucket":"197","time":1585611092148,"group":{"id":"performance","version":"31"},"event":{"count":1,"data":{"duration_ms":333,"created":1585611092148},"id":"ui.lagging"}}
{"recorder_version":"31","session":"d575f78c9df5","build":"193.6494.35","bucket":"197","time":1585611092520,"group":{"id":"indexing","version":"2"},"event":{"count":1,"data":{"ide_activity_id":1,"created":1585611092520,"project":"984dc00f1549fa535f2d186f3a9a6c29e1d93de0955a772968cfd5c04d3a9bb2"},"id":"started"}}
{"recorder_version":"31","session":"d575f78c9df5","build":"193.6494.35","bucket":"197","time":1585611092864,"group":{"id":"indexing","version":"2"},"event":{"count":1,"data":{"ide_activity_id":1,"stage_class":"com.intellij.util.indexing.UnindexedFilesUpdater","created":1585611092864,"plugin_type":"PLATFORM"},"id":"stage"}}
{"recorder_version":"31","session":"d575f78c9df5","build":"193.6494.35","bucket":"197","time":1585611092983,"group":{"id":"toolwindow","version":"31"},"event":{"count":1,"data":{"ViewMode":"Dock_Pinned","created":1585611092983,"plugin_type":"PLATFORM","id":"Project","Location":"Left_Top"},"id":"activated"}}
{"recorder_version":"31","session":"d575f78c9df5","build":"193.6494.35","bucket":"197","time":1585611093881,"group":{"id":"project.fs","version":"1"},"event":{"state":true,"data":{"os":"Mac","cs-project":false,"created":1585611093881,"project":"984dc00f1549fa535f2d186f3a9a6c29e1d93de0955a772968cfd5c04d3a9bb2","cs-implicit":true,"cs-system":false},"id":"case-sensitivity"}}
{"recorder_version":"31","session":"d575f78c9df5","build":"193.6494.35","bucket":"197","time":1585611093881,"group":{"id":"project.fs","version":"1"},"event":{"state":true,"data":{"created":1585611093882},"id":"invoked"}}
{"recorder_version":"31","session":"d575f78c9df5","build":"193.6494.35","bucket":"197","time":1585611093881,"group":{"id":"project.fs","version":"1"},"event":{"state":true,"data":{"pct-non-watched":0,"created":1585611093882,"project":"984dc00f1549fa535f2d186f3a9a6c29e1d93de0955a772968cfd5c04d3a9bb2"},"id":"roots-watched"}}
{"recorder_version":"31","session":"d575f78c9df5","build":"193.6494.35","bucket":"197","time":1585611093881,"group":{"id":"project.fs","version":"1"},"event":{"state":true,"data":{"created":1585611093882},"id":"invoked"}}
{"recorder_version":"31","session":"d575f78c9df5","build":"193.6494.35","bucket":"197","time":1585611093909,"group":{"id":"ui.dialogs","version":"31"},"event":{"count":1,"data":{"code":1,"created":1585611093909,"plugin_type":"PLATFORM","dialog_class":"com.intellij.openapi.progress.util.ProgressDialog$MyDialogWrapper"},"id":"close"}}
{"recorder_version":"31","session":"d575f78c9df5","build":"193.6494.35","bucket":"197","time":1585611094080,"group":{"id":"lifecycle","version":"31"},"event":{"count":1,"data":{"duration_ms":3704,"created":1585611094081,"project":"984dc00f1549fa535f2d186f3a9a6c29e1d93de0955a772968cfd5c04d3a9bb2"},"id":"project.opening.finished"}}
{"recorder_version":"31","session":"d575f78c9df5","build":"193.6494.35","bucket":"197","time":1585611094853,"group":{"id":"indexing","version":"2"},"event":{"count":1,"data":{"duration_ms":2332,"ide_activity_id":1,"created":1585611094853},"id":"finished"}}
{"recorder_version":"31","session":"d575f78c9df5","build":"193.6494.35","bucket":"197","time":1585611094957,"group":{"id":"indexing","version":"2"},"event":{"count":1,"data":{"ide_activity_id":2,"created":1585611094957,"project":"984dc00f1549fa535f2d186f3a9a6c29e1d93de0955a772968cfd5c04d3a9bb2"},"id":"started"}}
{"recorder_version":"31","session":"d575f78c9df5","build":"193.6494.35","bucket":"197","time":1585611094975,"group":{"id":"indexing","version":"2"},"event":{"count":1,"data":{"ide_activity_id":2,"plugin":"org.jetbrains.android","stage_class":"com.android.tools.idea.res.ResourceFolderRepositoryFileCacheImpl$PruneTask","created":1585611094975,"plugin_type":"JB_BUNDLED"},"id":"stage"}}
{"recorder_version":"31","session":"d575f78c9df5","build":"193.6494.35","bucket":"197","time":1585611095003,"group":{"id":"indexing","version":"2"},"event":{"count":1,"data":{"ide_activity_id":2,"plugin":"org.jetbrains.android","stage_class":"com.android.tools.idea.res.ResourceFolderRepositoryFileCacheImpl$ManageLruProjectFilesTask","created":1585611095004,"plugin_type":"JB_BUNDLED"},"id":"stage"}}
{"recorder_version":"31","session":"d575f78c9df5","build":"193.6494.35","bucket":"197","time":1585611095038,"group":{"id":"indexing","version":"2"},"event":{"count":1,"data":{"duration_ms":81,"ide_activity_id":2,"created":1585611095038},"id":"finished"}}
{"recorder_version":"31","session":"d575f78c9df5","build":"193.6494.35","bucket":"197","time":1585611095052,"group":{"id":"indexing","version":"2"},"event":{"count":1,"data":{"ide_activity_id":3,"created":1585611095052,"project":"984dc00f1549fa535f2d186f3a9a6c29e1d93de0955a772968cfd5c04d3a9bb2"},"id":"started"}}
{"recorder_version":"31","session":"d575f78c9df5","build":"193.6494.35","bucket":"197","time":1585611095078,"group":{"id":"indexing","version":"2"},"event":{"count":1,"data":{"ide_activity_id":3,"plugin":"org.jetbrains.android","stage_class":"com.android.tools.idea.res.ResourceFolderRegistry$PopulateCachesTask","created":1585611095078,"plugin_type":"JB_BUNDLED"},"id":"stage"}}
{"recorder_version":"31","session":"d575f78c9df5","build":"193.6494.35","bucket":"197","time":1585611095090,"group":{"id":"indexing","version":"2"},"event":{"count":1,"data":{"duration_ms":38,"ide_activity_id":3,"created":1585611095090},"id":"finished"}}
{"recorder_version":"31","session":"d575f78c9df5","build":"193.6494.35","bucket":"197","time":1585611096466,"group":{"id":"lifecycle","version":"31"},"event":{"count":1,"data":{"created":1585611096466,"project":"984dc00f1549fa535f2d186f3a9a6c29e1d93de0955a772968cfd5c04d3a9bb2"},"id":"frame.activated"}}
{"recorder_version":"31","session":"d575f78c9df5","build":"193.6494.35","bucket":"197","time":1585611098275,"group":{"id":"actions","version":"31"},"event":{"count":1,"data":{"context_menu":true,"action_id":"third.party","created":1585611098275,"plugin_type":"NOT_LISTED","project":"984dc00f1549fa535f2d186f3a9a6c29e1d93de0955a772968cfd5c04d3a9bb2","place":"MainMenu","class":"third.party","input_event":"NoMouseButton"},"id":"action.invoked"}}
{"recorder_version":"31","session":"d575f78c9df5","build":"193.6494.35","bucket":"197","time":1585611098918,"group":{"id":"startup","version":"1"},"event":{"count":1,"data":{"duration":1374,"created":1585611098918},"id":"appInit"}}
{"recorder_version":"31","session":"d575f78c9df5","build":"193.6494.35","bucket":"197","time":1585611098918,"group":{"id":"startup","version":"1"},"event":{"count":1,"data":{"duration":294,"created":1585611098919},"id":"splash"}}
{"recorder_version":"31","session":"d575f78c9df5","build":"193.6494.35","bucket":"197","time":1585611098918,"group":{"id":"startup","version":"1"},"event":{"count":1,"data":{"duration":191,"created":1585611098919},"id":"bootstrap"}}
{"recorder_version":"31","session":"d575f78c9df5","build":"193.6494.35","bucket":"197","time":1585611098918,"group":{"id":"startup","version":"1"},"event":{"count":1,"data":{"duration":5796,"created":1585611098919},"id":"totalDuration"}}
{"recorder_version":"31","session":"d575f78c9df5","build":"193.6494.35","bucket":"197","time":1585611100747,"group":{"id":"ui.dialogs","version":"31"},"event":{"count":1,"data":{"created":1585611100748,"plugin_type":"NOT_LISTED","dialog_class":"third.party"},"id":"show"}}
{"recorder_version":"31","session":"d575f78c9df5","build":"193.6494.35","bucket":"197","time":1585611103357,"group":{"id":"ui.dialogs","version":"31"},"event":{"count":1,"data":{"code":1,"created":1585611103358,"plugin_type":"NOT_LISTED","dialog_class":"third.party"},"id":"close"}}
{"recorder_version":"31","session":"d575f78c9df5","build":"193.6494.35","bucket":"197","time":1585611103413,"group":{"id":"lifecycle","version":"31"},"event":{"count":1,"data":{"error_hash":1408891589,"created":1585611103414,"plugin_type":"NOT_LISTED","error_frames":["java.util.Arrays$ArrayList.get","third.party","com.intellij.openapi.actionSystem.ex.ActionUtil$1.run","com.intellij.openapi.actionSystem.ex.ActionUtil.performActionDumbAware","com.intellij.openapi.actionSystem.impl.ActionMenuItem$ActionTransmitter.lambda$actionPerformed$0","com.intellij.openapi.wm.impl.FocusManagerImpl.runOnOwnContext","com.intellij.openapi.wm.impl.IdeFocusManagerImpl.runOnOwnContext","com.intellij.openapi.actionSystem.impl.ActionMenuItem$ActionTransmitter.actionPerformed","javax.swing.AbstractButton.fireActionPerformed","com.intellij.openapi.actionSystem.impl.ActionMenuItem.lambda$fireActionPerformed$0","com.intellij.openapi.application.TransactionGuardImpl.runSyncTransaction","com.intellij.openapi.application.TransactionGuardImpl.lambda$submitTransaction$1","com.intellij.openapi.application.TransactionGuardImpl.submitTransaction","com.intellij.openapi.application.TransactionGuard.submitTransaction","com.intellij.openapi.actionSystem.impl.ActionMenuItem.fireActionPerformed","javax.swing.AbstractButton$Handler.actionPerformed","javax.swing.DefaultButtonModel.fireActionPerformed","javax.swing.JToggleButton$ToggleButtonModel.setPressed","javax.swing.AbstractButton.doClick","third.party","java.awt.CheckboxMenuItem.processItemEvent","java.awt.CheckboxMenuItem.processEvent","java.awt.MenuComponent.dispatchEventImpl","java.awt.MenuComponent.dispatchEvent","java.awt.EventQueue.dispatchEventImpl","java.awt.EventQueue$4.run","java.awt.EventQueue$4.run","java.security.AccessController.doPrivileged","java.security.ProtectionDomain$JavaSecurityAccessImpl.doIntersectionPrivilege","java.security.ProtectionDomain$JavaSecurityAccessImpl.doIntersectionPrivilege","java.awt.EventQueue$5.run","java.awt.EventQueue$5.run","java.security.AccessController.doPrivileged","java.security.ProtectionDomain$JavaSecurityAccessImpl.doIntersectionPrivilege","java.awt.EventQueue.dispatchEvent","com.intellij.ide.IdeEventQueue.defaultDispatchEvent","com.intellij.ide.IdeEventQueue._dispatchEvent","com.intellij.ide.IdeEventQueue.lambda$dispatchEvent$8","com.intellij.openapi.progress.impl.CoreProgressManager.computePrioritized","com.intellij.ide.IdeEventQueue.dispatchEvent","java.awt.EventDispatchThread.pumpOneEventForFilters","java.awt.EventDispatchThread.pumpEventsForFilter","java.awt.EventDispatchThread.pumpEventsForHierarchy","java.awt.EventDispatchThread.pumpEvents","java.awt.EventDispatchThread.pumpEvents","java.awt.EventDispatchThread.run"],"error":"java.lang.ArrayIndexOutOfBoundsException","error_size":46},"id":"ide.error"}}
{"recorder_version":"31","session":"d575f78c9df5","build":"193.6494.35","bucket":"197","time":1585611106207,"group":{"id":"actions","version":"31"},"event":{"count":1,"data":{"context_menu":true,"action_id":"third.party","created":1585611106208,"plugin_type":"NOT_LISTED","project":"984dc00f1549fa535f2d186f3a9a6c29e1d93de0955a772968cfd5c04d3a9bb2","place":"MainMenu","class":"third.party","input_event":"NoMouseButton"},"id":"action.invoked"}}
{"recorder_version":"31","session":"d575f78c9df5","build":"193.6494.35","bucket":"197","time":1585611107467,"group":{"id":"ui.dialogs","version":"31"},"event":{"count":1,"data":{"created":1585611107467,"plugin_type":"NOT_LISTED","dialog_class":"third.party"},"id":"show"}}
{"recorder_version":"31","session":"d575f78c9df5","build":"193.6494.35","bucket":"197","time":1585611109469,"group":{"id":"ui.dialogs","version":"31"},"event":{"count":1,"data":{"code":0,"created":1585611109469,"plugin_type":"NOT_LISTED","dialog_class":"third.party"},"id":"close"}}
{"recorder_version":"31","session":"d575f78c9df5","build":"193.6494.35","bucket":"197","time":1585611110891,"group":{"id":"ui.dialogs","version":"31"},"event":{"count":1,"data":{"created":1585611110891,"plugin_type":"NOT_LISTED","dialog_class":"third.party"},"id":"show"}}
{"recorder_version":"31","session":"d575f78c9df5","build":"193.6494.35","bucket":"197","time":1585611114094,"group":{"id":"ui.dialogs","version":"31"},"event":{"count":1,"data":{"code":0,"created":1585611114094,"plugin_type":"NOT_LISTED","dialog_class":"third.party"},"id":"close"}}
{"recorder_version":"31","session":"d575f78c9df5","build":"193.6494.35","bucket":"197","time":1585611114128,"group":{"id":"ui.dialogs","version":"31"},"event":{"count":1,"data":{"created":1585611114128,"plugin_type":"NOT_LISTED","dialog_class":"third.party"},"id":"show"}}
{"recorder_version":"31","session":"d575f78c9df5","build":"193.6494.35","bucket":"197","time":1585611118147,"group":{"id":"ui.dialogs","version":"31"},"event":{"count":1,"data":{"code":0,"created":1585611118148,"plugin_type":"NOT_LISTED","dialog_class":"third.party"},"id":"close"}}
{"recorder_version":"31","session":"d575f78c9df5","build":"193.6494.35","bucket":"197","time":1585611118185,"group":{"id":"lifecycle","version":"31"},"event":{"count":1,"data":{"error_hash":-321214664,"created":1585611118186,"plugin_type":"NOT_LISTED","error_frames":["third.party","com.intellij.openapi.actionSystem.ex.ActionUtil$1.run","com.intellij.openapi.actionSystem.ex.ActionUtil.performActionDumbAware","com.intellij.openapi.actionSystem.impl.ActionMenuItem$ActionTransmitter.lambda$actionPerformed$0","com.intellij.openapi.wm.impl.FocusManagerImpl.runOnOwnContext","com.intellij.openapi.wm.impl.IdeFocusManagerImpl.runOnOwnContext","com.intellij.openapi.actionSystem.impl.ActionMenuItem$ActionTransmitter.actionPerformed","javax.swing.AbstractButton.fireActionPerformed","com.intellij.openapi.actionSystem.impl.ActionMenuItem.lambda$fireActionPerformed$0","com.intellij.openapi.application.TransactionGuardImpl.runSyncTransaction","com.intellij.openapi.application.TransactionGuardImpl.lambda$submitTransaction$1","com.intellij.openapi.application.TransactionGuardImpl.submitTransaction","com.intellij.openapi.application.TransactionGuard.submitTransaction","com.intellij.openapi.actionSystem.impl.ActionMenuItem.fireActionPerformed","javax.swing.AbstractButton$Handler.actionPerformed","javax.swing.DefaultButtonModel.fireActionPerformed","javax.swing.JToggleButton$ToggleButtonModel.setPressed","javax.swing.AbstractButton.doClick","third.party","java.awt.CheckboxMenuItem.processItemEvent","java.awt.CheckboxMenuItem.processEvent","java.awt.MenuComponent.dispatchEventImpl","java.awt.MenuComponent.dispatchEvent","java.awt.EventQueue.dispatchEventImpl","java.awt.EventQueue$4.run","java.awt.EventQueue$4.run","java.security.AccessController.doPrivileged","java.security.ProtectionDomain$JavaSecurityAccessImpl.doIntersectionPrivilege","java.security.ProtectionDomain$JavaSecurityAccessImpl.doIntersectionPrivilege","java.awt.EventQueue$5.run","java.awt.EventQueue$5.run","java.security.AccessController.doPrivileged","java.security.ProtectionDomain$JavaSecurityAccessImpl.doIntersectionPrivilege","java.awt.EventQueue.dispatchEvent","com.intellij.ide.IdeEventQueue.defaultDispatchEvent","com.intellij.ide.IdeEventQueue._dispatchEvent","com.intellij.ide.IdeEventQueue.lambda$dispatchEvent$8","com.intellij.openapi.progress.impl.CoreProgressManager.computePrioritized","com.intellij.ide.IdeEventQueue.dispatchEvent","java.awt.EventDispatchThread.pumpOneEventForFilters","java.awt.EventDispatchThread.pumpEventsForFilter","java.awt.EventDispatchThread.pumpEventsForHierarchy","java.awt.EventDispatchThread.pumpEvents","java.awt.EventDispatchThread.pumpEvents","java.awt.EventDispatchThread.run"],"error":"java.lang.NullPointerException","error_size":45},"id":"ide.error"}}
{"recorder_version":"31","session":"d575f78c9df5","build":"193.6494.35","bucket":"197","time":1585611119366,"group":{"id":"lifecycle","version":"31"},"event":{"count":1,"data":{"created":1585611119366,"project":"984dc00f1549fa535f2d186f3a9a6c29e1d93de0955a772968cfd5c04d3a9bb2"},"id":"frame.deactivated"}}
{"recorder_version":"31","session":"d575f78c9df5","build":"193.6494.35","bucket":"197","time":1585611124677,"group":{"id":"lifecycle","version":"31"},"event":{"count":1,"data":{"created":1585611124677,"project":"984dc00f1549fa535f2d186f3a9a6c29e1d93de0955a772968cfd5c04d3a9bb2"},"id":"frame.activated"}}
{"recorder_version":"31","session":"d575f78c9df5","build":"193.6494.35","bucket":"197","time":1585611128017,"group":{"id":"lifecycle","version":"31"},"event":{"count":1,"data":{"created":1585611128018,"project":"984dc00f1549fa535f2d186f3a9a6c29e1d93de0955a772968cfd5c04d3a9bb2"},"id":"frame.deactivated"}}
{"recorder_version":"31","session":"d575f78c9df5","build":"193.6494.35","bucket":"197","time":1585611191084,"group":{"id":"performance","version":"31"},"event":{"count":1,"data":{"duration_ms":1,"created":1585611191084},"id":"ui.latency"}}
{"recorder_version":"31","session":"d575f78c9df5","build":"193.6494.35","bucket":"197","time":1585611291373,"group":{"id":"performance","version":"31"},"event":{"count":1,"data":{"duration_ms":1,"created":1585611291373},"id":"ui.latency"}}
{"recorder_version":"31","session":"d575f78c9df5","build":"193.6494.35","bucket":"197","time":1585611390300,"group":{"id":"kotlin.ide.j2k","version":"1"},"event":{"count":1,"data":{"created":1585611390300},"id":"registered"}}
{"recorder_version":"31","session":"d575f78c9df5","build":"193.6494.35","bucket":"197","time":1585611390300,"group":{"id":"java.find.usages","version":"1"},"event":{"count":1,"data":{"created":1585611390301},"id":"registered"}}
{"recorder_version":"31","session":"d575f78c9df5","build":"193.6494.35","bucket":"197","time":1585611390300,"group":{"id":"file.types.usage","version":"31"},"event":{"count":1,"data":{"created":1585611390301},"id":"registered"}}
{"recorder_version":"31","session":"d575f78c9df5","build":"193.6494.35","bucket":"197","time":1585611390300,"group":{"id":"ide.script.engine","version":"2"},"event":{"count":1,"data":{"created":1585611390301},"id":"registered"}}
{"recorder_version":"31","session":"d575f78c9df5","build":"193.6494.35","bucket":"197","time":1585611390300,"group":{"id":"live.templates","version":"31"},"event":{"count":1,"data":{"created":1585611390302},"id":"registered"}}
{"recorder_version":"31","session":"d575f78c9df5","build":"193.6494.35","bucket":"197","time":1585611390300,"group":{"id":"ide.self.update","version":"2"},"event":{"count":1,"data":{"created":1585611390302},"id":"registered"}}
{"recorder_version":"31","session":"d575f78c9df5","build":"193.6494.35","bucket":"197","time":1585611390300,"group":{"id":"lifecycle","version":"31"},"event":{"count":1,"data":{"created":1585611390302},"id":"registered"}}
{"recorder_version":"31","session":"d575f78c9df5","build":"193.6494.35","bucket":"197","time":1585611390300,"group":{"id":"vcs.diff.trigger","version":"1"},"event":{"count":1,"data":{"created":1585611390302},"id":"registered"}}
{"recorder_version":"31","session":"d575f78c9df5","build":"193.6494.35","bucket":"197","time":1585611390300,"group":{"id":"debugger.breakpoints.usage","version":"2"},"event":{"count":1,"data":{"created":1585611390302},"id":"registered"}}
{"recorder_version":"31","session":"d575f78c9df5","build":"193.6494.35","bucket":"197","time":1585611390300,"group":{"id":"kotlin.gradle.library","version":"1"},"event":{"count":1,"data":{"created":1585611390303},"id":"registered"}}
{"recorder_version":"31","session":"d575f78c9df5","build":"193.6494.35","bucket":"197","time":1585611390300,"group":{"id":"startup","version":"1"},"event":{"count":1,"data":{"created":1585611390304},"id":"registered"}}
{"recorder_version":"31","session":"d575f78c9df5","build":"193.6494.35","bucket":"197","time":1585611390300,"group":{"id":"find","version":"2"},"event":{"count":1,"data":{"created":1585611390304},"id":"registered"}}
{"recorder_version":"31","session":"d575f78c9df5","build":"193.6494.35","bucket":"197","time":1585611390300,"group":{"id":"kotlin.gradle.target","version":"2"},"event":{"count":1,"data":{"created":1585611390305},"id":"registered"}}
{"recorder_version":"31","session":"d575f78c9df5","build":"193.6494.35","bucket":"197","time":1585611390300,"group":{"id":"gutter.icon.click","version":"2"},"event":{"count":1,"data":{"created":1585611390305},"id":"registered"}}
{"recorder_version":"31","session":"d575f78c9df5","build":"193.6494.35","bucket":"197","time":1585611390300,"group":{"id":"shell.script","version":"1"},"event":{"count":1,"data":{"created":1585611390305},"id":"registered"}}
{"recorder_version":"31","session":"d575f78c9df5","build":"193.6494.35","bucket":"197","time":1585611390300,"group":{"id":"new.project.wizard","version":"1"},"event":{"count":1,"data":{"created":1585611390306},"id":"registered"}}
{"recorder_version":"31","session":"d575f78c9df5","build":"193.6494.35","bucket":"197","time":1585611390300,"group":{"id":"kotlin.ide.npwizards","version":"1"},"event":{"count":1,"data":{"created":1585611390306},"id":"registered"}}
{"recorder_version":"31","session":"d575f78c9df5","build":"193.6494.35","bucket":"197","time":1585611390300,"group":{"id":"intentions","version":"31"},"event":{"count":1,"data":{"created":1585611390306},"id":"registered"}}
{"recorder_version":"31","session":"d575f78c9df5","build":"193.6494.35","bucket":"197","time":1585611390300,"group":{"id":"settings.repository","version":"1"},"event":{"count":1,"data":{"created":1585611390306},"id":"registered"}}
{"recorder_version":"31","session":"d575f78c9df5","build":"193.6494.35","bucket":"197","time":1585611390300,"group":{"id":"vcs.change.reminder","version":"2"},"event":{"count":1,"data":{"created":1585611390306},"id":"registered"}}
{"recorder_version":"31","session":"d575f78c9df5","build":"193.6494.35","bucket":"197","time":1585611390300,"group":{"id":"create.directory.dialog","version":"1"},"event":{"count":1,"data":{"created":1585611390306},"id":"registered"}}
{"recorder_version":"31","session":"d575f78c9df5","build":"193.6494.35","bucket":"197","time":1585611390300,"group":{"id":"kotlin.maven.target","version":"3"},"event":{"count":1,"data":{"created":1585611390306},"id":"registered"}}
{"recorder_version":"31","session":"d575f78c9df5","build":"193.6494.35","bucket":"197","time":1585611390300,"group":{"id":"json.schema","version":"1"},"event":{"count":1,"data":{"created":1585611390307},"id":"registered"}}
{"recorder_version":"31","session":"d575f78c9df5","build":"193.6494.35","bucket":"197","time":1585611390300,"group":{"id":"terminalShell","version":"1"},"event":{"count":1,"data":{"created":1585611390307},"id":"registered"}}
{"recorder_version":"31","session":"d575f78c9df5","build":"193.6494.35","bucket":"197","time":1585611390300,"group":{"id":"rename.refactoring","version":"1"},"event":{"count":1,"data":{"created":1585611390307},"id":"registered"}}
{"recorder_version":"31","session":"d575f78c9df5","build":"193.6494.35","bucket":"197","time":1585611390300,"group":{"id":"build.ant.actions","version":"1"},"event":{"count":1,"data":{"created":1585611390307},"id":"registered"}}
{"recorder_version":"31","session":"d575f78c9df5","build":"193.6494.35","bucket":"197","time":1585611390300,"group":{"id":"actions","version":"31"},"event":{"count":1,"data":{"created":1585611390307},"id":"registered"}}
{"recorder_version":"31","session":"d575f78c9df5","build":"193.6494.35","bucket":"197","time":1585611390300,"group":{"id":"kotlin.ide.editor","version":"1"},"event":{"count":1,"data":{"created":1585611390307},"id":"registered"}}
{"recorder_version":"31","session":"d575f78c9df5","build":"193.6494.35","bucket":"197","time":1585611390300,"group":{"id":"event.log","version":"31"},"event":{"count":1,"data":{"created":1585611390307},"id":"registered"}}
{"recorder_version":"31","session":"d575f78c9df5","build":"193.6494.35","bucket":"197","time":1585611390300,"group":{"id":"run.configuration.exec","version":"31"},"event":{"count":1,"data":{"created":1585611390307},"id":"registered"}}
{"recorder_version":"31","session":"d575f78c9df5","build":"193.6494.35","bucket":"197","time":1585611390300,"group":{"id":"build.tools.actions","version":"1"},"event":{"count":1,"data":{"created":1585611390307},"id":"registered"}}
{"recorder_version":"31","session":"d575f78c9df5","build":"193.6494.35","bucket":"197","time":1585611390300,"group":{"id":"file.editor","version":"2"},"event":{"count":1,"data":{"created":1585611390308},"id":"registered"}}
{"recorder_version":"31","session":"d575f78c9df5","build":"193.6494.35","bucket":"197","time":1585611390300,"group":{"id":"vfs","version":"2"},"event":{"count":1,"data":{"created":1585611390308},"id":"registered"}}
{"recorder_version":"31","session":"d575f78c9df5","build":"193.6494.35","bucket":"197","time":1585611390300,"group":{"id":"project.import","version":"2"},"event":{"count":1,"data":{"created":1585611390308},"id":"registered"}}
{"recorder_version":"31","session":"d575f78c9df5","build":"193.6494.35","bucket":"197","time":1585611390300,"group":{"id":"actions.runAnything","version":"1"},"event":{"count":1,"data":{"created":1585611390308},"id":"registered"}}
{"recorder_version":"31","session":"d575f78c9df5","build":"193.6494.35","bucket":"197","time":1585611390300,"group":{"id":"toolwindow","version":"31"},"event":{"count":1,"data":{"created":1585611390308},"id":"registered"}}
{"recorder_version":"31","session":"d575f78c9df5","build":"193.6494.35","bucket":"197","time":1585611390300,"group":{"id":"kotlin.ide.newFileTempl","version":"1"},"event":{"count":1,"data":{"created":1585611390309},"id":"registered"}}
{"recorder_version":"31","session":"d575f78c9df5","build":"193.6494.35","bucket":"197","time":1585611390300,"group":{"id":"ui.settings","version":"31"},"event":{"count":1,"data":{"created":1585611390309},"id":"registered"}}
{"recorder_version":"31","session":"d575f78c9df5","build":"193.6494.35","bucket":"197","time":1585611390300,"group":{"id":"vcs.log.trigger","version":"2"},"event":{"count":1,"data":{"created":1585611390309},"id":"registered"}}
{"recorder_version":"31","session":"d575f78c9df5","build":"193.6494.35","bucket":"197","time":1585611390300,"group":{"id":"productivity","version":"31"},"event":{"count":1,"data":{"created":1585611390309},"id":"registered"}}
{"recorder_version":"31","session":"d575f78c9df5","build":"193.6494.35","bucket":"197","time":1585611390300,"group":{"id":"build.maven.actions","version":"1"},"event":{"count":1,"data":{"created":1585611390309},"id":"registered"}}
{"recorder_version":"31","session":"d575f78c9df5","build":"193.6494.35","bucket":"197","time":1585611390300,"group":{"id":"ui.event","version":"3"},"event":{"count":1,"data":{"created":1585611390309},"id":"registered"}}
{"recorder_version":"31","session":"d575f78c9df5","build":"193.6494.35","bucket":"197","time":1585611390300,"group":{"id":"plugins.advertiser","version":"1"},"event":{"count":1,"data":{"created":1585611390309},"id":"registered"}}
{"recorder_version":"31","session":"d575f78c9df5","build":"193.6494.35","bucket":"197","time":1585611390300,"group":{"id":"editor.notification.panel","version":"1"},"event":{"count":1,"data":{"created":1585611390309},"id":"registered"}}
{"recorder_version":"31","session":"d575f78c9df5","build":"193.6494.35","bucket":"197","time":1585611390300,"group":{"id":"kotlin.ide.debugger","version":"2"},"event":{"count":1,"data":{"created":1585611390310},"id":"registered"}}
{"recorder_version":"31","session":"d575f78c9df5","build":"193.6494.35","bucket":"197","time":1585611390300,"group":{"id":"tooltip.action.events","version":"1"},"event":{"count":1,"data":{"created":1585611390310},"id":"registered"}}
{"recorder_version":"31","session":"d575f78c9df5","build":"193.6494.35","bucket":"197","time":1585611390300,"group":{"id":"completion","version":"2"},"event":{"count":1,"data":{"created":1585611390310},"id":"registered"}}
{"recorder_version":"31","session":"d575f78c9df5","build":"193.6494.35","bucket":"197","time":1585611390300,"group":{"id":"indexing","version":"2"},"event":{"count":1,"data":{"created":1585611390310},"id":"registered"}}
{"recorder_version":"31","session":"d575f78c9df5","build":"193.6494.35","bucket":"197","time":1585611390300,"group":{"id":"vcs","version":"2"},"event":{"count":1,"data":{"created":1585611390310},"id":"registered"}}
{"recorder_version":"31","session":"d575f78c9df5","build":"193.6494.35","bucket":"197","time":1585611390300,"group":{"id":"ui.dialogs","version":"31"},"event":{"count":1,"data":{"created":1585611390310},"id":"registered"}}
{"recorder_version":"31","session":"d575f78c9df5","build":"193.6494.35","bucket":"197","time":1585611390300,"group":{"id":"vcs.back.forward.trigger","version":"1"},"event":{"count":1,"data":{"created":1585611390310},"id":"registered"}}
{"recorder_version":"31","session":"d575f78c9df5","build":"193.6494.35","bucket":"197","time":1585611390300,"group":{"id":"customize.wizard","version":"1"},"event":{"count":1,"data":{"created":1585611390310},"id":"registered"}}
{"recorder_version":"31","session":"d575f78c9df5","build":"193.6494.35","bucket":"197","time":1585611390300,"group":{"id":"ide.update.dialog","version":"1"},"event":{"count":1,"data":{"created":1585611390310},"id":"registered"}}
{"recorder_version":"31","session":"d575f78c9df5","build":"193.6494.35","bucket":"197","time":1585611390300,"group":{"id":"toolbar","version":"31"},"event":{"count":1,"data":{"created":1585611390311},"id":"registered"}}
{"recorder_version":"31","session":"d575f78c9df5","build":"193.6494.35","bucket":"197","time":1585611390300,"group":{"id":"build.gradle.actions","version":"1"},"event":{"count":1,"data":{"created":1585611390311},"id":"registered"}}
{"recorder_version":"31","session":"d575f78c9df5","build":"193.6494.35","bucket":"197","time":1585611390300,"group":{"id":"performance","version":"31"},"event":{"count":1,"data":{"created":1585611390311},"id":"registered"}}
{"recorder_version":"31","session":"d575f78c9df5","build":"193.6494.35","bucket":"197","time":1585611390300,"group":{"id":"build","version":"2"},"event":{"count":1,"data":{"created":1585611390311},"id":"registered"}}
{"recorder_version":"31","session":"d575f78c9df5","build":"193.6494.35","bucket":"197","time":1585611390300,"group":{"id":"searchEverywhere","version":"3"},"event":{"count":1,"data":{"created":1585611390311},"id":"registered"}}
{"recorder_version":"31","session":"d575f78c9df5","build":"193.6494.35","bucket":"197","time":1585611390300,"group":{"id":"kotlin.ide.action.refactoring","version":"1"},"event":{"count":1,"data":{"created":1585611390311},"id":"registered"}}
{"recorder_version":"31","session":"d575f78c9df5","build":"193.6494.35","bucket":"197","time":1585611390300,"group":{"id":"ui.tips","version":"3"},"event":{"count":1,"data":{"created":1585611390311},"id":"registered"}}
{"recorder_version":"31","session":"d575f78c9df5","build":"193.6494.35","bucket":"197","time":1585611390300,"group":{"id":"surround.with","version":"2"},"event":{"count":1,"data":{"created":1585611390311},"id":"registered"}}
{"recorder_version":"31","session":"d575f78c9df5","build":"193.6494.35","bucket":"197","time":1585611390300,"group":{"id":"import.old.config","version":"3"},"event":{"count":1,"data":{"created":1585611390311},"id":"registered"}}
{"recorder_version":"31","session":"d575f78c9df5","build":"193.6494.35","bucket":"197","time":1585611390300,"group":{"id":"kotlin.jps.target","version":"3"},"event":{"count":1,"data":{"created":1585611390311},"id":"registered"}}
{"recorder_version":"31","session":"d575f78c9df5","build":"193.6494.35","bucket":"197","time":1585611390300,"group":{"id":"completion.postfix","version":"31"},"event":{"count":1,"data":{"created":1585611390312},"id":"registered"}}
{"recorder_version":"31","session":"d575f78c9df5","build":"193.6494.35","bucket":"197","time":1585611390300,"group":{"id":"build.maven.packagesearch","version":"2"},"event":{"count":1,"data":{"created":1585611390312},"id":"registered"}}
