{"recorder_version":"31","session":"ee3749bb2a33","build":"193.6494.35","bucket":"197","time":1585611818657,"group":{"id":"settings","version":"4"},"event":{"state":true,"data":{"component":"NotRoamableUiSettings","created":1585611818923},"id":"invoked"}}
{"recorder_version":"31","session":"ee3749bb2a33","build":"193.6494.35","bucket":"197","time":1585611818660,"group":{"id":"settings","version":"4"},"event":{"state":true,"data":{"component":"UISettings","created":1585611818927},"id":"invoked"}}
{"recorder_version":"31","session":"ee3749bb2a33","build":"193.6494.35","bucket":"197","time":1585611818667,"group":{"id":"system.java","version":"1"},"event":{"state":true,"data":{"created":1585611818933,"version":"validation.undefined_rule"},"id":"validation.undefined_rule"}}
{"recorder_version":"31","session":"ee3749bb2a33","build":"193.6494.35","bucket":"197","time":1585611818667,"group":{"id":"system.java","version":"1"},"event":{"state":true,"data":{"created":1585611818933},"id":"invoked"}}
{"recorder_version":"31","session":"ee3749bb2a33","build":"193.6494.35","bucket":"197","time":1585611818695,"group":{"id":"system.os","version":"3"},"event":{"state":true,"data":{"created":1585611818934,"version":"10.14"},"id":"Mac"}}
{"recorder_version":"31","session":"ee3749bb2a33","build":"193.6494.35","bucket":"197","time":1585611818695,"group":{"id":"system.os","version":"3"},"event":{"state":true,"data":{"created":1585611818934,"name":"Mac","version":"10.14"},"id":"os.name"}}
{"recorder_version":"31","session":"ee3749bb2a33","build":"193.6494.35","bucket":"197","time":1585611818695,"group":{"id":"system.os","version":"3"},"event":{"state":true,"data":{"created":1585611818934,"value":"-04_00"},"id":"os.timezone"}}
{"recorder_version":"31","session":"ee3749bb2a33","build":"193.6494.35","bucket":"197","time":1585611818695,"group":{"id":"system.os","version":"3"},"event":{"state":true,"data":{"created":1585611818935},"id":"invoked"}}
{"recorder_version":"31","session":"ee3749bb2a33","build":"193.6494.35","bucket":"197","time":1585611818866,"group":{"id":"settings","version":"4"},"event":{"state":true,"data":{"component":"UpdatesConfigurable","created":1585611818935,"name":"checkNeeded","type":"bool","value":false},"id":"not.default"}}
{"recorder_version":"31","session":"ee3749bb2a33","build":"193.6494.35","bucket":"197","time":1585611818866,"group":{"id":"settings","version":"4"},"event":{"state":true,"data":{"component":"UpdatesConfigurable","created":1585611818935},"id":"invoked"}}
{"recorder_version":"31","session":"ee3749bb2a33","build":"193.6494.35","bucket":"197","time":1585611818899,"group":{"id":"event.log","version":"31"},"event":{"count":1,"data":{"created":1585611818938,"version":"1200.0"},"id":"whitelist.loaded"}}
{"recorder_version":"31","session":"ee3749bb2a33","build":"193.6494.35","bucket":"197","time":1585611819030,"group":{"id":"settings","version":"4"},"event":{"state":true,"data":{"component":"GeneralSettings","created":1585611819030,"name":"showTipsOnStartup","type":"bool","value":false},"id":"not.default"}}
{"recorder_version":"31","session":"ee3749bb2a33","build":"193.6494.35","bucket":"197","time":1585611819030,"group":{"id":"settings","version":"4"},"event":{"state":true,"data":{"component":"GeneralSettings","created":1585611819030},"id":"invoked"}}
{"recorder_version":"31","session":"ee3749bb2a33","build":"193.6494.35","bucket":"197","time":1585611819056,"group":{"id":"lifecycle","version":"31"},"event":{"count":1,"data":{"internal":true,"eap":false,"created":1585611819056},"id":"ide.start"}}
{"recorder_version":"31","session":"ee3749bb2a33","build":"193.6494.35","bucket":"197","time":1585611819116,"group":{"id":"settings","version":"4"},"event":{"state":true,"data":{"component":"XmlEditorOptions","created":1585611819117},"id":"invoked"}}
{"recorder_version":"31","session":"ee3749bb2a33","build":"193.6494.35","bucket":"197","time":1585611819489,"group":{"id":"ui.dialogs","version":"31"},"event":{"count":1,"data":{"created":1585611819489,"plugin_type":"PLATFORM","dialog_class":"com.intellij.openapi.progress.util.ProgressDialog$MyDialogWrapper"},"id":"show"}}
{"recorder_version":"31","session":"ee3749bb2a33","build":"193.6494.35","bucket":"197","time":1585611819600,"group":{"id":"settings","version":"4"},"event":{"state":true,"data":{"component":"VcsApplicationSettings","created":1585611819600},"id":"invoked"}}
{"recorder_version":"31","session":"ee3749bb2a33","build":"193.6494.35","bucket":"197","time":1585611819615,"group":{"id":"performance","version":"31"},"event":{"count":1,"data":{"duration_ms":46,"created":1585611819616},"id":"ui.latency"}}
{"recorder_version":"31","session":"ee3749bb2a33","build":"193.6494.35","bucket":"197","time":1585611820546,"group":{"id":"lifecycle","version":"31"},"event":{"count":1,"data":{"created":1585611820546,"project":"984dc00f1549fa535f2d186f3a9a6c29e1d93de0955a772968cfd5c04d3a9bb2"},"id":"project.opened"}}
{"recorder_version":"31","session":"ee3749bb2a33","build":"193.6494.35","bucket":"197","time":1585611820855,"group":{"id":"performance","version":"31"},"event":{"count":1,"data":{"duration_ms":288,"created":1585611820855},"id":"ui.lagging"}}
{"recorder_version":"31","session":"ee3749bb2a33","build":"193.6494.35","bucket":"197","time":1585611821131,"group":{"id":"indexing","version":"2"},"event":{"count":1,"data":{"ide_activity_id":1,"created":1585611821132,"project":"984dc00f1549fa535f2d186f3a9a6c29e1d93de0955a772968cfd5c04d3a9bb2"},"id":"started"}}
{"recorder_version":"31","session":"ee3749bb2a33","build":"193.6494.35","bucket":"197","time":1585611821173,"group":{"id":"indexing","version":"2"},"event":{"count":1,"data":{"ide_activity_id":1,"stage_class":"com.intellij.util.indexing.UnindexedFilesUpdater","created":1585611821175,"plugin_type":"PLATFORM"},"id":"stage"}}
{"recorder_version":"31","session":"ee3749bb2a33","build":"193.6494.35","bucket":"197","time":1585611821671,"group":{"id":"lifecycle","version":"31"},"event":{"count":1,"data":{"created":1585611821671,"project":"984dc00f1549fa535f2d186f3a9a6c29e1d93de0955a772968cfd5c04d3a9bb2"},"id":"frame.activated"}}
{"recorder_version":"31","session":"ee3749bb2a33","build":"193.6494.35","bucket":"197","time":1585611821721,"group":{"id":"performance","version":"31"},"event":{"count":1,"data":{"duration_ms":151,"created":1585611821721},"id":"ui.lagging"}}
{"recorder_version":"31","session":"ee3749bb2a33","build":"193.6494.35","bucket":"197","time":1585611821929,"group":{"id":"toolwindow","version":"31"},"event":{"count":1,"data":{"ViewMode":"Dock_Pinned","created":1585611821930,"plugin_type":"PLATFORM","id":"Project","Location":"Left_Top"},"id":"activated"}}
{"recorder_version":"31","session":"ee3749bb2a33","build":"193.6494.35","bucket":"197","time":1585611822893,"group":{"id":"project.fs","version":"1"},"event":{"state":true,"data":{"os":"Mac","cs-project":false,"created":1585611822893,"project":"984dc00f1549fa535f2d186f3a9a6c29e1d93de0955a772968cfd5c04d3a9bb2","cs-implicit":true,"cs-system":false},"id":"case-sensitivity"}}
{"recorder_version":"31","session":"ee3749bb2a33","build":"193.6494.35","bucket":"197","time":1585611822893,"group":{"id":"project.fs","version":"1"},"event":{"state":true,"data":{"created":1585611822894},"id":"invoked"}}
{"recorder_version":"31","session":"ee3749bb2a33","build":"193.6494.35","bucket":"197","time":1585611822894,"group":{"id":"project.fs","version":"1"},"event":{"state":true,"data":{"pct-non-watched":0,"created":1585611822894,"project":"984dc00f1549fa535f2d186f3a9a6c29e1d93de0955a772968cfd5c04d3a9bb2"},"id":"roots-watched"}}
{"recorder_version":"31","session":"ee3749bb2a33","build":"193.6494.35","bucket":"197","time":1585611822894,"group":{"id":"project.fs","version":"1"},"event":{"state":true,"data":{"created":1585611822894},"id":"invoked"}}
{"recorder_version":"31","session":"ee3749bb2a33","build":"193.6494.35","bucket":"197","time":1585611822923,"group":{"id":"ui.dialogs","version":"31"},"event":{"count":1,"data":{"code":1,"created":1585611822923,"plugin_type":"PLATFORM","dialog_class":"com.intellij.openapi.progress.util.ProgressDialog$MyDialogWrapper"},"id":"close"}}
{"recorder_version":"31","session":"ee3749bb2a33","build":"193.6494.35","bucket":"197","time":1585611823086,"group":{"id":"lifecycle","version":"31"},"event":{"count":1,"data":{"duration_ms":3957,"created":1585611823086,"project":"984dc00f1549fa535f2d186f3a9a6c29e1d93de0955a772968cfd5c04d3a9bb2"},"id":"project.opening.finished"}}
{"recorder_version":"31","session":"ee3749bb2a33","build":"193.6494.35","bucket":"197","time":1585611823524,"group":{"id":"indexing","version":"2"},"event":{"count":1,"data":{"duration_ms":2392,"ide_activity_id":1,"created":1585611823524},"id":"finished"}}
{"recorder_version":"31","session":"ee3749bb2a33","build":"193.6494.35","bucket":"197","time":1585611823616,"group":{"id":"indexing","version":"2"},"event":{"count":1,"data":{"ide_activity_id":2,"created":1585611823616,"project":"984dc00f1549fa535f2d186f3a9a6c29e1d93de0955a772968cfd5c04d3a9bb2"},"id":"started"}}
{"recorder_version":"31","session":"ee3749bb2a33","build":"193.6494.35","bucket":"197","time":1585611823629,"group":{"id":"indexing","version":"2"},"event":{"count":1,"data":{"ide_activity_id":2,"plugin":"org.jetbrains.android","stage_class":"com.android.tools.idea.res.ResourceFolderRepositoryFileCacheImpl$PruneTask","created":1585611823629,"plugin_type":"JB_BUNDLED"},"id":"stage"}}
{"recorder_version":"31","session":"ee3749bb2a33","build":"193.6494.35","bucket":"197","time":1585611823661,"group":{"id":"indexing","version":"2"},"event":{"count":1,"data":{"ide_activity_id":2,"plugin":"org.jetbrains.android","stage_class":"com.android.tools.idea.res.ResourceFolderRepositoryFileCacheImpl$ManageLruProjectFilesTask","created":1585611823661,"plugin_type":"JB_BUNDLED"},"id":"stage"}}
{"recorder_version":"31","session":"ee3749bb2a33","build":"193.6494.35","bucket":"197","time":1585611823707,"group":{"id":"indexing","version":"2"},"event":{"count":1,"data":{"duration_ms":91,"ide_activity_id":2,"created":1585611823707},"id":"finished"}}
{"recorder_version":"31","session":"ee3749bb2a33","build":"193.6494.35","bucket":"197","time":1585611823721,"group":{"id":"indexing","version":"2"},"event":{"count":1,"data":{"ide_activity_id":3,"created":1585611823721,"project":"984dc00f1549fa535f2d186f3a9a6c29e1d93de0955a772968cfd5c04d3a9bb2"},"id":"started"}}
{"recorder_version":"31","session":"ee3749bb2a33","build":"193.6494.35","bucket":"197","time":1585611823747,"group":{"id":"indexing","version":"2"},"event":{"count":1,"data":{"ide_activity_id":3,"plugin":"org.jetbrains.android","stage_class":"com.android.tools.idea.res.ResourceFolderRegistry$PopulateCachesTask","created":1585611823747,"plugin_type":"JB_BUNDLED"},"id":"stage"}}
{"recorder_version":"31","session":"ee3749bb2a33","build":"193.6494.35","bucket":"197","time":1585611823750,"group":{"id":"indexing","version":"2"},"event":{"count":1,"data":{"duration_ms":29,"ide_activity_id":3,"created":1585611823751},"id":"finished"}}
{"recorder_version":"31","session":"ee3749bb2a33","build":"193.6494.35","bucket":"197","time":1585611825509,"group":{"id":"actions","version":"31"},"event":{"count":1,"data":{"context_menu":true,"action_id":"third.party","created":1585611825510,"plugin_type":"NOT_LISTED","project":"984dc00f1549fa535f2d186f3a9a6c29e1d93de0955a772968cfd5c04d3a9bb2","place":"MainMenu","class":"third.party","input_event":"NoMouseButton"},"id":"action.invoked"}}
{"recorder_version":"31","session":"ee3749bb2a33","build":"193.6494.35","bucket":"197","time":1585611825680,"group":{"id":"performance","version":"31"},"event":{"count":1,"data":{"duration_ms":100,"created":1585611825680},"id":"ui.lagging"}}
{"recorder_version":"31","session":"ee3749bb2a33","build":"193.6494.35","bucket":"197","time":1585611827131,"group":{"id":"ui.dialogs","version":"31"},"event":{"count":1,"data":{"created":1585611827132,"plugin_type":"NOT_LISTED","dialog_class":"third.party"},"id":"show"}}
{"recorder_version":"31","session":"ee3749bb2a33","build":"193.6494.35","bucket":"197","time":1585611827938,"group":{"id":"startup","version":"1"},"event":{"count":1,"data":{"duration":1557,"created":1585611827938},"id":"appInit"}}
{"recorder_version":"31","session":"ee3749bb2a33","build":"193.6494.35","bucket":"197","time":1585611827938,"group":{"id":"startup","version":"1"},"event":{"count":1,"data":{"duration":348,"created":1585611827939},"id":"splash"}}
{"recorder_version":"31","session":"ee3749bb2a33","build":"193.6494.35","bucket":"197","time":1585611827938,"group":{"id":"startup","version":"1"},"event":{"count":1,"data":{"duration":194,"created":1585611827939},"id":"bootstrap"}}
{"recorder_version":"31","session":"ee3749bb2a33","build":"193.6494.35","bucket":"197","time":1585611827938,"group":{"id":"startup","version":"1"},"event":{"count":1,"data":{"duration":6355,"created":1585611827939},"id":"totalDuration"}}
{"recorder_version":"31","session":"ee3749bb2a33","build":"193.6494.35","bucket":"197","time":1585611829331,"group":{"id":"actions","version":"31"},"event":{"count":2,"data":{"context_menu":false,"last":1585611829428,"action_id":"EditorBackSpace","created":1585611829331,"plugin_type":"PLATFORM","project":"984dc00f1549fa535f2d186f3a9a6c29e1d93de0955a772968cfd5c04d3a9bb2","place":"keyboard_shortcut","class":"com.intellij.openapi.editor.actions.BackspaceAction","input_event":"Backspace"},"id":"action.invoked"}}
{"recorder_version":"31","session":"ee3749bb2a33","build":"193.6494.35","bucket":"197","time":1585611830811,"group":{"id":"ui.dialogs","version":"31"},"event":{"count":1,"data":{"code":0,"created":1585611830812,"plugin_type":"NOT_LISTED","dialog_class":"third.party"},"id":"close"}}
{"recorder_version":"31","session":"ee3749bb2a33","build":"193.6494.35","bucket":"197","time":1585611832248,"group":{"id":"ui.dialogs","version":"31"},"event":{"count":1,"data":{"created":1585611832249,"plugin_type":"NOT_LISTED","dialog_class":"third.party"},"id":"show"}}
{"recorder_version":"31","session":"ee3749bb2a33","build":"193.6494.35","bucket":"197","time":1585611834371,"group":{"id":"ui.dialogs","version":"31"},"event":{"count":1,"data":{"code":0,"created":1585611834372,"plugin_type":"NOT_LISTED","dialog_class":"third.party"},"id":"close"}}
{"recorder_version":"31","session":"ee3749bb2a33","build":"193.6494.35","bucket":"197","time":1585611834397,"group":{"id":"ui.dialogs","version":"31"},"event":{"count":1,"data":{"created":1585611834397,"plugin_type":"NOT_LISTED","dialog_class":"third.party"},"id":"show"}}
{"recorder_version":"31","session":"ee3749bb2a33","build":"193.6494.35","bucket":"197","time":1585611836248,"group":{"id":"ui.dialogs","version":"31"},"event":{"count":1,"data":{"code":0,"created":1585611836248,"plugin_type":"NOT_LISTED","dialog_class":"third.party"},"id":"close"}}
