{"recorder_version":"31","session":"2d22bb402826","build":"193.6494.35","bucket":"197","time":1585550799923,"group":{"id":"settings","version":"4"},"event":{"state":true,"data":{"component":"UISettings","created":1585550800211},"id":"invoked"}}
{"recorder_version":"31","session":"2d22bb402826","build":"193.6494.35","bucket":"197","time":1585550799925,"group":{"id":"settings","version":"4"},"event":{"state":true,"data":{"component":"NotRoamableUiSettings","created":1585550800213},"id":"invoked"}}
{"recorder_version":"31","session":"2d22bb402826","build":"193.6494.35","bucket":"197","time":1585550799933,"group":{"id":"system.java","version":"1"},"event":{"state":true,"data":{"created":1585550800221,"version":"validation.undefined_rule"},"id":"validation.undefined_rule"}}
{"recorder_version":"31","session":"2d22bb402826","build":"193.6494.35","bucket":"197","time":1585550799933,"group":{"id":"system.java","version":"1"},"event":{"state":true,"data":{"created":1585550800221},"id":"invoked"}}
{"recorder_version":"31","session":"2d22bb402826","build":"193.6494.35","bucket":"197","time":1585550799957,"group":{"id":"system.os","version":"3"},"event":{"state":true,"data":{"created":1585550800222,"version":"10.14"},"id":"Mac"}}
{"recorder_version":"31","session":"2d22bb402826","build":"193.6494.35","bucket":"197","time":1585550799957,"group":{"id":"system.os","version":"3"},"event":{"state":true,"data":{"created":1585550800222,"name":"Mac","version":"10.14"},"id":"os.name"}}
{"recorder_version":"31","session":"2d22bb402826","build":"193.6494.35","bucket":"197","time":1585550799957,"group":{"id":"system.os","version":"3"},"event":{"state":true,"data":{"created":1585550800222,"value":"-04_00"},"id":"os.timezone"}}
{"recorder_version":"31","session":"2d22bb402826","build":"193.6494.35","bucket":"197","time":1585550799957,"group":{"id":"system.os","version":"3"},"event":{"state":true,"data":{"created":1585550800223},"id":"invoked"}}
{"recorder_version":"31","session":"2d22bb402826","build":"193.6494.35","bucket":"197","time":1585550800102,"group":{"id":"settings","version":"4"},"event":{"state":true,"data":{"component":"UpdatesConfigurable","created":1585550800223,"name":"checkNeeded","type":"bool","value":false},"id":"not.default"}}
{"recorder_version":"31","session":"2d22bb402826","build":"193.6494.35","bucket":"197","time":1585550800102,"group":{"id":"settings","version":"4"},"event":{"state":true,"data":{"component":"UpdatesConfigurable","created":1585550800224},"id":"invoked"}}
{"recorder_version":"31","session":"2d22bb402826","build":"193.6494.35","bucket":"197","time":1585550800188,"group":{"id":"event.log","version":"31"},"event":{"count":1,"data":{"created":1585550800224,"version":"1194.0"},"id":"whitelist.loaded"}}
{"recorder_version":"31","session":"2d22bb402826","build":"193.6494.35","bucket":"197","time":1585550800265,"group":{"id":"settings","version":"4"},"event":{"state":true,"data":{"component":"GeneralSettings","created":1585550800265,"name":"showTipsOnStartup","type":"bool","value":false},"id":"not.default"}}
{"recorder_version":"31","session":"2d22bb402826","build":"193.6494.35","bucket":"197","time":1585550800265,"group":{"id":"settings","version":"4"},"event":{"state":true,"data":{"component":"GeneralSettings","created":1585550800265},"id":"invoked"}}
{"recorder_version":"31","session":"2d22bb402826","build":"193.6494.35","bucket":"197","time":1585550800278,"group":{"id":"lifecycle","version":"31"},"event":{"count":1,"data":{"internal":true,"eap":false,"created":1585550800278},"id":"ide.start"}}
{"recorder_version":"31","session":"2d22bb402826","build":"193.6494.35","bucket":"197","time":1585550800365,"group":{"id":"settings","version":"4"},"event":{"state":true,"data":{"component":"XmlEditorOptions","created":1585550800365},"id":"invoked"}}
{"recorder_version":"31","session":"2d22bb402826","build":"193.6494.35","bucket":"197","time":1585550800851,"group":{"id":"lifecycle","version":"31"},"event":{"count":1,"data":{"created":1585550800851},"id":"frame.activated"}}
{"recorder_version":"31","session":"2d22bb402826","build":"193.6494.35","bucket":"197","time":1585550800852,"group":{"id":"settings","version":"4"},"event":{"state":true,"data":{"component":"VcsApplicationSettings","created":1585550800852},"id":"invoked"}}
{"recorder_version":"31","session":"2d22bb402826","build":"193.6494.35","bucket":"197","time":1585550800953,"group":{"id":"performance","version":"31"},"event":{"count":1,"data":{"duration_ms":135,"created":1585550800954},"id":"ui.latency"}}
{"recorder_version":"31","session":"2d22bb402826","build":"193.6494.35","bucket":"197","time":1585550800953,"group":{"id":"performance","version":"31"},"event":{"count":1,"data":{"duration_ms":135,"created":1585550800954},"id":"ui.lagging"}}
{"recorder_version":"31","session":"2d22bb402826","build":"193.6494.35","bucket":"197","time":1585550800990,"group":{"id":"ui.dialogs","version":"31"},"event":{"count":1,"data":{"created":1585550800991,"plugin_type":"PLATFORM","dialog_class":"com.intellij.openapi.progress.util.ProgressDialog$MyDialogWrapper"},"id":"show"}}
{"recorder_version":"31","session":"2d22bb402826","build":"193.6494.35","bucket":"197","time":1585550802315,"group":{"id":"lifecycle","version":"31"},"event":{"count":1,"data":{"created":1585550802315,"project":"984dc00f1549fa535f2d186f3a9a6c29e1d93de0955a772968cfd5c04d3a9bb2"},"id":"project.opened"}}
{"recorder_version":"31","session":"2d22bb402826","build":"193.6494.35","bucket":"197","time":1585550802970,"group":{"id":"indexing","version":"2"},"event":{"count":1,"data":{"ide_activity_id":1,"created":1585550802970,"project":"984dc00f1549fa535f2d186f3a9a6c29e1d93de0955a772968cfd5c04d3a9bb2"},"id":"started"}}
{"recorder_version":"31","session":"2d22bb402826","build":"193.6494.35","bucket":"197","time":1585550803005,"group":{"id":"indexing","version":"2"},"event":{"count":1,"data":{"ide_activity_id":1,"stage_class":"com.intellij.util.indexing.UnindexedFilesUpdater","created":1585550803005,"plugin_type":"PLATFORM"},"id":"stage"}}
{"recorder_version":"31","session":"2d22bb402826","build":"193.6494.35","bucket":"197","time":1585550803614,"group":{"id":"toolwindow","version":"31"},"event":{"count":1,"data":{"ViewMode":"Dock_Pinned","created":1585550803614,"plugin_type":"PLATFORM","id":"Project","Location":"Left_Top"},"id":"activated"}}
{"recorder_version":"31","session":"2d22bb402826","build":"193.6494.35","bucket":"197","time":1585550803956,"group":{"id":"performance","version":"31"},"event":{"count":1,"data":{"duration_ms":142,"created":1585550803956},"id":"ui.lagging"}}
{"recorder_version":"31","session":"2d22bb402826","build":"193.6494.35","bucket":"197","time":1585550804518,"group":{"id":"project.fs","version":"1"},"event":{"state":true,"data":{"os":"Mac","cs-project":false,"created":1585550804518,"project":"984dc00f1549fa535f2d186f3a9a6c29e1d93de0955a772968cfd5c04d3a9bb2","cs-implicit":true,"cs-system":false},"id":"case-sensitivity"}}
{"recorder_version":"31","session":"2d22bb402826","build":"193.6494.35","bucket":"197","time":1585550804518,"group":{"id":"project.fs","version":"1"},"event":{"state":true,"data":{"created":1585550804518},"id":"invoked"}}
{"recorder_version":"31","session":"2d22bb402826","build":"193.6494.35","bucket":"197","time":1585550804519,"group":{"id":"project.fs","version":"1"},"event":{"state":true,"data":{"pct-non-watched":0,"created":1585550804519,"project":"984dc00f1549fa535f2d186f3a9a6c29e1d93de0955a772968cfd5c04d3a9bb2"},"id":"roots-watched"}}
{"recorder_version":"31","session":"2d22bb402826","build":"193.6494.35","bucket":"197","time":1585550804519,"group":{"id":"project.fs","version":"1"},"event":{"state":true,"data":{"created":1585550804519},"id":"invoked"}}
{"recorder_version":"31","session":"2d22bb402826","build":"193.6494.35","bucket":"197","time":1585550804667,"group":{"id":"ui.dialogs","version":"31"},"event":{"count":1,"data":{"code":1,"created":1585550804667,"plugin_type":"PLATFORM","dialog_class":"com.intellij.openapi.progress.util.ProgressDialog$MyDialogWrapper"},"id":"close"}}
{"recorder_version":"31","session":"2d22bb402826","build":"193.6494.35","bucket":"197","time":1585550804748,"group":{"id":"lifecycle","version":"31"},"event":{"count":1,"data":{"duration_ms":4361,"created":1585550804749,"project":"984dc00f1549fa535f2d186f3a9a6c29e1d93de0955a772968cfd5c04d3a9bb2"},"id":"project.opening.finished"}}
{"recorder_version":"31","session":"2d22bb402826","build":"193.6494.35","bucket":"197","time":1585550805109,"group":{"id":"indexing","version":"2"},"event":{"count":1,"data":{"duration_ms":2139,"ide_activity_id":1,"created":1585550805111},"id":"finished"}}
{"recorder_version":"31","session":"2d22bb402826","build":"193.6494.35","bucket":"197","time":1585550805183,"group":{"id":"indexing","version":"2"},"event":{"count":1,"data":{"ide_activity_id":2,"created":1585550805183,"project":"984dc00f1549fa535f2d186f3a9a6c29e1d93de0955a772968cfd5c04d3a9bb2"},"id":"started"}}
{"recorder_version":"31","session":"2d22bb402826","build":"193.6494.35","bucket":"197","time":1585550805199,"group":{"id":"indexing","version":"2"},"event":{"count":1,"data":{"ide_activity_id":2,"plugin":"org.jetbrains.android","stage_class":"com.android.tools.idea.res.ResourceFolderRepositoryFileCacheImpl$PruneTask","created":1585550805202,"plugin_type":"JB_BUNDLED"},"id":"stage"}}
{"recorder_version":"31","session":"2d22bb402826","build":"193.6494.35","bucket":"197","time":1585550805240,"group":{"id":"indexing","version":"2"},"event":{"count":1,"data":{"ide_activity_id":2,"plugin":"org.jetbrains.android","stage_class":"com.android.tools.idea.res.ResourceFolderRepositoryFileCacheImpl$ManageLruProjectFilesTask","created":1585550805241,"plugin_type":"JB_BUNDLED"},"id":"stage"}}
{"recorder_version":"31","session":"2d22bb402826","build":"193.6494.35","bucket":"197","time":1585550805276,"group":{"id":"indexing","version":"2"},"event":{"count":1,"data":{"duration_ms":93,"ide_activity_id":2,"created":1585550805276},"id":"finished"}}
{"recorder_version":"31","session":"2d22bb402826","build":"193.6494.35","bucket":"197","time":1585550805301,"group":{"id":"indexing","version":"2"},"event":{"count":1,"data":{"ide_activity_id":3,"created":1585550805301,"project":"984dc00f1549fa535f2d186f3a9a6c29e1d93de0955a772968cfd5c04d3a9bb2"},"id":"started"}}
{"recorder_version":"31","session":"2d22bb402826","build":"193.6494.35","bucket":"197","time":1585550805342,"group":{"id":"indexing","version":"2"},"event":{"count":1,"data":{"ide_activity_id":3,"plugin":"org.jetbrains.android","stage_class":"com.android.tools.idea.res.ResourceFolderRegistry$PopulateCachesTask","created":1585550805343,"plugin_type":"JB_BUNDLED"},"id":"stage"}}
{"recorder_version":"31","session":"2d22bb402826","build":"193.6494.35","bucket":"197","time":1585550805356,"group":{"id":"indexing","version":"2"},"event":{"count":1,"data":{"duration_ms":55,"ide_activity_id":3,"created":1585550805356},"id":"finished"}}
{"recorder_version":"31","session":"2d22bb402826","build":"193.6494.35","bucket":"197","time":1585550807911,"group":{"id":"actions","version":"31"},"event":{"count":1,"data":{"context_menu":true,"action_id":"third.party","created":1585550807911,"plugin_type":"NOT_LISTED","project":"984dc00f1549fa535f2d186f3a9a6c29e1d93de0955a772968cfd5c04d3a9bb2","place":"MainMenu","class":"third.party","input_event":"NoMouseButton"},"id":"action.invoked"}}
{"recorder_version":"31","session":"2d22bb402826","build":"193.6494.35","bucket":"197","time":1585550809654,"group":{"id":"startup","version":"1"},"event":{"count":1,"data":{"duration":1457,"created":1585550809654},"id":"appInit"}}
{"recorder_version":"31","session":"2d22bb402826","build":"193.6494.35","bucket":"197","time":1585550809654,"group":{"id":"startup","version":"1"},"event":{"count":1,"data":{"duration":282,"created":1585550809655},"id":"splash"}}
{"recorder_version":"31","session":"2d22bb402826","build":"193.6494.35","bucket":"197","time":1585550809654,"group":{"id":"startup","version":"1"},"event":{"count":1,"data":{"duration":178,"created":1585550809655},"id":"bootstrap"}}
{"recorder_version":"31","session":"2d22bb402826","build":"193.6494.35","bucket":"197","time":1585550809654,"group":{"id":"startup","version":"1"},"event":{"count":1,"data":{"duration":6561,"created":1585550809655},"id":"totalDuration"}}
{"recorder_version":"31","session":"2d22bb402826","build":"193.6494.35","bucket":"197","time":1585550810400,"group":{"id":"ui.dialogs","version":"31"},"event":{"count":1,"data":{"created":1585550810400,"plugin_type":"NOT_LISTED","dialog_class":"third.party"},"id":"show"}}
{"recorder_version":"31","session":"2d22bb402826","build":"193.6494.35","bucket":"197","time":1585550813207,"group":{"id":"ui.dialogs","version":"31"},"event":{"count":1,"data":{"code":0,"created":1585550813208,"plugin_type":"NOT_LISTED","dialog_class":"third.party"},"id":"close"}}
{"recorder_version":"31","session":"2d22bb402826","build":"193.6494.35","bucket":"197","time":1585550815564,"group":{"id":"ui.dialogs","version":"31"},"event":{"count":1,"data":{"created":1585550815564,"plugin_type":"NOT_LISTED","dialog_class":"third.party"},"id":"show"}}
{"recorder_version":"31","session":"2d22bb402826","build":"193.6494.35","bucket":"197","time":1585550825113,"group":{"id":"ui.dialogs","version":"31"},"event":{"count":1,"data":{"code":0,"created":1585550825114,"plugin_type":"NOT_LISTED","dialog_class":"third.party"},"id":"close"}}
{"recorder_version":"31","session":"2d22bb402826","build":"193.6494.35","bucket":"197","time":1585550825149,"group":{"id":"ui.dialogs","version":"31"},"event":{"count":1,"data":{"created":1585550825149,"plugin_type":"NOT_LISTED","dialog_class":"third.party"},"id":"show"}}
{"recorder_version":"31","session":"2d22bb402826","build":"193.6494.35","bucket":"197","time":1585550828262,"group":{"id":"ui.dialogs","version":"31"},"event":{"count":1,"data":{"code":0,"created":1585550828262,"plugin_type":"NOT_LISTED","dialog_class":"third.party"},"id":"close"}}
{"recorder_version":"31","session":"2d22bb402826","build":"193.6494.35","bucket":"197","time":1585550841058,"group":{"id":"ui.dialogs","version":"31"},"event":{"count":1,"data":{"created":1585550841058,"plugin_type":"NOT_LISTED","dialog_class":"third.party"},"id":"show"}}
{"recorder_version":"31","session":"2d22bb402826","build":"193.6494.35","bucket":"197","time":1585550843177,"group":{"id":"ui.dialogs","version":"31"},"event":{"count":1,"data":{"code":1,"created":1585550843177,"plugin_type":"NOT_LISTED","dialog_class":"third.party"},"id":"close"}}
{"recorder_version":"31","session":"2d22bb402826","build":"193.6494.35","bucket":"197","time":1585550843207,"group":{"id":"ui.dialogs","version":"31"},"event":{"count":1,"data":{"created":1585550843207,"plugin_type":"NOT_LISTED","dialog_class":"third.party"},"id":"show"}}
{"recorder_version":"31","session":"2d22bb402826","build":"193.6494.35","bucket":"197","time":1585550844164,"group":{"id":"ui.dialogs","version":"31"},"event":{"count":1,"data":{"code":1,"created":1585550844164,"plugin_type":"NOT_LISTED","dialog_class":"third.party"},"id":"close"}}
{"recorder_version":"31","session":"2d22bb402826","build":"193.6494.35","bucket":"197","time":1585550844203,"group":{"id":"ui.dialogs","version":"31"},"event":{"count":1,"data":{"created":1585550844203,"plugin_type":"NOT_LISTED","dialog_class":"third.party"},"id":"show"}}
{"recorder_version":"31","session":"2d22bb402826","build":"193.6494.35","bucket":"197","time":1585550844729,"group":{"id":"ui.dialogs","version":"31"},"event":{"count":1,"data":{"code":1,"created":1585550844729,"plugin_type":"NOT_LISTED","dialog_class":"third.party"},"id":"close"}}
{"recorder_version":"31","session":"2d22bb402826","build":"193.6494.35","bucket":"197","time":1585550844753,"group":{"id":"ui.dialogs","version":"31"},"event":{"count":1,"data":{"created":1585550844753,"plugin_type":"NOT_LISTED","dialog_class":"third.party"},"id":"show"}}
{"recorder_version":"31","session":"2d22bb402826","build":"193.6494.35","bucket":"197","time":1585550845626,"group":{"id":"ui.dialogs","version":"31"},"event":{"count":1,"data":{"code":1,"created":1585550845626,"plugin_type":"NOT_LISTED","dialog_class":"third.party"},"id":"close"}}
{"recorder_version":"31","session":"2d22bb402826","build":"193.6494.35","bucket":"197","time":1585550845667,"group":{"id":"ui.dialogs","version":"31"},"event":{"count":1,"data":{"created":1585550845667,"plugin_type":"NOT_LISTED","dialog_class":"third.party"},"id":"show"}}
{"recorder_version":"31","session":"2d22bb402826","build":"193.6494.35","bucket":"197","time":1585550846289,"group":{"id":"ui.dialogs","version":"31"},"event":{"count":1,"data":{"code":1,"created":1585550846289,"plugin_type":"NOT_LISTED","dialog_class":"third.party"},"id":"close"}}
{"recorder_version":"31","session":"2d22bb402826","build":"193.6494.35","bucket":"197","time":1585550846324,"group":{"id":"ui.dialogs","version":"31"},"event":{"count":1,"data":{"created":1585550846324,"plugin_type":"NOT_LISTED","dialog_class":"third.party"},"id":"show"}}
{"recorder_version":"31","session":"2d22bb402826","build":"193.6494.35","bucket":"197","time":1585550846829,"group":{"id":"ui.dialogs","version":"31"},"event":{"count":1,"data":{"code":1,"created":1585550846830,"plugin_type":"NOT_LISTED","dialog_class":"third.party"},"id":"close"}}
{"recorder_version":"31","session":"2d22bb402826","build":"193.6494.35","bucket":"197","time":1585550846915,"group":{"id":"lifecycle","version":"31"},"event":{"count":1,"data":{"error_hash":-756732564,"created":1585550846915,"plugin_type":"NOT_LISTED","error_frames":["third.party","third.party","third.party","java.util.Objects.checkIndex","java.util.ArrayList.get","third.party","third.party","third.party","third.party","com.intellij.openapi.actionSystem.ex.ActionUtil$1.run","com.intellij.openapi.actionSystem.ex.ActionUtil.performActionDumbAware","com.intellij.openapi.actionSystem.impl.ActionMenuItem$ActionTransmitter.lambda$actionPerformed$0","com.intellij.openapi.wm.impl.FocusManagerImpl.runOnOwnContext","com.intellij.openapi.wm.impl.IdeFocusManagerImpl.runOnOwnContext","com.intellij.openapi.actionSystem.impl.ActionMenuItem$ActionTransmitter.actionPerformed","javax.swing.AbstractButton.fireActionPerformed","com.intellij.openapi.actionSystem.impl.ActionMenuItem.lambda$fireActionPerformed$0","com.intellij.openapi.application.TransactionGuardImpl.runSyncTransaction","com.intellij.openapi.application.TransactionGuardImpl.lambda$submitTransaction$1","com.intellij.openapi.application.TransactionGuardImpl.submitTransaction","com.intellij.openapi.application.TransactionGuard.submitTransaction","com.intellij.openapi.actionSystem.impl.ActionMenuItem.fireActionPerformed","javax.swing.AbstractButton$Handler.actionPerformed","javax.swing.DefaultButtonModel.fireActionPerformed","javax.swing.JToggleButton$ToggleButtonModel.setPressed","javax.swing.AbstractButton.doClick","third.party","java.awt.CheckboxMenuItem.processItemEvent","java.awt.CheckboxMenuItem.processEvent","java.awt.MenuComponent.dispatchEventImpl","java.awt.MenuComponent.dispatchEvent","java.awt.EventQueue.dispatchEventImpl","java.awt.EventQueue$4.run","java.awt.EventQueue$4.run","java.security.AccessController.doPrivileged","java.security.ProtectionDomain$JavaSecurityAccessImpl.doIntersectionPrivilege","java.security.ProtectionDomain$JavaSecurityAccessImpl.doIntersectionPrivilege","java.awt.EventQueue$5.run","java.awt.EventQueue$5.run","java.security.AccessController.doPrivileged","java.security.ProtectionDomain$JavaSecurityAccessImpl.doIntersectionPrivilege","java.awt.EventQueue.dispatchEvent","com.intellij.ide.IdeEventQueue.defaultDispatchEvent","com.intellij.ide.IdeEventQueue._dispatchEvent","com.intellij.ide.IdeEventQueue.lambda$dispatchEvent$8","com.intellij.openapi.progress.impl.CoreProgressManager.computePrioritized","com.intellij.ide.IdeEventQueue.dispatchEvent","java.awt.EventDispatchThread.pumpOneEventForFilters","java.awt.EventDispatchThread.pumpEventsForFilter","java.awt.EventDispatchThread.pumpEventsForHierarchy"],"error":"java.lang.IndexOutOfBoundsException","error_size":53},"id":"ide.error"}}
{"recorder_version":"31","session":"2d22bb402826","build":"193.6494.35","bucket":"197","time":1585550848486,"group":{"id":"lifecycle","version":"31"},"event":{"count":1,"data":{"created":1585550848486,"project":"984dc00f1549fa535f2d186f3a9a6c29e1d93de0955a772968cfd5c04d3a9bb2"},"id":"frame.deactivated"}}
{"recorder_version":"31","session":"2d22bb402826","build":"193.6494.35","bucket":"197","time":1585550901097,"group":{"id":"performance","version":"31"},"event":{"count":1,"data":{"duration_ms":0,"created":1585550901097},"id":"ui.latency"}}
{"recorder_version":"31","session":"2d22bb402826","build":"193.6494.35","bucket":"197","time":1585551001395,"group":{"id":"performance","version":"31"},"event":{"count":1,"data":{"duration_ms":0,"created":1585551001396},"id":"ui.latency"}}
{"recorder_version":"31","session":"2d22bb402826","build":"193.6494.35","bucket":"197","time":1585551100288,"group":{"id":"kotlin.ide.j2k","version":"1"},"event":{"count":1,"data":{"created":1585551100288},"id":"registered"}}
{"recorder_version":"31","session":"2d22bb402826","build":"193.6494.35","bucket":"197","time":1585551100288,"group":{"id":"java.find.usages","version":"1"},"event":{"count":1,"data":{"created":1585551100288},"id":"registered"}}
{"recorder_version":"31","session":"2d22bb402826","build":"193.6494.35","bucket":"197","time":1585551100288,"group":{"id":"file.types.usage","version":"31"},"event":{"count":1,"data":{"created":1585551100289},"id":"registered"}}
{"recorder_version":"31","session":"2d22bb402826","build":"193.6494.35","bucket":"197","time":1585551100288,"group":{"id":"ide.script.engine","version":"2"},"event":{"count":1,"data":{"created":1585551100289},"id":"registered"}}
{"recorder_version":"31","session":"2d22bb402826","build":"193.6494.35","bucket":"197","time":1585551100288,"group":{"id":"live.templates","version":"31"},"event":{"count":1,"data":{"created":1585551100289},"id":"registered"}}
{"recorder_version":"31","session":"2d22bb402826","build":"193.6494.35","bucket":"197","time":1585551100288,"group":{"id":"ide.self.update","version":"2"},"event":{"count":1,"data":{"created":1585551100289},"id":"registered"}}
{"recorder_version":"31","session":"2d22bb402826","build":"193.6494.35","bucket":"197","time":1585551100288,"group":{"id":"lifecycle","version":"31"},"event":{"count":1,"data":{"created":1585551100289},"id":"registered"}}
{"recorder_version":"31","session":"2d22bb402826","build":"193.6494.35","bucket":"197","time":1585551100288,"group":{"id":"vcs.diff.trigger","version":"1"},"event":{"count":1,"data":{"created":1585551100289},"id":"registered"}}
{"recorder_version":"31","session":"2d22bb402826","build":"193.6494.35","bucket":"197","time":1585551100288,"group":{"id":"debugger.breakpoints.usage","version":"2"},"event":{"count":1,"data":{"created":1585551100290},"id":"registered"}}
{"recorder_version":"31","session":"2d22bb402826","build":"193.6494.35","bucket":"197","time":1585551100288,"group":{"id":"kotlin.gradle.library","version":"1"},"event":{"count":1,"data":{"created":1585551100290},"id":"registered"}}
{"recorder_version":"31","session":"2d22bb402826","build":"193.6494.35","bucket":"197","time":1585551100288,"group":{"id":"startup","version":"1"},"event":{"count":1,"data":{"created":1585551100290},"id":"registered"}}
{"recorder_version":"31","session":"2d22bb402826","build":"193.6494.35","bucket":"197","time":1585551100288,"group":{"id":"find","version":"2"},"event":{"count":1,"data":{"created":1585551100290},"id":"registered"}}
{"recorder_version":"31","session":"2d22bb402826","build":"193.6494.35","bucket":"197","time":1585551100288,"group":{"id":"kotlin.gradle.target","version":"2"},"event":{"count":1,"data":{"created":1585551100290},"id":"registered"}}
{"recorder_version":"31","session":"2d22bb402826","build":"193.6494.35","bucket":"197","time":1585551100288,"group":{"id":"gutter.icon.click","version":"2"},"event":{"count":1,"data":{"created":1585551100291},"id":"registered"}}
{"recorder_version":"31","session":"2d22bb402826","build":"193.6494.35","bucket":"197","time":1585551100288,"group":{"id":"shell.script","version":"1"},"event":{"count":1,"data":{"created":1585551100291},"id":"registered"}}
{"recorder_version":"31","session":"2d22bb402826","build":"193.6494.35","bucket":"197","time":1585551100288,"group":{"id":"new.project.wizard","version":"1"},"event":{"count":1,"data":{"created":1585551100292},"id":"registered"}}
{"recorder_version":"31","session":"2d22bb402826","build":"193.6494.35","bucket":"197","time":1585551100288,"group":{"id":"kotlin.ide.npwizards","version":"1"},"event":{"count":1,"data":{"created":1585551100293},"id":"registered"}}
{"recorder_version":"31","session":"2d22bb402826","build":"193.6494.35","bucket":"197","time":1585551100288,"group":{"id":"intentions","version":"31"},"event":{"count":1,"data":{"created":1585551100294},"id":"registered"}}
{"recorder_version":"31","session":"2d22bb402826","build":"193.6494.35","bucket":"197","time":1585551100288,"group":{"id":"settings.repository","version":"1"},"event":{"count":1,"data":{"created":1585551100294},"id":"registered"}}
{"recorder_version":"31","session":"2d22bb402826","build":"193.6494.35","bucket":"197","time":1585551100288,"group":{"id":"vcs.change.reminder","version":"2"},"event":{"count":1,"data":{"created":1585551100294},"id":"registered"}}
{"recorder_version":"31","session":"2d22bb402826","build":"193.6494.35","bucket":"197","time":1585551100288,"group":{"id":"create.directory.dialog","version":"1"},"event":{"count":1,"data":{"created":1585551100294},"id":"registered"}}
{"recorder_version":"31","session":"2d22bb402826","build":"193.6494.35","bucket":"197","time":1585551100288,"group":{"id":"kotlin.maven.target","version":"3"},"event":{"count":1,"data":{"created":1585551100295},"id":"registered"}}
{"recorder_version":"31","session":"2d22bb402826","build":"193.6494.35","bucket":"197","time":1585551100288,"group":{"id":"json.schema","version":"1"},"event":{"count":1,"data":{"created":1585551100295},"id":"registered"}}
{"recorder_version":"31","session":"2d22bb402826","build":"193.6494.35","bucket":"197","time":1585551100288,"group":{"id":"terminalShell","version":"1"},"event":{"count":1,"data":{"created":1585551100295},"id":"registered"}}
{"recorder_version":"31","session":"2d22bb402826","build":"193.6494.35","bucket":"197","time":1585551100288,"group":{"id":"rename.refactoring","version":"1"},"event":{"count":1,"data":{"created":1585551100295},"id":"registered"}}
{"recorder_version":"31","session":"2d22bb402826","build":"193.6494.35","bucket":"197","time":1585551100288,"group":{"id":"build.ant.actions","version":"1"},"event":{"count":1,"data":{"created":1585551100295},"id":"registered"}}
{"recorder_version":"31","session":"2d22bb402826","build":"193.6494.35","bucket":"197","time":1585551100288,"group":{"id":"actions","version":"31"},"event":{"count":1,"data":{"created":1585551100295},"id":"registered"}}
{"recorder_version":"31","session":"2d22bb402826","build":"193.6494.35","bucket":"197","time":1585551100288,"group":{"id":"kotlin.ide.editor","version":"1"},"event":{"count":1,"data":{"created":1585551100296},"id":"registered"}}
{"recorder_version":"31","session":"2d22bb402826","build":"193.6494.35","bucket":"197","time":1585551100288,"group":{"id":"event.log","version":"31"},"event":{"count":1,"data":{"created":1585551100296},"id":"registered"}}
{"recorder_version":"31","session":"2d22bb402826","build":"193.6494.35","bucket":"197","time":1585551100288,"group":{"id":"run.configuration.exec","version":"31"},"event":{"count":1,"data":{"created":1585551100296},"id":"registered"}}
{"recorder_version":"31","session":"2d22bb402826","build":"193.6494.35","bucket":"197","time":1585551100288,"group":{"id":"build.tools.actions","version":"1"},"event":{"count":1,"data":{"created":1585551100296},"id":"registered"}}
{"recorder_version":"31","session":"2d22bb402826","build":"193.6494.35","bucket":"197","time":1585551100288,"group":{"id":"file.editor","version":"2"},"event":{"count":1,"data":{"created":1585551100296},"id":"registered"}}
{"recorder_version":"31","session":"2d22bb402826","build":"193.6494.35","bucket":"197","time":1585551100288,"group":{"id":"vfs","version":"2"},"event":{"count":1,"data":{"created":1585551100296},"id":"registered"}}
{"recorder_version":"31","session":"2d22bb402826","build":"193.6494.35","bucket":"197","time":1585551100288,"group":{"id":"project.import","version":"2"},"event":{"count":1,"data":{"created":1585551100297},"id":"registered"}}
{"recorder_version":"31","session":"2d22bb402826","build":"193.6494.35","bucket":"197","time":1585551100288,"group":{"id":"actions.runAnything","version":"1"},"event":{"count":1,"data":{"created":1585551100297},"id":"registered"}}
{"recorder_version":"31","session":"2d22bb402826","build":"193.6494.35","bucket":"197","time":1585551100288,"group":{"id":"toolwindow","version":"31"},"event":{"count":1,"data":{"created":1585551100297},"id":"registered"}}
{"recorder_version":"31","session":"2d22bb402826","build":"193.6494.35","bucket":"197","time":1585551100288,"group":{"id":"kotlin.ide.newFileTempl","version":"1"},"event":{"count":1,"data":{"created":1585551100297},"id":"registered"}}
{"recorder_version":"31","session":"2d22bb402826","build":"193.6494.35","bucket":"197","time":1585551100288,"group":{"id":"ui.settings","version":"31"},"event":{"count":1,"data":{"created":1585551100297},"id":"registered"}}
{"recorder_version":"31","session":"2d22bb402826","build":"193.6494.35","bucket":"197","time":1585551100288,"group":{"id":"vcs.log.trigger","version":"2"},"event":{"count":1,"data":{"created":1585551100297},"id":"registered"}}
{"recorder_version":"31","session":"2d22bb402826","build":"193.6494.35","bucket":"197","time":1585551100288,"group":{"id":"productivity","version":"31"},"event":{"count":1,"data":{"created":1585551100297},"id":"registered"}}
{"recorder_version":"31","session":"2d22bb402826","build":"193.6494.35","bucket":"197","time":1585551100288,"group":{"id":"build.maven.actions","version":"1"},"event":{"count":1,"data":{"created":1585551100298},"id":"registered"}}
{"recorder_version":"31","session":"2d22bb402826","build":"193.6494.35","bucket":"197","time":1585551100288,"group":{"id":"ui.event","version":"3"},"event":{"count":1,"data":{"created":1585551100298},"id":"registered"}}
{"recorder_version":"31","session":"2d22bb402826","build":"193.6494.35","bucket":"197","time":1585551100288,"group":{"id":"plugins.advertiser","version":"1"},"event":{"count":1,"data":{"created":1585551100298},"id":"registered"}}
{"recorder_version":"31","session":"2d22bb402826","build":"193.6494.35","bucket":"197","time":1585551100288,"group":{"id":"editor.notification.panel","version":"1"},"event":{"count":1,"data":{"created":1585551100298},"id":"registered"}}
{"recorder_version":"31","session":"2d22bb402826","build":"193.6494.35","bucket":"197","time":1585551100288,"group":{"id":"kotlin.ide.debugger","version":"2"},"event":{"count":1,"data":{"created":1585551100298},"id":"registered"}}
{"recorder_version":"31","session":"2d22bb402826","build":"193.6494.35","bucket":"197","time":1585551100288,"group":{"id":"tooltip.action.events","version":"1"},"event":{"count":1,"data":{"created":1585551100298},"id":"registered"}}
{"recorder_version":"31","session":"2d22bb402826","build":"193.6494.35","bucket":"197","time":1585551100288,"group":{"id":"completion","version":"2"},"event":{"count":1,"data":{"created":1585551100298},"id":"registered"}}
{"recorder_version":"31","session":"2d22bb402826","build":"193.6494.35","bucket":"197","time":1585551100288,"group":{"id":"indexing","version":"2"},"event":{"count":1,"data":{"created":1585551100298},"id":"registered"}}
{"recorder_version":"31","session":"2d22bb402826","build":"193.6494.35","bucket":"197","time":1585551100288,"group":{"id":"vcs","version":"2"},"event":{"count":1,"data":{"created":1585551100298},"id":"registered"}}
{"recorder_version":"31","session":"2d22bb402826","build":"193.6494.35","bucket":"197","time":1585551100288,"group":{"id":"ui.dialogs","version":"31"},"event":{"count":1,"data":{"created":1585551100299},"id":"registered"}}
{"recorder_version":"31","session":"2d22bb402826","build":"193.6494.35","bucket":"197","time":1585551100288,"group":{"id":"vcs.back.forward.trigger","version":"1"},"event":{"count":1,"data":{"created":1585551100299},"id":"registered"}}
{"recorder_version":"31","session":"2d22bb402826","build":"193.6494.35","bucket":"197","time":1585551100288,"group":{"id":"customize.wizard","version":"1"},"event":{"count":1,"data":{"created":1585551100299},"id":"registered"}}
{"recorder_version":"31","session":"2d22bb402826","build":"193.6494.35","bucket":"197","time":1585551100288,"group":{"id":"ide.update.dialog","version":"1"},"event":{"count":1,"data":{"created":1585551100299},"id":"registered"}}
{"recorder_version":"31","session":"2d22bb402826","build":"193.6494.35","bucket":"197","time":1585551100288,"group":{"id":"toolbar","version":"31"},"event":{"count":1,"data":{"created":1585551100299},"id":"registered"}}
{"recorder_version":"31","session":"2d22bb402826","build":"193.6494.35","bucket":"197","time":1585551100288,"group":{"id":"build.gradle.actions","version":"1"},"event":{"count":1,"data":{"created":1585551100299},"id":"registered"}}
{"recorder_version":"31","session":"2d22bb402826","build":"193.6494.35","bucket":"197","time":1585551100288,"group":{"id":"performance","version":"31"},"event":{"count":1,"data":{"created":1585551100299},"id":"registered"}}
{"recorder_version":"31","session":"2d22bb402826","build":"193.6494.35","bucket":"197","time":1585551100288,"group":{"id":"build","version":"2"},"event":{"count":1,"data":{"created":1585551100299},"id":"registered"}}
{"recorder_version":"31","session":"2d22bb402826","build":"193.6494.35","bucket":"197","time":1585551100288,"group":{"id":"searchEverywhere","version":"3"},"event":{"count":1,"data":{"created":1585551100299},"id":"registered"}}
{"recorder_version":"31","session":"2d22bb402826","build":"193.6494.35","bucket":"197","time":1585551100288,"group":{"id":"kotlin.ide.action.refactoring","version":"1"},"event":{"count":1,"data":{"created":1585551100299},"id":"registered"}}
{"recorder_version":"31","session":"2d22bb402826","build":"193.6494.35","bucket":"197","time":1585551100288,"group":{"id":"ui.tips","version":"3"},"event":{"count":1,"data":{"created":1585551100299},"id":"registered"}}
{"recorder_version":"31","session":"2d22bb402826","build":"193.6494.35","bucket":"197","time":1585551100288,"group":{"id":"surround.with","version":"2"},"event":{"count":1,"data":{"created":1585551100299},"id":"registered"}}
{"recorder_version":"31","session":"2d22bb402826","build":"193.6494.35","bucket":"197","time":1585551100288,"group":{"id":"import.old.config","version":"3"},"event":{"count":1,"data":{"created":1585551100300},"id":"registered"}}
{"recorder_version":"31","session":"2d22bb402826","build":"193.6494.35","bucket":"197","time":1585551100288,"group":{"id":"kotlin.jps.target","version":"3"},"event":{"count":1,"data":{"created":1585551100300},"id":"registered"}}
{"recorder_version":"31","session":"2d22bb402826","build":"193.6494.35","bucket":"197","time":1585551100288,"group":{"id":"completion.postfix","version":"31"},"event":{"count":1,"data":{"created":1585551100300},"id":"registered"}}
{"recorder_version":"31","session":"2d22bb402826","build":"193.6494.35","bucket":"197","time":1585551100288,"group":{"id":"build.maven.packagesearch","version":"2"},"event":{"count":1,"data":{"created":1585551100300},"id":"registered"}}
{"recorder_version":"31","session":"2d22bb402826","build":"193.6494.35","bucket":"197","time":1585551101679,"group":{"id":"performance","version":"31"},"event":{"count":1,"data":{"duration_ms":0,"created":1585551101679},"id":"ui.latency"}}
