{"recorder_version":"31","session":"0d5188c80323","build":"193.6494.35","bucket":"197","time":1585602230315,"group":{"id":"settings","version":"4"},"event":{"state":true,"data":{"component":"NotRoamableUiSettings","created":1585602230563},"id":"invoked"}}
{"recorder_version":"31","session":"0d5188c80323","build":"193.6494.35","bucket":"197","time":1585602230317,"group":{"id":"settings","version":"4"},"event":{"state":true,"data":{"component":"UISettings","created":1585602230564},"id":"invoked"}}
{"recorder_version":"31","session":"0d5188c80323","build":"193.6494.35","bucket":"197","time":1585602230319,"group":{"id":"system.java","version":"1"},"event":{"state":true,"data":{"created":1585602230573,"version":"validation.undefined_rule"},"id":"validation.undefined_rule"}}
{"recorder_version":"31","session":"0d5188c80323","build":"193.6494.35","bucket":"197","time":1585602230319,"group":{"id":"system.java","version":"1"},"event":{"state":true,"data":{"created":1585602230573},"id":"invoked"}}
{"recorder_version":"31","session":"0d5188c80323","build":"193.6494.35","bucket":"197","time":1585602230336,"group":{"id":"system.os","version":"3"},"event":{"state":true,"data":{"created":1585602230574,"version":"10.14"},"id":"Mac"}}
{"recorder_version":"31","session":"0d5188c80323","build":"193.6494.35","bucket":"197","time":1585602230336,"group":{"id":"system.os","version":"3"},"event":{"state":true,"data":{"created":1585602230575,"name":"Mac","version":"10.14"},"id":"os.name"}}
{"recorder_version":"31","session":"0d5188c80323","build":"193.6494.35","bucket":"197","time":1585602230336,"group":{"id":"system.os","version":"3"},"event":{"state":true,"data":{"created":1585602230575,"value":"-04_00"},"id":"os.timezone"}}
{"recorder_version":"31","session":"0d5188c80323","build":"193.6494.35","bucket":"197","time":1585602230336,"group":{"id":"system.os","version":"3"},"event":{"state":true,"data":{"created":1585602230575},"id":"invoked"}}
{"recorder_version":"31","session":"0d5188c80323","build":"193.6494.35","bucket":"197","time":1585602230491,"group":{"id":"settings","version":"4"},"event":{"state":true,"data":{"component":"UpdatesConfigurable","created":1585602230576,"name":"checkNeeded","type":"bool","value":false},"id":"not.default"}}
{"recorder_version":"31","session":"0d5188c80323","build":"193.6494.35","bucket":"197","time":1585602230491,"group":{"id":"settings","version":"4"},"event":{"state":true,"data":{"component":"UpdatesConfigurable","created":1585602230576},"id":"invoked"}}
{"recorder_version":"31","session":"0d5188c80323","build":"193.6494.35","bucket":"197","time":1585602230535,"group":{"id":"event.log","version":"31"},"event":{"count":1,"data":{"created":1585602230576,"version":"1200.0"},"id":"whitelist.loaded"}}
{"recorder_version":"31","session":"0d5188c80323","build":"193.6494.35","bucket":"197","time":1585602230662,"group":{"id":"settings","version":"4"},"event":{"state":true,"data":{"component":"GeneralSettings","created":1585602230663,"name":"showTipsOnStartup","type":"bool","value":false},"id":"not.default"}}
{"recorder_version":"31","session":"0d5188c80323","build":"193.6494.35","bucket":"197","time":1585602230662,"group":{"id":"settings","version":"4"},"event":{"state":true,"data":{"component":"GeneralSettings","created":1585602230663},"id":"invoked"}}
{"recorder_version":"31","session":"0d5188c80323","build":"193.6494.35","bucket":"197","time":1585602230681,"group":{"id":"lifecycle","version":"31"},"event":{"count":1,"data":{"internal":true,"eap":false,"created":1585602230683},"id":"ide.start"}}
{"recorder_version":"31","session":"0d5188c80323","build":"193.6494.35","bucket":"197","time":1585602230759,"group":{"id":"settings","version":"4"},"event":{"state":true,"data":{"component":"XmlEditorOptions","created":1585602230759},"id":"invoked"}}
{"recorder_version":"31","session":"0d5188c80323","build":"193.6494.35","bucket":"197","time":1585602231111,"group":{"id":"lifecycle","version":"31"},"event":{"count":1,"data":{"created":1585602231111},"id":"frame.activated"}}
{"recorder_version":"31","session":"0d5188c80323","build":"193.6494.35","bucket":"197","time":1585602231111,"group":{"id":"settings","version":"4"},"event":{"state":true,"data":{"component":"VcsApplicationSettings","created":1585602231111},"id":"invoked"}}
{"recorder_version":"31","session":"0d5188c80323","build":"193.6494.35","bucket":"197","time":1585602231210,"group":{"id":"ui.dialogs","version":"31"},"event":{"count":1,"data":{"created":1585602231211,"plugin_type":"PLATFORM","dialog_class":"com.intellij.openapi.progress.util.ProgressDialog$MyDialogWrapper"},"id":"show"}}
{"recorder_version":"31","session":"0d5188c80323","build":"193.6494.35","bucket":"197","time":1585602231279,"group":{"id":"performance","version":"31"},"event":{"count":1,"data":{"duration_ms":87,"created":1585602231280},"id":"ui.latency"}}
{"recorder_version":"31","session":"0d5188c80323","build":"193.6494.35","bucket":"197","time":1585602232223,"group":{"id":"lifecycle","version":"31"},"event":{"count":1,"data":{"created":1585602232223,"project":"984dc00f1549fa535f2d186f3a9a6c29e1d93de0955a772968cfd5c04d3a9bb2"},"id":"project.opened"}}
{"recorder_version":"31","session":"0d5188c80323","build":"193.6494.35","bucket":"197","time":1585602232512,"group":{"id":"performance","version":"31"},"event":{"count":1,"data":{"duration_ms":323,"created":1585602232512},"id":"ui.lagging"}}
{"recorder_version":"31","session":"0d5188c80323","build":"193.6494.35","bucket":"197","time":1585602232787,"group":{"id":"indexing","version":"2"},"event":{"count":1,"data":{"ide_activity_id":1,"created":1585602232787,"project":"984dc00f1549fa535f2d186f3a9a6c29e1d93de0955a772968cfd5c04d3a9bb2"},"id":"started"}}
{"recorder_version":"31","session":"0d5188c80323","build":"193.6494.35","bucket":"197","time":1585602232818,"group":{"id":"indexing","version":"2"},"event":{"count":1,"data":{"ide_activity_id":1,"stage_class":"com.intellij.util.indexing.UnindexedFilesUpdater","created":1585602232818,"plugin_type":"PLATFORM"},"id":"stage"}}
{"recorder_version":"31","session":"0d5188c80323","build":"193.6494.35","bucket":"197","time":1585602233376,"group":{"id":"toolwindow","version":"31"},"event":{"count":1,"data":{"ViewMode":"Dock_Pinned","created":1585602233376,"plugin_type":"PLATFORM","id":"Project","Location":"Left_Top"},"id":"activated"}}
{"recorder_version":"31","session":"0d5188c80323","build":"193.6494.35","bucket":"197","time":1585602234263,"group":{"id":"project.fs","version":"1"},"event":{"state":true,"data":{"os":"Mac","cs-project":false,"created":1585602234263,"project":"984dc00f1549fa535f2d186f3a9a6c29e1d93de0955a772968cfd5c04d3a9bb2","cs-implicit":true,"cs-system":false},"id":"case-sensitivity"}}
{"recorder_version":"31","session":"0d5188c80323","build":"193.6494.35","bucket":"197","time":1585602234263,"group":{"id":"project.fs","version":"1"},"event":{"state":true,"data":{"created":1585602234263},"id":"invoked"}}
{"recorder_version":"31","session":"0d5188c80323","build":"193.6494.35","bucket":"197","time":1585602234263,"group":{"id":"project.fs","version":"1"},"event":{"state":true,"data":{"pct-non-watched":0,"created":1585602234264,"project":"984dc00f1549fa535f2d186f3a9a6c29e1d93de0955a772968cfd5c04d3a9bb2"},"id":"roots-watched"}}
{"recorder_version":"31","session":"0d5188c80323","build":"193.6494.35","bucket":"197","time":1585602234263,"group":{"id":"project.fs","version":"1"},"event":{"state":true,"data":{"created":1585602234264},"id":"invoked"}}
{"recorder_version":"31","session":"0d5188c80323","build":"193.6494.35","bucket":"197","time":1585602234360,"group":{"id":"ui.dialogs","version":"31"},"event":{"count":1,"data":{"code":1,"created":1585602234361,"plugin_type":"PLATFORM","dialog_class":"com.intellij.openapi.progress.util.ProgressDialog$MyDialogWrapper"},"id":"close"}}
{"recorder_version":"31","session":"0d5188c80323","build":"193.6494.35","bucket":"197","time":1585602234478,"group":{"id":"lifecycle","version":"31"},"event":{"count":1,"data":{"duration_ms":3723,"created":1585602234478,"project":"984dc00f1549fa535f2d186f3a9a6c29e1d93de0955a772968cfd5c04d3a9bb2"},"id":"project.opening.finished"}}
{"recorder_version":"31","session":"0d5188c80323","build":"193.6494.35","bucket":"197","time":1585602235232,"group":{"id":"indexing","version":"2"},"event":{"count":1,"data":{"duration_ms":2445,"ide_activity_id":1,"created":1585602235232},"id":"finished"}}
{"recorder_version":"31","session":"0d5188c80323","build":"193.6494.35","bucket":"197","time":1585602235299,"group":{"id":"indexing","version":"2"},"event":{"count":1,"data":{"ide_activity_id":2,"created":1585602235299,"project":"984dc00f1549fa535f2d186f3a9a6c29e1d93de0955a772968cfd5c04d3a9bb2"},"id":"started"}}
{"recorder_version":"31","session":"0d5188c80323","build":"193.6494.35","bucket":"197","time":1585602235325,"group":{"id":"indexing","version":"2"},"event":{"count":1,"data":{"ide_activity_id":2,"plugin":"org.jetbrains.android","stage_class":"com.android.tools.idea.res.ResourceFolderRepositoryFileCacheImpl$PruneTask","created":1585602235326,"plugin_type":"JB_BUNDLED"},"id":"stage"}}
{"recorder_version":"31","session":"0d5188c80323","build":"193.6494.35","bucket":"197","time":1585602235365,"group":{"id":"indexing","version":"2"},"event":{"count":1,"data":{"ide_activity_id":2,"plugin":"org.jetbrains.android","stage_class":"com.android.tools.idea.res.ResourceFolderRepositoryFileCacheImpl$ManageLruProjectFilesTask","created":1585602235365,"plugin_type":"JB_BUNDLED"},"id":"stage"}}
{"recorder_version":"31","session":"0d5188c80323","build":"193.6494.35","bucket":"197","time":1585602235403,"group":{"id":"indexing","version":"2"},"event":{"count":1,"data":{"duration_ms":104,"ide_activity_id":2,"created":1585602235403},"id":"finished"}}
{"recorder_version":"31","session":"0d5188c80323","build":"193.6494.35","bucket":"197","time":1585602235424,"group":{"id":"indexing","version":"2"},"event":{"count":1,"data":{"ide_activity_id":3,"created":1585602235425,"project":"984dc00f1549fa535f2d186f3a9a6c29e1d93de0955a772968cfd5c04d3a9bb2"},"id":"started"}}
{"recorder_version":"31","session":"0d5188c80323","build":"193.6494.35","bucket":"197","time":1585602235449,"group":{"id":"indexing","version":"2"},"event":{"count":1,"data":{"ide_activity_id":3,"plugin":"org.jetbrains.android","stage_class":"com.android.tools.idea.res.ResourceFolderRegistry$PopulateCachesTask","created":1585602235449,"plugin_type":"JB_BUNDLED"},"id":"stage"}}
{"recorder_version":"31","session":"0d5188c80323","build":"193.6494.35","bucket":"197","time":1585602235469,"group":{"id":"indexing","version":"2"},"event":{"count":1,"data":{"duration_ms":45,"ide_activity_id":3,"created":1585602235469},"id":"finished"}}
{"recorder_version":"31","session":"0d5188c80323","build":"193.6494.35","bucket":"197","time":1585602238018,"group":{"id":"lifecycle","version":"31"},"event":{"count":1,"data":{"created":1585602238018,"project":"984dc00f1549fa535f2d186f3a9a6c29e1d93de0955a772968cfd5c04d3a9bb2"},"id":"frame.deactivated"}}
{"recorder_version":"31","session":"0d5188c80323","build":"193.6494.35","bucket":"197","time":1585602239368,"group":{"id":"startup","version":"1"},"event":{"count":1,"data":{"duration":1394,"created":1585602239369},"id":"appInit"}}
{"recorder_version":"31","session":"0d5188c80323","build":"193.6494.35","bucket":"197","time":1585602239368,"group":{"id":"startup","version":"1"},"event":{"count":1,"data":{"duration":265,"created":1585602239369},"id":"splash"}}
{"recorder_version":"31","session":"0d5188c80323","build":"193.6494.35","bucket":"197","time":1585602239368,"group":{"id":"startup","version":"1"},"event":{"count":1,"data":{"duration":172,"created":1585602239369},"id":"bootstrap"}}
{"recorder_version":"31","session":"0d5188c80323","build":"193.6494.35","bucket":"197","time":1585602239368,"group":{"id":"startup","version":"1"},"event":{"count":1,"data":{"duration":5840,"created":1585602239369},"id":"totalDuration"}}
{"recorder_version":"31","session":"0d5188c80323","build":"193.6494.35","bucket":"197","time":1585602242560,"group":{"id":"lifecycle","version":"31"},"event":{"count":1,"data":{"created":1585602242560,"project":"984dc00f1549fa535f2d186f3a9a6c29e1d93de0955a772968cfd5c04d3a9bb2"},"id":"frame.activated"}}
{"recorder_version":"31","session":"0d5188c80323","build":"193.6494.35","bucket":"197","time":1585602243971,"group":{"id":"actions","version":"31"},"event":{"count":1,"data":{"context_menu":true,"action_id":"third.party","created":1585602243971,"plugin_type":"NOT_LISTED","project":"984dc00f1549fa535f2d186f3a9a6c29e1d93de0955a772968cfd5c04d3a9bb2","place":"MainMenu","class":"third.party","input_event":"NoMouseButton"},"id":"action.invoked"}}
{"recorder_version":"31","session":"0d5188c80323","build":"193.6494.35","bucket":"197","time":1585602244017,"group":{"id":"ui.dialogs","version":"31"},"event":{"count":1,"data":{"created":1585602244018,"plugin_type":"NOT_LISTED","dialog_class":"third.party"},"id":"show"}}
{"recorder_version":"31","session":"0d5188c80323","build":"193.6494.35","bucket":"197","time":1585602245469,"group":{"id":"lifecycle","version":"31"},"event":{"count":1,"data":{"created":1585602245469,"project":"984dc00f1549fa535f2d186f3a9a6c29e1d93de0955a772968cfd5c04d3a9bb2"},"id":"frame.deactivated"}}
{"recorder_version":"31","session":"0d5188c80323","build":"193.6494.35","bucket":"197","time":1585602263535,"group":{"id":"lifecycle","version":"31"},"event":{"count":1,"data":{"created":1585602263535,"project":"984dc00f1549fa535f2d186f3a9a6c29e1d93de0955a772968cfd5c04d3a9bb2"},"id":"frame.activated"}}
{"recorder_version":"31","session":"0d5188c80323","build":"193.6494.35","bucket":"197","time":1585602264757,"group":{"id":"ui.dialogs","version":"31"},"event":{"count":1,"data":{"code":1,"created":1585602264757,"plugin_type":"NOT_LISTED","dialog_class":"third.party"},"id":"close"}}
{"recorder_version":"31","session":"0d5188c80323","build":"193.6494.35","bucket":"197","time":1585602264832,"group":{"id":"lifecycle","version":"31"},"event":{"count":1,"data":{"error_hash":1408891589,"created":1585602264833,"plugin_type":"NOT_LISTED","error_frames":["java.util.Arrays$ArrayList.get","third.party","com.intellij.openapi.actionSystem.ex.ActionUtil$1.run","com.intellij.openapi.actionSystem.ex.ActionUtil.performActionDumbAware","com.intellij.openapi.actionSystem.impl.ActionMenuItem$ActionTransmitter.lambda$actionPerformed$0","com.intellij.openapi.wm.impl.FocusManagerImpl.runOnOwnContext","com.intellij.openapi.wm.impl.IdeFocusManagerImpl.runOnOwnContext","com.intellij.openapi.actionSystem.impl.ActionMenuItem$ActionTransmitter.actionPerformed","javax.swing.AbstractButton.fireActionPerformed","com.intellij.openapi.actionSystem.impl.ActionMenuItem.lambda$fireActionPerformed$0","com.intellij.openapi.application.TransactionGuardImpl.runSyncTransaction","com.intellij.openapi.application.TransactionGuardImpl.lambda$submitTransaction$1","com.intellij.openapi.application.TransactionGuardImpl.submitTransaction","com.intellij.openapi.application.TransactionGuard.submitTransaction","com.intellij.openapi.actionSystem.impl.ActionMenuItem.fireActionPerformed","javax.swing.AbstractButton$Handler.actionPerformed","javax.swing.DefaultButtonModel.fireActionPerformed","javax.swing.JToggleButton$ToggleButtonModel.setPressed","javax.swing.AbstractButton.doClick","third.party","java.awt.CheckboxMenuItem.processItemEvent","java.awt.CheckboxMenuItem.processEvent","java.awt.MenuComponent.dispatchEventImpl","java.awt.MenuComponent.dispatchEvent","java.awt.EventQueue.dispatchEventImpl","java.awt.EventQueue$4.run","java.awt.EventQueue$4.run","java.security.AccessController.doPrivileged","java.security.ProtectionDomain$JavaSecurityAccessImpl.doIntersectionPrivilege","java.security.ProtectionDomain$JavaSecurityAccessImpl.doIntersectionPrivilege","java.awt.EventQueue$5.run","java.awt.EventQueue$5.run","java.security.AccessController.doPrivileged","java.security.ProtectionDomain$JavaSecurityAccessImpl.doIntersectionPrivilege","java.awt.EventQueue.dispatchEvent","com.intellij.ide.IdeEventQueue.defaultDispatchEvent","com.intellij.ide.IdeEventQueue._dispatchEvent","com.intellij.ide.IdeEventQueue.lambda$dispatchEvent$8","com.intellij.openapi.progress.impl.CoreProgressManager.computePrioritized","com.intellij.ide.IdeEventQueue.dispatchEvent","java.awt.EventDispatchThread.pumpOneEventForFilters","java.awt.EventDispatchThread.pumpEventsForFilter","java.awt.EventDispatchThread.pumpEventsForHierarchy","java.awt.EventDispatchThread.pumpEvents","java.awt.EventDispatchThread.pumpEvents","java.awt.EventDispatchThread.run"],"error":"java.lang.ArrayIndexOutOfBoundsException","error_size":46},"id":"ide.error"}}
{"recorder_version":"31","session":"0d5188c80323","build":"193.6494.35","bucket":"197","time":1585602266044,"group":{"id":"lifecycle","version":"31"},"event":{"count":1,"data":{"created":1585602266045,"project":"984dc00f1549fa535f2d186f3a9a6c29e1d93de0955a772968cfd5c04d3a9bb2"},"id":"frame.deactivated"}}
{"recorder_version":"31","session":"0d5188c80323","build":"193.6494.35","bucket":"197","time":1585602298264,"group":{"id":"lifecycle","version":"31"},"event":{"count":1,"data":{"created":1585602298264,"project":"984dc00f1549fa535f2d186f3a9a6c29e1d93de0955a772968cfd5c04d3a9bb2"},"id":"frame.activated"}}
{"recorder_version":"31","session":"0d5188c80323","build":"193.6494.35","bucket":"197","time":1585602299544,"group":{"id":"lifecycle","version":"31"},"event":{"count":1,"data":{"created":1585602299544,"project":"984dc00f1549fa535f2d186f3a9a6c29e1d93de0955a772968cfd5c04d3a9bb2"},"id":"frame.deactivated"}}
{"recorder_version":"31","session":"0d5188c80323","build":"193.6494.35","bucket":"197","time":1585602310612,"group":{"id":"lifecycle","version":"31"},"event":{"count":1,"data":{"created":1585602310612,"project":"984dc00f1549fa535f2d186f3a9a6c29e1d93de0955a772968cfd5c04d3a9bb2"},"id":"frame.activated"}}
{"recorder_version":"31","session":"0d5188c80323","build":"193.6494.35","bucket":"197","time":1585602311428,"group":{"id":"lifecycle","version":"31"},"event":{"count":1,"data":{"created":1585602311428,"project":"984dc00f1549fa535f2d186f3a9a6c29e1d93de0955a772968cfd5c04d3a9bb2"},"id":"frame.deactivated"}}
{"recorder_version":"31","session":"0d5188c80323","build":"193.6494.35","bucket":"197","time":1585602331442,"group":{"id":"performance","version":"31"},"event":{"count":1,"data":{"duration_ms":0,"created":1585602331443},"id":"ui.latency"}}
{"recorder_version":"31","session":"0d5188c80323","build":"193.6494.35","bucket":"197","time":1585602350425,"group":{"id":"lifecycle","version":"31"},"event":{"count":1,"data":{"created":1585602350425,"project":"984dc00f1549fa535f2d186f3a9a6c29e1d93de0955a772968cfd5c04d3a9bb2"},"id":"frame.activated"}}
{"recorder_version":"31","session":"0d5188c80323","build":"193.6494.35","bucket":"197","time":1585602351271,"group":{"id":"lifecycle","version":"31"},"event":{"count":1,"data":{"created":1585602351271,"project":"984dc00f1549fa535f2d186f3a9a6c29e1d93de0955a772968cfd5c04d3a9bb2"},"id":"frame.deactivated"}}
{"recorder_version":"31","session":"0d5188c80323","build":"193.6494.35","bucket":"197","time":1585602359963,"group":{"id":"lifecycle","version":"31"},"event":{"count":1,"data":{"created":1585602359963,"project":"984dc00f1549fa535f2d186f3a9a6c29e1d93de0955a772968cfd5c04d3a9bb2"},"id":"frame.activated"}}
{"recorder_version":"31","session":"0d5188c80323","build":"193.6494.35","bucket":"197","time":1585602361047,"group":{"id":"lifecycle","version":"31"},"event":{"count":1,"data":{"created":1585602361047,"project":"984dc00f1549fa535f2d186f3a9a6c29e1d93de0955a772968cfd5c04d3a9bb2"},"id":"frame.deactivated"}}
{"recorder_version":"31","session":"0d5188c80323","build":"193.6494.35","bucket":"197","time":1585602364204,"group":{"id":"lifecycle","version":"31"},"event":{"count":1,"data":{"created":1585602364204,"project":"984dc00f1549fa535f2d186f3a9a6c29e1d93de0955a772968cfd5c04d3a9bb2"},"id":"frame.activated"}}
{"recorder_version":"31","session":"0d5188c80323","build":"193.6494.35","bucket":"197","time":1585602365143,"group":{"id":"lifecycle","version":"31"},"event":{"count":1,"data":{"created":1585602365143,"project":"984dc00f1549fa535f2d186f3a9a6c29e1d93de0955a772968cfd5c04d3a9bb2"},"id":"frame.deactivated"}}
{"recorder_version":"31","session":"0d5188c80323","build":"193.6494.35","bucket":"197","time":1585602431712,"group":{"id":"performance","version":"31"},"event":{"count":1,"data":{"duration_ms":1,"created":1585602431712},"id":"ui.latency"}}
{"recorder_version":"31","session":"0d5188c80323","build":"193.6494.35","bucket":"197","time":1585602436781,"group":{"id":"lifecycle","version":"31"},"event":{"count":1,"data":{"created":1585602436781,"project":"984dc00f1549fa535f2d186f3a9a6c29e1d93de0955a772968cfd5c04d3a9bb2"},"id":"frame.activated"}}
{"recorder_version":"31","session":"0d5188c80323","build":"193.6494.35","bucket":"197","time":1585602437660,"group":{"id":"lifecycle","version":"31"},"event":{"count":1,"data":{"created":1585602437660,"project":"984dc00f1549fa535f2d186f3a9a6c29e1d93de0955a772968cfd5c04d3a9bb2"},"id":"frame.deactivated"}}
{"recorder_version":"31","session":"0d5188c80323","build":"193.6494.35","bucket":"197","time":1585602475771,"group":{"id":"lifecycle","version":"31"},"event":{"count":1,"data":{"created":1585602475771,"project":"984dc00f1549fa535f2d186f3a9a6c29e1d93de0955a772968cfd5c04d3a9bb2"},"id":"frame.activated"}}
{"recorder_version":"31","session":"0d5188c80323","build":"193.6494.35","bucket":"197","time":1585602476448,"group":{"id":"lifecycle","version":"31"},"event":{"count":1,"data":{"created":1585602476448,"project":"984dc00f1549fa535f2d186f3a9a6c29e1d93de0955a772968cfd5c04d3a9bb2"},"id":"frame.deactivated"}}
{"recorder_version":"31","session":"0d5188c80323","build":"193.6494.35","bucket":"197","time":1585602503612,"group":{"id":"lifecycle","version":"31"},"event":{"count":1,"data":{"created":1585602503612,"project":"984dc00f1549fa535f2d186f3a9a6c29e1d93de0955a772968cfd5c04d3a9bb2"},"id":"frame.activated"}}
{"recorder_version":"31","session":"0d5188c80323","build":"193.6494.35","bucket":"197","time":1585602504474,"group":{"id":"lifecycle","version":"31"},"event":{"count":1,"data":{"created":1585602504474,"project":"984dc00f1549fa535f2d186f3a9a6c29e1d93de0955a772968cfd5c04d3a9bb2"},"id":"frame.deactivated"}}
{"recorder_version":"31","session":"0d5188c80323","build":"193.6494.35","bucket":"197","time":1585602524614,"group":{"id":"lifecycle","version":"31"},"event":{"count":1,"data":{"created":1585602524614,"project":"984dc00f1549fa535f2d186f3a9a6c29e1d93de0955a772968cfd5c04d3a9bb2"},"id":"frame.activated"}}
{"recorder_version":"31","session":"0d5188c80323","build":"193.6494.35","bucket":"197","time":1585602525421,"group":{"id":"lifecycle","version":"31"},"event":{"count":1,"data":{"created":1585602525421,"project":"984dc00f1549fa535f2d186f3a9a6c29e1d93de0955a772968cfd5c04d3a9bb2"},"id":"frame.deactivated"}}
{"recorder_version":"31","session":"0d5188c80323","build":"193.6494.35","bucket":"197","time":1585602530686,"group":{"id":"kotlin.ide.j2k","version":"1"},"event":{"count":1,"data":{"created":1585602530686},"id":"registered"}}
{"recorder_version":"31","session":"0d5188c80323","build":"193.6494.35","bucket":"197","time":1585602530686,"group":{"id":"java.find.usages","version":"1"},"event":{"count":1,"data":{"created":1585602530687},"id":"registered"}}
{"recorder_version":"31","session":"0d5188c80323","build":"193.6494.35","bucket":"197","time":1585602530686,"group":{"id":"file.types.usage","version":"31"},"event":{"count":1,"data":{"created":1585602530687},"id":"registered"}}
{"recorder_version":"31","session":"0d5188c80323","build":"193.6494.35","bucket":"197","time":1585602530686,"group":{"id":"ide.script.engine","version":"2"},"event":{"count":1,"data":{"created":1585602530687},"id":"registered"}}
{"recorder_version":"31","session":"0d5188c80323","build":"193.6494.35","bucket":"197","time":1585602530686,"group":{"id":"live.templates","version":"31"},"event":{"count":1,"data":{"created":1585602530688},"id":"registered"}}
{"recorder_version":"31","session":"0d5188c80323","build":"193.6494.35","bucket":"197","time":1585602530686,"group":{"id":"ide.self.update","version":"2"},"event":{"count":1,"data":{"created":1585602530688},"id":"registered"}}
{"recorder_version":"31","session":"0d5188c80323","build":"193.6494.35","bucket":"197","time":1585602530686,"group":{"id":"lifecycle","version":"31"},"event":{"count":1,"data":{"created":1585602530688},"id":"registered"}}
{"recorder_version":"31","session":"0d5188c80323","build":"193.6494.35","bucket":"197","time":1585602530686,"group":{"id":"vcs.diff.trigger","version":"1"},"event":{"count":1,"data":{"created":1585602530688},"id":"registered"}}
{"recorder_version":"31","session":"0d5188c80323","build":"193.6494.35","bucket":"197","time":1585602530686,"group":{"id":"debugger.breakpoints.usage","version":"2"},"event":{"count":1,"data":{"created":1585602530688},"id":"registered"}}
{"recorder_version":"31","session":"0d5188c80323","build":"193.6494.35","bucket":"197","time":1585602530686,"group":{"id":"kotlin.gradle.library","version":"1"},"event":{"count":1,"data":{"created":1585602530688},"id":"registered"}}
{"recorder_version":"31","session":"0d5188c80323","build":"193.6494.35","bucket":"197","time":1585602530686,"group":{"id":"startup","version":"1"},"event":{"count":1,"data":{"created":1585602530689},"id":"registered"}}
{"recorder_version":"31","session":"0d5188c80323","build":"193.6494.35","bucket":"197","time":1585602530686,"group":{"id":"find","version":"2"},"event":{"count":1,"data":{"created":1585602530689},"id":"registered"}}
{"recorder_version":"31","session":"0d5188c80323","build":"193.6494.35","bucket":"197","time":1585602530686,"group":{"id":"kotlin.gradle.target","version":"2"},"event":{"count":1,"data":{"created":1585602530689},"id":"registered"}}
{"recorder_version":"31","session":"0d5188c80323","build":"193.6494.35","bucket":"197","time":1585602530686,"group":{"id":"gutter.icon.click","version":"2"},"event":{"count":1,"data":{"created":1585602530689},"id":"registered"}}
{"recorder_version":"31","session":"0d5188c80323","build":"193.6494.35","bucket":"197","time":1585602530686,"group":{"id":"shell.script","version":"1"},"event":{"count":1,"data":{"created":1585602530689},"id":"registered"}}
{"recorder_version":"31","session":"0d5188c80323","build":"193.6494.35","bucket":"197","time":1585602530686,"group":{"id":"new.project.wizard","version":"1"},"event":{"count":1,"data":{"created":1585602530689},"id":"registered"}}
{"recorder_version":"31","session":"0d5188c80323","build":"193.6494.35","bucket":"197","time":1585602530686,"group":{"id":"kotlin.ide.npwizards","version":"1"},"event":{"count":1,"data":{"created":1585602530689},"id":"registered"}}
{"recorder_version":"31","session":"0d5188c80323","build":"193.6494.35","bucket":"197","time":1585602530686,"group":{"id":"intentions","version":"31"},"event":{"count":1,"data":{"created":1585602530690},"id":"registered"}}
{"recorder_version":"31","session":"0d5188c80323","build":"193.6494.35","bucket":"197","time":1585602530686,"group":{"id":"settings.repository","version":"1"},"event":{"count":1,"data":{"created":1585602530690},"id":"registered"}}
{"recorder_version":"31","session":"0d5188c80323","build":"193.6494.35","bucket":"197","time":1585602530686,"group":{"id":"vcs.change.reminder","version":"2"},"event":{"count":1,"data":{"created":1585602530690},"id":"registered"}}
{"recorder_version":"31","session":"0d5188c80323","build":"193.6494.35","bucket":"197","time":1585602530686,"group":{"id":"create.directory.dialog","version":"1"},"event":{"count":1,"data":{"created":1585602530690},"id":"registered"}}
{"recorder_version":"31","session":"0d5188c80323","build":"193.6494.35","bucket":"197","time":1585602530686,"group":{"id":"kotlin.maven.target","version":"3"},"event":{"count":1,"data":{"created":1585602530690},"id":"registered"}}
{"recorder_version":"31","session":"0d5188c80323","build":"193.6494.35","bucket":"197","time":1585602530686,"group":{"id":"json.schema","version":"1"},"event":{"count":1,"data":{"created":1585602530690},"id":"registered"}}
{"recorder_version":"31","session":"0d5188c80323","build":"193.6494.35","bucket":"197","time":1585602530686,"group":{"id":"terminalShell","version":"1"},"event":{"count":1,"data":{"created":1585602530690},"id":"registered"}}
{"recorder_version":"31","session":"0d5188c80323","build":"193.6494.35","bucket":"197","time":1585602530686,"group":{"id":"rename.refactoring","version":"1"},"event":{"count":1,"data":{"created":1585602530691},"id":"registered"}}
{"recorder_version":"31","session":"0d5188c80323","build":"193.6494.35","bucket":"197","time":1585602530686,"group":{"id":"build.ant.actions","version":"1"},"event":{"count":1,"data":{"created":1585602530691},"id":"registered"}}
{"recorder_version":"31","session":"0d5188c80323","build":"193.6494.35","bucket":"197","time":1585602530686,"group":{"id":"actions","version":"31"},"event":{"count":1,"data":{"created":1585602530691},"id":"registered"}}
{"recorder_version":"31","session":"0d5188c80323","build":"193.6494.35","bucket":"197","time":1585602530686,"group":{"id":"kotlin.ide.editor","version":"1"},"event":{"count":1,"data":{"created":1585602530691},"id":"registered"}}
{"recorder_version":"31","session":"0d5188c80323","build":"193.6494.35","bucket":"197","time":1585602530686,"group":{"id":"event.log","version":"31"},"event":{"count":1,"data":{"created":1585602530691},"id":"registered"}}
{"recorder_version":"31","session":"0d5188c80323","build":"193.6494.35","bucket":"197","time":1585602530686,"group":{"id":"run.configuration.exec","version":"31"},"event":{"count":1,"data":{"created":1585602530691},"id":"registered"}}
{"recorder_version":"31","session":"0d5188c80323","build":"193.6494.35","bucket":"197","time":1585602530686,"group":{"id":"build.tools.actions","version":"1"},"event":{"count":1,"data":{"created":1585602530691},"id":"registered"}}
{"recorder_version":"31","session":"0d5188c80323","build":"193.6494.35","bucket":"197","time":1585602530686,"group":{"id":"file.editor","version":"2"},"event":{"count":1,"data":{"created":1585602530692},"id":"registered"}}
{"recorder_version":"31","session":"0d5188c80323","build":"193.6494.35","bucket":"197","time":1585602530686,"group":{"id":"vfs","version":"2"},"event":{"count":1,"data":{"created":1585602530692},"id":"registered"}}
{"recorder_version":"31","session":"0d5188c80323","build":"193.6494.35","bucket":"197","time":1585602530686,"group":{"id":"project.import","version":"2"},"event":{"count":1,"data":{"created":1585602530692},"id":"registered"}}
{"recorder_version":"31","session":"0d5188c80323","build":"193.6494.35","bucket":"197","time":1585602530686,"group":{"id":"actions.runAnything","version":"1"},"event":{"count":1,"data":{"created":1585602530692},"id":"registered"}}
{"recorder_version":"31","session":"0d5188c80323","build":"193.6494.35","bucket":"197","time":1585602530686,"group":{"id":"toolwindow","version":"31"},"event":{"count":1,"data":{"created":1585602530692},"id":"registered"}}
{"recorder_version":"31","session":"0d5188c80323","build":"193.6494.35","bucket":"197","time":1585602530686,"group":{"id":"kotlin.ide.newFileTempl","version":"1"},"event":{"count":1,"data":{"created":1585602530692},"id":"registered"}}
{"recorder_version":"31","session":"0d5188c80323","build":"193.6494.35","bucket":"197","time":1585602530686,"group":{"id":"ui.settings","version":"31"},"event":{"count":1,"data":{"created":1585602530692},"id":"registered"}}
{"recorder_version":"31","session":"0d5188c80323","build":"193.6494.35","bucket":"197","time":1585602530686,"group":{"id":"vcs.log.trigger","version":"2"},"event":{"count":1,"data":{"created":1585602530693},"id":"registered"}}
{"recorder_version":"31","session":"0d5188c80323","build":"193.6494.35","bucket":"197","time":1585602530686,"group":{"id":"productivity","version":"31"},"event":{"count":1,"data":{"created":1585602530693},"id":"registered"}}
{"recorder_version":"31","session":"0d5188c80323","build":"193.6494.35","bucket":"197","time":1585602530686,"group":{"id":"build.maven.actions","version":"1"},"event":{"count":1,"data":{"created":1585602530693},"id":"registered"}}
{"recorder_version":"31","session":"0d5188c80323","build":"193.6494.35","bucket":"197","time":1585602530686,"group":{"id":"ui.event","version":"3"},"event":{"count":1,"data":{"created":1585602530693},"id":"registered"}}
{"recorder_version":"31","session":"0d5188c80323","build":"193.6494.35","bucket":"197","time":1585602530687,"group":{"id":"plugins.advertiser","version":"1"},"event":{"count":1,"data":{"created":1585602530693},"id":"registered"}}
{"recorder_version":"31","session":"0d5188c80323","build":"193.6494.35","bucket":"197","time":1585602530687,"group":{"id":"editor.notification.panel","version":"1"},"event":{"count":1,"data":{"created":1585602530693},"id":"registered"}}
{"recorder_version":"31","session":"0d5188c80323","build":"193.6494.35","bucket":"197","time":1585602530687,"group":{"id":"kotlin.ide.debugger","version":"2"},"event":{"count":1,"data":{"created":1585602530693},"id":"registered"}}
{"recorder_version":"31","session":"0d5188c80323","build":"193.6494.35","bucket":"197","time":1585602530687,"group":{"id":"tooltip.action.events","version":"1"},"event":{"count":1,"data":{"created":1585602530693},"id":"registered"}}
{"recorder_version":"31","session":"0d5188c80323","build":"193.6494.35","bucket":"197","time":1585602530687,"group":{"id":"completion","version":"2"},"event":{"count":1,"data":{"created":1585602530694},"id":"registered"}}
{"recorder_version":"31","session":"0d5188c80323","build":"193.6494.35","bucket":"197","time":1585602530687,"group":{"id":"indexing","version":"2"},"event":{"count":1,"data":{"created":1585602530694},"id":"registered"}}
{"recorder_version":"31","session":"0d5188c80323","build":"193.6494.35","bucket":"197","time":1585602530687,"group":{"id":"vcs","version":"2"},"event":{"count":1,"data":{"created":1585602530694},"id":"registered"}}
{"recorder_version":"31","session":"0d5188c80323","build":"193.6494.35","bucket":"197","time":1585602530687,"group":{"id":"ui.dialogs","version":"31"},"event":{"count":1,"data":{"created":1585602530694},"id":"registered"}}
{"recorder_version":"31","session":"0d5188c80323","build":"193.6494.35","bucket":"197","time":1585602530687,"group":{"id":"vcs.back.forward.trigger","version":"1"},"event":{"count":1,"data":{"created":1585602530694},"id":"registered"}}
{"recorder_version":"31","session":"0d5188c80323","build":"193.6494.35","bucket":"197","time":1585602530687,"group":{"id":"customize.wizard","version":"1"},"event":{"count":1,"data":{"created":1585602530694},"id":"registered"}}
{"recorder_version":"31","session":"0d5188c80323","build":"193.6494.35","bucket":"197","time":1585602530687,"group":{"id":"ide.update.dialog","version":"1"},"event":{"count":1,"data":{"created":1585602530694},"id":"registered"}}
{"recorder_version":"31","session":"0d5188c80323","build":"193.6494.35","bucket":"197","time":1585602530687,"group":{"id":"toolbar","version":"31"},"event":{"count":1,"data":{"created":1585602530694},"id":"registered"}}
{"recorder_version":"31","session":"0d5188c80323","build":"193.6494.35","bucket":"197","time":1585602530687,"group":{"id":"build.gradle.actions","version":"1"},"event":{"count":1,"data":{"created":1585602530694},"id":"registered"}}
{"recorder_version":"31","session":"0d5188c80323","build":"193.6494.35","bucket":"197","time":1585602530687,"group":{"id":"performance","version":"31"},"event":{"count":1,"data":{"created":1585602530695},"id":"registered"}}
{"recorder_version":"31","session":"0d5188c80323","build":"193.6494.35","bucket":"197","time":1585602530687,"group":{"id":"build","version":"2"},"event":{"count":1,"data":{"created":1585602530695},"id":"registered"}}
{"recorder_version":"31","session":"0d5188c80323","build":"193.6494.35","bucket":"197","time":1585602530687,"group":{"id":"searchEverywhere","version":"3"},"event":{"count":1,"data":{"created":1585602530695},"id":"registered"}}
{"recorder_version":"31","session":"0d5188c80323","build":"193.6494.35","bucket":"197","time":1585602530687,"group":{"id":"kotlin.ide.action.refactoring","version":"1"},"event":{"count":1,"data":{"created":1585602530695},"id":"registered"}}
{"recorder_version":"31","session":"0d5188c80323","build":"193.6494.35","bucket":"197","time":1585602530687,"group":{"id":"ui.tips","version":"3"},"event":{"count":1,"data":{"created":1585602530696},"id":"registered"}}
{"recorder_version":"31","session":"0d5188c80323","build":"193.6494.35","bucket":"197","time":1585602530687,"group":{"id":"surround.with","version":"2"},"event":{"count":1,"data":{"created":1585602530696},"id":"registered"}}
{"recorder_version":"31","session":"0d5188c80323","build":"193.6494.35","bucket":"197","time":1585602530687,"group":{"id":"import.old.config","version":"3"},"event":{"count":1,"data":{"created":1585602530696},"id":"registered"}}
{"recorder_version":"31","session":"0d5188c80323","build":"193.6494.35","bucket":"197","time":1585602530687,"group":{"id":"kotlin.jps.target","version":"3"},"event":{"count":1,"data":{"created":1585602530696},"id":"registered"}}
{"recorder_version":"31","session":"0d5188c80323","build":"193.6494.35","bucket":"197","time":1585602530687,"group":{"id":"completion.postfix","version":"31"},"event":{"count":1,"data":{"created":1585602530696},"id":"registered"}}
{"recorder_version":"31","session":"0d5188c80323","build":"193.6494.35","bucket":"197","time":1585602530687,"group":{"id":"build.maven.packagesearch","version":"2"},"event":{"count":1,"data":{"created":1585602530697},"id":"registered"}}
{"recorder_version":"31","session":"0d5188c80323","build":"193.6494.35","bucket":"197","time":1585602531989,"group":{"id":"performance","version":"31"},"event":{"count":1,"data":{"duration_ms":1,"created":1585602531989},"id":"ui.latency"}}
{"recorder_version":"31","session":"0d5188c80323","build":"193.6494.35","bucket":"197","time":1585602632288,"group":{"id":"performance","version":"31"},"event":{"count":1,"data":{"duration_ms":0,"created":1585602632288},"id":"ui.latency"}}
{"recorder_version":"31","session":"0d5188c80323","build":"193.6494.35","bucket":"197","time":1585602847899,"group":{"id":"performance","version":"31"},"event":{"count":1,"data":{"duration_ms":153332,"created":1585602847899},"id":"ui.latency"}}
{"recorder_version":"31","session":"0d5188c80323","build":"193.6494.35","bucket":"197","time":1585602847899,"group":{"id":"performance","version":"31"},"event":{"count":1,"data":{"duration_ms":153332,"created":1585602847900},"id":"ui.lagging"}}
{"recorder_version":"31","session":"0d5188c80323","build":"193.6494.35","bucket":"197","time":1585602847899,"group":{"id":"performance","version":"31"},"event":{"count":1,"data":{"duration_ms":1398,"created":1585602847900},"id":"ui.lagging"}}
{"recorder_version":"31","session":"0d5188c80323","build":"193.6494.35","bucket":"197","time":1585602847899,"group":{"id":"performance","version":"31"},"event":{"count":1,"data":{"duration_ms":388,"created":1585602847900},"id":"ui.lagging"}}
{"recorder_version":"31","session":"0d5188c80323","build":"193.6494.35","bucket":"197","time":1585602948750,"group":{"id":"performance","version":"31"},"event":{"count":1,"data":{"duration_ms":0,"created":1585602948751},"id":"ui.latency"}}
{"recorder_version":"31","session":"0d5188c80323","build":"193.6494.35","bucket":"197","time":1585605899629,"group":{"id":"performance","version":"31"},"event":{"count":1,"data":{"duration_ms":2863518,"created":1585605899629},"id":"ui.latency"}}
{"recorder_version":"31","session":"0d5188c80323","build":"193.6494.35","bucket":"197","time":1585605899629,"group":{"id":"performance","version":"31"},"event":{"count":1,"data":{"duration_ms":2863518,"created":1585605899631},"id":"ui.lagging"}}
{"recorder_version":"31","session":"0d5188c80323","build":"193.6494.35","bucket":"197","time":1585605899630,"group":{"id":"performance","version":"31"},"event":{"count":1,"data":{"duration_ms":1361,"created":1585605899631},"id":"ui.lagging"}}
{"recorder_version":"31","session":"0d5188c80323","build":"193.6494.35","bucket":"197","time":1585605899630,"group":{"id":"performance","version":"31"},"event":{"count":1,"data":{"duration_ms":356,"created":1585605899631},"id":"ui.lagging"}}
{"recorder_version":"31","session":"0d5188c80323","build":"193.6494.35","bucket":"197","time":1585605902673,"group":{"id":"lifecycle","version":"31"},"event":{"count":1,"data":{"created":1585605902674,"project":"984dc00f1549fa535f2d186f3a9a6c29e1d93de0955a772968cfd5c04d3a9bb2"},"id":"frame.activated"}}
{"recorder_version":"31","session":"0d5188c80323","build":"193.6494.35","bucket":"197","time":1585605904236,"group":{"id":"lifecycle","version":"31"},"event":{"count":1,"data":{"created":1585605904236,"project":"984dc00f1549fa535f2d186f3a9a6c29e1d93de0955a772968cfd5c04d3a9bb2"},"id":"frame.deactivated"}}
{"recorder_version":"31","session":"0d5188c80323","build":"193.6494.35","bucket":"197","time":1585605913692,"group":{"id":"lifecycle","version":"31"},"event":{"count":1,"data":{"created":1585605913692,"project":"984dc00f1549fa535f2d186f3a9a6c29e1d93de0955a772968cfd5c04d3a9bb2"},"id":"frame.activated"}}
