{"recorder_version":"31","session":"5d7f9b2795de","build":"193.6494.35","bucket":"197","time":1585613285807,"group":{"id":"settings","version":"4"},"event":{"state":true,"data":{"component":"NotRoamableUiSettings","created":1585613286089},"id":"invoked"}}
{"recorder_version":"31","session":"5d7f9b2795de","build":"193.6494.35","bucket":"197","time":1585613285809,"group":{"id":"settings","version":"4"},"event":{"state":true,"data":{"component":"UISettings","created":1585613286092},"id":"invoked"}}
{"recorder_version":"31","session":"5d7f9b2795de","build":"193.6494.35","bucket":"197","time":1585613285810,"group":{"id":"system.java","version":"1"},"event":{"state":true,"data":{"created":1585613286114,"version":"validation.undefined_rule"},"id":"validation.undefined_rule"}}
{"recorder_version":"31","session":"5d7f9b2795de","build":"193.6494.35","bucket":"197","time":1585613285810,"group":{"id":"system.java","version":"1"},"event":{"state":true,"data":{"created":1585613286114},"id":"invoked"}}
{"recorder_version":"31","session":"5d7f9b2795de","build":"193.6494.35","bucket":"197","time":1585613285837,"group":{"id":"system.os","version":"3"},"event":{"state":true,"data":{"created":1585613286117,"version":"10.14"},"id":"Mac"}}
{"recorder_version":"31","session":"5d7f9b2795de","build":"193.6494.35","bucket":"197","time":1585613285838,"group":{"id":"system.os","version":"3"},"event":{"state":true,"data":{"created":1585613286118,"name":"Mac","version":"10.14"},"id":"os.name"}}
{"recorder_version":"31","session":"5d7f9b2795de","build":"193.6494.35","bucket":"197","time":1585613285838,"group":{"id":"system.os","version":"3"},"event":{"state":true,"data":{"created":1585613286118,"value":"-04_00"},"id":"os.timezone"}}
{"recorder_version":"31","session":"5d7f9b2795de","build":"193.6494.35","bucket":"197","time":1585613285838,"group":{"id":"system.os","version":"3"},"event":{"state":true,"data":{"created":1585613286118},"id":"invoked"}}
{"recorder_version":"31","session":"5d7f9b2795de","build":"193.6494.35","bucket":"197","time":1585613285986,"group":{"id":"settings","version":"4"},"event":{"state":true,"data":{"component":"UpdatesConfigurable","created":1585613286119,"name":"checkNeeded","type":"bool","value":false},"id":"not.default"}}
{"recorder_version":"31","session":"5d7f9b2795de","build":"193.6494.35","bucket":"197","time":1585613285986,"group":{"id":"settings","version":"4"},"event":{"state":true,"data":{"component":"UpdatesConfigurable","created":1585613286119},"id":"invoked"}}
{"recorder_version":"31","session":"5d7f9b2795de","build":"193.6494.35","bucket":"197","time":1585613286066,"group":{"id":"event.log","version":"31"},"event":{"count":1,"data":{"created":1585613286119,"version":"1200.0"},"id":"whitelist.loaded"}}
{"recorder_version":"31","session":"5d7f9b2795de","build":"193.6494.35","bucket":"197","time":1585613286167,"group":{"id":"settings","version":"4"},"event":{"state":true,"data":{"component":"GeneralSettings","created":1585613286167,"name":"showTipsOnStartup","type":"bool","value":false},"id":"not.default"}}
{"recorder_version":"31","session":"5d7f9b2795de","build":"193.6494.35","bucket":"197","time":1585613286167,"group":{"id":"settings","version":"4"},"event":{"state":true,"data":{"component":"GeneralSettings","created":1585613286168},"id":"invoked"}}
{"recorder_version":"31","session":"5d7f9b2795de","build":"193.6494.35","bucket":"197","time":1585613286182,"group":{"id":"lifecycle","version":"31"},"event":{"count":1,"data":{"internal":true,"eap":false,"created":1585613286182},"id":"ide.start"}}
{"recorder_version":"31","session":"5d7f9b2795de","build":"193.6494.35","bucket":"197","time":1585613286254,"group":{"id":"settings","version":"4"},"event":{"state":true,"data":{"component":"XmlEditorOptions","created":1585613286254},"id":"invoked"}}
{"recorder_version":"31","session":"5d7f9b2795de","build":"193.6494.35","bucket":"197","time":1585613286591,"group":{"id":"lifecycle","version":"31"},"event":{"count":1,"data":{"created":1585613286591},"id":"frame.activated"}}
{"recorder_version":"31","session":"5d7f9b2795de","build":"193.6494.35","bucket":"197","time":1585613286591,"group":{"id":"settings","version":"4"},"event":{"state":true,"data":{"component":"VcsApplicationSettings","created":1585613286592},"id":"invoked"}}
{"recorder_version":"31","session":"5d7f9b2795de","build":"193.6494.35","bucket":"197","time":1585613286833,"group":{"id":"ui.dialogs","version":"31"},"event":{"count":1,"data":{"created":1585613286833,"plugin_type":"PLATFORM","dialog_class":"com.intellij.openapi.progress.util.ProgressDialog$MyDialogWrapper"},"id":"show"}}
{"recorder_version":"31","session":"5d7f9b2795de","build":"193.6494.35","bucket":"197","time":1585613286898,"group":{"id":"performance","version":"31"},"event":{"count":1,"data":{"duration_ms":199,"created":1585613286899},"id":"ui.latency"}}
{"recorder_version":"31","session":"5d7f9b2795de","build":"193.6494.35","bucket":"197","time":1585613286898,"group":{"id":"performance","version":"31"},"event":{"count":1,"data":{"duration_ms":199,"created":1585613286899},"id":"ui.lagging"}}
{"recorder_version":"31","session":"5d7f9b2795de","build":"193.6494.35","bucket":"197","time":1585613287736,"group":{"id":"lifecycle","version":"31"},"event":{"count":1,"data":{"created":1585613287736,"project":"984dc00f1549fa535f2d186f3a9a6c29e1d93de0955a772968cfd5c04d3a9bb2"},"id":"project.opened"}}
{"recorder_version":"31","session":"5d7f9b2795de","build":"193.6494.35","bucket":"197","time":1585613288034,"group":{"id":"performance","version":"31"},"event":{"count":1,"data":{"duration_ms":339,"created":1585613288034},"id":"ui.lagging"}}
{"recorder_version":"31","session":"5d7f9b2795de","build":"193.6494.35","bucket":"197","time":1585613288284,"group":{"id":"indexing","version":"2"},"event":{"count":1,"data":{"ide_activity_id":1,"created":1585613288284,"project":"984dc00f1549fa535f2d186f3a9a6c29e1d93de0955a772968cfd5c04d3a9bb2"},"id":"started"}}
{"recorder_version":"31","session":"5d7f9b2795de","build":"193.6494.35","bucket":"197","time":1585613288317,"group":{"id":"indexing","version":"2"},"event":{"count":1,"data":{"ide_activity_id":1,"stage_class":"com.intellij.util.indexing.UnindexedFilesUpdater","created":1585613288317,"plugin_type":"PLATFORM"},"id":"stage"}}
{"recorder_version":"31","session":"5d7f9b2795de","build":"193.6494.35","bucket":"197","time":1585613288920,"group":{"id":"toolwindow","version":"31"},"event":{"count":1,"data":{"ViewMode":"Dock_Pinned","created":1585613288920,"plugin_type":"PLATFORM","id":"Project","Location":"Left_Top"},"id":"activated"}}
{"recorder_version":"31","session":"5d7f9b2795de","build":"193.6494.35","bucket":"197","time":1585613289825,"group":{"id":"project.fs","version":"1"},"event":{"state":true,"data":{"os":"Mac","cs-project":false,"created":1585613289825,"project":"984dc00f1549fa535f2d186f3a9a6c29e1d93de0955a772968cfd5c04d3a9bb2","cs-implicit":true,"cs-system":false},"id":"case-sensitivity"}}
{"recorder_version":"31","session":"5d7f9b2795de","build":"193.6494.35","bucket":"197","time":1585613289825,"group":{"id":"project.fs","version":"1"},"event":{"state":true,"data":{"created":1585613289825},"id":"invoked"}}
{"recorder_version":"31","session":"5d7f9b2795de","build":"193.6494.35","bucket":"197","time":1585613289826,"group":{"id":"project.fs","version":"1"},"event":{"state":true,"data":{"pct-non-watched":0,"created":1585613289826,"project":"984dc00f1549fa535f2d186f3a9a6c29e1d93de0955a772968cfd5c04d3a9bb2"},"id":"roots-watched"}}
{"recorder_version":"31","session":"5d7f9b2795de","build":"193.6494.35","bucket":"197","time":1585613289826,"group":{"id":"project.fs","version":"1"},"event":{"state":true,"data":{"created":1585613289826},"id":"invoked"}}
{"recorder_version":"31","session":"5d7f9b2795de","build":"193.6494.35","bucket":"197","time":1585613289890,"group":{"id":"ui.dialogs","version":"31"},"event":{"count":1,"data":{"code":1,"created":1585613289890,"plugin_type":"PLATFORM","dialog_class":"com.intellij.openapi.progress.util.ProgressDialog$MyDialogWrapper"},"id":"close"}}
{"recorder_version":"31","session":"5d7f9b2795de","build":"193.6494.35","bucket":"197","time":1585613290014,"group":{"id":"lifecycle","version":"31"},"event":{"count":1,"data":{"duration_ms":3755,"created":1585613290015,"project":"984dc00f1549fa535f2d186f3a9a6c29e1d93de0955a772968cfd5c04d3a9bb2"},"id":"project.opening.finished"}}
{"recorder_version":"31","session":"5d7f9b2795de","build":"193.6494.35","bucket":"197","time":1585613290539,"group":{"id":"indexing","version":"2"},"event":{"count":1,"data":{"duration_ms":2255,"ide_activity_id":1,"created":1585613290539},"id":"finished"}}
{"recorder_version":"31","session":"5d7f9b2795de","build":"193.6494.35","bucket":"197","time":1585613290619,"group":{"id":"indexing","version":"2"},"event":{"count":1,"data":{"ide_activity_id":2,"created":1585613290620,"project":"984dc00f1549fa535f2d186f3a9a6c29e1d93de0955a772968cfd5c04d3a9bb2"},"id":"started"}}
{"recorder_version":"31","session":"5d7f9b2795de","build":"193.6494.35","bucket":"197","time":1585613290644,"group":{"id":"indexing","version":"2"},"event":{"count":1,"data":{"ide_activity_id":2,"plugin":"org.jetbrains.android","stage_class":"com.android.tools.idea.res.ResourceFolderRepositoryFileCacheImpl$PruneTask","created":1585613290644,"plugin_type":"JB_BUNDLED"},"id":"stage"}}
{"recorder_version":"31","session":"5d7f9b2795de","build":"193.6494.35","bucket":"197","time":1585613290681,"group":{"id":"indexing","version":"2"},"event":{"count":1,"data":{"ide_activity_id":2,"plugin":"org.jetbrains.android","stage_class":"com.android.tools.idea.res.ResourceFolderRepositoryFileCacheImpl$ManageLruProjectFilesTask","created":1585613290681,"plugin_type":"JB_BUNDLED"},"id":"stage"}}
{"recorder_version":"31","session":"5d7f9b2795de","build":"193.6494.35","bucket":"197","time":1585613290711,"group":{"id":"indexing","version":"2"},"event":{"count":1,"data":{"duration_ms":92,"ide_activity_id":2,"created":1585613290711},"id":"finished"}}
{"recorder_version":"31","session":"5d7f9b2795de","build":"193.6494.35","bucket":"197","time":1585613290733,"group":{"id":"indexing","version":"2"},"event":{"count":1,"data":{"ide_activity_id":3,"created":1585613290733,"project":"984dc00f1549fa535f2d186f3a9a6c29e1d93de0955a772968cfd5c04d3a9bb2"},"id":"started"}}
{"recorder_version":"31","session":"5d7f9b2795de","build":"193.6494.35","bucket":"197","time":1585613290756,"group":{"id":"indexing","version":"2"},"event":{"count":1,"data":{"ide_activity_id":3,"plugin":"org.jetbrains.android","stage_class":"com.android.tools.idea.res.ResourceFolderRegistry$PopulateCachesTask","created":1585613290757,"plugin_type":"JB_BUNDLED"},"id":"stage"}}
{"recorder_version":"31","session":"5d7f9b2795de","build":"193.6494.35","bucket":"197","time":1585613290769,"group":{"id":"indexing","version":"2"},"event":{"count":1,"data":{"duration_ms":36,"ide_activity_id":3,"created":1585613290769},"id":"finished"}}
{"recorder_version":"31","session":"5d7f9b2795de","build":"193.6494.35","bucket":"197","time":1585613294091,"group":{"id":"actions","version":"31"},"event":{"count":1,"data":{"context_menu":true,"action_id":"third.party","created":1585613294091,"plugin_type":"NOT_LISTED","project":"984dc00f1549fa535f2d186f3a9a6c29e1d93de0955a772968cfd5c04d3a9bb2","place":"MainMenu","class":"third.party","input_event":"NoMouseButton"},"id":"action.invoked"}}
{"recorder_version":"31","session":"5d7f9b2795de","build":"193.6494.35","bucket":"197","time":1585613294895,"group":{"id":"startup","version":"1"},"event":{"count":1,"data":{"duration":1388,"created":1585613294895},"id":"appInit"}}
{"recorder_version":"31","session":"5d7f9b2795de","build":"193.6494.35","bucket":"197","time":1585613294895,"group":{"id":"startup","version":"1"},"event":{"count":1,"data":{"duration":274,"created":1585613294896},"id":"splash"}}
{"recorder_version":"31","session":"5d7f9b2795de","build":"193.6494.35","bucket":"197","time":1585613294895,"group":{"id":"startup","version":"1"},"event":{"count":1,"data":{"duration":176,"created":1585613294896},"id":"bootstrap"}}
{"recorder_version":"31","session":"5d7f9b2795de","build":"193.6494.35","bucket":"197","time":1585613294895,"group":{"id":"startup","version":"1"},"event":{"count":1,"data":{"duration":5754,"created":1585613294896},"id":"totalDuration"}}
{"recorder_version":"31","session":"5d7f9b2795de","build":"193.6494.35","bucket":"197","time":1585613295750,"group":{"id":"ui.dialogs","version":"31"},"event":{"count":1,"data":{"created":1585613295750,"plugin_type":"NOT_LISTED","dialog_class":"third.party"},"id":"show"}}
{"recorder_version":"31","session":"5d7f9b2795de","build":"193.6494.35","bucket":"197","time":1585613299523,"group":{"id":"ui.dialogs","version":"31"},"event":{"count":1,"data":{"code":0,"created":1585613299523,"plugin_type":"NOT_LISTED","dialog_class":"third.party"},"id":"close"}}
{"recorder_version":"31","session":"5d7f9b2795de","build":"193.6494.35","bucket":"197","time":1585613300892,"group":{"id":"ui.dialogs","version":"31"},"event":{"count":1,"data":{"created":1585613300892,"plugin_type":"NOT_LISTED","dialog_class":"third.party"},"id":"show"}}
{"recorder_version":"31","session":"5d7f9b2795de","build":"193.6494.35","bucket":"197","time":1585613303124,"group":{"id":"ui.dialogs","version":"31"},"event":{"count":1,"data":{"code":0,"created":1585613303124,"plugin_type":"NOT_LISTED","dialog_class":"third.party"},"id":"close"}}
{"recorder_version":"31","session":"5d7f9b2795de","build":"193.6494.35","bucket":"197","time":1585613303159,"group":{"id":"ui.dialogs","version":"31"},"event":{"count":1,"data":{"created":1585613303159,"plugin_type":"NOT_LISTED","dialog_class":"third.party"},"id":"show"}}
{"recorder_version":"31","session":"5d7f9b2795de","build":"193.6494.35","bucket":"197","time":1585613305554,"group":{"id":"ui.dialogs","version":"31"},"event":{"count":1,"data":{"code":0,"created":1585613305554,"plugin_type":"NOT_LISTED","dialog_class":"third.party"},"id":"close"}}
{"recorder_version":"31","session":"5d7f9b2795de","build":"193.6494.35","bucket":"197","time":1585613307041,"group":{"id":"ui.dialogs","version":"31"},"event":{"count":1,"data":{"created":1585613307041,"plugin_type":"NOT_LISTED","dialog_class":"third.party"},"id":"show"}}
{"recorder_version":"31","session":"5d7f9b2795de","build":"193.6494.35","bucket":"197","time":1585613309461,"group":{"id":"ui.dialogs","version":"31"},"event":{"count":1,"data":{"code":0,"created":1585613309462,"plugin_type":"NOT_LISTED","dialog_class":"third.party"},"id":"close"}}
{"recorder_version":"31","session":"5d7f9b2795de","build":"193.6494.35","bucket":"197","time":1585613310795,"group":{"id":"ui.dialogs","version":"31"},"event":{"count":1,"data":{"created":1585613310795,"plugin_type":"NOT_LISTED","dialog_class":"third.party"},"id":"show"}}
{"recorder_version":"31","session":"5d7f9b2795de","build":"193.6494.35","bucket":"197","time":1585613312901,"group":{"id":"ui.dialogs","version":"31"},"event":{"count":1,"data":{"code":0,"created":1585613312902,"plugin_type":"NOT_LISTED","dialog_class":"third.party"},"id":"close"}}
{"recorder_version":"31","session":"5d7f9b2795de","build":"193.6494.35","bucket":"197","time":1585613312941,"group":{"id":"ui.dialogs","version":"31"},"event":{"count":1,"data":{"created":1585613312941,"plugin_type":"NOT_LISTED","dialog_class":"third.party"},"id":"show"}}
