{"recorder_version":"31","session":"4e7cc69bd9dc","build":"193.6494.35","bucket":"197","time":1585550432224,"group":{"id":"settings","version":"4"},"event":{"state":true,"data":{"component":"NotRoamableUiSettings","created":1585550432640},"id":"invoked"}}
{"recorder_version":"31","session":"4e7cc69bd9dc","build":"193.6494.35","bucket":"197","time":1585550432224,"group":{"id":"settings","version":"4"},"event":{"state":true,"data":{"component":"UISettings","created":1585550432647},"id":"invoked"}}
{"recorder_version":"31","session":"4e7cc69bd9dc","build":"193.6494.35","bucket":"197","time":1585550432232,"group":{"id":"system.java","version":"1"},"event":{"state":true,"data":{"created":1585550432662,"version":"validation.undefined_rule"},"id":"validation.undefined_rule"}}
{"recorder_version":"31","session":"4e7cc69bd9dc","build":"193.6494.35","bucket":"197","time":1585550432232,"group":{"id":"system.java","version":"1"},"event":{"state":true,"data":{"created":1585550432664},"id":"invoked"}}
{"recorder_version":"31","session":"4e7cc69bd9dc","build":"193.6494.35","bucket":"197","time":1585550432267,"group":{"id":"system.os","version":"3"},"event":{"state":true,"data":{"created":1585550432665,"version":"10.14"},"id":"Mac"}}
{"recorder_version":"31","session":"4e7cc69bd9dc","build":"193.6494.35","bucket":"197","time":1585550432267,"group":{"id":"system.os","version":"3"},"event":{"state":true,"data":{"created":1585550432665,"name":"Mac","version":"10.14"},"id":"os.name"}}
{"recorder_version":"31","session":"4e7cc69bd9dc","build":"193.6494.35","bucket":"197","time":1585550432267,"group":{"id":"system.os","version":"3"},"event":{"state":true,"data":{"created":1585550432666,"value":"-04_00"},"id":"os.timezone"}}
{"recorder_version":"31","session":"4e7cc69bd9dc","build":"193.6494.35","bucket":"197","time":1585550432267,"group":{"id":"system.os","version":"3"},"event":{"state":true,"data":{"created":1585550432666},"id":"invoked"}}
{"recorder_version":"31","session":"4e7cc69bd9dc","build":"193.6494.35","bucket":"197","time":1585550432461,"group":{"id":"settings","version":"4"},"event":{"state":true,"data":{"component":"UpdatesConfigurable","created":1585550432667,"name":"checkNeeded","type":"bool","value":false},"id":"not.default"}}
{"recorder_version":"31","session":"4e7cc69bd9dc","build":"193.6494.35","bucket":"197","time":1585550432461,"group":{"id":"settings","version":"4"},"event":{"state":true,"data":{"component":"UpdatesConfigurable","created":1585550432667},"id":"invoked"}}
{"recorder_version":"31","session":"4e7cc69bd9dc","build":"193.6494.35","bucket":"197","time":1585550432601,"group":{"id":"event.log","version":"31"},"event":{"count":1,"data":{"created":1585550432668,"version":"1194.0"},"id":"whitelist.loaded"}}
{"recorder_version":"31","session":"4e7cc69bd9dc","build":"193.6494.35","bucket":"197","time":1585550432768,"group":{"id":"settings","version":"4"},"event":{"state":true,"data":{"component":"GeneralSettings","created":1585550432769,"name":"showTipsOnStartup","type":"bool","value":false},"id":"not.default"}}
{"recorder_version":"31","session":"4e7cc69bd9dc","build":"193.6494.35","bucket":"197","time":1585550432769,"group":{"id":"settings","version":"4"},"event":{"state":true,"data":{"component":"GeneralSettings","created":1585550432769},"id":"invoked"}}
{"recorder_version":"31","session":"4e7cc69bd9dc","build":"193.6494.35","bucket":"197","time":1585550432795,"group":{"id":"lifecycle","version":"31"},"event":{"count":1,"data":{"internal":true,"eap":false,"created":1585550432795},"id":"ide.start"}}
{"recorder_version":"31","session":"4e7cc69bd9dc","build":"193.6494.35","bucket":"197","time":1585550432919,"group":{"id":"settings","version":"4"},"event":{"state":true,"data":{"component":"XmlEditorOptions","created":1585550432919},"id":"invoked"}}
{"recorder_version":"31","session":"4e7cc69bd9dc","build":"193.6494.35","bucket":"197","time":1585550433536,"group":{"id":"performance","version":"31"},"event":{"count":1,"data":{"duration_ms":468,"created":1585550433537},"id":"ui.latency"}}
{"recorder_version":"31","session":"4e7cc69bd9dc","build":"193.6494.35","bucket":"197","time":1585550433536,"group":{"id":"performance","version":"31"},"event":{"count":1,"data":{"duration_ms":468,"created":1585550433566},"id":"ui.lagging"}}
{"recorder_version":"31","session":"4e7cc69bd9dc","build":"193.6494.35","bucket":"197","time":1585550433691,"group":{"id":"ui.dialogs","version":"31"},"event":{"count":1,"data":{"created":1585550433692,"plugin_type":"PLATFORM","dialog_class":"com.intellij.openapi.progress.util.ProgressDialog$MyDialogWrapper"},"id":"show"}}
{"recorder_version":"31","session":"4e7cc69bd9dc","build":"193.6494.35","bucket":"197","time":1585550433845,"group":{"id":"settings","version":"4"},"event":{"state":true,"data":{"component":"VcsApplicationSettings","created":1585550433846},"id":"invoked"}}
{"recorder_version":"31","session":"4e7cc69bd9dc","build":"193.6494.35","bucket":"197","time":1585550435607,"group":{"id":"lifecycle","version":"31"},"event":{"count":1,"data":{"created":1585550435607,"project":"984dc00f1549fa535f2d186f3a9a6c29e1d93de0955a772968cfd5c04d3a9bb2"},"id":"project.opened"}}
{"recorder_version":"31","session":"4e7cc69bd9dc","build":"193.6494.35","bucket":"197","time":1585550436466,"group":{"id":"indexing","version":"2"},"event":{"count":1,"data":{"ide_activity_id":1,"created":1585550436467,"project":"984dc00f1549fa535f2d186f3a9a6c29e1d93de0955a772968cfd5c04d3a9bb2"},"id":"started"}}
{"recorder_version":"31","session":"4e7cc69bd9dc","build":"193.6494.35","bucket":"197","time":1585550436499,"group":{"id":"indexing","version":"2"},"event":{"count":1,"data":{"ide_activity_id":1,"stage_class":"com.intellij.util.indexing.UnindexedFilesUpdater","created":1585550436499,"plugin_type":"PLATFORM"},"id":"stage"}}
{"recorder_version":"31","session":"4e7cc69bd9dc","build":"193.6494.35","bucket":"197","time":1585550437262,"group":{"id":"performance","version":"31"},"event":{"count":1,"data":{"duration_ms":198,"created":1585550437262},"id":"ui.lagging"}}
{"recorder_version":"31","session":"4e7cc69bd9dc","build":"193.6494.35","bucket":"197","time":1585550437401,"group":{"id":"toolwindow","version":"31"},"event":{"count":1,"data":{"ViewMode":"Dock_Pinned","created":1585550437402,"plugin_type":"PLATFORM","id":"Project","Location":"Left_Top"},"id":"activated"}}
{"recorder_version":"31","session":"4e7cc69bd9dc","build":"193.6494.35","bucket":"197","time":1585550437931,"group":{"id":"lifecycle","version":"31"},"event":{"count":1,"data":{"created":1585550437931,"project":"984dc00f1549fa535f2d186f3a9a6c29e1d93de0955a772968cfd5c04d3a9bb2"},"id":"frame.activated"}}
{"recorder_version":"31","session":"4e7cc69bd9dc","build":"193.6494.35","bucket":"197","time":1585550438303,"group":{"id":"performance","version":"31"},"event":{"count":1,"data":{"duration_ms":228,"created":1585550438303},"id":"ui.lagging"}}
{"recorder_version":"31","session":"4e7cc69bd9dc","build":"193.6494.35","bucket":"197","time":1585550438904,"group":{"id":"project.fs","version":"1"},"event":{"state":true,"data":{"os":"Mac","cs-project":false,"created":1585550438905,"project":"984dc00f1549fa535f2d186f3a9a6c29e1d93de0955a772968cfd5c04d3a9bb2","cs-implicit":true,"cs-system":false},"id":"case-sensitivity"}}
{"recorder_version":"31","session":"4e7cc69bd9dc","build":"193.6494.35","bucket":"197","time":1585550438905,"group":{"id":"project.fs","version":"1"},"event":{"state":true,"data":{"created":1585550438905},"id":"invoked"}}
{"recorder_version":"31","session":"4e7cc69bd9dc","build":"193.6494.35","bucket":"197","time":1585550438905,"group":{"id":"project.fs","version":"1"},"event":{"state":true,"data":{"pct-non-watched":0,"created":1585550438905,"project":"984dc00f1549fa535f2d186f3a9a6c29e1d93de0955a772968cfd5c04d3a9bb2"},"id":"roots-watched"}}
{"recorder_version":"31","session":"4e7cc69bd9dc","build":"193.6494.35","bucket":"197","time":1585550438905,"group":{"id":"project.fs","version":"1"},"event":{"state":true,"data":{"created":1585550438906},"id":"invoked"}}
{"recorder_version":"31","session":"4e7cc69bd9dc","build":"193.6494.35","bucket":"197","time":1585550439050,"group":{"id":"ui.dialogs","version":"31"},"event":{"count":1,"data":{"code":1,"created":1585550439050,"plugin_type":"PLATFORM","dialog_class":"com.intellij.openapi.progress.util.ProgressDialog$MyDialogWrapper"},"id":"close"}}
{"recorder_version":"31","session":"4e7cc69bd9dc","build":"193.6494.35","bucket":"197","time":1585550439240,"group":{"id":"lifecycle","version":"31"},"event":{"count":1,"data":{"duration_ms":6302,"created":1585550439240,"project":"984dc00f1549fa535f2d186f3a9a6c29e1d93de0955a772968cfd5c04d3a9bb2"},"id":"project.opening.finished"}}
{"recorder_version":"31","session":"4e7cc69bd9dc","build":"193.6494.35","bucket":"197","time":1585550439372,"group":{"id":"lifecycle","version":"31"},"event":{"count":1,"data":{"created":1585550439372,"project":"984dc00f1549fa535f2d186f3a9a6c29e1d93de0955a772968cfd5c04d3a9bb2"},"id":"frame.deactivated"}}
{"recorder_version":"31","session":"4e7cc69bd9dc","build":"193.6494.35","bucket":"197","time":1585550439633,"group":{"id":"indexing","version":"2"},"event":{"count":1,"data":{"duration_ms":3167,"ide_activity_id":1,"created":1585550439633},"id":"finished"}}
{"recorder_version":"31","session":"4e7cc69bd9dc","build":"193.6494.35","bucket":"197","time":1585550439828,"group":{"id":"indexing","version":"2"},"event":{"count":1,"data":{"ide_activity_id":2,"created":1585550439829,"project":"984dc00f1549fa535f2d186f3a9a6c29e1d93de0955a772968cfd5c04d3a9bb2"},"id":"started"}}
{"recorder_version":"31","session":"4e7cc69bd9dc","build":"193.6494.35","bucket":"197","time":1585550439864,"group":{"id":"indexing","version":"2"},"event":{"count":1,"data":{"ide_activity_id":2,"plugin":"org.jetbrains.android","stage_class":"com.android.tools.idea.res.ResourceFolderRepositoryFileCacheImpl$PruneTask","created":1585550439864,"plugin_type":"JB_BUNDLED"},"id":"stage"}}
{"recorder_version":"31","session":"4e7cc69bd9dc","build":"193.6494.35","bucket":"197","time":1585550439919,"group":{"id":"indexing","version":"2"},"event":{"count":1,"data":{"ide_activity_id":2,"plugin":"org.jetbrains.android","stage_class":"com.android.tools.idea.res.ResourceFolderRepositoryFileCacheImpl$ManageLruProjectFilesTask","created":1585550439920,"plugin_type":"JB_BUNDLED"},"id":"stage"}}
{"recorder_version":"31","session":"4e7cc69bd9dc","build":"193.6494.35","bucket":"197","time":1585550439964,"group":{"id":"indexing","version":"2"},"event":{"count":1,"data":{"duration_ms":136,"ide_activity_id":2,"created":1585550439964},"id":"finished"}}
{"recorder_version":"31","session":"4e7cc69bd9dc","build":"193.6494.35","bucket":"197","time":1585550439992,"group":{"id":"indexing","version":"2"},"event":{"count":1,"data":{"ide_activity_id":3,"created":1585550439992,"project":"984dc00f1549fa535f2d186f3a9a6c29e1d93de0955a772968cfd5c04d3a9bb2"},"id":"started"}}
{"recorder_version":"31","session":"4e7cc69bd9dc","build":"193.6494.35","bucket":"197","time":1585550440023,"group":{"id":"indexing","version":"2"},"event":{"count":1,"data":{"ide_activity_id":3,"plugin":"org.jetbrains.android","stage_class":"com.android.tools.idea.res.ResourceFolderRegistry$PopulateCachesTask","created":1585550440023,"plugin_type":"JB_BUNDLED"},"id":"stage"}}
{"recorder_version":"31","session":"4e7cc69bd9dc","build":"193.6494.35","bucket":"197","time":1585550440032,"group":{"id":"indexing","version":"2"},"event":{"count":1,"data":{"duration_ms":40,"ide_activity_id":3,"created":1585550440032},"id":"finished"}}
{"recorder_version":"31","session":"4e7cc69bd9dc","build":"193.6494.35","bucket":"197","time":1585550440523,"group":{"id":"performance","version":"31"},"event":{"count":1,"data":{"duration_ms":443,"created":1585550440523},"id":"ui.lagging"}}
{"recorder_version":"31","session":"4e7cc69bd9dc","build":"193.6494.35","bucket":"197","time":1585550444070,"group":{"id":"startup","version":"1"},"event":{"count":1,"data":{"duration":2038,"created":1585550444070},"id":"appInit"}}
{"recorder_version":"31","session":"4e7cc69bd9dc","build":"193.6494.35","bucket":"197","time":1585550444070,"group":{"id":"startup","version":"1"},"event":{"count":1,"data":{"duration":346,"created":1585550444071},"id":"splash"}}
{"recorder_version":"31","session":"4e7cc69bd9dc","build":"193.6494.35","bucket":"197","time":1585550444070,"group":{"id":"startup","version":"1"},"event":{"count":1,"data":{"duration":235,"created":1585550444071},"id":"bootstrap"}}
{"recorder_version":"31","session":"4e7cc69bd9dc","build":"193.6494.35","bucket":"197","time":1585550444070,"group":{"id":"startup","version":"1"},"event":{"count":1,"data":{"duration":9043,"created":1585550444071},"id":"totalDuration"}}
{"recorder_version":"31","session":"4e7cc69bd9dc","build":"193.6494.35","bucket":"197","time":1585550447236,"group":{"id":"lifecycle","version":"31"},"event":{"count":1,"data":{"created":1585550447236,"project":"984dc00f1549fa535f2d186f3a9a6c29e1d93de0955a772968cfd5c04d3a9bb2"},"id":"frame.activated"}}
{"recorder_version":"31","session":"4e7cc69bd9dc","build":"193.6494.35","bucket":"197","time":1585550448859,"group":{"id":"actions","version":"31"},"event":{"count":1,"data":{"context_menu":true,"action_id":"third.party","created":1585550448859,"plugin_type":"NOT_LISTED","project":"984dc00f1549fa535f2d186f3a9a6c29e1d93de0955a772968cfd5c04d3a9bb2","place":"MainMenu","class":"third.party","input_event":"NoMouseButton"},"id":"action.invoked"}}
{"recorder_version":"31","session":"4e7cc69bd9dc","build":"193.6494.35","bucket":"197","time":1585550450191,"group":{"id":"lifecycle","version":"31"},"event":{"count":1,"data":{"created":1585550450191,"project":"984dc00f1549fa535f2d186f3a9a6c29e1d93de0955a772968cfd5c04d3a9bb2"},"id":"frame.deactivated"}}
{"recorder_version":"31","session":"4e7cc69bd9dc","build":"193.6494.35","bucket":"197","time":1585550454475,"group":{"id":"lifecycle","version":"31"},"event":{"count":1,"data":{"created":1585550454475,"project":"984dc00f1549fa535f2d186f3a9a6c29e1d93de0955a772968cfd5c04d3a9bb2"},"id":"frame.activated"}}
{"recorder_version":"31","session":"4e7cc69bd9dc","build":"193.6494.35","bucket":"197","time":1585550459313,"group":{"id":"ui.dialogs","version":"31"},"event":{"count":1,"data":{"created":1585550459313,"plugin_type":"NOT_LISTED","dialog_class":"third.party"},"id":"show"}}
