{"recorder_version":"31","session":"9ff0fcdf26eb","build":"193.6494.35","bucket":"197","time":1585611874609,"group":{"id":"settings","version":"4"},"event":{"state":true,"data":{"component":"UISettings","created":1585611874865},"id":"invoked"}}
{"recorder_version":"31","session":"9ff0fcdf26eb","build":"193.6494.35","bucket":"197","time":1585611874610,"group":{"id":"settings","version":"4"},"event":{"state":true,"data":{"component":"NotRoamableUiSettings","created":1585611874866},"id":"invoked"}}
{"recorder_version":"31","session":"9ff0fcdf26eb","build":"193.6494.35","bucket":"197","time":1585611874615,"group":{"id":"system.java","version":"1"},"event":{"state":true,"data":{"created":1585611874873,"version":"validation.undefined_rule"},"id":"validation.undefined_rule"}}
{"recorder_version":"31","session":"9ff0fcdf26eb","build":"193.6494.35","bucket":"197","time":1585611874615,"group":{"id":"system.java","version":"1"},"event":{"state":true,"data":{"created":1585611874874},"id":"invoked"}}
{"recorder_version":"31","session":"9ff0fcdf26eb","build":"193.6494.35","bucket":"197","time":1585611874644,"group":{"id":"system.os","version":"3"},"event":{"state":true,"data":{"created":1585611874875,"version":"10.14"},"id":"Mac"}}
{"recorder_version":"31","session":"9ff0fcdf26eb","build":"193.6494.35","bucket":"197","time":1585611874644,"group":{"id":"system.os","version":"3"},"event":{"state":true,"data":{"created":1585611874879,"name":"Mac","version":"10.14"},"id":"os.name"}}
{"recorder_version":"31","session":"9ff0fcdf26eb","build":"193.6494.35","bucket":"197","time":1585611874644,"group":{"id":"system.os","version":"3"},"event":{"state":true,"data":{"created":1585611874880,"value":"-04_00"},"id":"os.timezone"}}
{"recorder_version":"31","session":"9ff0fcdf26eb","build":"193.6494.35","bucket":"197","time":1585611874644,"group":{"id":"system.os","version":"3"},"event":{"state":true,"data":{"created":1585611874880},"id":"invoked"}}
{"recorder_version":"31","session":"9ff0fcdf26eb","build":"193.6494.35","bucket":"197","time":1585611874804,"group":{"id":"settings","version":"4"},"event":{"state":true,"data":{"component":"UpdatesConfigurable","created":1585611874881,"name":"checkNeeded","type":"bool","value":false},"id":"not.default"}}
{"recorder_version":"31","session":"9ff0fcdf26eb","build":"193.6494.35","bucket":"197","time":1585611874804,"group":{"id":"settings","version":"4"},"event":{"state":true,"data":{"component":"UpdatesConfigurable","created":1585611874882},"id":"invoked"}}
{"recorder_version":"31","session":"9ff0fcdf26eb","build":"193.6494.35","bucket":"197","time":1585611874839,"group":{"id":"event.log","version":"31"},"event":{"count":1,"data":{"created":1585611874883,"version":"1200.0"},"id":"whitelist.loaded"}}
{"recorder_version":"31","session":"9ff0fcdf26eb","build":"193.6494.35","bucket":"197","time":1585611874949,"group":{"id":"settings","version":"4"},"event":{"state":true,"data":{"component":"GeneralSettings","created":1585611874951,"name":"showTipsOnStartup","type":"bool","value":false},"id":"not.default"}}
{"recorder_version":"31","session":"9ff0fcdf26eb","build":"193.6494.35","bucket":"197","time":1585611874951,"group":{"id":"settings","version":"4"},"event":{"state":true,"data":{"component":"GeneralSettings","created":1585611874952},"id":"invoked"}}
{"recorder_version":"31","session":"9ff0fcdf26eb","build":"193.6494.35","bucket":"197","time":1585611874985,"group":{"id":"lifecycle","version":"31"},"event":{"count":1,"data":{"internal":true,"eap":false,"created":1585611874985},"id":"ide.start"}}
{"recorder_version":"31","session":"9ff0fcdf26eb","build":"193.6494.35","bucket":"197","time":1585611875061,"group":{"id":"settings","version":"4"},"event":{"state":true,"data":{"component":"XmlEditorOptions","created":1585611875062},"id":"invoked"}}
{"recorder_version":"31","session":"9ff0fcdf26eb","build":"193.6494.35","bucket":"197","time":1585611875433,"group":{"id":"ui.dialogs","version":"31"},"event":{"count":1,"data":{"created":1585611875433,"plugin_type":"PLATFORM","dialog_class":"com.intellij.openapi.progress.util.ProgressDialog$MyDialogWrapper"},"id":"show"}}
{"recorder_version":"31","session":"9ff0fcdf26eb","build":"193.6494.35","bucket":"197","time":1585611875503,"group":{"id":"performance","version":"31"},"event":{"count":1,"data":{"duration_ms":5,"created":1585611875503},"id":"ui.latency"}}
{"recorder_version":"31","session":"9ff0fcdf26eb","build":"193.6494.35","bucket":"197","time":1585611875549,"group":{"id":"settings","version":"4"},"event":{"state":true,"data":{"component":"VcsApplicationSettings","created":1585611875549},"id":"invoked"}}
{"recorder_version":"31","session":"9ff0fcdf26eb","build":"193.6494.35","bucket":"197","time":1585611876533,"group":{"id":"lifecycle","version":"31"},"event":{"count":1,"data":{"created":1585611876533,"project":"984dc00f1549fa535f2d186f3a9a6c29e1d93de0955a772968cfd5c04d3a9bb2"},"id":"project.opened"}}
{"recorder_version":"31","session":"9ff0fcdf26eb","build":"193.6494.35","bucket":"197","time":1585611876811,"group":{"id":"performance","version":"31"},"event":{"count":1,"data":{"duration_ms":315,"created":1585611876811},"id":"ui.lagging"}}
{"recorder_version":"31","session":"9ff0fcdf26eb","build":"193.6494.35","bucket":"197","time":1585611877040,"group":{"id":"indexing","version":"2"},"event":{"count":1,"data":{"ide_activity_id":1,"created":1585611877040,"project":"984dc00f1549fa535f2d186f3a9a6c29e1d93de0955a772968cfd5c04d3a9bb2"},"id":"started"}}
{"recorder_version":"31","session":"9ff0fcdf26eb","build":"193.6494.35","bucket":"197","time":1585611877071,"group":{"id":"indexing","version":"2"},"event":{"count":1,"data":{"ide_activity_id":1,"stage_class":"com.intellij.util.indexing.UnindexedFilesUpdater","created":1585611877071,"plugin_type":"PLATFORM"},"id":"stage"}}
{"recorder_version":"31","session":"9ff0fcdf26eb","build":"193.6494.35","bucket":"197","time":1585611877628,"group":{"id":"toolwindow","version":"31"},"event":{"count":1,"data":{"ViewMode":"Dock_Pinned","created":1585611877628,"plugin_type":"PLATFORM","id":"Project","Location":"Left_Top"},"id":"activated"}}
{"recorder_version":"31","session":"9ff0fcdf26eb","build":"193.6494.35","bucket":"197","time":1585611878367,"group":{"id":"project.fs","version":"1"},"event":{"state":true,"data":{"os":"Mac","cs-project":false,"created":1585611878368,"project":"984dc00f1549fa535f2d186f3a9a6c29e1d93de0955a772968cfd5c04d3a9bb2","cs-implicit":true,"cs-system":false},"id":"case-sensitivity"}}
{"recorder_version":"31","session":"9ff0fcdf26eb","build":"193.6494.35","bucket":"197","time":1585611878367,"group":{"id":"project.fs","version":"1"},"event":{"state":true,"data":{"created":1585611878368},"id":"invoked"}}
{"recorder_version":"31","session":"9ff0fcdf26eb","build":"193.6494.35","bucket":"197","time":1585611878368,"group":{"id":"project.fs","version":"1"},"event":{"state":true,"data":{"pct-non-watched":0,"created":1585611878368,"project":"984dc00f1549fa535f2d186f3a9a6c29e1d93de0955a772968cfd5c04d3a9bb2"},"id":"roots-watched"}}
{"recorder_version":"31","session":"9ff0fcdf26eb","build":"193.6494.35","bucket":"197","time":1585611878368,"group":{"id":"project.fs","version":"1"},"event":{"state":true,"data":{"created":1585611878368},"id":"invoked"}}
{"recorder_version":"31","session":"9ff0fcdf26eb","build":"193.6494.35","bucket":"197","time":1585611878480,"group":{"id":"ui.dialogs","version":"31"},"event":{"count":1,"data":{"code":1,"created":1585611878481,"plugin_type":"PLATFORM","dialog_class":"com.intellij.openapi.progress.util.ProgressDialog$MyDialogWrapper"},"id":"close"}}
{"recorder_version":"31","session":"9ff0fcdf26eb","build":"193.6494.35","bucket":"197","time":1585611878604,"group":{"id":"lifecycle","version":"31"},"event":{"count":1,"data":{"duration_ms":3532,"created":1585611878604,"project":"984dc00f1549fa535f2d186f3a9a6c29e1d93de0955a772968cfd5c04d3a9bb2"},"id":"project.opening.finished"}}
{"recorder_version":"31","session":"9ff0fcdf26eb","build":"193.6494.35","bucket":"197","time":1585611879037,"group":{"id":"indexing","version":"2"},"event":{"count":1,"data":{"duration_ms":1996,"ide_activity_id":1,"created":1585611879040},"id":"finished"}}
{"recorder_version":"31","session":"9ff0fcdf26eb","build":"193.6494.35","bucket":"197","time":1585611879108,"group":{"id":"indexing","version":"2"},"event":{"count":1,"data":{"ide_activity_id":2,"created":1585611879108,"project":"984dc00f1549fa535f2d186f3a9a6c29e1d93de0955a772968cfd5c04d3a9bb2"},"id":"started"}}
{"recorder_version":"31","session":"9ff0fcdf26eb","build":"193.6494.35","bucket":"197","time":1585611879123,"group":{"id":"indexing","version":"2"},"event":{"count":1,"data":{"ide_activity_id":2,"plugin":"org.jetbrains.android","stage_class":"com.android.tools.idea.res.ResourceFolderRepositoryFileCacheImpl$PruneTask","created":1585611879123,"plugin_type":"JB_BUNDLED"},"id":"stage"}}
{"recorder_version":"31","session":"9ff0fcdf26eb","build":"193.6494.35","bucket":"197","time":1585611879158,"group":{"id":"indexing","version":"2"},"event":{"count":1,"data":{"ide_activity_id":2,"plugin":"org.jetbrains.android","stage_class":"com.android.tools.idea.res.ResourceFolderRepositoryFileCacheImpl$ManageLruProjectFilesTask","created":1585611879158,"plugin_type":"JB_BUNDLED"},"id":"stage"}}
{"recorder_version":"31","session":"9ff0fcdf26eb","build":"193.6494.35","bucket":"197","time":1585611879186,"group":{"id":"indexing","version":"2"},"event":{"count":1,"data":{"duration_ms":78,"ide_activity_id":2,"created":1585611879186},"id":"finished"}}
{"recorder_version":"31","session":"9ff0fcdf26eb","build":"193.6494.35","bucket":"197","time":1585611879209,"group":{"id":"indexing","version":"2"},"event":{"count":1,"data":{"ide_activity_id":3,"created":1585611879209,"project":"984dc00f1549fa535f2d186f3a9a6c29e1d93de0955a772968cfd5c04d3a9bb2"},"id":"started"}}
{"recorder_version":"31","session":"9ff0fcdf26eb","build":"193.6494.35","bucket":"197","time":1585611879242,"group":{"id":"indexing","version":"2"},"event":{"count":1,"data":{"ide_activity_id":3,"plugin":"org.jetbrains.android","stage_class":"com.android.tools.idea.res.ResourceFolderRegistry$PopulateCachesTask","created":1585611879242,"plugin_type":"JB_BUNDLED"},"id":"stage"}}
{"recorder_version":"31","session":"9ff0fcdf26eb","build":"193.6494.35","bucket":"197","time":1585611879253,"group":{"id":"indexing","version":"2"},"event":{"count":1,"data":{"duration_ms":44,"ide_activity_id":3,"created":1585611879254},"id":"finished"}}
{"recorder_version":"31","session":"9ff0fcdf26eb","build":"193.6494.35","bucket":"197","time":1585611883492,"group":{"id":"startup","version":"1"},"event":{"count":1,"data":{"duration":1368,"created":1585611883492},"id":"appInit"}}
{"recorder_version":"31","session":"9ff0fcdf26eb","build":"193.6494.35","bucket":"197","time":1585611883492,"group":{"id":"startup","version":"1"},"event":{"count":1,"data":{"duration":249,"created":1585611883493},"id":"splash"}}
{"recorder_version":"31","session":"9ff0fcdf26eb","build":"193.6494.35","bucket":"197","time":1585611883492,"group":{"id":"startup","version":"1"},"event":{"count":1,"data":{"duration":182,"created":1585611883493},"id":"bootstrap"}}
{"recorder_version":"31","session":"9ff0fcdf26eb","build":"193.6494.35","bucket":"197","time":1585611883492,"group":{"id":"startup","version":"1"},"event":{"count":1,"data":{"duration":5622,"created":1585611883493},"id":"totalDuration"}}
{"recorder_version":"31","session":"9ff0fcdf26eb","build":"193.6494.35","bucket":"197","time":1585611884158,"group":{"id":"lifecycle","version":"31"},"event":{"count":1,"data":{"created":1585611884158,"project":"984dc00f1549fa535f2d186f3a9a6c29e1d93de0955a772968cfd5c04d3a9bb2"},"id":"frame.activated"}}
{"recorder_version":"31","session":"9ff0fcdf26eb","build":"193.6494.35","bucket":"197","time":1585611885962,"group":{"id":"actions","version":"31"},"event":{"count":1,"data":{"context_menu":true,"action_id":"third.party","created":1585611885962,"plugin_type":"NOT_LISTED","project":"984dc00f1549fa535f2d186f3a9a6c29e1d93de0955a772968cfd5c04d3a9bb2","place":"MainMenu","class":"third.party","input_event":"NoMouseButton"},"id":"action.invoked"}}
{"recorder_version":"31","session":"9ff0fcdf26eb","build":"193.6494.35","bucket":"197","time":1585611887901,"group":{"id":"ui.dialogs","version":"31"},"event":{"count":1,"data":{"created":1585611887901,"plugin_type":"NOT_LISTED","dialog_class":"third.party"},"id":"show"}}
{"recorder_version":"31","session":"9ff0fcdf26eb","build":"193.6494.35","bucket":"197","time":1585611890144,"group":{"id":"ui.dialogs","version":"31"},"event":{"count":1,"data":{"code":0,"created":1585611890145,"plugin_type":"NOT_LISTED","dialog_class":"third.party"},"id":"close"}}
{"recorder_version":"31","session":"9ff0fcdf26eb","build":"193.6494.35","bucket":"197","time":1585611891213,"group":{"id":"ui.dialogs","version":"31"},"event":{"count":1,"data":{"created":1585611891214,"plugin_type":"NOT_LISTED","dialog_class":"third.party"},"id":"show"}}
{"recorder_version":"31","session":"9ff0fcdf26eb","build":"193.6494.35","bucket":"197","time":1585611893115,"group":{"id":"ui.dialogs","version":"31"},"event":{"count":1,"data":{"code":0,"created":1585611893115,"plugin_type":"NOT_LISTED","dialog_class":"third.party"},"id":"close"}}
{"recorder_version":"31","session":"9ff0fcdf26eb","build":"193.6494.35","bucket":"197","time":1585611893139,"group":{"id":"ui.dialogs","version":"31"},"event":{"count":1,"data":{"created":1585611893140,"plugin_type":"NOT_LISTED","dialog_class":"third.party"},"id":"show"}}
{"recorder_version":"31","session":"9ff0fcdf26eb","build":"193.6494.35","bucket":"197","time":1585611894765,"group":{"id":"ui.dialogs","version":"31"},"event":{"count":1,"data":{"code":0,"created":1585611894765,"plugin_type":"NOT_LISTED","dialog_class":"third.party"},"id":"close"}}
