{"recorder_version":"31","session":"98fb5fa1c0da","build":"193.6494.35","bucket":"197","time":1585613423453,"group":{"id":"settings","version":"4"},"event":{"state":true,"data":{"component":"NotRoamableUiSettings","created":1585613423742},"id":"invoked"}}
{"recorder_version":"31","session":"98fb5fa1c0da","build":"193.6494.35","bucket":"197","time":1585613423454,"group":{"id":"settings","version":"4"},"event":{"state":true,"data":{"component":"UISettings","created":1585613423743},"id":"invoked"}}
{"recorder_version":"31","session":"98fb5fa1c0da","build":"193.6494.35","bucket":"197","time":1585613423462,"group":{"id":"system.java","version":"1"},"event":{"state":true,"data":{"created":1585613423751,"version":"validation.undefined_rule"},"id":"validation.undefined_rule"}}
{"recorder_version":"31","session":"98fb5fa1c0da","build":"193.6494.35","bucket":"197","time":1585613423462,"group":{"id":"system.java","version":"1"},"event":{"state":true,"data":{"created":1585613423751},"id":"invoked"}}
{"recorder_version":"31","session":"98fb5fa1c0da","build":"193.6494.35","bucket":"197","time":1585613423485,"group":{"id":"system.os","version":"3"},"event":{"state":true,"data":{"created":1585613423752,"version":"10.14"},"id":"Mac"}}
{"recorder_version":"31","session":"98fb5fa1c0da","build":"193.6494.35","bucket":"197","time":1585613423485,"group":{"id":"system.os","version":"3"},"event":{"state":true,"data":{"created":1585613423752,"name":"Mac","version":"10.14"},"id":"os.name"}}
{"recorder_version":"31","session":"98fb5fa1c0da","build":"193.6494.35","bucket":"197","time":1585613423485,"group":{"id":"system.os","version":"3"},"event":{"state":true,"data":{"created":1585613423752,"value":"-04_00"},"id":"os.timezone"}}
{"recorder_version":"31","session":"98fb5fa1c0da","build":"193.6494.35","bucket":"197","time":1585613423485,"group":{"id":"system.os","version":"3"},"event":{"state":true,"data":{"created":1585613423753},"id":"invoked"}}
{"recorder_version":"31","session":"98fb5fa1c0da","build":"193.6494.35","bucket":"197","time":1585613423607,"group":{"id":"settings","version":"4"},"event":{"state":true,"data":{"component":"UpdatesConfigurable","created":1585613423753,"name":"checkNeeded","type":"bool","value":false},"id":"not.default"}}
{"recorder_version":"31","session":"98fb5fa1c0da","build":"193.6494.35","bucket":"197","time":1585613423607,"group":{"id":"settings","version":"4"},"event":{"state":true,"data":{"component":"UpdatesConfigurable","created":1585613423753},"id":"invoked"}}
{"recorder_version":"31","session":"98fb5fa1c0da","build":"193.6494.35","bucket":"197","time":1585613423709,"group":{"id":"event.log","version":"31"},"event":{"count":1,"data":{"created":1585613423754,"version":"1200.0"},"id":"whitelist.loaded"}}
{"recorder_version":"31","session":"98fb5fa1c0da","build":"193.6494.35","bucket":"197","time":1585613423798,"group":{"id":"settings","version":"4"},"event":{"state":true,"data":{"component":"GeneralSettings","created":1585613423799,"name":"showTipsOnStartup","type":"bool","value":false},"id":"not.default"}}
{"recorder_version":"31","session":"98fb5fa1c0da","build":"193.6494.35","bucket":"197","time":1585613423798,"group":{"id":"settings","version":"4"},"event":{"state":true,"data":{"component":"GeneralSettings","created":1585613423800},"id":"invoked"}}
{"recorder_version":"31","session":"98fb5fa1c0da","build":"193.6494.35","bucket":"197","time":1585613423877,"group":{"id":"lifecycle","version":"31"},"event":{"count":1,"data":{"internal":true,"eap":false,"created":1585613423877},"id":"ide.start"}}
{"recorder_version":"31","session":"98fb5fa1c0da","build":"193.6494.35","bucket":"197","time":1585613423902,"group":{"id":"settings","version":"4"},"event":{"state":true,"data":{"component":"XmlEditorOptions","created":1585613423902},"id":"invoked"}}
{"recorder_version":"31","session":"98fb5fa1c0da","build":"193.6494.35","bucket":"197","time":1585613424252,"group":{"id":"settings","version":"4"},"event":{"state":true,"data":{"component":"VcsApplicationSettings","created":1585613424252},"id":"invoked"}}
{"recorder_version":"31","session":"98fb5fa1c0da","build":"193.6494.35","bucket":"197","time":1585613424252,"group":{"id":"lifecycle","version":"31"},"event":{"count":1,"data":{"created":1585613424252},"id":"frame.activated"}}
{"recorder_version":"31","session":"98fb5fa1c0da","build":"193.6494.35","bucket":"197","time":1585613424364,"group":{"id":"ui.dialogs","version":"31"},"event":{"count":1,"data":{"created":1585613424364,"plugin_type":"PLATFORM","dialog_class":"com.intellij.openapi.progress.util.ProgressDialog$MyDialogWrapper"},"id":"show"}}
{"recorder_version":"31","session":"98fb5fa1c0da","build":"193.6494.35","bucket":"197","time":1585613424434,"group":{"id":"performance","version":"31"},"event":{"count":1,"data":{"duration_ms":96,"created":1585613424435},"id":"ui.latency"}}
{"recorder_version":"31","session":"98fb5fa1c0da","build":"193.6494.35","bucket":"197","time":1585613425430,"group":{"id":"lifecycle","version":"31"},"event":{"count":1,"data":{"created":1585613425430,"project":"984dc00f1549fa535f2d186f3a9a6c29e1d93de0955a772968cfd5c04d3a9bb2"},"id":"project.opened"}}
{"recorder_version":"31","session":"98fb5fa1c0da","build":"193.6494.35","bucket":"197","time":1585613425693,"group":{"id":"performance","version":"31"},"event":{"count":1,"data":{"duration_ms":358,"created":1585613425693},"id":"ui.lagging"}}
{"recorder_version":"31","session":"98fb5fa1c0da","build":"193.6494.35","bucket":"197","time":1585613425982,"group":{"id":"indexing","version":"2"},"event":{"count":1,"data":{"ide_activity_id":1,"created":1585613425982,"project":"984dc00f1549fa535f2d186f3a9a6c29e1d93de0955a772968cfd5c04d3a9bb2"},"id":"started"}}
{"recorder_version":"31","session":"98fb5fa1c0da","build":"193.6494.35","bucket":"197","time":1585613426018,"group":{"id":"indexing","version":"2"},"event":{"count":1,"data":{"ide_activity_id":1,"stage_class":"com.intellij.util.indexing.UnindexedFilesUpdater","created":1585613426018,"plugin_type":"PLATFORM"},"id":"stage"}}
{"recorder_version":"31","session":"98fb5fa1c0da","build":"193.6494.35","bucket":"197","time":1585613426534,"group":{"id":"toolwindow","version":"31"},"event":{"count":1,"data":{"ViewMode":"Dock_Pinned","created":1585613426534,"plugin_type":"PLATFORM","id":"Project","Location":"Left_Top"},"id":"activated"}}
{"recorder_version":"31","session":"98fb5fa1c0da","build":"193.6494.35","bucket":"197","time":1585613427326,"group":{"id":"project.fs","version":"1"},"event":{"state":true,"data":{"os":"Mac","cs-project":false,"created":1585613427326,"project":"984dc00f1549fa535f2d186f3a9a6c29e1d93de0955a772968cfd5c04d3a9bb2","cs-implicit":true,"cs-system":false},"id":"case-sensitivity"}}
{"recorder_version":"31","session":"98fb5fa1c0da","build":"193.6494.35","bucket":"197","time":1585613427326,"group":{"id":"project.fs","version":"1"},"event":{"state":true,"data":{"created":1585613427326},"id":"invoked"}}
{"recorder_version":"31","session":"98fb5fa1c0da","build":"193.6494.35","bucket":"197","time":1585613427326,"group":{"id":"project.fs","version":"1"},"event":{"state":true,"data":{"pct-non-watched":0,"created":1585613427327,"project":"984dc00f1549fa535f2d186f3a9a6c29e1d93de0955a772968cfd5c04d3a9bb2"},"id":"roots-watched"}}
{"recorder_version":"31","session":"98fb5fa1c0da","build":"193.6494.35","bucket":"197","time":1585613427326,"group":{"id":"project.fs","version":"1"},"event":{"state":true,"data":{"created":1585613427327},"id":"invoked"}}
{"recorder_version":"31","session":"98fb5fa1c0da","build":"193.6494.35","bucket":"197","time":1585613427409,"group":{"id":"ui.dialogs","version":"31"},"event":{"count":1,"data":{"code":1,"created":1585613427409,"plugin_type":"PLATFORM","dialog_class":"com.intellij.openapi.progress.util.ProgressDialog$MyDialogWrapper"},"id":"close"}}
{"recorder_version":"31","session":"98fb5fa1c0da","build":"193.6494.35","bucket":"197","time":1585613427539,"group":{"id":"lifecycle","version":"31"},"event":{"count":1,"data":{"duration_ms":3638,"created":1585613427539,"project":"984dc00f1549fa535f2d186f3a9a6c29e1d93de0955a772968cfd5c04d3a9bb2"},"id":"project.opening.finished"}}
{"recorder_version":"31","session":"98fb5fa1c0da","build":"193.6494.35","bucket":"197","time":1585613428149,"group":{"id":"indexing","version":"2"},"event":{"count":1,"data":{"duration_ms":2167,"ide_activity_id":1,"created":1585613428150},"id":"finished"}}
{"recorder_version":"31","session":"98fb5fa1c0da","build":"193.6494.35","bucket":"197","time":1585613428223,"group":{"id":"indexing","version":"2"},"event":{"count":1,"data":{"ide_activity_id":2,"created":1585613428223,"project":"984dc00f1549fa535f2d186f3a9a6c29e1d93de0955a772968cfd5c04d3a9bb2"},"id":"started"}}
{"recorder_version":"31","session":"98fb5fa1c0da","build":"193.6494.35","bucket":"197","time":1585613428238,"group":{"id":"indexing","version":"2"},"event":{"count":1,"data":{"ide_activity_id":2,"plugin":"org.jetbrains.android","stage_class":"com.android.tools.idea.res.ResourceFolderRepositoryFileCacheImpl$PruneTask","created":1585613428239,"plugin_type":"JB_BUNDLED"},"id":"stage"}}
{"recorder_version":"31","session":"98fb5fa1c0da","build":"193.6494.35","bucket":"197","time":1585613428307,"group":{"id":"indexing","version":"2"},"event":{"count":1,"data":{"ide_activity_id":2,"plugin":"org.jetbrains.android","stage_class":"com.android.tools.idea.res.ResourceFolderRepositoryFileCacheImpl$ManageLruProjectFilesTask","created":1585613428307,"plugin_type":"JB_BUNDLED"},"id":"stage"}}
{"recorder_version":"31","session":"98fb5fa1c0da","build":"193.6494.35","bucket":"197","time":1585613428339,"group":{"id":"indexing","version":"2"},"event":{"count":1,"data":{"ide_activity_id":2,"stage_class":"com.intellij.openapi.roots.impl.PushedFilePropertiesUpdaterImpl$3","created":1585613428339,"plugin_type":"PLATFORM"},"id":"stage"}}
{"recorder_version":"31","session":"98fb5fa1c0da","build":"193.6494.35","bucket":"197","time":1585613428352,"group":{"id":"indexing","version":"2"},"event":{"count":1,"data":{"duration_ms":129,"ide_activity_id":2,"created":1585613428352},"id":"finished"}}
{"recorder_version":"31","session":"98fb5fa1c0da","build":"193.6494.35","bucket":"197","time":1585613428384,"group":{"id":"indexing","version":"2"},"event":{"count":1,"data":{"ide_activity_id":3,"created":1585613428384,"project":"984dc00f1549fa535f2d186f3a9a6c29e1d93de0955a772968cfd5c04d3a9bb2"},"id":"started"}}
{"recorder_version":"31","session":"98fb5fa1c0da","build":"193.6494.35","bucket":"197","time":1585613428419,"group":{"id":"indexing","version":"2"},"event":{"count":1,"data":{"ide_activity_id":3,"plugin":"org.jetbrains.android","stage_class":"com.android.tools.idea.res.ResourceFolderRegistry$PopulateCachesTask","created":1585613428419,"plugin_type":"JB_BUNDLED"},"id":"stage"}}
{"recorder_version":"31","session":"98fb5fa1c0da","build":"193.6494.35","bucket":"197","time":1585613428429,"group":{"id":"indexing","version":"2"},"event":{"count":1,"data":{"duration_ms":45,"ide_activity_id":3,"created":1585613428429},"id":"finished"}}
{"recorder_version":"31","session":"98fb5fa1c0da","build":"193.6494.35","bucket":"197","time":1585613432418,"group":{"id":"startup","version":"1"},"event":{"count":1,"data":{"duration":1312,"created":1585613432418},"id":"appInit"}}
{"recorder_version":"31","session":"98fb5fa1c0da","build":"193.6494.35","bucket":"197","time":1585613432418,"group":{"id":"startup","version":"1"},"event":{"count":1,"data":{"duration":240,"created":1585613432419},"id":"splash"}}
{"recorder_version":"31","session":"98fb5fa1c0da","build":"193.6494.35","bucket":"197","time":1585613432418,"group":{"id":"startup","version":"1"},"event":{"count":1,"data":{"duration":177,"created":1585613432419},"id":"bootstrap"}}
{"recorder_version":"31","session":"98fb5fa1c0da","build":"193.6494.35","bucket":"197","time":1585613432418,"group":{"id":"startup","version":"1"},"event":{"count":1,"data":{"duration":5716,"created":1585613432419},"id":"totalDuration"}}
{"recorder_version":"31","session":"98fb5fa1c0da","build":"193.6494.35","bucket":"197","time":1585613432641,"group":{"id":"actions","version":"31"},"event":{"count":1,"data":{"context_menu":true,"action_id":"third.party","created":1585613432641,"plugin_type":"NOT_LISTED","project":"984dc00f1549fa535f2d186f3a9a6c29e1d93de0955a772968cfd5c04d3a9bb2","place":"MainMenu","class":"third.party","input_event":"NoMouseButton"},"id":"action.invoked"}}
{"recorder_version":"31","session":"98fb5fa1c0da","build":"193.6494.35","bucket":"197","time":1585613434962,"group":{"id":"ui.dialogs","version":"31"},"event":{"count":1,"data":{"created":1585613434963,"plugin_type":"NOT_LISTED","dialog_class":"third.party"},"id":"show"}}
{"recorder_version":"31","session":"98fb5fa1c0da","build":"193.6494.35","bucket":"197","time":1585613437619,"group":{"id":"ui.dialogs","version":"31"},"event":{"count":1,"data":{"code":0,"created":1585613437619,"plugin_type":"NOT_LISTED","dialog_class":"third.party"},"id":"close"}}
{"recorder_version":"31","session":"98fb5fa1c0da","build":"193.6494.35","bucket":"197","time":1585613438918,"group":{"id":"ui.dialogs","version":"31"},"event":{"count":1,"data":{"created":1585613438919,"plugin_type":"NOT_LISTED","dialog_class":"third.party"},"id":"show"}}
{"recorder_version":"31","session":"98fb5fa1c0da","build":"193.6494.35","bucket":"197","time":1585613442246,"group":{"id":"ui.dialogs","version":"31"},"event":{"count":1,"data":{"code":0,"created":1585613442247,"plugin_type":"NOT_LISTED","dialog_class":"third.party"},"id":"close"}}
{"recorder_version":"31","session":"98fb5fa1c0da","build":"193.6494.35","bucket":"197","time":1585613442281,"group":{"id":"ui.dialogs","version":"31"},"event":{"count":1,"data":{"created":1585613442281,"plugin_type":"NOT_LISTED","dialog_class":"third.party"},"id":"show"}}
{"recorder_version":"31","session":"98fb5fa1c0da","build":"193.6494.35","bucket":"197","time":1585613443802,"group":{"id":"ui.dialogs","version":"31"},"event":{"count":1,"data":{"code":0,"created":1585613443802,"plugin_type":"NOT_LISTED","dialog_class":"third.party"},"id":"close"}}
{"recorder_version":"31","session":"98fb5fa1c0da","build":"193.6494.35","bucket":"197","time":1585613447476,"group":{"id":"ui.dialogs","version":"31"},"event":{"count":1,"data":{"created":1585613447476,"plugin_type":"NOT_LISTED","dialog_class":"third.party"},"id":"show"}}
