{"recorder_version":"31","session":"de2f2a48ea95","build":"193.6494.35","bucket":"197","time":1585601533682,"group":{"id":"settings","version":"4"},"event":{"state":true,"data":{"component":"NotRoamableUiSettings","created":1585601533999},"id":"invoked"}}
{"recorder_version":"31","session":"de2f2a48ea95","build":"193.6494.35","bucket":"197","time":1585601533681,"group":{"id":"settings","version":"4"},"event":{"state":true,"data":{"component":"UISettings","created":1585601534006},"id":"invoked"}}
{"recorder_version":"31","session":"de2f2a48ea95","build":"193.6494.35","bucket":"197","time":1585601533695,"group":{"id":"system.java","version":"1"},"event":{"state":true,"data":{"created":1585601534015,"version":"validation.undefined_rule"},"id":"validation.undefined_rule"}}
{"recorder_version":"31","session":"de2f2a48ea95","build":"193.6494.35","bucket":"197","time":1585601533696,"group":{"id":"system.java","version":"1"},"event":{"state":true,"data":{"created":1585601534015},"id":"invoked"}}
{"recorder_version":"31","session":"de2f2a48ea95","build":"193.6494.35","bucket":"197","time":1585601533723,"group":{"id":"system.os","version":"3"},"event":{"state":true,"data":{"created":1585601534016,"version":"10.14"},"id":"Mac"}}
{"recorder_version":"31","session":"de2f2a48ea95","build":"193.6494.35","bucket":"197","time":1585601533723,"group":{"id":"system.os","version":"3"},"event":{"state":true,"data":{"created":1585601534016,"name":"Mac","version":"10.14"},"id":"os.name"}}
{"recorder_version":"31","session":"de2f2a48ea95","build":"193.6494.35","bucket":"197","time":1585601533723,"group":{"id":"system.os","version":"3"},"event":{"state":true,"data":{"created":1585601534016,"value":"-04_00"},"id":"os.timezone"}}
{"recorder_version":"31","session":"de2f2a48ea95","build":"193.6494.35","bucket":"197","time":1585601533723,"group":{"id":"system.os","version":"3"},"event":{"state":true,"data":{"created":1585601534017},"id":"invoked"}}
{"recorder_version":"31","session":"de2f2a48ea95","build":"193.6494.35","bucket":"197","time":1585601533841,"group":{"id":"settings","version":"4"},"event":{"state":true,"data":{"component":"UpdatesConfigurable","created":1585601534017,"name":"checkNeeded","type":"bool","value":false},"id":"not.default"}}
{"recorder_version":"31","session":"de2f2a48ea95","build":"193.6494.35","bucket":"197","time":1585601533842,"group":{"id":"settings","version":"4"},"event":{"state":true,"data":{"component":"UpdatesConfigurable","created":1585601534017},"id":"invoked"}}
{"recorder_version":"31","session":"de2f2a48ea95","build":"193.6494.35","bucket":"197","time":1585601533945,"group":{"id":"event.log","version":"31"},"event":{"count":1,"data":{"created":1585601534017,"version":"1194.0"},"id":"whitelist.loaded"}}
{"recorder_version":"31","session":"de2f2a48ea95","build":"193.6494.35","bucket":"197","time":1585601534077,"group":{"id":"settings","version":"4"},"event":{"state":true,"data":{"component":"GeneralSettings","created":1585601534083,"name":"showTipsOnStartup","type":"bool","value":false},"id":"not.default"}}
{"recorder_version":"31","session":"de2f2a48ea95","build":"193.6494.35","bucket":"197","time":1585601534077,"group":{"id":"settings","version":"4"},"event":{"state":true,"data":{"component":"GeneralSettings","created":1585601534084},"id":"invoked"}}
{"recorder_version":"31","session":"de2f2a48ea95","build":"193.6494.35","bucket":"197","time":1585601534123,"group":{"id":"lifecycle","version":"31"},"event":{"count":1,"data":{"internal":true,"eap":false,"created":1585601534123},"id":"ide.start"}}
{"recorder_version":"31","session":"de2f2a48ea95","build":"193.6494.35","bucket":"197","time":1585601534211,"group":{"id":"settings","version":"4"},"event":{"state":true,"data":{"component":"XmlEditorOptions","created":1585601534211},"id":"invoked"}}
{"recorder_version":"31","session":"de2f2a48ea95","build":"193.6494.35","bucket":"197","time":1585601534704,"group":{"id":"lifecycle","version":"31"},"event":{"count":1,"data":{"created":1585601534704},"id":"frame.activated"}}
{"recorder_version":"31","session":"de2f2a48ea95","build":"193.6494.35","bucket":"197","time":1585601534704,"group":{"id":"settings","version":"4"},"event":{"state":true,"data":{"component":"VcsApplicationSettings","created":1585601534705},"id":"invoked"}}
{"recorder_version":"31","session":"de2f2a48ea95","build":"193.6494.35","bucket":"197","time":1585601534736,"group":{"id":"performance","version":"31"},"event":{"count":1,"data":{"duration_ms":250,"created":1585601534736},"id":"ui.latency"}}
{"recorder_version":"31","session":"de2f2a48ea95","build":"193.6494.35","bucket":"197","time":1585601534736,"group":{"id":"performance","version":"31"},"event":{"count":1,"data":{"duration_ms":250,"created":1585601534737},"id":"ui.lagging"}}
{"recorder_version":"31","session":"de2f2a48ea95","build":"193.6494.35","bucket":"197","time":1585601534857,"group":{"id":"ui.dialogs","version":"31"},"event":{"count":1,"data":{"created":1585601534858,"plugin_type":"PLATFORM","dialog_class":"com.intellij.openapi.progress.util.ProgressDialog$MyDialogWrapper"},"id":"show"}}
{"recorder_version":"31","session":"de2f2a48ea95","build":"193.6494.35","bucket":"197","time":1585601536403,"group":{"id":"lifecycle","version":"31"},"event":{"count":1,"data":{"created":1585601536403,"project":"984dc00f1549fa535f2d186f3a9a6c29e1d93de0955a772968cfd5c04d3a9bb2"},"id":"project.opened"}}
{"recorder_version":"31","session":"de2f2a48ea95","build":"193.6494.35","bucket":"197","time":1585601536838,"group":{"id":"performance","version":"31"},"event":{"count":1,"data":{"duration_ms":345,"created":1585601536838},"id":"ui.lagging"}}
{"recorder_version":"31","session":"de2f2a48ea95","build":"193.6494.35","bucket":"197","time":1585601537151,"group":{"id":"indexing","version":"2"},"event":{"count":1,"data":{"ide_activity_id":1,"created":1585601537151,"project":"984dc00f1549fa535f2d186f3a9a6c29e1d93de0955a772968cfd5c04d3a9bb2"},"id":"started"}}
{"recorder_version":"31","session":"de2f2a48ea95","build":"193.6494.35","bucket":"197","time":1585601537189,"group":{"id":"indexing","version":"2"},"event":{"count":1,"data":{"ide_activity_id":1,"stage_class":"com.intellij.util.indexing.UnindexedFilesUpdater","created":1585601537189,"plugin_type":"PLATFORM"},"id":"stage"}}
{"recorder_version":"31","session":"de2f2a48ea95","build":"193.6494.35","bucket":"197","time":1585601537890,"group":{"id":"performance","version":"31"},"event":{"count":1,"data":{"duration_ms":396,"created":1585601537891},"id":"ui.lagging"}}
{"recorder_version":"31","session":"de2f2a48ea95","build":"193.6494.35","bucket":"197","time":1585601537997,"group":{"id":"toolwindow","version":"31"},"event":{"count":1,"data":{"ViewMode":"Dock_Pinned","created":1585601537997,"plugin_type":"PLATFORM","id":"Project","Location":"Left_Top"},"id":"activated"}}
{"recorder_version":"31","session":"de2f2a48ea95","build":"193.6494.35","bucket":"197","time":1585601538722,"group":{"id":"performance","version":"31"},"event":{"count":1,"data":{"duration_ms":227,"created":1585601538722},"id":"ui.lagging"}}
{"recorder_version":"31","session":"de2f2a48ea95","build":"193.6494.35","bucket":"197","time":1585601539021,"group":{"id":"project.fs","version":"1"},"event":{"state":true,"data":{"os":"Mac","cs-project":false,"created":1585601539021,"project":"984dc00f1549fa535f2d186f3a9a6c29e1d93de0955a772968cfd5c04d3a9bb2","cs-implicit":true,"cs-system":false},"id":"case-sensitivity"}}
{"recorder_version":"31","session":"de2f2a48ea95","build":"193.6494.35","bucket":"197","time":1585601539021,"group":{"id":"project.fs","version":"1"},"event":{"state":true,"data":{"created":1585601539021},"id":"invoked"}}
{"recorder_version":"31","session":"de2f2a48ea95","build":"193.6494.35","bucket":"197","time":1585601539021,"group":{"id":"project.fs","version":"1"},"event":{"state":true,"data":{"pct-non-watched":0,"created":1585601539021,"project":"984dc00f1549fa535f2d186f3a9a6c29e1d93de0955a772968cfd5c04d3a9bb2"},"id":"roots-watched"}}
{"recorder_version":"31","session":"de2f2a48ea95","build":"193.6494.35","bucket":"197","time":1585601539021,"group":{"id":"project.fs","version":"1"},"event":{"state":true,"data":{"created":1585601539022},"id":"invoked"}}
{"recorder_version":"31","session":"de2f2a48ea95","build":"193.6494.35","bucket":"197","time":1585601539146,"group":{"id":"ui.dialogs","version":"31"},"event":{"count":1,"data":{"code":1,"created":1585601539147,"plugin_type":"PLATFORM","dialog_class":"com.intellij.openapi.progress.util.ProgressDialog$MyDialogWrapper"},"id":"close"}}
{"recorder_version":"31","session":"de2f2a48ea95","build":"193.6494.35","bucket":"197","time":1585601539351,"group":{"id":"lifecycle","version":"31"},"event":{"count":1,"data":{"duration_ms":5134,"created":1585601539352,"project":"984dc00f1549fa535f2d186f3a9a6c29e1d93de0955a772968cfd5c04d3a9bb2"},"id":"project.opening.finished"}}
{"recorder_version":"31","session":"de2f2a48ea95","build":"193.6494.35","bucket":"197","time":1585601539413,"group":{"id":"indexing","version":"2"},"event":{"count":1,"data":{"duration_ms":2262,"ide_activity_id":1,"created":1585601539413},"id":"finished"}}
{"recorder_version":"31","session":"de2f2a48ea95","build":"193.6494.35","bucket":"197","time":1585601539597,"group":{"id":"indexing","version":"2"},"event":{"count":1,"data":{"ide_activity_id":2,"created":1585601539597,"project":"984dc00f1549fa535f2d186f3a9a6c29e1d93de0955a772968cfd5c04d3a9bb2"},"id":"started"}}
{"recorder_version":"31","session":"de2f2a48ea95","build":"193.6494.35","bucket":"197","time":1585601539613,"group":{"id":"indexing","version":"2"},"event":{"count":1,"data":{"ide_activity_id":2,"plugin":"org.jetbrains.android","stage_class":"com.android.tools.idea.res.ResourceFolderRepositoryFileCacheImpl$PruneTask","created":1585601539614,"plugin_type":"JB_BUNDLED"},"id":"stage"}}
{"recorder_version":"31","session":"de2f2a48ea95","build":"193.6494.35","bucket":"197","time":1585601539652,"group":{"id":"indexing","version":"2"},"event":{"count":1,"data":{"ide_activity_id":2,"plugin":"org.jetbrains.android","stage_class":"com.android.tools.idea.res.ResourceFolderRepositoryFileCacheImpl$ManageLruProjectFilesTask","created":1585601539652,"plugin_type":"JB_BUNDLED"},"id":"stage"}}
{"recorder_version":"31","session":"de2f2a48ea95","build":"193.6494.35","bucket":"197","time":1585601539678,"group":{"id":"indexing","version":"2"},"event":{"count":1,"data":{"duration_ms":81,"ide_activity_id":2,"created":1585601539678},"id":"finished"}}
{"recorder_version":"31","session":"de2f2a48ea95","build":"193.6494.35","bucket":"197","time":1585601539707,"group":{"id":"indexing","version":"2"},"event":{"count":1,"data":{"ide_activity_id":3,"created":1585601539708,"project":"984dc00f1549fa535f2d186f3a9a6c29e1d93de0955a772968cfd5c04d3a9bb2"},"id":"started"}}
{"recorder_version":"31","session":"de2f2a48ea95","build":"193.6494.35","bucket":"197","time":1585601539734,"group":{"id":"indexing","version":"2"},"event":{"count":1,"data":{"ide_activity_id":3,"plugin":"org.jetbrains.android","stage_class":"com.android.tools.idea.res.ResourceFolderRegistry$PopulateCachesTask","created":1585601539734,"plugin_type":"JB_BUNDLED"},"id":"stage"}}
{"recorder_version":"31","session":"de2f2a48ea95","build":"193.6494.35","bucket":"197","time":1585601539750,"group":{"id":"indexing","version":"2"},"event":{"count":1,"data":{"duration_ms":43,"ide_activity_id":3,"created":1585601539750},"id":"finished"}}
{"recorder_version":"31","session":"de2f2a48ea95","build":"193.6494.35","bucket":"197","time":1585601544164,"group":{"id":"startup","version":"1"},"event":{"count":1,"data":{"duration":1759,"created":1585601544165},"id":"appInit"}}
{"recorder_version":"31","session":"de2f2a48ea95","build":"193.6494.35","bucket":"197","time":1585601544165,"group":{"id":"startup","version":"1"},"event":{"count":1,"data":{"duration":329,"created":1585601544165},"id":"splash"}}
{"recorder_version":"31","session":"de2f2a48ea95","build":"193.6494.35","bucket":"197","time":1585601544165,"group":{"id":"startup","version":"1"},"event":{"count":1,"data":{"duration":223,"created":1585601544165},"id":"bootstrap"}}
{"recorder_version":"31","session":"de2f2a48ea95","build":"193.6494.35","bucket":"197","time":1585601544165,"group":{"id":"startup","version":"1"},"event":{"count":1,"data":{"duration":7553,"created":1585601544165},"id":"totalDuration"}}
{"recorder_version":"31","session":"de2f2a48ea95","build":"193.6494.35","bucket":"197","time":1585601544798,"group":{"id":"actions","version":"31"},"event":{"count":1,"data":{"context_menu":true,"action_id":"third.party","created":1585601544799,"plugin_type":"NOT_LISTED","project":"984dc00f1549fa535f2d186f3a9a6c29e1d93de0955a772968cfd5c04d3a9bb2","place":"MainMenu","class":"third.party","input_event":"NoMouseButton"},"id":"action.invoked"}}
{"recorder_version":"31","session":"de2f2a48ea95","build":"193.6494.35","bucket":"197","time":1585601546531,"group":{"id":"ui.dialogs","version":"31"},"event":{"count":1,"data":{"created":1585601546531,"plugin_type":"NOT_LISTED","dialog_class":"third.party"},"id":"show"}}
{"recorder_version":"31","session":"de2f2a48ea95","build":"193.6494.35","bucket":"197","time":1585601549707,"group":{"id":"ui.dialogs","version":"31"},"event":{"count":1,"data":{"code":0,"created":1585601549708,"plugin_type":"NOT_LISTED","dialog_class":"third.party"},"id":"close"}}
{"recorder_version":"31","session":"de2f2a48ea95","build":"193.6494.35","bucket":"197","time":1585601551305,"group":{"id":"ui.dialogs","version":"31"},"event":{"count":1,"data":{"created":1585601551306,"plugin_type":"NOT_LISTED","dialog_class":"third.party"},"id":"show"}}
{"recorder_version":"31","session":"de2f2a48ea95","build":"193.6494.35","bucket":"197","time":1585601557656,"group":{"id":"ui.dialogs","version":"31"},"event":{"count":1,"data":{"code":0,"created":1585601557656,"plugin_type":"NOT_LISTED","dialog_class":"third.party"},"id":"close"}}
{"recorder_version":"31","session":"de2f2a48ea95","build":"193.6494.35","bucket":"197","time":1585601557690,"group":{"id":"ui.dialogs","version":"31"},"event":{"count":1,"data":{"created":1585601557691,"plugin_type":"NOT_LISTED","dialog_class":"third.party"},"id":"show"}}
{"recorder_version":"31","session":"de2f2a48ea95","build":"193.6494.35","bucket":"197","time":1585601560370,"group":{"id":"ui.dialogs","version":"31"},"event":{"count":1,"data":{"code":0,"created":1585601560370,"plugin_type":"NOT_LISTED","dialog_class":"third.party"},"id":"close"}}
{"recorder_version":"31","session":"de2f2a48ea95","build":"193.6494.35","bucket":"197","time":1585601562187,"group":{"id":"ui.dialogs","version":"31"},"event":{"count":1,"data":{"created":1585601562187,"plugin_type":"NOT_LISTED","dialog_class":"third.party"},"id":"show"}}
{"recorder_version":"31","session":"de2f2a48ea95","build":"193.6494.35","bucket":"197","time":1585601567553,"group":{"id":"lifecycle","version":"31"},"event":{"count":1,"data":{"created":1585601567553,"project":"984dc00f1549fa535f2d186f3a9a6c29e1d93de0955a772968cfd5c04d3a9bb2"},"id":"frame.deactivated"}}
