{"recorder_version":"31","session":"962e82c35fc9","build":"193.6494.35","bucket":"197","time":1585611915803,"group":{"id":"settings","version":"4"},"event":{"state":true,"data":{"component":"NotRoamableUiSettings","created":1585611916071},"id":"invoked"}}
{"recorder_version":"31","session":"962e82c35fc9","build":"193.6494.35","bucket":"197","time":1585611915804,"group":{"id":"settings","version":"4"},"event":{"state":true,"data":{"component":"UISettings","created":1585611916072},"id":"invoked"}}
{"recorder_version":"31","session":"962e82c35fc9","build":"193.6494.35","bucket":"197","time":1585611915810,"group":{"id":"system.java","version":"1"},"event":{"state":true,"data":{"created":1585611916092,"version":"validation.undefined_rule"},"id":"validation.undefined_rule"}}
{"recorder_version":"31","session":"962e82c35fc9","build":"193.6494.35","bucket":"197","time":1585611915810,"group":{"id":"system.java","version":"1"},"event":{"state":true,"data":{"created":1585611916092},"id":"invoked"}}
{"recorder_version":"31","session":"962e82c35fc9","build":"193.6494.35","bucket":"197","time":1585611915843,"group":{"id":"system.os","version":"3"},"event":{"state":true,"data":{"created":1585611916093,"version":"10.14"},"id":"Mac"}}
{"recorder_version":"31","session":"962e82c35fc9","build":"193.6494.35","bucket":"197","time":1585611915843,"group":{"id":"system.os","version":"3"},"event":{"state":true,"data":{"created":1585611916093,"name":"Mac","version":"10.14"},"id":"os.name"}}
{"recorder_version":"31","session":"962e82c35fc9","build":"193.6494.35","bucket":"197","time":1585611915843,"group":{"id":"system.os","version":"3"},"event":{"state":true,"data":{"created":1585611916094,"value":"-04_00"},"id":"os.timezone"}}
{"recorder_version":"31","session":"962e82c35fc9","build":"193.6494.35","bucket":"197","time":1585611915843,"group":{"id":"system.os","version":"3"},"event":{"state":true,"data":{"created":1585611916094},"id":"invoked"}}
{"recorder_version":"31","session":"962e82c35fc9","build":"193.6494.35","bucket":"197","time":1585611915998,"group":{"id":"settings","version":"4"},"event":{"state":true,"data":{"component":"UpdatesConfigurable","created":1585611916094,"name":"checkNeeded","type":"bool","value":false},"id":"not.default"}}
{"recorder_version":"31","session":"962e82c35fc9","build":"193.6494.35","bucket":"197","time":1585611915998,"group":{"id":"settings","version":"4"},"event":{"state":true,"data":{"component":"UpdatesConfigurable","created":1585611916094},"id":"invoked"}}
{"recorder_version":"31","session":"962e82c35fc9","build":"193.6494.35","bucket":"197","time":1585611916040,"group":{"id":"event.log","version":"31"},"event":{"count":1,"data":{"created":1585611916095,"version":"1200.0"},"id":"whitelist.loaded"}}
{"recorder_version":"31","session":"962e82c35fc9","build":"193.6494.35","bucket":"197","time":1585611916168,"group":{"id":"settings","version":"4"},"event":{"state":true,"data":{"component":"GeneralSettings","created":1585611916168,"name":"showTipsOnStartup","type":"bool","value":false},"id":"not.default"}}
{"recorder_version":"31","session":"962e82c35fc9","build":"193.6494.35","bucket":"197","time":1585611916168,"group":{"id":"settings","version":"4"},"event":{"state":true,"data":{"component":"GeneralSettings","created":1585611916169},"id":"invoked"}}
{"recorder_version":"31","session":"962e82c35fc9","build":"193.6494.35","bucket":"197","time":1585611916180,"group":{"id":"lifecycle","version":"31"},"event":{"count":1,"data":{"internal":true,"eap":false,"created":1585611916181},"id":"ide.start"}}
{"recorder_version":"31","session":"962e82c35fc9","build":"193.6494.35","bucket":"197","time":1585611916274,"group":{"id":"settings","version":"4"},"event":{"state":true,"data":{"component":"XmlEditorOptions","created":1585611916274},"id":"invoked"}}
{"recorder_version":"31","session":"962e82c35fc9","build":"193.6494.35","bucket":"197","time":1585611916614,"group":{"id":"settings","version":"4"},"event":{"state":true,"data":{"component":"VcsApplicationSettings","created":1585611916614},"id":"invoked"}}
{"recorder_version":"31","session":"962e82c35fc9","build":"193.6494.35","bucket":"197","time":1585611916614,"group":{"id":"lifecycle","version":"31"},"event":{"count":1,"data":{"created":1585611916615},"id":"frame.activated"}}
{"recorder_version":"31","session":"962e82c35fc9","build":"193.6494.35","bucket":"197","time":1585611916851,"group":{"id":"ui.dialogs","version":"31"},"event":{"count":1,"data":{"created":1585611916851,"plugin_type":"PLATFORM","dialog_class":"com.intellij.openapi.progress.util.ProgressDialog$MyDialogWrapper"},"id":"show"}}
{"recorder_version":"31","session":"962e82c35fc9","build":"193.6494.35","bucket":"197","time":1585611916913,"group":{"id":"performance","version":"31"},"event":{"count":1,"data":{"duration_ms":216,"created":1585611916913},"id":"ui.latency"}}
{"recorder_version":"31","session":"962e82c35fc9","build":"193.6494.35","bucket":"197","time":1585611916913,"group":{"id":"performance","version":"31"},"event":{"count":1,"data":{"duration_ms":216,"created":1585611916914},"id":"ui.lagging"}}
{"recorder_version":"31","session":"962e82c35fc9","build":"193.6494.35","bucket":"197","time":1585611917726,"group":{"id":"lifecycle","version":"31"},"event":{"count":1,"data":{"created":1585611917727,"project":"984dc00f1549fa535f2d186f3a9a6c29e1d93de0955a772968cfd5c04d3a9bb2"},"id":"project.opened"}}
{"recorder_version":"31","session":"962e82c35fc9","build":"193.6494.35","bucket":"197","time":1585611918012,"group":{"id":"performance","version":"31"},"event":{"count":1,"data":{"duration_ms":318,"created":1585611918012},"id":"ui.lagging"}}
{"recorder_version":"31","session":"962e82c35fc9","build":"193.6494.35","bucket":"197","time":1585611918256,"group":{"id":"indexing","version":"2"},"event":{"count":1,"data":{"ide_activity_id":1,"created":1585611918256,"project":"984dc00f1549fa535f2d186f3a9a6c29e1d93de0955a772968cfd5c04d3a9bb2"},"id":"started"}}
{"recorder_version":"31","session":"962e82c35fc9","build":"193.6494.35","bucket":"197","time":1585611918298,"group":{"id":"indexing","version":"2"},"event":{"count":1,"data":{"ide_activity_id":1,"stage_class":"com.intellij.util.indexing.UnindexedFilesUpdater","created":1585611918299,"plugin_type":"PLATFORM"},"id":"stage"}}
{"recorder_version":"31","session":"962e82c35fc9","build":"193.6494.35","bucket":"197","time":1585611918898,"group":{"id":"toolwindow","version":"31"},"event":{"count":1,"data":{"ViewMode":"Dock_Pinned","created":1585611918899,"plugin_type":"PLATFORM","id":"Project","Location":"Left_Top"},"id":"activated"}}
{"recorder_version":"31","session":"962e82c35fc9","build":"193.6494.35","bucket":"197","time":1585611919805,"group":{"id":"project.fs","version":"1"},"event":{"state":true,"data":{"os":"Mac","cs-project":false,"created":1585611919805,"project":"984dc00f1549fa535f2d186f3a9a6c29e1d93de0955a772968cfd5c04d3a9bb2","cs-implicit":true,"cs-system":false},"id":"case-sensitivity"}}
{"recorder_version":"31","session":"962e82c35fc9","build":"193.6494.35","bucket":"197","time":1585611919805,"group":{"id":"project.fs","version":"1"},"event":{"state":true,"data":{"created":1585611919805},"id":"invoked"}}
{"recorder_version":"31","session":"962e82c35fc9","build":"193.6494.35","bucket":"197","time":1585611919807,"group":{"id":"project.fs","version":"1"},"event":{"state":true,"data":{"pct-non-watched":0,"created":1585611919807,"project":"984dc00f1549fa535f2d186f3a9a6c29e1d93de0955a772968cfd5c04d3a9bb2"},"id":"roots-watched"}}
{"recorder_version":"31","session":"962e82c35fc9","build":"193.6494.35","bucket":"197","time":1585611919807,"group":{"id":"project.fs","version":"1"},"event":{"state":true,"data":{"created":1585611919808},"id":"invoked"}}
{"recorder_version":"31","session":"962e82c35fc9","build":"193.6494.35","bucket":"197","time":1585611919898,"group":{"id":"ui.dialogs","version":"31"},"event":{"count":1,"data":{"code":1,"created":1585611919898,"plugin_type":"PLATFORM","dialog_class":"com.intellij.openapi.progress.util.ProgressDialog$MyDialogWrapper"},"id":"close"}}
{"recorder_version":"31","session":"962e82c35fc9","build":"193.6494.35","bucket":"197","time":1585611920003,"group":{"id":"lifecycle","version":"31"},"event":{"count":1,"data":{"duration_ms":3741,"created":1585611920004,"project":"984dc00f1549fa535f2d186f3a9a6c29e1d93de0955a772968cfd5c04d3a9bb2"},"id":"project.opening.finished"}}
{"recorder_version":"31","session":"962e82c35fc9","build":"193.6494.35","bucket":"197","time":1585611920478,"group":{"id":"indexing","version":"2"},"event":{"count":1,"data":{"duration_ms":2222,"ide_activity_id":1,"created":1585611920480},"id":"finished"}}
{"recorder_version":"31","session":"962e82c35fc9","build":"193.6494.35","bucket":"197","time":1585611920539,"group":{"id":"indexing","version":"2"},"event":{"count":1,"data":{"ide_activity_id":2,"created":1585611920539,"project":"984dc00f1549fa535f2d186f3a9a6c29e1d93de0955a772968cfd5c04d3a9bb2"},"id":"started"}}
{"recorder_version":"31","session":"962e82c35fc9","build":"193.6494.35","bucket":"197","time":1585611920563,"group":{"id":"indexing","version":"2"},"event":{"count":1,"data":{"ide_activity_id":2,"plugin":"org.jetbrains.android","stage_class":"com.android.tools.idea.res.ResourceFolderRepositoryFileCacheImpl$PruneTask","created":1585611920564,"plugin_type":"JB_BUNDLED"},"id":"stage"}}
{"recorder_version":"31","session":"962e82c35fc9","build":"193.6494.35","bucket":"197","time":1585611920611,"group":{"id":"indexing","version":"2"},"event":{"count":1,"data":{"ide_activity_id":2,"plugin":"org.jetbrains.android","stage_class":"com.android.tools.idea.res.ResourceFolderRepositoryFileCacheImpl$ManageLruProjectFilesTask","created":1585611920611,"plugin_type":"JB_BUNDLED"},"id":"stage"}}
{"recorder_version":"31","session":"962e82c35fc9","build":"193.6494.35","bucket":"197","time":1585611920652,"group":{"id":"indexing","version":"2"},"event":{"count":1,"data":{"duration_ms":113,"ide_activity_id":2,"created":1585611920652},"id":"finished"}}
{"recorder_version":"31","session":"962e82c35fc9","build":"193.6494.35","bucket":"197","time":1585611920680,"group":{"id":"indexing","version":"2"},"event":{"count":1,"data":{"ide_activity_id":3,"created":1585611920681,"project":"984dc00f1549fa535f2d186f3a9a6c29e1d93de0955a772968cfd5c04d3a9bb2"},"id":"started"}}
{"recorder_version":"31","session":"962e82c35fc9","build":"193.6494.35","bucket":"197","time":1585611920699,"group":{"id":"indexing","version":"2"},"event":{"count":1,"data":{"ide_activity_id":3,"plugin":"org.jetbrains.android","stage_class":"com.android.tools.idea.res.ResourceFolderRegistry$PopulateCachesTask","created":1585611920699,"plugin_type":"JB_BUNDLED"},"id":"stage"}}
{"recorder_version":"31","session":"962e82c35fc9","build":"193.6494.35","bucket":"197","time":1585611920715,"group":{"id":"indexing","version":"2"},"event":{"count":1,"data":{"duration_ms":35,"ide_activity_id":3,"created":1585611920716},"id":"finished"}}
{"recorder_version":"31","session":"962e82c35fc9","build":"193.6494.35","bucket":"197","time":1585611923278,"group":{"id":"actions","version":"31"},"event":{"count":1,"data":{"context_menu":true,"action_id":"third.party","created":1585611923278,"plugin_type":"NOT_LISTED","project":"984dc00f1549fa535f2d186f3a9a6c29e1d93de0955a772968cfd5c04d3a9bb2","place":"MainMenu","class":"third.party","input_event":"NoMouseButton"},"id":"action.invoked"}}
{"recorder_version":"31","session":"962e82c35fc9","build":"193.6494.35","bucket":"197","time":1585611924646,"group":{"id":"ui.dialogs","version":"31"},"event":{"count":1,"data":{"created":1585611924647,"plugin_type":"NOT_LISTED","dialog_class":"third.party"},"id":"show"}}
{"recorder_version":"31","session":"962e82c35fc9","build":"193.6494.35","bucket":"197","time":1585611924908,"group":{"id":"startup","version":"1"},"event":{"count":1,"data":{"duration":1470,"created":1585611924908},"id":"appInit"}}
{"recorder_version":"31","session":"962e82c35fc9","build":"193.6494.35","bucket":"197","time":1585611924908,"group":{"id":"startup","version":"1"},"event":{"count":1,"data":{"duration":425,"created":1585611924909},"id":"splash"}}
{"recorder_version":"31","session":"962e82c35fc9","build":"193.6494.35","bucket":"197","time":1585611924908,"group":{"id":"startup","version":"1"},"event":{"count":1,"data":{"duration":196,"created":1585611924909},"id":"bootstrap"}}
{"recorder_version":"31","session":"962e82c35fc9","build":"193.6494.35","bucket":"197","time":1585611924908,"group":{"id":"startup","version":"1"},"event":{"count":1,"data":{"duration":5846,"created":1585611924909},"id":"totalDuration"}}
{"recorder_version":"31","session":"962e82c35fc9","build":"193.6494.35","bucket":"197","time":1585611929245,"group":{"id":"ui.dialogs","version":"31"},"event":{"count":1,"data":{"code":0,"created":1585611929246,"plugin_type":"NOT_LISTED","dialog_class":"third.party"},"id":"close"}}
{"recorder_version":"31","session":"962e82c35fc9","build":"193.6494.35","bucket":"197","time":1585611931052,"group":{"id":"ui.dialogs","version":"31"},"event":{"count":1,"data":{"created":1585611931052,"plugin_type":"NOT_LISTED","dialog_class":"third.party"},"id":"show"}}
{"recorder_version":"31","session":"962e82c35fc9","build":"193.6494.35","bucket":"197","time":1585611934307,"group":{"id":"ui.dialogs","version":"31"},"event":{"count":1,"data":{"code":0,"created":1585611934307,"plugin_type":"NOT_LISTED","dialog_class":"third.party"},"id":"close"}}
{"recorder_version":"31","session":"962e82c35fc9","build":"193.6494.35","bucket":"197","time":1585611934334,"group":{"id":"ui.dialogs","version":"31"},"event":{"count":1,"data":{"created":1585611934335,"plugin_type":"NOT_LISTED","dialog_class":"third.party"},"id":"show"}}
{"recorder_version":"31","session":"962e82c35fc9","build":"193.6494.35","bucket":"197","time":1585611935874,"group":{"id":"ui.dialogs","version":"31"},"event":{"count":1,"data":{"code":0,"created":1585611935875,"plugin_type":"NOT_LISTED","dialog_class":"third.party"},"id":"close"}}
