{"recorder_version":"31","session":"6b6d3bd0deb8","build":"193.6494.35","bucket":"197","time":1585612490919,"group":{"id":"settings","version":"4"},"event":{"state":true,"data":{"component":"NotRoamableUiSettings","created":1585612491210},"id":"invoked"}}
{"recorder_version":"31","session":"6b6d3bd0deb8","build":"193.6494.35","bucket":"197","time":1585612490919,"group":{"id":"settings","version":"4"},"event":{"state":true,"data":{"component":"UISettings","created":1585612491211},"id":"invoked"}}
{"recorder_version":"31","session":"6b6d3bd0deb8","build":"193.6494.35","bucket":"197","time":1585612490928,"group":{"id":"system.java","version":"1"},"event":{"state":true,"data":{"created":1585612491217,"version":"validation.undefined_rule"},"id":"validation.undefined_rule"}}
{"recorder_version":"31","session":"6b6d3bd0deb8","build":"193.6494.35","bucket":"197","time":1585612490928,"group":{"id":"system.java","version":"1"},"event":{"state":true,"data":{"created":1585612491217},"id":"invoked"}}
{"recorder_version":"31","session":"6b6d3bd0deb8","build":"193.6494.35","bucket":"197","time":1585612490951,"group":{"id":"system.os","version":"3"},"event":{"state":true,"data":{"created":1585612491217,"version":"10.14"},"id":"Mac"}}
{"recorder_version":"31","session":"6b6d3bd0deb8","build":"193.6494.35","bucket":"197","time":1585612490951,"group":{"id":"system.os","version":"3"},"event":{"state":true,"data":{"created":1585612491218,"name":"Mac","version":"10.14"},"id":"os.name"}}
{"recorder_version":"31","session":"6b6d3bd0deb8","build":"193.6494.35","bucket":"197","time":1585612490951,"group":{"id":"system.os","version":"3"},"event":{"state":true,"data":{"created":1585612491218,"value":"-04_00"},"id":"os.timezone"}}
{"recorder_version":"31","session":"6b6d3bd0deb8","build":"193.6494.35","bucket":"197","time":1585612490951,"group":{"id":"system.os","version":"3"},"event":{"state":true,"data":{"created":1585612491219},"id":"invoked"}}
{"recorder_version":"31","session":"6b6d3bd0deb8","build":"193.6494.35","bucket":"197","time":1585612491111,"group":{"id":"settings","version":"4"},"event":{"state":true,"data":{"component":"UpdatesConfigurable","created":1585612491219,"name":"checkNeeded","type":"bool","value":false},"id":"not.default"}}
{"recorder_version":"31","session":"6b6d3bd0deb8","build":"193.6494.35","bucket":"197","time":1585612491111,"group":{"id":"settings","version":"4"},"event":{"state":true,"data":{"component":"UpdatesConfigurable","created":1585612491219},"id":"invoked"}}
{"recorder_version":"31","session":"6b6d3bd0deb8","build":"193.6494.35","bucket":"197","time":1585612491180,"group":{"id":"event.log","version":"31"},"event":{"count":1,"data":{"created":1585612491220,"version":"1200.0"},"id":"whitelist.loaded"}}
{"recorder_version":"31","session":"6b6d3bd0deb8","build":"193.6494.35","bucket":"197","time":1585612491291,"group":{"id":"settings","version":"4"},"event":{"state":true,"data":{"component":"GeneralSettings","created":1585612491292,"name":"showTipsOnStartup","type":"bool","value":false},"id":"not.default"}}
{"recorder_version":"31","session":"6b6d3bd0deb8","build":"193.6494.35","bucket":"197","time":1585612491292,"group":{"id":"settings","version":"4"},"event":{"state":true,"data":{"component":"GeneralSettings","created":1585612491294},"id":"invoked"}}
{"recorder_version":"31","session":"6b6d3bd0deb8","build":"193.6494.35","bucket":"197","time":1585612491311,"group":{"id":"lifecycle","version":"31"},"event":{"count":1,"data":{"internal":true,"eap":false,"created":1585612491311},"id":"ide.start"}}
{"recorder_version":"31","session":"6b6d3bd0deb8","build":"193.6494.35","bucket":"197","time":1585612491403,"group":{"id":"settings","version":"4"},"event":{"state":true,"data":{"component":"XmlEditorOptions","created":1585612491403},"id":"invoked"}}
{"recorder_version":"31","session":"6b6d3bd0deb8","build":"193.6494.35","bucket":"197","time":1585612491734,"group":{"id":"settings","version":"4"},"event":{"state":true,"data":{"component":"VcsApplicationSettings","created":1585612491734},"id":"invoked"}}
{"recorder_version":"31","session":"6b6d3bd0deb8","build":"193.6494.35","bucket":"197","time":1585612491734,"group":{"id":"lifecycle","version":"31"},"event":{"count":1,"data":{"created":1585612491734},"id":"frame.activated"}}
{"recorder_version":"31","session":"6b6d3bd0deb8","build":"193.6494.35","bucket":"197","time":1585612491834,"group":{"id":"ui.dialogs","version":"31"},"event":{"count":1,"data":{"created":1585612491835,"plugin_type":"PLATFORM","dialog_class":"com.intellij.openapi.progress.util.ProgressDialog$MyDialogWrapper"},"id":"show"}}
{"recorder_version":"31","session":"6b6d3bd0deb8","build":"193.6494.35","bucket":"197","time":1585612491902,"group":{"id":"performance","version":"31"},"event":{"count":1,"data":{"duration_ms":86,"created":1585612491902},"id":"ui.latency"}}
{"recorder_version":"31","session":"6b6d3bd0deb8","build":"193.6494.35","bucket":"197","time":1585612492907,"group":{"id":"lifecycle","version":"31"},"event":{"count":1,"data":{"created":1585612492908,"project":"984dc00f1549fa535f2d186f3a9a6c29e1d93de0955a772968cfd5c04d3a9bb2"},"id":"project.opened"}}
{"recorder_version":"31","session":"6b6d3bd0deb8","build":"193.6494.35","bucket":"197","time":1585612493169,"group":{"id":"performance","version":"31"},"event":{"count":1,"data":{"duration_ms":356,"created":1585612493169},"id":"ui.lagging"}}
{"recorder_version":"31","session":"6b6d3bd0deb8","build":"193.6494.35","bucket":"197","time":1585612493473,"group":{"id":"indexing","version":"2"},"event":{"count":1,"data":{"ide_activity_id":1,"created":1585612493473,"project":"984dc00f1549fa535f2d186f3a9a6c29e1d93de0955a772968cfd5c04d3a9bb2"},"id":"started"}}
{"recorder_version":"31","session":"6b6d3bd0deb8","build":"193.6494.35","bucket":"197","time":1585612493506,"group":{"id":"indexing","version":"2"},"event":{"count":1,"data":{"ide_activity_id":1,"stage_class":"com.intellij.util.indexing.UnindexedFilesUpdater","created":1585612493506,"plugin_type":"PLATFORM"},"id":"stage"}}
{"recorder_version":"31","session":"6b6d3bd0deb8","build":"193.6494.35","bucket":"197","time":1585612493926,"group":{"id":"performance","version":"31"},"event":{"count":1,"data":{"duration_ms":112,"created":1585612493926},"id":"ui.lagging"}}
{"recorder_version":"31","session":"6b6d3bd0deb8","build":"193.6494.35","bucket":"197","time":1585612494040,"group":{"id":"toolwindow","version":"31"},"event":{"count":1,"data":{"ViewMode":"Dock_Pinned","created":1585612494040,"plugin_type":"PLATFORM","id":"Project","Location":"Left_Top"},"id":"activated"}}
{"recorder_version":"31","session":"6b6d3bd0deb8","build":"193.6494.35","bucket":"197","time":1585612494894,"group":{"id":"project.fs","version":"1"},"event":{"state":true,"data":{"os":"Mac","cs-project":false,"created":1585612494894,"project":"984dc00f1549fa535f2d186f3a9a6c29e1d93de0955a772968cfd5c04d3a9bb2","cs-implicit":true,"cs-system":false},"id":"case-sensitivity"}}
{"recorder_version":"31","session":"6b6d3bd0deb8","build":"193.6494.35","bucket":"197","time":1585612494894,"group":{"id":"project.fs","version":"1"},"event":{"state":true,"data":{"created":1585612494895},"id":"invoked"}}
{"recorder_version":"31","session":"6b6d3bd0deb8","build":"193.6494.35","bucket":"197","time":1585612494895,"group":{"id":"project.fs","version":"1"},"event":{"state":true,"data":{"pct-non-watched":0,"created":1585612494895,"project":"984dc00f1549fa535f2d186f3a9a6c29e1d93de0955a772968cfd5c04d3a9bb2"},"id":"roots-watched"}}
{"recorder_version":"31","session":"6b6d3bd0deb8","build":"193.6494.35","bucket":"197","time":1585612494895,"group":{"id":"project.fs","version":"1"},"event":{"state":true,"data":{"created":1585612494895},"id":"invoked"}}
{"recorder_version":"31","session":"6b6d3bd0deb8","build":"193.6494.35","bucket":"197","time":1585612494985,"group":{"id":"ui.dialogs","version":"31"},"event":{"count":1,"data":{"code":1,"created":1585612494985,"plugin_type":"PLATFORM","dialog_class":"com.intellij.openapi.progress.util.ProgressDialog$MyDialogWrapper"},"id":"close"}}
{"recorder_version":"31","session":"6b6d3bd0deb8","build":"193.6494.35","bucket":"197","time":1585612495085,"group":{"id":"lifecycle","version":"31"},"event":{"count":1,"data":{"duration_ms":3673,"created":1585612495085,"project":"984dc00f1549fa535f2d186f3a9a6c29e1d93de0955a772968cfd5c04d3a9bb2"},"id":"project.opening.finished"}}
{"recorder_version":"31","session":"6b6d3bd0deb8","build":"193.6494.35","bucket":"197","time":1585612495719,"group":{"id":"indexing","version":"2"},"event":{"count":1,"data":{"duration_ms":2246,"ide_activity_id":1,"created":1585612495720},"id":"finished"}}
{"recorder_version":"31","session":"6b6d3bd0deb8","build":"193.6494.35","bucket":"197","time":1585612495788,"group":{"id":"indexing","version":"2"},"event":{"count":1,"data":{"ide_activity_id":2,"created":1585612495790,"project":"984dc00f1549fa535f2d186f3a9a6c29e1d93de0955a772968cfd5c04d3a9bb2"},"id":"started"}}
{"recorder_version":"31","session":"6b6d3bd0deb8","build":"193.6494.35","bucket":"197","time":1585612495826,"group":{"id":"indexing","version":"2"},"event":{"count":1,"data":{"ide_activity_id":2,"plugin":"org.jetbrains.android","stage_class":"com.android.tools.idea.res.ResourceFolderRepositoryFileCacheImpl$PruneTask","created":1585612495826,"plugin_type":"JB_BUNDLED"},"id":"stage"}}
{"recorder_version":"31","session":"6b6d3bd0deb8","build":"193.6494.35","bucket":"197","time":1585612495843,"group":{"id":"indexing","version":"2"},"event":{"count":1,"data":{"ide_activity_id":2,"plugin":"org.jetbrains.android","stage_class":"com.android.tools.idea.res.ResourceFolderRepositoryFileCacheImpl$ManageLruProjectFilesTask","created":1585612495843,"plugin_type":"JB_BUNDLED"},"id":"stage"}}
{"recorder_version":"31","session":"6b6d3bd0deb8","build":"193.6494.35","bucket":"197","time":1585612495882,"group":{"id":"indexing","version":"2"},"event":{"count":1,"data":{"duration_ms":94,"ide_activity_id":2,"created":1585612495882},"id":"finished"}}
{"recorder_version":"31","session":"6b6d3bd0deb8","build":"193.6494.35","bucket":"197","time":1585612495909,"group":{"id":"indexing","version":"2"},"event":{"count":1,"data":{"ide_activity_id":3,"created":1585612495909,"project":"984dc00f1549fa535f2d186f3a9a6c29e1d93de0955a772968cfd5c04d3a9bb2"},"id":"started"}}
{"recorder_version":"31","session":"6b6d3bd0deb8","build":"193.6494.35","bucket":"197","time":1585612495935,"group":{"id":"indexing","version":"2"},"event":{"count":1,"data":{"ide_activity_id":3,"plugin":"org.jetbrains.android","stage_class":"com.android.tools.idea.res.ResourceFolderRegistry$PopulateCachesTask","created":1585612495935,"plugin_type":"JB_BUNDLED"},"id":"stage"}}
{"recorder_version":"31","session":"6b6d3bd0deb8","build":"193.6494.35","bucket":"197","time":1585612495947,"group":{"id":"indexing","version":"2"},"event":{"count":1,"data":{"duration_ms":38,"ide_activity_id":3,"created":1585612495947},"id":"finished"}}
{"recorder_version":"31","session":"6b6d3bd0deb8","build":"193.6494.35","bucket":"197","time":1585612498035,"group":{"id":"actions","version":"31"},"event":{"count":1,"data":{"context_menu":true,"action_id":"third.party","created":1585612498035,"plugin_type":"NOT_LISTED","project":"984dc00f1549fa535f2d186f3a9a6c29e1d93de0955a772968cfd5c04d3a9bb2","place":"MainMenu","class":"third.party","input_event":"NoMouseButton"},"id":"action.invoked"}}
{"recorder_version":"31","session":"6b6d3bd0deb8","build":"193.6494.35","bucket":"197","time":1585612499511,"group":{"id":"ui.dialogs","version":"31"},"event":{"count":1,"data":{"created":1585612499512,"plugin_type":"NOT_LISTED","dialog_class":"third.party"},"id":"show"}}
{"recorder_version":"31","session":"6b6d3bd0deb8","build":"193.6494.35","bucket":"197","time":1585612499996,"group":{"id":"startup","version":"1"},"event":{"count":1,"data":{"duration":1383,"created":1585612499997},"id":"appInit"}}
{"recorder_version":"31","session":"6b6d3bd0deb8","build":"193.6494.35","bucket":"197","time":1585612499996,"group":{"id":"startup","version":"1"},"event":{"count":1,"data":{"duration":279,"created":1585612499997},"id":"splash"}}
{"recorder_version":"31","session":"6b6d3bd0deb8","build":"193.6494.35","bucket":"197","time":1585612499996,"group":{"id":"startup","version":"1"},"event":{"count":1,"data":{"duration":177,"created":1585612499997},"id":"bootstrap"}}
{"recorder_version":"31","session":"6b6d3bd0deb8","build":"193.6494.35","bucket":"197","time":1585612499997,"group":{"id":"startup","version":"1"},"event":{"count":1,"data":{"duration":5765,"created":1585612499997},"id":"totalDuration"}}
{"recorder_version":"31","session":"6b6d3bd0deb8","build":"193.6494.35","bucket":"197","time":1585612502400,"group":{"id":"actions","version":"31"},"event":{"count":1,"data":{"context_menu":false,"action_id":"EditorBackSpace","created":1585612502400,"plugin_type":"PLATFORM","project":"984dc00f1549fa535f2d186f3a9a6c29e1d93de0955a772968cfd5c04d3a9bb2","place":"keyboard_shortcut","class":"com.intellij.openapi.editor.actions.BackspaceAction","input_event":"Backspace"},"id":"action.invoked"}}
{"recorder_version":"31","session":"6b6d3bd0deb8","build":"193.6494.35","bucket":"197","time":1585612503140,"group":{"id":"ui.dialogs","version":"31"},"event":{"count":1,"data":{"code":0,"created":1585612503140,"plugin_type":"NOT_LISTED","dialog_class":"third.party"},"id":"close"}}
{"recorder_version":"31","session":"6b6d3bd0deb8","build":"193.6494.35","bucket":"197","time":1585612504546,"group":{"id":"ui.dialogs","version":"31"},"event":{"count":1,"data":{"created":1585612504546,"plugin_type":"NOT_LISTED","dialog_class":"third.party"},"id":"show"}}
{"recorder_version":"31","session":"6b6d3bd0deb8","build":"193.6494.35","bucket":"197","time":1585612507482,"group":{"id":"ui.dialogs","version":"31"},"event":{"count":1,"data":{"code":0,"created":1585612507482,"plugin_type":"NOT_LISTED","dialog_class":"third.party"},"id":"close"}}
{"recorder_version":"31","session":"6b6d3bd0deb8","build":"193.6494.35","bucket":"197","time":1585612507508,"group":{"id":"ui.dialogs","version":"31"},"event":{"count":1,"data":{"created":1585612507508,"plugin_type":"NOT_LISTED","dialog_class":"third.party"},"id":"show"}}
{"recorder_version":"31","session":"6b6d3bd0deb8","build":"193.6494.35","bucket":"197","time":1585612509664,"group":{"id":"ui.dialogs","version":"31"},"event":{"count":1,"data":{"code":0,"created":1585612509664,"plugin_type":"NOT_LISTED","dialog_class":"third.party"},"id":"close"}}
{"recorder_version":"31","session":"6b6d3bd0deb8","build":"193.6494.35","bucket":"197","time":1585612509700,"group":{"id":"ui.dialogs","version":"31"},"event":{"count":1,"data":{"created":1585612509701,"plugin_type":"NOT_LISTED","dialog_class":"third.party"},"id":"show"}}
{"recorder_version":"31","session":"6b6d3bd0deb8","build":"193.6494.35","bucket":"197","time":1585612514071,"group":{"id":"ui.dialogs","version":"31"},"event":{"count":1,"data":{"code":0,"created":1585612514071,"plugin_type":"NOT_LISTED","dialog_class":"third.party"},"id":"close"}}
{"recorder_version":"31","session":"6b6d3bd0deb8","build":"193.6494.35","bucket":"197","time":1585612514104,"group":{"id":"ui.dialogs","version":"31"},"event":{"count":1,"data":{"created":1585612514104,"plugin_type":"NOT_LISTED","dialog_class":"third.party"},"id":"show"}}
{"recorder_version":"31","session":"6b6d3bd0deb8","build":"193.6494.35","bucket":"197","time":1585612516649,"group":{"id":"lifecycle","version":"31"},"event":{"count":1,"data":{"created":1585612516649,"project":"984dc00f1549fa535f2d186f3a9a6c29e1d93de0955a772968cfd5c04d3a9bb2"},"id":"frame.deactivated"}}
