{"recorder_version":"31","session":"5674315d3739","build":"193.6494.35","bucket":"197","time":1585612763458,"group":{"id":"settings","version":"4"},"event":{"state":true,"data":{"component":"NotRoamableUiSettings","created":1585612763758},"id":"invoked"}}
{"recorder_version":"31","session":"5674315d3739","build":"193.6494.35","bucket":"197","time":1585612763458,"group":{"id":"settings","version":"4"},"event":{"state":true,"data":{"component":"UISettings","created":1585612763760},"id":"invoked"}}
{"recorder_version":"31","session":"5674315d3739","build":"193.6494.35","bucket":"197","time":1585612763461,"group":{"id":"system.java","version":"1"},"event":{"state":true,"data":{"created":1585612763772,"version":"validation.undefined_rule"},"id":"validation.undefined_rule"}}
{"recorder_version":"31","session":"5674315d3739","build":"193.6494.35","bucket":"197","time":1585612763461,"group":{"id":"system.java","version":"1"},"event":{"state":true,"data":{"created":1585612763773},"id":"invoked"}}
{"recorder_version":"31","session":"5674315d3739","build":"193.6494.35","bucket":"197","time":1585612763484,"group":{"id":"system.os","version":"3"},"event":{"state":true,"data":{"created":1585612763773,"version":"10.14"},"id":"Mac"}}
{"recorder_version":"31","session":"5674315d3739","build":"193.6494.35","bucket":"197","time":1585612763484,"group":{"id":"system.os","version":"3"},"event":{"state":true,"data":{"created":1585612763773,"name":"Mac","version":"10.14"},"id":"os.name"}}
{"recorder_version":"31","session":"5674315d3739","build":"193.6494.35","bucket":"197","time":1585612763484,"group":{"id":"system.os","version":"3"},"event":{"state":true,"data":{"created":1585612763774,"value":"-04_00"},"id":"os.timezone"}}
{"recorder_version":"31","session":"5674315d3739","build":"193.6494.35","bucket":"197","time":1585612763484,"group":{"id":"system.os","version":"3"},"event":{"state":true,"data":{"created":1585612763774},"id":"invoked"}}
{"recorder_version":"31","session":"5674315d3739","build":"193.6494.35","bucket":"197","time":1585612763665,"group":{"id":"settings","version":"4"},"event":{"state":true,"data":{"component":"UpdatesConfigurable","created":1585612763774,"name":"checkNeeded","type":"bool","value":false},"id":"not.default"}}
{"recorder_version":"31","session":"5674315d3739","build":"193.6494.35","bucket":"197","time":1585612763665,"group":{"id":"settings","version":"4"},"event":{"state":true,"data":{"component":"UpdatesConfigurable","created":1585612763775},"id":"invoked"}}
{"recorder_version":"31","session":"5674315d3739","build":"193.6494.35","bucket":"197","time":1585612763722,"group":{"id":"event.log","version":"31"},"event":{"count":1,"data":{"created":1585612763775,"version":"1200.0"},"id":"whitelist.loaded"}}
{"recorder_version":"31","session":"5674315d3739","build":"193.6494.35","bucket":"197","time":1585612763832,"group":{"id":"settings","version":"4"},"event":{"state":true,"data":{"component":"GeneralSettings","created":1585612763839,"name":"showTipsOnStartup","type":"bool","value":false},"id":"not.default"}}
{"recorder_version":"31","session":"5674315d3739","build":"193.6494.35","bucket":"197","time":1585612763838,"group":{"id":"settings","version":"4"},"event":{"state":true,"data":{"component":"GeneralSettings","created":1585612763840},"id":"invoked"}}
{"recorder_version":"31","session":"5674315d3739","build":"193.6494.35","bucket":"197","time":1585612763910,"group":{"id":"lifecycle","version":"31"},"event":{"count":1,"data":{"internal":true,"eap":false,"created":1585612763911},"id":"ide.start"}}
{"recorder_version":"31","session":"5674315d3739","build":"193.6494.35","bucket":"197","time":1585612763936,"group":{"id":"settings","version":"4"},"event":{"state":true,"data":{"component":"XmlEditorOptions","created":1585612763936},"id":"invoked"}}
{"recorder_version":"31","session":"5674315d3739","build":"193.6494.35","bucket":"197","time":1585612764263,"group":{"id":"settings","version":"4"},"event":{"state":true,"data":{"component":"VcsApplicationSettings","created":1585612764263},"id":"invoked"}}
{"recorder_version":"31","session":"5674315d3739","build":"193.6494.35","bucket":"197","time":1585612764263,"group":{"id":"lifecycle","version":"31"},"event":{"count":1,"data":{"created":1585612764263},"id":"frame.activated"}}
{"recorder_version":"31","session":"5674315d3739","build":"193.6494.35","bucket":"197","time":1585612764375,"group":{"id":"ui.dialogs","version":"31"},"event":{"count":1,"data":{"created":1585612764376,"plugin_type":"PLATFORM","dialog_class":"com.intellij.openapi.progress.util.ProgressDialog$MyDialogWrapper"},"id":"show"}}
{"recorder_version":"31","session":"5674315d3739","build":"193.6494.35","bucket":"197","time":1585612764471,"group":{"id":"performance","version":"31"},"event":{"count":1,"data":{"duration_ms":118,"created":1585612764471},"id":"ui.latency"}}
{"recorder_version":"31","session":"5674315d3739","build":"193.6494.35","bucket":"197","time":1585612764471,"group":{"id":"performance","version":"31"},"event":{"count":1,"data":{"duration_ms":118,"created":1585612764471},"id":"ui.lagging"}}
{"recorder_version":"31","session":"5674315d3739","build":"193.6494.35","bucket":"197","time":1585612765419,"group":{"id":"lifecycle","version":"31"},"event":{"count":1,"data":{"created":1585612765419,"project":"984dc00f1549fa535f2d186f3a9a6c29e1d93de0955a772968cfd5c04d3a9bb2"},"id":"project.opened"}}
{"recorder_version":"31","session":"5674315d3739","build":"193.6494.35","bucket":"197","time":1585612765657,"group":{"id":"performance","version":"31"},"event":{"count":1,"data":{"duration_ms":307,"created":1585612765657},"id":"ui.lagging"}}
{"recorder_version":"31","session":"5674315d3739","build":"193.6494.35","bucket":"197","time":1585612765967,"group":{"id":"indexing","version":"2"},"event":{"count":1,"data":{"ide_activity_id":1,"created":1585612765967,"project":"984dc00f1549fa535f2d186f3a9a6c29e1d93de0955a772968cfd5c04d3a9bb2"},"id":"started"}}
{"recorder_version":"31","session":"5674315d3739","build":"193.6494.35","bucket":"197","time":1585612766005,"group":{"id":"indexing","version":"2"},"event":{"count":1,"data":{"ide_activity_id":1,"stage_class":"com.intellij.util.indexing.UnindexedFilesUpdater","created":1585612766005,"plugin_type":"PLATFORM"},"id":"stage"}}
{"recorder_version":"31","session":"5674315d3739","build":"193.6494.35","bucket":"197","time":1585612766542,"group":{"id":"toolwindow","version":"31"},"event":{"count":1,"data":{"ViewMode":"Dock_Pinned","created":1585612766542,"plugin_type":"PLATFORM","id":"Project","Location":"Left_Top"},"id":"activated"}}
{"recorder_version":"31","session":"5674315d3739","build":"193.6494.35","bucket":"197","time":1585612767487,"group":{"id":"project.fs","version":"1"},"event":{"state":true,"data":{"os":"Mac","cs-project":false,"created":1585612767487,"project":"984dc00f1549fa535f2d186f3a9a6c29e1d93de0955a772968cfd5c04d3a9bb2","cs-implicit":true,"cs-system":false},"id":"case-sensitivity"}}
{"recorder_version":"31","session":"5674315d3739","build":"193.6494.35","bucket":"197","time":1585612767487,"group":{"id":"project.fs","version":"1"},"event":{"state":true,"data":{"created":1585612767488},"id":"invoked"}}
{"recorder_version":"31","session":"5674315d3739","build":"193.6494.35","bucket":"197","time":1585612767488,"group":{"id":"project.fs","version":"1"},"event":{"state":true,"data":{"pct-non-watched":0,"created":1585612767488,"project":"984dc00f1549fa535f2d186f3a9a6c29e1d93de0955a772968cfd5c04d3a9bb2"},"id":"roots-watched"}}
{"recorder_version":"31","session":"5674315d3739","build":"193.6494.35","bucket":"197","time":1585612767488,"group":{"id":"project.fs","version":"1"},"event":{"state":true,"data":{"created":1585612767488},"id":"invoked"}}
{"recorder_version":"31","session":"5674315d3739","build":"193.6494.35","bucket":"197","time":1585612767588,"group":{"id":"ui.dialogs","version":"31"},"event":{"count":1,"data":{"code":1,"created":1585612767588,"plugin_type":"PLATFORM","dialog_class":"com.intellij.openapi.progress.util.ProgressDialog$MyDialogWrapper"},"id":"close"}}
{"recorder_version":"31","session":"5674315d3739","build":"193.6494.35","bucket":"197","time":1585612767752,"group":{"id":"lifecycle","version":"31"},"event":{"count":1,"data":{"duration_ms":3809,"created":1585612767752,"project":"984dc00f1549fa535f2d186f3a9a6c29e1d93de0955a772968cfd5c04d3a9bb2"},"id":"project.opening.finished"}}
{"recorder_version":"31","session":"5674315d3739","build":"193.6494.35","bucket":"197","time":1585612768249,"group":{"id":"indexing","version":"2"},"event":{"count":1,"data":{"duration_ms":2282,"ide_activity_id":1,"created":1585612768250},"id":"finished"}}
{"recorder_version":"31","session":"5674315d3739","build":"193.6494.35","bucket":"197","time":1585612768316,"group":{"id":"indexing","version":"2"},"event":{"count":1,"data":{"ide_activity_id":2,"created":1585612768317,"project":"984dc00f1549fa535f2d186f3a9a6c29e1d93de0955a772968cfd5c04d3a9bb2"},"id":"started"}}
{"recorder_version":"31","session":"5674315d3739","build":"193.6494.35","bucket":"197","time":1585612768346,"group":{"id":"indexing","version":"2"},"event":{"count":1,"data":{"ide_activity_id":2,"plugin":"org.jetbrains.android","stage_class":"com.android.tools.idea.res.ResourceFolderRepositoryFileCacheImpl$PruneTask","created":1585612768347,"plugin_type":"JB_BUNDLED"},"id":"stage"}}
{"recorder_version":"31","session":"5674315d3739","build":"193.6494.35","bucket":"197","time":1585612768414,"group":{"id":"indexing","version":"2"},"event":{"count":1,"data":{"ide_activity_id":2,"plugin":"org.jetbrains.android","stage_class":"com.android.tools.idea.res.ResourceFolderRepositoryFileCacheImpl$ManageLruProjectFilesTask","created":1585612768414,"plugin_type":"JB_BUNDLED"},"id":"stage"}}
{"recorder_version":"31","session":"5674315d3739","build":"193.6494.35","bucket":"197","time":1585612768438,"group":{"id":"indexing","version":"2"},"event":{"count":1,"data":{"duration_ms":122,"ide_activity_id":2,"created":1585612768441},"id":"finished"}}
{"recorder_version":"31","session":"5674315d3739","build":"193.6494.35","bucket":"197","time":1585612768487,"group":{"id":"indexing","version":"2"},"event":{"count":1,"data":{"ide_activity_id":3,"created":1585612768487,"project":"984dc00f1549fa535f2d186f3a9a6c29e1d93de0955a772968cfd5c04d3a9bb2"},"id":"started"}}
{"recorder_version":"31","session":"5674315d3739","build":"193.6494.35","bucket":"197","time":1585612768509,"group":{"id":"indexing","version":"2"},"event":{"count":1,"data":{"ide_activity_id":3,"plugin":"org.jetbrains.android","stage_class":"com.android.tools.idea.res.ResourceFolderRegistry$PopulateCachesTask","created":1585612768511,"plugin_type":"JB_BUNDLED"},"id":"stage"}}
{"recorder_version":"31","session":"5674315d3739","build":"193.6494.35","bucket":"197","time":1585612768520,"group":{"id":"indexing","version":"2"},"event":{"count":1,"data":{"duration_ms":33,"ide_activity_id":3,"created":1585612768521},"id":"finished"}}
{"recorder_version":"31","session":"5674315d3739","build":"193.6494.35","bucket":"197","time":1585612769473,"group":{"id":"performance","version":"31"},"event":{"count":1,"data":{"duration_ms":116,"created":1585612769473},"id":"ui.lagging"}}
{"recorder_version":"31","session":"5674315d3739","build":"193.6494.35","bucket":"197","time":1585612771098,"group":{"id":"actions","version":"31"},"event":{"count":1,"data":{"context_menu":true,"action_id":"third.party","created":1585612771098,"plugin_type":"NOT_LISTED","project":"984dc00f1549fa535f2d186f3a9a6c29e1d93de0955a772968cfd5c04d3a9bb2","place":"MainMenu","class":"third.party","input_event":"NoMouseButton"},"id":"action.invoked"}}
{"recorder_version":"31","session":"5674315d3739","build":"193.6494.35","bucket":"197","time":1585612772555,"group":{"id":"ui.dialogs","version":"31"},"event":{"count":1,"data":{"created":1585612772555,"plugin_type":"NOT_LISTED","dialog_class":"third.party"},"id":"show"}}
{"recorder_version":"31","session":"5674315d3739","build":"193.6494.35","bucket":"197","time":1585612772612,"group":{"id":"startup","version":"1"},"event":{"count":1,"data":{"duration":1375,"created":1585612772612},"id":"appInit"}}
{"recorder_version":"31","session":"5674315d3739","build":"193.6494.35","bucket":"197","time":1585612772612,"group":{"id":"startup","version":"1"},"event":{"count":1,"data":{"duration":275,"created":1585612772612},"id":"splash"}}
{"recorder_version":"31","session":"5674315d3739","build":"193.6494.35","bucket":"197","time":1585612772612,"group":{"id":"startup","version":"1"},"event":{"count":1,"data":{"duration":182,"created":1585612772613},"id":"bootstrap"}}
{"recorder_version":"31","session":"5674315d3739","build":"193.6494.35","bucket":"197","time":1585612772612,"group":{"id":"startup","version":"1"},"event":{"count":1,"data":{"duration":5760,"created":1585612772613},"id":"totalDuration"}}
{"recorder_version":"31","session":"5674315d3739","build":"193.6494.35","bucket":"197","time":1585612775156,"group":{"id":"ui.dialogs","version":"31"},"event":{"count":1,"data":{"code":0,"created":1585612775157,"plugin_type":"NOT_LISTED","dialog_class":"third.party"},"id":"close"}}
{"recorder_version":"31","session":"5674315d3739","build":"193.6494.35","bucket":"197","time":1585612776591,"group":{"id":"ui.dialogs","version":"31"},"event":{"count":1,"data":{"created":1585612776591,"plugin_type":"NOT_LISTED","dialog_class":"third.party"},"id":"show"}}
{"recorder_version":"31","session":"5674315d3739","build":"193.6494.35","bucket":"197","time":1585612779443,"group":{"id":"ui.dialogs","version":"31"},"event":{"count":1,"data":{"code":0,"created":1585612779444,"plugin_type":"NOT_LISTED","dialog_class":"third.party"},"id":"close"}}
{"recorder_version":"31","session":"5674315d3739","build":"193.6494.35","bucket":"197","time":1585612779482,"group":{"id":"ui.dialogs","version":"31"},"event":{"count":1,"data":{"created":1585612779482,"plugin_type":"NOT_LISTED","dialog_class":"third.party"},"id":"show"}}
{"recorder_version":"31","session":"5674315d3739","build":"193.6494.35","bucket":"197","time":1585612781703,"group":{"id":"ui.dialogs","version":"31"},"event":{"count":1,"data":{"code":0,"created":1585612781703,"plugin_type":"NOT_LISTED","dialog_class":"third.party"},"id":"close"}}
{"recorder_version":"31","session":"5674315d3739","build":"193.6494.35","bucket":"197","time":1585612781740,"group":{"id":"ui.dialogs","version":"31"},"event":{"count":1,"data":{"created":1585612781741,"plugin_type":"NOT_LISTED","dialog_class":"third.party"},"id":"show"}}
{"recorder_version":"31","session":"5674315d3739","build":"193.6494.35","bucket":"197","time":1585612783574,"group":{"id":"lifecycle","version":"31"},"event":{"count":1,"data":{"created":1585612783574,"project":"984dc00f1549fa535f2d186f3a9a6c29e1d93de0955a772968cfd5c04d3a9bb2"},"id":"frame.deactivated"}}
{"recorder_version":"31","session":"5674315d3739","build":"193.6494.35","bucket":"197","time":1585612864621,"group":{"id":"performance","version":"31"},"event":{"count":1,"data":{"duration_ms":0,"created":1585612864622},"id":"ui.latency"}}
