{"recorder_version":"31","session":"cb299a5ff620","build":"193.6494.35","bucket":"197","time":1585611449387,"group":{"id":"settings","version":"4"},"event":{"state":true,"data":{"component":"UISettings","created":1585611449624},"id":"invoked"}}
{"recorder_version":"31","session":"cb299a5ff620","build":"193.6494.35","bucket":"197","time":1585611449387,"group":{"id":"settings","version":"4"},"event":{"state":true,"data":{"component":"NotRoamableUiSettings","created":1585611449626},"id":"invoked"}}
{"recorder_version":"31","session":"cb299a5ff620","build":"193.6494.35","bucket":"197","time":1585611449394,"group":{"id":"system.java","version":"1"},"event":{"state":true,"data":{"created":1585611449636,"version":"validation.undefined_rule"},"id":"validation.undefined_rule"}}
{"recorder_version":"31","session":"cb299a5ff620","build":"193.6494.35","bucket":"197","time":1585611449394,"group":{"id":"system.java","version":"1"},"event":{"state":true,"data":{"created":1585611449636},"id":"invoked"}}
{"recorder_version":"31","session":"cb299a5ff620","build":"193.6494.35","bucket":"197","time":1585611449414,"group":{"id":"system.os","version":"3"},"event":{"state":true,"data":{"created":1585611449636,"version":"10.14"},"id":"Mac"}}
{"recorder_version":"31","session":"cb299a5ff620","build":"193.6494.35","bucket":"197","time":1585611449414,"group":{"id":"system.os","version":"3"},"event":{"state":true,"data":{"created":1585611449637,"name":"Mac","version":"10.14"},"id":"os.name"}}
{"recorder_version":"31","session":"cb299a5ff620","build":"193.6494.35","bucket":"197","time":1585611449414,"group":{"id":"system.os","version":"3"},"event":{"state":true,"data":{"created":1585611449637,"value":"-04_00"},"id":"os.timezone"}}
{"recorder_version":"31","session":"cb299a5ff620","build":"193.6494.35","bucket":"197","time":1585611449414,"group":{"id":"system.os","version":"3"},"event":{"state":true,"data":{"created":1585611449637},"id":"invoked"}}
{"recorder_version":"31","session":"cb299a5ff620","build":"193.6494.35","bucket":"197","time":1585611449551,"group":{"id":"settings","version":"4"},"event":{"state":true,"data":{"component":"UpdatesConfigurable","created":1585611449637,"name":"checkNeeded","type":"bool","value":false},"id":"not.default"}}
{"recorder_version":"31","session":"cb299a5ff620","build":"193.6494.35","bucket":"197","time":1585611449551,"group":{"id":"settings","version":"4"},"event":{"state":true,"data":{"component":"UpdatesConfigurable","created":1585611449638},"id":"invoked"}}
{"recorder_version":"31","session":"cb299a5ff620","build":"193.6494.35","bucket":"197","time":1585611449594,"group":{"id":"event.log","version":"31"},"event":{"count":1,"data":{"created":1585611449638,"version":"1200.0"},"id":"whitelist.loaded"}}
{"recorder_version":"31","session":"cb299a5ff620","build":"193.6494.35","bucket":"197","time":1585611449721,"group":{"id":"settings","version":"4"},"event":{"state":true,"data":{"component":"GeneralSettings","created":1585611449722,"name":"showTipsOnStartup","type":"bool","value":false},"id":"not.default"}}
{"recorder_version":"31","session":"cb299a5ff620","build":"193.6494.35","bucket":"197","time":1585611449721,"group":{"id":"settings","version":"4"},"event":{"state":true,"data":{"component":"GeneralSettings","created":1585611449722},"id":"invoked"}}
{"recorder_version":"31","session":"cb299a5ff620","build":"193.6494.35","bucket":"197","time":1585611449731,"group":{"id":"lifecycle","version":"31"},"event":{"count":1,"data":{"internal":true,"eap":false,"created":1585611449731},"id":"ide.start"}}
{"recorder_version":"31","session":"cb299a5ff620","build":"193.6494.35","bucket":"197","time":1585611449807,"group":{"id":"settings","version":"4"},"event":{"state":true,"data":{"component":"XmlEditorOptions","created":1585611449808},"id":"invoked"}}
{"recorder_version":"31","session":"cb299a5ff620","build":"193.6494.35","bucket":"197","time":1585611450168,"group":{"id":"settings","version":"4"},"event":{"state":true,"data":{"component":"VcsApplicationSettings","created":1585611450168},"id":"invoked"}}
{"recorder_version":"31","session":"cb299a5ff620","build":"193.6494.35","bucket":"197","time":1585611450168,"group":{"id":"lifecycle","version":"31"},"event":{"count":1,"data":{"created":1585611450168},"id":"frame.activated"}}
{"recorder_version":"31","session":"cb299a5ff620","build":"193.6494.35","bucket":"197","time":1585611450280,"group":{"id":"ui.dialogs","version":"31"},"event":{"count":1,"data":{"created":1585611450281,"plugin_type":"PLATFORM","dialog_class":"com.intellij.openapi.progress.util.ProgressDialog$MyDialogWrapper"},"id":"show"}}
{"recorder_version":"31","session":"cb299a5ff620","build":"193.6494.35","bucket":"197","time":1585611450370,"group":{"id":"performance","version":"31"},"event":{"count":1,"data":{"duration_ms":84,"created":1585611450370},"id":"ui.latency"}}
{"recorder_version":"31","session":"cb299a5ff620","build":"193.6494.35","bucket":"197","time":1585611451307,"group":{"id":"lifecycle","version":"31"},"event":{"count":1,"data":{"created":1585611451307,"project":"984dc00f1549fa535f2d186f3a9a6c29e1d93de0955a772968cfd5c04d3a9bb2"},"id":"project.opened"}}
{"recorder_version":"31","session":"cb299a5ff620","build":"193.6494.35","bucket":"197","time":1585611451589,"group":{"id":"performance","version":"31"},"event":{"count":1,"data":{"duration_ms":304,"created":1585611451589},"id":"ui.lagging"}}
{"recorder_version":"31","session":"cb299a5ff620","build":"193.6494.35","bucket":"197","time":1585611451864,"group":{"id":"indexing","version":"2"},"event":{"count":1,"data":{"ide_activity_id":1,"created":1585611451864,"project":"984dc00f1549fa535f2d186f3a9a6c29e1d93de0955a772968cfd5c04d3a9bb2"},"id":"started"}}
{"recorder_version":"31","session":"cb299a5ff620","build":"193.6494.35","bucket":"197","time":1585611452226,"group":{"id":"indexing","version":"2"},"event":{"count":1,"data":{"ide_activity_id":1,"stage_class":"com.intellij.util.indexing.UnindexedFilesUpdater","created":1585611452226,"plugin_type":"PLATFORM"},"id":"stage"}}
{"recorder_version":"31","session":"cb299a5ff620","build":"193.6494.35","bucket":"197","time":1585611452337,"group":{"id":"toolwindow","version":"31"},"event":{"count":1,"data":{"ViewMode":"Dock_Pinned","created":1585611452337,"plugin_type":"PLATFORM","id":"Project","Location":"Left_Top"},"id":"activated"}}
{"recorder_version":"31","session":"cb299a5ff620","build":"193.6494.35","bucket":"197","time":1585611453170,"group":{"id":"project.fs","version":"1"},"event":{"state":true,"data":{"os":"Mac","cs-project":false,"created":1585611453171,"project":"984dc00f1549fa535f2d186f3a9a6c29e1d93de0955a772968cfd5c04d3a9bb2","cs-implicit":true,"cs-system":false},"id":"case-sensitivity"}}
{"recorder_version":"31","session":"cb299a5ff620","build":"193.6494.35","bucket":"197","time":1585611453170,"group":{"id":"project.fs","version":"1"},"event":{"state":true,"data":{"created":1585611453171},"id":"invoked"}}
{"recorder_version":"31","session":"cb299a5ff620","build":"193.6494.35","bucket":"197","time":1585611453171,"group":{"id":"project.fs","version":"1"},"event":{"state":true,"data":{"pct-non-watched":0,"created":1585611453171,"project":"984dc00f1549fa535f2d186f3a9a6c29e1d93de0955a772968cfd5c04d3a9bb2"},"id":"roots-watched"}}
{"recorder_version":"31","session":"cb299a5ff620","build":"193.6494.35","bucket":"197","time":1585611453171,"group":{"id":"project.fs","version":"1"},"event":{"state":true,"data":{"created":1585611453172},"id":"invoked"}}
{"recorder_version":"31","session":"cb299a5ff620","build":"193.6494.35","bucket":"197","time":1585611453195,"group":{"id":"ui.dialogs","version":"31"},"event":{"count":1,"data":{"code":1,"created":1585611453195,"plugin_type":"PLATFORM","dialog_class":"com.intellij.openapi.progress.util.ProgressDialog$MyDialogWrapper"},"id":"close"}}
{"recorder_version":"31","session":"cb299a5ff620","build":"193.6494.35","bucket":"197","time":1585611453434,"group":{"id":"performance","version":"31"},"event":{"count":1,"data":{"duration_ms":146,"created":1585611453434},"id":"ui.lagging"}}
{"recorder_version":"31","session":"cb299a5ff620","build":"193.6494.35","bucket":"197","time":1585611453467,"group":{"id":"lifecycle","version":"31"},"event":{"count":1,"data":{"duration_ms":3644,"created":1585611453467,"project":"984dc00f1549fa535f2d186f3a9a6c29e1d93de0955a772968cfd5c04d3a9bb2"},"id":"project.opening.finished"}}
{"recorder_version":"31","session":"cb299a5ff620","build":"193.6494.35","bucket":"197","time":1585611453918,"group":{"id":"indexing","version":"2"},"event":{"count":1,"data":{"duration_ms":2054,"ide_activity_id":1,"created":1585611453918},"id":"finished"}}
{"recorder_version":"31","session":"cb299a5ff620","build":"193.6494.35","bucket":"197","time":1585611453992,"group":{"id":"indexing","version":"2"},"event":{"count":1,"data":{"ide_activity_id":2,"created":1585611453993,"project":"984dc00f1549fa535f2d186f3a9a6c29e1d93de0955a772968cfd5c04d3a9bb2"},"id":"started"}}
{"recorder_version":"31","session":"cb299a5ff620","build":"193.6494.35","bucket":"197","time":1585611454007,"group":{"id":"indexing","version":"2"},"event":{"count":1,"data":{"ide_activity_id":2,"plugin":"org.jetbrains.android","stage_class":"com.android.tools.idea.res.ResourceFolderRepositoryFileCacheImpl$PruneTask","created":1585611454008,"plugin_type":"JB_BUNDLED"},"id":"stage"}}
{"recorder_version":"31","session":"cb299a5ff620","build":"193.6494.35","bucket":"197","time":1585611454044,"group":{"id":"indexing","version":"2"},"event":{"count":1,"data":{"ide_activity_id":2,"plugin":"org.jetbrains.android","stage_class":"com.android.tools.idea.res.ResourceFolderRepositoryFileCacheImpl$ManageLruProjectFilesTask","created":1585611454045,"plugin_type":"JB_BUNDLED"},"id":"stage"}}
{"recorder_version":"31","session":"cb299a5ff620","build":"193.6494.35","bucket":"197","time":1585611454080,"group":{"id":"indexing","version":"2"},"event":{"count":1,"data":{"duration_ms":88,"ide_activity_id":2,"created":1585611454081},"id":"finished"}}
{"recorder_version":"31","session":"cb299a5ff620","build":"193.6494.35","bucket":"197","time":1585611454094,"group":{"id":"indexing","version":"2"},"event":{"count":1,"data":{"ide_activity_id":3,"created":1585611454094,"project":"984dc00f1549fa535f2d186f3a9a6c29e1d93de0955a772968cfd5c04d3a9bb2"},"id":"started"}}
{"recorder_version":"31","session":"cb299a5ff620","build":"193.6494.35","bucket":"197","time":1585611454130,"group":{"id":"indexing","version":"2"},"event":{"count":1,"data":{"ide_activity_id":3,"plugin":"org.jetbrains.android","stage_class":"com.android.tools.idea.res.ResourceFolderRegistry$PopulateCachesTask","created":1585611454131,"plugin_type":"JB_BUNDLED"},"id":"stage"}}
{"recorder_version":"31","session":"cb299a5ff620","build":"193.6494.35","bucket":"197","time":1585611454153,"group":{"id":"indexing","version":"2"},"event":{"count":1,"data":{"duration_ms":59,"ide_activity_id":3,"created":1585611454153},"id":"finished"}}
{"recorder_version":"31","session":"cb299a5ff620","build":"193.6494.35","bucket":"197","time":1585611454391,"group":{"id":"performance","version":"31"},"event":{"count":1,"data":{"duration_ms":103,"created":1585611454391},"id":"ui.lagging"}}
{"recorder_version":"31","session":"cb299a5ff620","build":"193.6494.35","bucket":"197","time":1585611458203,"group":{"id":"startup","version":"1"},"event":{"count":1,"data":{"duration":1334,"created":1585611458203},"id":"appInit"}}
{"recorder_version":"31","session":"cb299a5ff620","build":"193.6494.35","bucket":"197","time":1585611458203,"group":{"id":"startup","version":"1"},"event":{"count":1,"data":{"duration":261,"created":1585611458203},"id":"splash"}}
{"recorder_version":"31","session":"cb299a5ff620","build":"193.6494.35","bucket":"197","time":1585611458203,"group":{"id":"startup","version":"1"},"event":{"count":1,"data":{"duration":183,"created":1585611458203},"id":"bootstrap"}}
{"recorder_version":"31","session":"cb299a5ff620","build":"193.6494.35","bucket":"197","time":1585611458203,"group":{"id":"startup","version":"1"},"event":{"count":1,"data":{"duration":5609,"created":1585611458204},"id":"totalDuration"}}
{"recorder_version":"31","session":"cb299a5ff620","build":"193.6494.35","bucket":"197","time":1585611458555,"group":{"id":"actions","version":"31"},"event":{"count":1,"data":{"context_menu":true,"action_id":"third.party","created":1585611458555,"plugin_type":"NOT_LISTED","project":"984dc00f1549fa535f2d186f3a9a6c29e1d93de0955a772968cfd5c04d3a9bb2","place":"MainMenu","class":"third.party","input_event":"NoMouseButton"},"id":"action.invoked"}}
{"recorder_version":"31","session":"cb299a5ff620","build":"193.6494.35","bucket":"197","time":1585611460364,"group":{"id":"ui.dialogs","version":"31"},"event":{"count":1,"data":{"created":1585611460365,"plugin_type":"NOT_LISTED","dialog_class":"third.party"},"id":"show"}}
{"recorder_version":"31","session":"cb299a5ff620","build":"193.6494.35","bucket":"197","time":1585611463268,"group":{"id":"ui.dialogs","version":"31"},"event":{"count":1,"data":{"code":0,"created":1585611463268,"plugin_type":"NOT_LISTED","dialog_class":"third.party"},"id":"close"}}
{"recorder_version":"31","session":"cb299a5ff620","build":"193.6494.35","bucket":"197","time":1585611464718,"group":{"id":"ui.dialogs","version":"31"},"event":{"count":1,"data":{"created":1585611464718,"plugin_type":"NOT_LISTED","dialog_class":"third.party"},"id":"show"}}
{"recorder_version":"31","session":"cb299a5ff620","build":"193.6494.35","bucket":"197","time":1585611467522,"group":{"id":"ui.dialogs","version":"31"},"event":{"count":1,"data":{"code":0,"created":1585611467523,"plugin_type":"NOT_LISTED","dialog_class":"third.party"},"id":"close"}}
{"recorder_version":"31","session":"cb299a5ff620","build":"193.6494.35","bucket":"197","time":1585611467558,"group":{"id":"ui.dialogs","version":"31"},"event":{"count":1,"data":{"created":1585611467558,"plugin_type":"NOT_LISTED","dialog_class":"third.party"},"id":"show"}}
{"recorder_version":"31","session":"cb299a5ff620","build":"193.6494.35","bucket":"197","time":1585611470515,"group":{"id":"ui.dialogs","version":"31"},"event":{"count":1,"data":{"code":0,"created":1585611470516,"plugin_type":"NOT_LISTED","dialog_class":"third.party"},"id":"close"}}
{"recorder_version":"31","session":"cb299a5ff620","build":"193.6494.35","bucket":"197","time":1585611476792,"group":{"id":"ui.dialogs","version":"31"},"event":{"count":1,"data":{"created":1585611476793,"plugin_type":"NOT_LISTED","dialog_class":"third.party"},"id":"show"}}
{"recorder_version":"31","session":"cb299a5ff620","build":"193.6494.35","bucket":"197","time":1585611478138,"group":{"id":"lifecycle","version":"31"},"event":{"count":1,"data":{"created":1585611478138,"project":"984dc00f1549fa535f2d186f3a9a6c29e1d93de0955a772968cfd5c04d3a9bb2"},"id":"frame.deactivated"}}
{"recorder_version":"31","session":"cb299a5ff620","build":"193.6494.35","bucket":"197","time":1585611497047,"group":{"id":"lifecycle","version":"31"},"event":{"count":1,"data":{"created":1585611497048,"project":"984dc00f1549fa535f2d186f3a9a6c29e1d93de0955a772968cfd5c04d3a9bb2"},"id":"frame.activated"}}
{"recorder_version":"31","session":"cb299a5ff620","build":"193.6494.35","bucket":"197","time":1585611499180,"group":{"id":"lifecycle","version":"31"},"event":{"count":1,"data":{"created":1585611499180,"project":"984dc00f1549fa535f2d186f3a9a6c29e1d93de0955a772968cfd5c04d3a9bb2"},"id":"frame.deactivated"}}
