{"recorder_version":"31","session":"f9f1671c3809","build":"193.6494.35","bucket":"197","time":1585610633745,"group":{"id":"settings","version":"4"},"event":{"state":true,"data":{"component":"UISettings","created":1585610634048},"id":"invoked"}}
{"recorder_version":"31","session":"f9f1671c3809","build":"193.6494.35","bucket":"197","time":1585610633745,"group":{"id":"settings","version":"4"},"event":{"state":true,"data":{"component":"NotRoamableUiSettings","created":1585610634050},"id":"invoked"}}
{"recorder_version":"31","session":"f9f1671c3809","build":"193.6494.35","bucket":"197","time":1585610633749,"group":{"id":"system.java","version":"1"},"event":{"state":true,"data":{"created":1585610634063,"version":"validation.undefined_rule"},"id":"validation.undefined_rule"}}
{"recorder_version":"31","session":"f9f1671c3809","build":"193.6494.35","bucket":"197","time":1585610633749,"group":{"id":"system.java","version":"1"},"event":{"state":true,"data":{"created":1585610634064},"id":"invoked"}}
{"recorder_version":"31","session":"f9f1671c3809","build":"193.6494.35","bucket":"197","time":1585610633775,"group":{"id":"system.os","version":"3"},"event":{"state":true,"data":{"created":1585610634064,"version":"10.14"},"id":"Mac"}}
{"recorder_version":"31","session":"f9f1671c3809","build":"193.6494.35","bucket":"197","time":1585610633775,"group":{"id":"system.os","version":"3"},"event":{"state":true,"data":{"created":1585610634065,"name":"Mac","version":"10.14"},"id":"os.name"}}
{"recorder_version":"31","session":"f9f1671c3809","build":"193.6494.35","bucket":"197","time":1585610633775,"group":{"id":"system.os","version":"3"},"event":{"state":true,"data":{"created":1585610634065,"value":"-04_00"},"id":"os.timezone"}}
{"recorder_version":"31","session":"f9f1671c3809","build":"193.6494.35","bucket":"197","time":1585610633775,"group":{"id":"system.os","version":"3"},"event":{"state":true,"data":{"created":1585610634065},"id":"invoked"}}
{"recorder_version":"31","session":"f9f1671c3809","build":"193.6494.35","bucket":"197","time":1585610633936,"group":{"id":"settings","version":"4"},"event":{"state":true,"data":{"component":"UpdatesConfigurable","created":1585610634065,"name":"checkNeeded","type":"bool","value":false},"id":"not.default"}}
{"recorder_version":"31","session":"f9f1671c3809","build":"193.6494.35","bucket":"197","time":1585610633936,"group":{"id":"settings","version":"4"},"event":{"state":true,"data":{"component":"UpdatesConfigurable","created":1585610634067},"id":"invoked"}}
{"recorder_version":"31","session":"f9f1671c3809","build":"193.6494.35","bucket":"197","time":1585610634022,"group":{"id":"event.log","version":"31"},"event":{"count":1,"data":{"created":1585610634069,"version":"1200.0"},"id":"whitelist.loaded"}}
{"recorder_version":"31","session":"f9f1671c3809","build":"193.6494.35","bucket":"197","time":1585610634111,"group":{"id":"settings","version":"4"},"event":{"state":true,"data":{"component":"GeneralSettings","created":1585610634113,"name":"showTipsOnStartup","type":"bool","value":false},"id":"not.default"}}
{"recorder_version":"31","session":"f9f1671c3809","build":"193.6494.35","bucket":"197","time":1585610634111,"group":{"id":"settings","version":"4"},"event":{"state":true,"data":{"component":"GeneralSettings","created":1585610634114},"id":"invoked"}}
{"recorder_version":"31","session":"f9f1671c3809","build":"193.6494.35","bucket":"197","time":1585610634192,"group":{"id":"lifecycle","version":"31"},"event":{"count":1,"data":{"internal":true,"eap":false,"created":1585610634192},"id":"ide.start"}}
{"recorder_version":"31","session":"f9f1671c3809","build":"193.6494.35","bucket":"197","time":1585610634217,"group":{"id":"settings","version":"4"},"event":{"state":true,"data":{"component":"XmlEditorOptions","created":1585610634217},"id":"invoked"}}
{"recorder_version":"31","session":"f9f1671c3809","build":"193.6494.35","bucket":"197","time":1585610634541,"group":{"id":"lifecycle","version":"31"},"event":{"count":1,"data":{"created":1585610634541},"id":"frame.activated"}}
{"recorder_version":"31","session":"f9f1671c3809","build":"193.6494.35","bucket":"197","time":1585610634541,"group":{"id":"settings","version":"4"},"event":{"state":true,"data":{"component":"VcsApplicationSettings","created":1585610634541},"id":"invoked"}}
{"recorder_version":"31","session":"f9f1671c3809","build":"193.6494.35","bucket":"197","time":1585610634643,"group":{"id":"ui.dialogs","version":"31"},"event":{"count":1,"data":{"created":1585610634643,"plugin_type":"PLATFORM","dialog_class":"com.intellij.openapi.progress.util.ProgressDialog$MyDialogWrapper"},"id":"show"}}
{"recorder_version":"31","session":"f9f1671c3809","build":"193.6494.35","bucket":"197","time":1585610634710,"group":{"id":"performance","version":"31"},"event":{"count":1,"data":{"duration_ms":81,"created":1585610634710},"id":"ui.latency"}}
{"recorder_version":"31","session":"f9f1671c3809","build":"193.6494.35","bucket":"197","time":1585610635706,"group":{"id":"lifecycle","version":"31"},"event":{"count":1,"data":{"created":1585610635706,"project":"984dc00f1549fa535f2d186f3a9a6c29e1d93de0955a772968cfd5c04d3a9bb2"},"id":"project.opened"}}
{"recorder_version":"31","session":"f9f1671c3809","build":"193.6494.35","bucket":"197","time":1585610635977,"group":{"id":"performance","version":"31"},"event":{"count":1,"data":{"duration_ms":351,"created":1585610635977},"id":"ui.lagging"}}
{"recorder_version":"31","session":"f9f1671c3809","build":"193.6494.35","bucket":"197","time":1585610636221,"group":{"id":"indexing","version":"2"},"event":{"count":1,"data":{"ide_activity_id":1,"created":1585610636221,"project":"984dc00f1549fa535f2d186f3a9a6c29e1d93de0955a772968cfd5c04d3a9bb2"},"id":"started"}}
{"recorder_version":"31","session":"f9f1671c3809","build":"193.6494.35","bucket":"197","time":1585610636254,"group":{"id":"indexing","version":"2"},"event":{"count":1,"data":{"ide_activity_id":1,"stage_class":"com.intellij.util.indexing.UnindexedFilesUpdater","created":1585610636254,"plugin_type":"PLATFORM"},"id":"stage"}}
{"recorder_version":"31","session":"f9f1671c3809","build":"193.6494.35","bucket":"197","time":1585610636728,"group":{"id":"performance","version":"31"},"event":{"count":1,"data":{"duration_ms":101,"created":1585610636728},"id":"ui.lagging"}}
{"recorder_version":"31","session":"f9f1671c3809","build":"193.6494.35","bucket":"197","time":1585610636888,"group":{"id":"toolwindow","version":"31"},"event":{"count":1,"data":{"ViewMode":"Dock_Pinned","created":1585610636888,"plugin_type":"PLATFORM","id":"Project","Location":"Left_Top"},"id":"activated"}}
{"recorder_version":"31","session":"f9f1671c3809","build":"193.6494.35","bucket":"197","time":1585610637778,"group":{"id":"project.fs","version":"1"},"event":{"state":true,"data":{"os":"Mac","cs-project":false,"created":1585610637778,"project":"984dc00f1549fa535f2d186f3a9a6c29e1d93de0955a772968cfd5c04d3a9bb2","cs-implicit":true,"cs-system":false},"id":"case-sensitivity"}}
{"recorder_version":"31","session":"f9f1671c3809","build":"193.6494.35","bucket":"197","time":1585610637778,"group":{"id":"project.fs","version":"1"},"event":{"state":true,"data":{"created":1585610637778},"id":"invoked"}}
{"recorder_version":"31","session":"f9f1671c3809","build":"193.6494.35","bucket":"197","time":1585610637779,"group":{"id":"project.fs","version":"1"},"event":{"state":true,"data":{"pct-non-watched":0,"created":1585610637779,"project":"984dc00f1549fa535f2d186f3a9a6c29e1d93de0955a772968cfd5c04d3a9bb2"},"id":"roots-watched"}}
{"recorder_version":"31","session":"f9f1671c3809","build":"193.6494.35","bucket":"197","time":1585610637779,"group":{"id":"project.fs","version":"1"},"event":{"state":true,"data":{"created":1585610637779},"id":"invoked"}}
{"recorder_version":"31","session":"f9f1671c3809","build":"193.6494.35","bucket":"197","time":1585610637840,"group":{"id":"ui.dialogs","version":"31"},"event":{"count":1,"data":{"code":1,"created":1585610637840,"plugin_type":"PLATFORM","dialog_class":"com.intellij.openapi.progress.util.ProgressDialog$MyDialogWrapper"},"id":"close"}}
{"recorder_version":"31","session":"f9f1671c3809","build":"193.6494.35","bucket":"197","time":1585610637949,"group":{"id":"lifecycle","version":"31"},"event":{"count":1,"data":{"duration_ms":3737,"created":1585610637950,"project":"984dc00f1549fa535f2d186f3a9a6c29e1d93de0955a772968cfd5c04d3a9bb2"},"id":"project.opening.finished"}}
{"recorder_version":"31","session":"f9f1671c3809","build":"193.6494.35","bucket":"197","time":1585610638335,"group":{"id":"indexing","version":"2"},"event":{"count":1,"data":{"duration_ms":2114,"ide_activity_id":1,"created":1585610638336},"id":"finished"}}
{"recorder_version":"31","session":"f9f1671c3809","build":"193.6494.35","bucket":"197","time":1585610638442,"group":{"id":"indexing","version":"2"},"event":{"count":1,"data":{"ide_activity_id":2,"created":1585610638442,"project":"984dc00f1549fa535f2d186f3a9a6c29e1d93de0955a772968cfd5c04d3a9bb2"},"id":"started"}}
{"recorder_version":"31","session":"f9f1671c3809","build":"193.6494.35","bucket":"197","time":1585610638464,"group":{"id":"indexing","version":"2"},"event":{"count":1,"data":{"ide_activity_id":2,"plugin":"org.jetbrains.android","stage_class":"com.android.tools.idea.res.ResourceFolderRepositoryFileCacheImpl$PruneTask","created":1585610638465,"plugin_type":"JB_BUNDLED"},"id":"stage"}}
{"recorder_version":"31","session":"f9f1671c3809","build":"193.6494.35","bucket":"197","time":1585610638499,"group":{"id":"indexing","version":"2"},"event":{"count":1,"data":{"ide_activity_id":2,"plugin":"org.jetbrains.android","stage_class":"com.android.tools.idea.res.ResourceFolderRepositoryFileCacheImpl$ManageLruProjectFilesTask","created":1585610638499,"plugin_type":"JB_BUNDLED"},"id":"stage"}}
{"recorder_version":"31","session":"f9f1671c3809","build":"193.6494.35","bucket":"197","time":1585610638529,"group":{"id":"indexing","version":"2"},"event":{"count":1,"data":{"duration_ms":87,"ide_activity_id":2,"created":1585610638529},"id":"finished"}}
{"recorder_version":"31","session":"f9f1671c3809","build":"193.6494.35","bucket":"197","time":1585610638542,"group":{"id":"indexing","version":"2"},"event":{"count":1,"data":{"ide_activity_id":3,"created":1585610638543,"project":"984dc00f1549fa535f2d186f3a9a6c29e1d93de0955a772968cfd5c04d3a9bb2"},"id":"started"}}
{"recorder_version":"31","session":"f9f1671c3809","build":"193.6494.35","bucket":"197","time":1585610638565,"group":{"id":"indexing","version":"2"},"event":{"count":1,"data":{"ide_activity_id":3,"plugin":"org.jetbrains.android","stage_class":"com.android.tools.idea.res.ResourceFolderRegistry$PopulateCachesTask","created":1585610638565,"plugin_type":"JB_BUNDLED"},"id":"stage"}}
{"recorder_version":"31","session":"f9f1671c3809","build":"193.6494.35","bucket":"197","time":1585610638591,"group":{"id":"indexing","version":"2"},"event":{"count":1,"data":{"duration_ms":49,"ide_activity_id":3,"created":1585610638591},"id":"finished"}}
{"recorder_version":"31","session":"f9f1671c3809","build":"193.6494.35","bucket":"197","time":1585610638838,"group":{"id":"performance","version":"31"},"event":{"count":1,"data":{"duration_ms":209,"created":1585610638839},"id":"ui.lagging"}}
{"recorder_version":"31","session":"f9f1671c3809","build":"193.6494.35","bucket":"197","time":1585610642848,"group":{"id":"startup","version":"1"},"event":{"count":1,"data":{"duration":1395,"created":1585610642848},"id":"appInit"}}
{"recorder_version":"31","session":"f9f1671c3809","build":"193.6494.35","bucket":"197","time":1585610642848,"group":{"id":"startup","version":"1"},"event":{"count":1,"data":{"duration":285,"created":1585610642848},"id":"splash"}}
{"recorder_version":"31","session":"f9f1671c3809","build":"193.6494.35","bucket":"197","time":1585610642848,"group":{"id":"startup","version":"1"},"event":{"count":1,"data":{"duration":187,"created":1585610642849},"id":"bootstrap"}}
{"recorder_version":"31","session":"f9f1671c3809","build":"193.6494.35","bucket":"197","time":1585610642848,"group":{"id":"startup","version":"1"},"event":{"count":1,"data":{"duration":5885,"created":1585610642849},"id":"totalDuration"}}
{"recorder_version":"31","session":"f9f1671c3809","build":"193.6494.35","bucket":"197","time":1585610667975,"group":{"id":"lifecycle","version":"31"},"event":{"count":1,"data":{"created":1585610667975,"project":"984dc00f1549fa535f2d186f3a9a6c29e1d93de0955a772968cfd5c04d3a9bb2"},"id":"frame.deactivated"}}
{"recorder_version":"31","session":"f9f1671c3809","build":"193.6494.35","bucket":"197","time":1585610719266,"group":{"id":"lifecycle","version":"31"},"event":{"count":1,"data":{"created":1585610719266,"project":"984dc00f1549fa535f2d186f3a9a6c29e1d93de0955a772968cfd5c04d3a9bb2"},"id":"frame.activated"}}
