{"recorder_version":"31","session":"d3269878026d","build":"193.6494.35","bucket":"197","time":1585601590042,"group":{"id":"settings","version":"4"},"event":{"state":true,"data":{"component":"NotRoamableUiSettings","created":1585601590325},"id":"invoked"}}
{"recorder_version":"31","session":"d3269878026d","build":"193.6494.35","bucket":"197","time":1585601590043,"group":{"id":"settings","version":"4"},"event":{"state":true,"data":{"component":"UISettings","created":1585601590327},"id":"invoked"}}
{"recorder_version":"31","session":"d3269878026d","build":"193.6494.35","bucket":"197","time":1585601590051,"group":{"id":"system.java","version":"1"},"event":{"state":true,"data":{"created":1585601590336,"version":"validation.undefined_rule"},"id":"validation.undefined_rule"}}
{"recorder_version":"31","session":"d3269878026d","build":"193.6494.35","bucket":"197","time":1585601590051,"group":{"id":"system.java","version":"1"},"event":{"state":true,"data":{"created":1585601590336},"id":"invoked"}}
{"recorder_version":"31","session":"d3269878026d","build":"193.6494.35","bucket":"197","time":1585601590070,"group":{"id":"system.os","version":"3"},"event":{"state":true,"data":{"created":1585601590337,"version":"10.14"},"id":"Mac"}}
{"recorder_version":"31","session":"d3269878026d","build":"193.6494.35","bucket":"197","time":1585601590070,"group":{"id":"system.os","version":"3"},"event":{"state":true,"data":{"created":1585601590339,"name":"Mac","version":"10.14"},"id":"os.name"}}
{"recorder_version":"31","session":"d3269878026d","build":"193.6494.35","bucket":"197","time":1585601590070,"group":{"id":"system.os","version":"3"},"event":{"state":true,"data":{"created":1585601590340,"value":"-04_00"},"id":"os.timezone"}}
{"recorder_version":"31","session":"d3269878026d","build":"193.6494.35","bucket":"197","time":1585601590070,"group":{"id":"system.os","version":"3"},"event":{"state":true,"data":{"created":1585601590340},"id":"invoked"}}
{"recorder_version":"31","session":"d3269878026d","build":"193.6494.35","bucket":"197","time":1585601590240,"group":{"id":"settings","version":"4"},"event":{"state":true,"data":{"component":"UpdatesConfigurable","created":1585601590340,"name":"checkNeeded","type":"bool","value":false},"id":"not.default"}}
{"recorder_version":"31","session":"d3269878026d","build":"193.6494.35","bucket":"197","time":1585601590240,"group":{"id":"settings","version":"4"},"event":{"state":true,"data":{"component":"UpdatesConfigurable","created":1585601590340},"id":"invoked"}}
{"recorder_version":"31","session":"d3269878026d","build":"193.6494.35","bucket":"197","time":1585601590288,"group":{"id":"event.log","version":"31"},"event":{"count":1,"data":{"created":1585601590341,"version":"1194.0"},"id":"whitelist.loaded"}}
{"recorder_version":"31","session":"d3269878026d","build":"193.6494.35","bucket":"197","time":1585601590416,"group":{"id":"settings","version":"4"},"event":{"state":true,"data":{"component":"GeneralSettings","created":1585601590416,"name":"showTipsOnStartup","type":"bool","value":false},"id":"not.default"}}
{"recorder_version":"31","session":"d3269878026d","build":"193.6494.35","bucket":"197","time":1585601590416,"group":{"id":"settings","version":"4"},"event":{"state":true,"data":{"component":"GeneralSettings","created":1585601590417},"id":"invoked"}}
{"recorder_version":"31","session":"d3269878026d","build":"193.6494.35","bucket":"197","time":1585601590434,"group":{"id":"lifecycle","version":"31"},"event":{"count":1,"data":{"internal":true,"eap":false,"created":1585601590434},"id":"ide.start"}}
{"recorder_version":"31","session":"d3269878026d","build":"193.6494.35","bucket":"197","time":1585601590517,"group":{"id":"settings","version":"4"},"event":{"state":true,"data":{"component":"XmlEditorOptions","created":1585601590517},"id":"invoked"}}
{"recorder_version":"31","session":"d3269878026d","build":"193.6494.35","bucket":"197","time":1585601590857,"group":{"id":"settings","version":"4"},"event":{"state":true,"data":{"component":"VcsApplicationSettings","created":1585601590857},"id":"invoked"}}
{"recorder_version":"31","session":"d3269878026d","build":"193.6494.35","bucket":"197","time":1585601590858,"group":{"id":"lifecycle","version":"31"},"event":{"count":1,"data":{"created":1585601590859},"id":"frame.activated"}}
{"recorder_version":"31","session":"d3269878026d","build":"193.6494.35","bucket":"197","time":1585601590971,"group":{"id":"ui.dialogs","version":"31"},"event":{"count":1,"data":{"created":1585601590971,"plugin_type":"PLATFORM","dialog_class":"com.intellij.openapi.progress.util.ProgressDialog$MyDialogWrapper"},"id":"show"}}
{"recorder_version":"31","session":"d3269878026d","build":"193.6494.35","bucket":"197","time":1585601591055,"group":{"id":"performance","version":"31"},"event":{"count":1,"data":{"duration_ms":134,"created":1585601591055},"id":"ui.latency"}}
{"recorder_version":"31","session":"d3269878026d","build":"193.6494.35","bucket":"197","time":1585601591055,"group":{"id":"performance","version":"31"},"event":{"count":1,"data":{"duration_ms":134,"created":1585601591057},"id":"ui.lagging"}}
{"recorder_version":"31","session":"d3269878026d","build":"193.6494.35","bucket":"197","time":1585601592003,"group":{"id":"lifecycle","version":"31"},"event":{"count":1,"data":{"created":1585601592003,"project":"984dc00f1549fa535f2d186f3a9a6c29e1d93de0955a772968cfd5c04d3a9bb2"},"id":"project.opened"}}
{"recorder_version":"31","session":"d3269878026d","build":"193.6494.35","bucket":"197","time":1585601592272,"group":{"id":"performance","version":"31"},"event":{"count":1,"data":{"duration_ms":354,"created":1585601592272},"id":"ui.lagging"}}
{"recorder_version":"31","session":"d3269878026d","build":"193.6494.35","bucket":"197","time":1585601592561,"group":{"id":"indexing","version":"2"},"event":{"count":1,"data":{"ide_activity_id":1,"created":1585601592561,"project":"984dc00f1549fa535f2d186f3a9a6c29e1d93de0955a772968cfd5c04d3a9bb2"},"id":"started"}}
{"recorder_version":"31","session":"d3269878026d","build":"193.6494.35","bucket":"197","time":1585601592595,"group":{"id":"indexing","version":"2"},"event":{"count":1,"data":{"ide_activity_id":1,"stage_class":"com.intellij.util.indexing.UnindexedFilesUpdater","created":1585601592596,"plugin_type":"PLATFORM"},"id":"stage"}}
{"recorder_version":"31","session":"d3269878026d","build":"193.6494.35","bucket":"197","time":1585601593055,"group":{"id":"performance","version":"31"},"event":{"count":1,"data":{"duration_ms":135,"created":1585601593055},"id":"ui.lagging"}}
{"recorder_version":"31","session":"d3269878026d","build":"193.6494.35","bucket":"197","time":1585601593173,"group":{"id":"toolwindow","version":"31"},"event":{"count":1,"data":{"ViewMode":"Dock_Pinned","created":1585601593173,"plugin_type":"PLATFORM","id":"Project","Location":"Left_Top"},"id":"activated"}}
{"recorder_version":"31","session":"d3269878026d","build":"193.6494.35","bucket":"197","time":1585601594098,"group":{"id":"project.fs","version":"1"},"event":{"state":true,"data":{"os":"Mac","cs-project":false,"created":1585601594099,"project":"984dc00f1549fa535f2d186f3a9a6c29e1d93de0955a772968cfd5c04d3a9bb2","cs-implicit":true,"cs-system":false},"id":"case-sensitivity"}}
{"recorder_version":"31","session":"d3269878026d","build":"193.6494.35","bucket":"197","time":1585601594098,"group":{"id":"project.fs","version":"1"},"event":{"state":true,"data":{"created":1585601594099},"id":"invoked"}}
{"recorder_version":"31","session":"d3269878026d","build":"193.6494.35","bucket":"197","time":1585601594099,"group":{"id":"project.fs","version":"1"},"event":{"state":true,"data":{"pct-non-watched":0,"created":1585601594100,"project":"984dc00f1549fa535f2d186f3a9a6c29e1d93de0955a772968cfd5c04d3a9bb2"},"id":"roots-watched"}}
{"recorder_version":"31","session":"d3269878026d","build":"193.6494.35","bucket":"197","time":1585601594099,"group":{"id":"project.fs","version":"1"},"event":{"state":true,"data":{"created":1585601594100},"id":"invoked"}}
{"recorder_version":"31","session":"d3269878026d","build":"193.6494.35","bucket":"197","time":1585601594201,"group":{"id":"ui.dialogs","version":"31"},"event":{"count":1,"data":{"code":1,"created":1585601594201,"plugin_type":"PLATFORM","dialog_class":"com.intellij.openapi.progress.util.ProgressDialog$MyDialogWrapper"},"id":"close"}}
{"recorder_version":"31","session":"d3269878026d","build":"193.6494.35","bucket":"197","time":1585601594344,"group":{"id":"lifecycle","version":"31"},"event":{"count":1,"data":{"duration_ms":3826,"created":1585601594344,"project":"984dc00f1549fa535f2d186f3a9a6c29e1d93de0955a772968cfd5c04d3a9bb2"},"id":"project.opening.finished"}}
{"recorder_version":"31","session":"d3269878026d","build":"193.6494.35","bucket":"197","time":1585601594772,"group":{"id":"indexing","version":"2"},"event":{"count":1,"data":{"duration_ms":2211,"ide_activity_id":1,"created":1585601594773},"id":"finished"}}
{"recorder_version":"31","session":"d3269878026d","build":"193.6494.35","bucket":"197","time":1585601594877,"group":{"id":"indexing","version":"2"},"event":{"count":1,"data":{"ide_activity_id":2,"created":1585601594877,"project":"984dc00f1549fa535f2d186f3a9a6c29e1d93de0955a772968cfd5c04d3a9bb2"},"id":"started"}}
{"recorder_version":"31","session":"d3269878026d","build":"193.6494.35","bucket":"197","time":1585601594912,"group":{"id":"indexing","version":"2"},"event":{"count":1,"data":{"ide_activity_id":2,"plugin":"org.jetbrains.android","stage_class":"com.android.tools.idea.res.ResourceFolderRepositoryFileCacheImpl$PruneTask","created":1585601594912,"plugin_type":"JB_BUNDLED"},"id":"stage"}}
{"recorder_version":"31","session":"d3269878026d","build":"193.6494.35","bucket":"197","time":1585601594948,"group":{"id":"indexing","version":"2"},"event":{"count":1,"data":{"ide_activity_id":2,"plugin":"org.jetbrains.android","stage_class":"com.android.tools.idea.res.ResourceFolderRepositoryFileCacheImpl$ManageLruProjectFilesTask","created":1585601594949,"plugin_type":"JB_BUNDLED"},"id":"stage"}}
{"recorder_version":"31","session":"d3269878026d","build":"193.6494.35","bucket":"197","time":1585601594979,"group":{"id":"indexing","version":"2"},"event":{"count":1,"data":{"duration_ms":102,"ide_activity_id":2,"created":1585601594979},"id":"finished"}}
{"recorder_version":"31","session":"d3269878026d","build":"193.6494.35","bucket":"197","time":1585601595003,"group":{"id":"indexing","version":"2"},"event":{"count":1,"data":{"ide_activity_id":3,"created":1585601595003,"project":"984dc00f1549fa535f2d186f3a9a6c29e1d93de0955a772968cfd5c04d3a9bb2"},"id":"started"}}
{"recorder_version":"31","session":"d3269878026d","build":"193.6494.35","bucket":"197","time":1585601595026,"group":{"id":"indexing","version":"2"},"event":{"count":1,"data":{"ide_activity_id":3,"plugin":"org.jetbrains.android","stage_class":"com.android.tools.idea.res.ResourceFolderRegistry$PopulateCachesTask","created":1585601595027,"plugin_type":"JB_BUNDLED"},"id":"stage"}}
{"recorder_version":"31","session":"d3269878026d","build":"193.6494.35","bucket":"197","time":1585601595039,"group":{"id":"indexing","version":"2"},"event":{"count":1,"data":{"duration_ms":36,"ide_activity_id":3,"created":1585601595040},"id":"finished"}}
{"recorder_version":"31","session":"d3269878026d","build":"193.6494.35","bucket":"197","time":1585601598110,"group":{"id":"actions","version":"31"},"event":{"count":1,"data":{"context_menu":true,"action_id":"third.party","created":1585601598111,"plugin_type":"NOT_LISTED","project":"984dc00f1549fa535f2d186f3a9a6c29e1d93de0955a772968cfd5c04d3a9bb2","place":"MainMenu","class":"third.party","input_event":"NoMouseButton"},"id":"action.invoked"}}
{"recorder_version":"31","session":"d3269878026d","build":"193.6494.35","bucket":"197","time":1585601599210,"group":{"id":"startup","version":"1"},"event":{"count":1,"data":{"duration":1475,"created":1585601599210},"id":"appInit"}}
{"recorder_version":"31","session":"d3269878026d","build":"193.6494.35","bucket":"197","time":1585601599210,"group":{"id":"startup","version":"1"},"event":{"count":1,"data":{"duration":314,"created":1585601599211},"id":"splash"}}
{"recorder_version":"31","session":"d3269878026d","build":"193.6494.35","bucket":"197","time":1585601599210,"group":{"id":"startup","version":"1"},"event":{"count":1,"data":{"duration":178,"created":1585601599211},"id":"bootstrap"}}
{"recorder_version":"31","session":"d3269878026d","build":"193.6494.35","bucket":"197","time":1585601599210,"group":{"id":"startup","version":"1"},"event":{"count":1,"data":{"duration":6048,"created":1585601599211},"id":"totalDuration"}}
{"recorder_version":"31","session":"d3269878026d","build":"193.6494.35","bucket":"197","time":1585601599435,"group":{"id":"ui.dialogs","version":"31"},"event":{"count":1,"data":{"created":1585601599436,"plugin_type":"NOT_LISTED","dialog_class":"third.party"},"id":"show"}}
{"recorder_version":"31","session":"d3269878026d","build":"193.6494.35","bucket":"197","time":1585601602002,"group":{"id":"ui.dialogs","version":"31"},"event":{"count":1,"data":{"code":0,"created":1585601602003,"plugin_type":"NOT_LISTED","dialog_class":"third.party"},"id":"close"}}
{"recorder_version":"31","session":"d3269878026d","build":"193.6494.35","bucket":"197","time":1585601604039,"group":{"id":"ui.dialogs","version":"31"},"event":{"count":1,"data":{"created":1585601604039,"plugin_type":"NOT_LISTED","dialog_class":"third.party"},"id":"show"}}
{"recorder_version":"31","session":"d3269878026d","build":"193.6494.35","bucket":"197","time":1585601609454,"group":{"id":"ui.dialogs","version":"31"},"event":{"count":1,"data":{"code":0,"created":1585601609455,"plugin_type":"NOT_LISTED","dialog_class":"third.party"},"id":"close"}}
{"recorder_version":"31","session":"d3269878026d","build":"193.6494.35","bucket":"197","time":1585601609485,"group":{"id":"ui.dialogs","version":"31"},"event":{"count":1,"data":{"created":1585601609485,"plugin_type":"NOT_LISTED","dialog_class":"third.party"},"id":"show"}}
{"recorder_version":"31","session":"d3269878026d","build":"193.6494.35","bucket":"197","time":1585601612983,"group":{"id":"ui.dialogs","version":"31"},"event":{"count":1,"data":{"code":0,"created":1585601612983,"plugin_type":"NOT_LISTED","dialog_class":"third.party"},"id":"close"}}
{"recorder_version":"31","session":"d3269878026d","build":"193.6494.35","bucket":"197","time":1585601614982,"group":{"id":"ui.dialogs","version":"31"},"event":{"count":1,"data":{"created":1585601614982,"plugin_type":"NOT_LISTED","dialog_class":"third.party"},"id":"show"}}
{"recorder_version":"31","session":"d3269878026d","build":"193.6494.35","bucket":"197","time":1585601618554,"group":{"id":"ui.dialogs","version":"31"},"event":{"count":1,"data":{"code":0,"created":1585601618554,"plugin_type":"NOT_LISTED","dialog_class":"third.party"},"id":"close"}}
{"recorder_version":"31","session":"d3269878026d","build":"193.6494.35","bucket":"197","time":1585601620117,"group":{"id":"ui.dialogs","version":"31"},"event":{"count":1,"data":{"created":1585601620118,"plugin_type":"NOT_LISTED","dialog_class":"third.party"},"id":"show"}}
{"recorder_version":"31","session":"d3269878026d","build":"193.6494.35","bucket":"197","time":1585601623736,"group":{"id":"ui.dialogs","version":"31"},"event":{"count":1,"data":{"code":0,"created":1585601623736,"plugin_type":"NOT_LISTED","dialog_class":"third.party"},"id":"close"}}
{"recorder_version":"31","session":"d3269878026d","build":"193.6494.35","bucket":"197","time":1585601623773,"group":{"id":"ui.dialogs","version":"31"},"event":{"count":1,"data":{"created":1585601623773,"plugin_type":"NOT_LISTED","dialog_class":"third.party"},"id":"show"}}
{"recorder_version":"31","session":"d3269878026d","build":"193.6494.35","bucket":"197","time":1585601624947,"group":{"id":"ui.dialogs","version":"31"},"event":{"count":1,"data":{"code":1,"created":1585601624948,"plugin_type":"NOT_LISTED","dialog_class":"third.party"},"id":"close"}}
{"recorder_version":"31","session":"d3269878026d","build":"193.6494.35","bucket":"197","time":1585601624984,"group":{"id":"ui.dialogs","version":"31"},"event":{"count":1,"data":{"created":1585601624985,"plugin_type":"NOT_LISTED","dialog_class":"third.party"},"id":"show"}}
{"recorder_version":"31","session":"d3269878026d","build":"193.6494.35","bucket":"197","time":1585601625657,"group":{"id":"ui.dialogs","version":"31"},"event":{"count":1,"data":{"code":1,"created":1585601625658,"plugin_type":"NOT_LISTED","dialog_class":"third.party"},"id":"close"}}
{"recorder_version":"31","session":"d3269878026d","build":"193.6494.35","bucket":"197","time":1585601625695,"group":{"id":"ui.dialogs","version":"31"},"event":{"count":1,"data":{"created":1585601625695,"plugin_type":"NOT_LISTED","dialog_class":"third.party"},"id":"show"}}
{"recorder_version":"31","session":"d3269878026d","build":"193.6494.35","bucket":"197","time":1585601626375,"group":{"id":"ui.dialogs","version":"31"},"event":{"count":1,"data":{"code":1,"created":1585601626375,"plugin_type":"NOT_LISTED","dialog_class":"third.party"},"id":"close"}}
{"recorder_version":"31","session":"d3269878026d","build":"193.6494.35","bucket":"197","time":1585601626399,"group":{"id":"ui.dialogs","version":"31"},"event":{"count":1,"data":{"created":1585601626399,"plugin_type":"NOT_LISTED","dialog_class":"third.party"},"id":"show"}}
{"recorder_version":"31","session":"d3269878026d","build":"193.6494.35","bucket":"197","time":1585601626828,"group":{"id":"ui.dialogs","version":"31"},"event":{"count":1,"data":{"code":1,"created":1585601626828,"plugin_type":"NOT_LISTED","dialog_class":"third.party"},"id":"close"}}
{"recorder_version":"31","session":"d3269878026d","build":"193.6494.35","bucket":"197","time":1585601628469,"group":{"id":"lifecycle","version":"31"},"event":{"count":1,"data":{"created":1585601628469,"project":"984dc00f1549fa535f2d186f3a9a6c29e1d93de0955a772968cfd5c04d3a9bb2"},"id":"frame.deactivated"}}
{"recorder_version":"31","session":"d3269878026d","build":"193.6494.35","bucket":"197","time":1585601658304,"group":{"id":"lifecycle","version":"31"},"event":{"count":1,"data":{"created":1585601658304,"project":"984dc00f1549fa535f2d186f3a9a6c29e1d93de0955a772968cfd5c04d3a9bb2"},"id":"frame.activated"}}
{"recorder_version":"31","session":"d3269878026d","build":"193.6494.35","bucket":"197","time":1585601658696,"group":{"id":"indexing","version":"2"},"event":{"count":1,"data":{"ide_activity_id":4,"created":1585601658696,"project":"984dc00f1549fa535f2d186f3a9a6c29e1d93de0955a772968cfd5c04d3a9bb2"},"id":"started"}}
{"recorder_version":"31","session":"d3269878026d","build":"193.6494.35","bucket":"197","time":1585601658759,"group":{"id":"indexing","version":"2"},"event":{"count":1,"data":{"ide_activity_id":4,"stage_class":"com.intellij.openapi.roots.impl.PushedFilePropertiesUpdaterImpl$3","created":1585601658759,"plugin_type":"PLATFORM"},"id":"stage"}}
{"recorder_version":"31","session":"d3269878026d","build":"193.6494.35","bucket":"197","time":1585601658781,"group":{"id":"indexing","version":"2"},"event":{"count":1,"data":{"duration_ms":85,"ide_activity_id":4,"created":1585601658781},"id":"finished"}}
{"recorder_version":"31","session":"d3269878026d","build":"193.6494.35","bucket":"197","time":1585601659780,"group":{"id":"lifecycle","version":"31"},"event":{"count":1,"data":{"created":1585601659780,"project":"984dc00f1549fa535f2d186f3a9a6c29e1d93de0955a772968cfd5c04d3a9bb2"},"id":"frame.deactivated"}}
{"recorder_version":"31","session":"d3269878026d","build":"193.6494.35","bucket":"197","time":1585601660668,"group":{"id":"lifecycle","version":"31"},"event":{"count":1,"data":{"created":1585601660668,"project":"984dc00f1549fa535f2d186f3a9a6c29e1d93de0955a772968cfd5c04d3a9bb2"},"id":"frame.activated"}}
{"recorder_version":"31","session":"d3269878026d","build":"193.6494.35","bucket":"197","time":1585601662284,"group":{"id":"actions","version":"31"},"event":{"count":1,"data":{"context_menu":true,"current_file":"TEXT","action_id":"third.party","created":1585601662284,"plugin_type":"NOT_LISTED","project":"984dc00f1549fa535f2d186f3a9a6c29e1d93de0955a772968cfd5c04d3a9bb2","place":"MainMenu","class":"third.party","input_event":"NoMouseButton"},"id":"action.invoked"}}
{"recorder_version":"31","session":"d3269878026d","build":"193.6494.35","bucket":"197","time":1585601664038,"group":{"id":"ui.dialogs","version":"31"},"event":{"count":1,"data":{"created":1585601664038,"plugin_type":"NOT_LISTED","dialog_class":"third.party"},"id":"show"}}
{"recorder_version":"31","session":"d3269878026d","build":"193.6494.35","bucket":"197","time":1585601666514,"group":{"id":"ui.dialogs","version":"31"},"event":{"count":1,"data":{"code":0,"created":1585601666514,"plugin_type":"NOT_LISTED","dialog_class":"third.party"},"id":"close"}}
{"recorder_version":"31","session":"d3269878026d","build":"193.6494.35","bucket":"197","time":1585601668019,"group":{"id":"ui.dialogs","version":"31"},"event":{"count":1,"data":{"created":1585601668019,"plugin_type":"NOT_LISTED","dialog_class":"third.party"},"id":"show"}}
{"recorder_version":"31","session":"d3269878026d","build":"193.6494.35","bucket":"197","time":1585601672805,"group":{"id":"actions","version":"31"},"event":{"count":4,"data":{"context_menu":false,"last":1585601673364,"action_id":"EditorBackSpace","created":1585601672806,"plugin_type":"PLATFORM","project":"984dc00f1549fa535f2d186f3a9a6c29e1d93de0955a772968cfd5c04d3a9bb2","place":"keyboard_shortcut","class":"com.intellij.openapi.editor.actions.BackspaceAction","input_event":"Backspace"},"id":"action.invoked"}}
{"recorder_version":"31","session":"d3269878026d","build":"193.6494.35","bucket":"197","time":1585601675549,"group":{"id":"ui.dialogs","version":"31"},"event":{"count":1,"data":{"code":0,"created":1585601675549,"plugin_type":"NOT_LISTED","dialog_class":"third.party"},"id":"close"}}
{"recorder_version":"31","session":"d3269878026d","build":"193.6494.35","bucket":"197","time":1585601675586,"group":{"id":"ui.dialogs","version":"31"},"event":{"count":1,"data":{"created":1585601675586,"plugin_type":"NOT_LISTED","dialog_class":"third.party"},"id":"show"}}
{"recorder_version":"31","session":"d3269878026d","build":"193.6494.35","bucket":"197","time":1585601679190,"group":{"id":"ui.dialogs","version":"31"},"event":{"count":1,"data":{"code":0,"created":1585601679190,"plugin_type":"NOT_LISTED","dialog_class":"third.party"},"id":"close"}}
{"recorder_version":"31","session":"d3269878026d","build":"193.6494.35","bucket":"197","time":1585601681773,"group":{"id":"ui.dialogs","version":"31"},"event":{"count":1,"data":{"created":1585601681773,"plugin_type":"NOT_LISTED","dialog_class":"third.party"},"id":"show"}}
{"recorder_version":"31","session":"d3269878026d","build":"193.6494.35","bucket":"197","time":1585601683365,"group":{"id":"lifecycle","version":"31"},"event":{"count":1,"data":{"created":1585601683366,"project":"984dc00f1549fa535f2d186f3a9a6c29e1d93de0955a772968cfd5c04d3a9bb2"},"id":"frame.deactivated"}}
{"recorder_version":"31","session":"d3269878026d","build":"193.6494.35","bucket":"197","time":1585601686153,"group":{"id":"lifecycle","version":"31"},"event":{"count":1,"data":{"created":1585601686153,"project":"984dc00f1549fa535f2d186f3a9a6c29e1d93de0955a772968cfd5c04d3a9bb2"},"id":"frame.activated"}}
{"recorder_version":"31","session":"d3269878026d","build":"193.6494.35","bucket":"197","time":1585601691132,"group":{"id":"performance","version":"31"},"event":{"count":1,"data":{"duration_ms":1,"created":1585601691132},"id":"ui.latency"}}
{"recorder_version":"31","session":"d3269878026d","build":"193.6494.35","bucket":"197","time":1585601697000,"group":{"id":"lifecycle","version":"31"},"event":{"count":1,"data":{"created":1585601697000,"project":"984dc00f1549fa535f2d186f3a9a6c29e1d93de0955a772968cfd5c04d3a9bb2"},"id":"frame.deactivated"}}
{"recorder_version":"31","session":"d3269878026d","build":"193.6494.35","bucket":"197","time":1585601725006,"group":{"id":"lifecycle","version":"31"},"event":{"count":1,"data":{"created":1585601725007,"project":"984dc00f1549fa535f2d186f3a9a6c29e1d93de0955a772968cfd5c04d3a9bb2"},"id":"frame.activated"}}
{"recorder_version":"31","session":"d3269878026d","build":"193.6494.35","bucket":"197","time":1585601726282,"group":{"id":"lifecycle","version":"31"},"event":{"count":1,"data":{"created":1585601726283,"project":"984dc00f1549fa535f2d186f3a9a6c29e1d93de0955a772968cfd5c04d3a9bb2"},"id":"frame.deactivated"}}
{"recorder_version":"31","session":"d3269878026d","build":"193.6494.35","bucket":"197","time":1585601771245,"group":{"id":"event.log","version":"31"},"event":{"count":1,"data":{"created":1585601771245,"version":"1200.0"},"id":"whitelist.updated"}}
{"recorder_version":"31","session":"d3269878026d","build":"193.6494.35","bucket":"197","time":1585601791430,"group":{"id":"performance","version":"31"},"event":{"count":1,"data":{"duration_ms":1,"created":1585601791431},"id":"ui.latency"}}
{"recorder_version":"31","session":"d3269878026d","build":"193.6494.35","bucket":"197","time":1585601890444,"group":{"id":"kotlin.ide.j2k","version":"1"},"event":{"count":1,"data":{"created":1585601890444},"id":"registered"}}
{"recorder_version":"31","session":"d3269878026d","build":"193.6494.35","bucket":"197","time":1585601890444,"group":{"id":"java.find.usages","version":"1"},"event":{"count":1,"data":{"created":1585601890445},"id":"registered"}}
{"recorder_version":"31","session":"d3269878026d","build":"193.6494.35","bucket":"197","time":1585601890444,"group":{"id":"file.types.usage","version":"31"},"event":{"count":1,"data":{"created":1585601890445},"id":"registered"}}
{"recorder_version":"31","session":"d3269878026d","build":"193.6494.35","bucket":"197","time":1585601890444,"group":{"id":"ide.script.engine","version":"2"},"event":{"count":1,"data":{"created":1585601890446},"id":"registered"}}
{"recorder_version":"31","session":"d3269878026d","build":"193.6494.35","bucket":"197","time":1585601890444,"group":{"id":"live.templates","version":"31"},"event":{"count":1,"data":{"created":1585601890446},"id":"registered"}}
{"recorder_version":"31","session":"d3269878026d","build":"193.6494.35","bucket":"197","time":1585601890444,"group":{"id":"ide.self.update","version":"2"},"event":{"count":1,"data":{"created":1585601890446},"id":"registered"}}
{"recorder_version":"31","session":"d3269878026d","build":"193.6494.35","bucket":"197","time":1585601890444,"group":{"id":"lifecycle","version":"31"},"event":{"count":1,"data":{"created":1585601890446},"id":"registered"}}
{"recorder_version":"31","session":"d3269878026d","build":"193.6494.35","bucket":"197","time":1585601890444,"group":{"id":"vcs.diff.trigger","version":"1"},"event":{"count":1,"data":{"created":1585601890446},"id":"registered"}}
{"recorder_version":"31","session":"d3269878026d","build":"193.6494.35","bucket":"197","time":1585601890444,"group":{"id":"debugger.breakpoints.usage","version":"2"},"event":{"count":1,"data":{"created":1585601890446},"id":"registered"}}
{"recorder_version":"31","session":"d3269878026d","build":"193.6494.35","bucket":"197","time":1585601890444,"group":{"id":"kotlin.gradle.library","version":"1"},"event":{"count":1,"data":{"created":1585601890447},"id":"registered"}}
{"recorder_version":"31","session":"d3269878026d","build":"193.6494.35","bucket":"197","time":1585601890444,"group":{"id":"startup","version":"1"},"event":{"count":1,"data":{"created":1585601890447},"id":"registered"}}
{"recorder_version":"31","session":"d3269878026d","build":"193.6494.35","bucket":"197","time":1585601890444,"group":{"id":"find","version":"2"},"event":{"count":1,"data":{"created":1585601890447},"id":"registered"}}
{"recorder_version":"31","session":"d3269878026d","build":"193.6494.35","bucket":"197","time":1585601890444,"group":{"id":"kotlin.gradle.target","version":"2"},"event":{"count":1,"data":{"created":1585601890447},"id":"registered"}}
{"recorder_version":"31","session":"d3269878026d","build":"193.6494.35","bucket":"197","time":1585601890444,"group":{"id":"gutter.icon.click","version":"2"},"event":{"count":1,"data":{"created":1585601890447},"id":"registered"}}
{"recorder_version":"31","session":"d3269878026d","build":"193.6494.35","bucket":"197","time":1585601890444,"group":{"id":"shell.script","version":"1"},"event":{"count":1,"data":{"created":1585601890448},"id":"registered"}}
{"recorder_version":"31","session":"d3269878026d","build":"193.6494.35","bucket":"197","time":1585601890444,"group":{"id":"new.project.wizard","version":"1"},"event":{"count":1,"data":{"created":1585601890448},"id":"registered"}}
{"recorder_version":"31","session":"d3269878026d","build":"193.6494.35","bucket":"197","time":1585601890444,"group":{"id":"kotlin.ide.npwizards","version":"1"},"event":{"count":1,"data":{"created":1585601890448},"id":"registered"}}
{"recorder_version":"31","session":"d3269878026d","build":"193.6494.35","bucket":"197","time":1585601890444,"group":{"id":"intentions","version":"31"},"event":{"count":1,"data":{"created":1585601890449},"id":"registered"}}
{"recorder_version":"31","session":"d3269878026d","build":"193.6494.35","bucket":"197","time":1585601890444,"group":{"id":"settings.repository","version":"1"},"event":{"count":1,"data":{"created":1585601890449},"id":"registered"}}
{"recorder_version":"31","session":"d3269878026d","build":"193.6494.35","bucket":"197","time":1585601890444,"group":{"id":"vcs.change.reminder","version":"2"},"event":{"count":1,"data":{"created":1585601890450},"id":"registered"}}
{"recorder_version":"31","session":"d3269878026d","build":"193.6494.35","bucket":"197","time":1585601890444,"group":{"id":"create.directory.dialog","version":"1"},"event":{"count":1,"data":{"created":1585601890450},"id":"registered"}}
{"recorder_version":"31","session":"d3269878026d","build":"193.6494.35","bucket":"197","time":1585601890444,"group":{"id":"kotlin.maven.target","version":"3"},"event":{"count":1,"data":{"created":1585601890451},"id":"registered"}}
{"recorder_version":"31","session":"d3269878026d","build":"193.6494.35","bucket":"197","time":1585601890444,"group":{"id":"json.schema","version":"1"},"event":{"count":1,"data":{"created":1585601890451},"id":"registered"}}
{"recorder_version":"31","session":"d3269878026d","build":"193.6494.35","bucket":"197","time":1585601890444,"group":{"id":"terminalShell","version":"1"},"event":{"count":1,"data":{"created":1585601890452},"id":"registered"}}
{"recorder_version":"31","session":"d3269878026d","build":"193.6494.35","bucket":"197","time":1585601890444,"group":{"id":"rename.refactoring","version":"1"},"event":{"count":1,"data":{"created":1585601890452},"id":"registered"}}
{"recorder_version":"31","session":"d3269878026d","build":"193.6494.35","bucket":"197","time":1585601890444,"group":{"id":"build.ant.actions","version":"1"},"event":{"count":1,"data":{"created":1585601890452},"id":"registered"}}
{"recorder_version":"31","session":"d3269878026d","build":"193.6494.35","bucket":"197","time":1585601890444,"group":{"id":"actions","version":"31"},"event":{"count":1,"data":{"created":1585601890452},"id":"registered"}}
{"recorder_version":"31","session":"d3269878026d","build":"193.6494.35","bucket":"197","time":1585601890444,"group":{"id":"kotlin.ide.editor","version":"1"},"event":{"count":1,"data":{"created":1585601890452},"id":"registered"}}
{"recorder_version":"31","session":"d3269878026d","build":"193.6494.35","bucket":"197","time":1585601890444,"group":{"id":"event.log","version":"31"},"event":{"count":1,"data":{"created":1585601890452},"id":"registered"}}
{"recorder_version":"31","session":"d3269878026d","build":"193.6494.35","bucket":"197","time":1585601890444,"group":{"id":"run.configuration.exec","version":"31"},"event":{"count":1,"data":{"created":1585601890452},"id":"registered"}}
{"recorder_version":"31","session":"d3269878026d","build":"193.6494.35","bucket":"197","time":1585601890444,"group":{"id":"build.tools.actions","version":"1"},"event":{"count":1,"data":{"created":1585601890453},"id":"registered"}}
{"recorder_version":"31","session":"d3269878026d","build":"193.6494.35","bucket":"197","time":1585601890444,"group":{"id":"file.editor","version":"2"},"event":{"count":1,"data":{"created":1585601890453},"id":"registered"}}
{"recorder_version":"31","session":"d3269878026d","build":"193.6494.35","bucket":"197","time":1585601890444,"group":{"id":"vfs","version":"2"},"event":{"count":1,"data":{"created":1585601890453},"id":"registered"}}
{"recorder_version":"31","session":"d3269878026d","build":"193.6494.35","bucket":"197","time":1585601890444,"group":{"id":"project.import","version":"2"},"event":{"count":1,"data":{"created":1585601890453},"id":"registered"}}
{"recorder_version":"31","session":"d3269878026d","build":"193.6494.35","bucket":"197","time":1585601890444,"group":{"id":"actions.runAnything","version":"1"},"event":{"count":1,"data":{"created":1585601890453},"id":"registered"}}
{"recorder_version":"31","session":"d3269878026d","build":"193.6494.35","bucket":"197","time":1585601890444,"group":{"id":"toolwindow","version":"31"},"event":{"count":1,"data":{"created":1585601890453},"id":"registered"}}
{"recorder_version":"31","session":"d3269878026d","build":"193.6494.35","bucket":"197","time":1585601890444,"group":{"id":"kotlin.ide.newFileTempl","version":"1"},"event":{"count":1,"data":{"created":1585601890453},"id":"registered"}}
{"recorder_version":"31","session":"d3269878026d","build":"193.6494.35","bucket":"197","time":1585601890444,"group":{"id":"ui.settings","version":"31"},"event":{"count":1,"data":{"created":1585601890453},"id":"registered"}}
{"recorder_version":"31","session":"d3269878026d","build":"193.6494.35","bucket":"197","time":1585601890444,"group":{"id":"vcs.log.trigger","version":"2"},"event":{"count":1,"data":{"created":1585601890453},"id":"registered"}}
{"recorder_version":"31","session":"d3269878026d","build":"193.6494.35","bucket":"197","time":1585601890444,"group":{"id":"productivity","version":"31"},"event":{"count":1,"data":{"created":1585601890454},"id":"registered"}}
{"recorder_version":"31","session":"d3269878026d","build":"193.6494.35","bucket":"197","time":1585601890444,"group":{"id":"build.maven.actions","version":"1"},"event":{"count":1,"data":{"created":1585601890454},"id":"registered"}}
{"recorder_version":"31","session":"d3269878026d","build":"193.6494.35","bucket":"197","time":1585601890444,"group":{"id":"ui.event","version":"3"},"event":{"count":1,"data":{"created":1585601890454},"id":"registered"}}
{"recorder_version":"31","session":"d3269878026d","build":"193.6494.35","bucket":"197","time":1585601890444,"group":{"id":"plugins.advertiser","version":"1"},"event":{"count":1,"data":{"created":1585601890454},"id":"registered"}}
{"recorder_version":"31","session":"d3269878026d","build":"193.6494.35","bucket":"197","time":1585601890444,"group":{"id":"editor.notification.panel","version":"1"},"event":{"count":1,"data":{"created":1585601890454},"id":"registered"}}
{"recorder_version":"31","session":"d3269878026d","build":"193.6494.35","bucket":"197","time":1585601890444,"group":{"id":"kotlin.ide.debugger","version":"2"},"event":{"count":1,"data":{"created":1585601890454},"id":"registered"}}
{"recorder_version":"31","session":"d3269878026d","build":"193.6494.35","bucket":"197","time":1585601890444,"group":{"id":"tooltip.action.events","version":"1"},"event":{"count":1,"data":{"created":1585601890454},"id":"registered"}}
{"recorder_version":"31","session":"d3269878026d","build":"193.6494.35","bucket":"197","time":1585601890444,"group":{"id":"completion","version":"2"},"event":{"count":1,"data":{"created":1585601890454},"id":"registered"}}
{"recorder_version":"31","session":"d3269878026d","build":"193.6494.35","bucket":"197","time":1585601890444,"group":{"id":"indexing","version":"2"},"event":{"count":1,"data":{"created":1585601890454},"id":"registered"}}
{"recorder_version":"31","session":"d3269878026d","build":"193.6494.35","bucket":"197","time":1585601890444,"group":{"id":"vcs","version":"2"},"event":{"count":1,"data":{"created":1585601890455},"id":"registered"}}
{"recorder_version":"31","session":"d3269878026d","build":"193.6494.35","bucket":"197","time":1585601890444,"group":{"id":"ui.dialogs","version":"31"},"event":{"count":1,"data":{"created":1585601890455},"id":"registered"}}
{"recorder_version":"31","session":"d3269878026d","build":"193.6494.35","bucket":"197","time":1585601890444,"group":{"id":"vcs.back.forward.trigger","version":"1"},"event":{"count":1,"data":{"created":1585601890455},"id":"registered"}}
{"recorder_version":"31","session":"d3269878026d","build":"193.6494.35","bucket":"197","time":1585601890444,"group":{"id":"customize.wizard","version":"1"},"event":{"count":1,"data":{"created":1585601890455},"id":"registered"}}
{"recorder_version":"31","session":"d3269878026d","build":"193.6494.35","bucket":"197","time":1585601890444,"group":{"id":"ide.update.dialog","version":"1"},"event":{"count":1,"data":{"created":1585601890455},"id":"registered"}}
{"recorder_version":"31","session":"d3269878026d","build":"193.6494.35","bucket":"197","time":1585601890444,"group":{"id":"toolbar","version":"31"},"event":{"count":1,"data":{"created":1585601890455},"id":"registered"}}
{"recorder_version":"31","session":"d3269878026d","build":"193.6494.35","bucket":"197","time":1585601890444,"group":{"id":"build.gradle.actions","version":"1"},"event":{"count":1,"data":{"created":1585601890455},"id":"registered"}}
{"recorder_version":"31","session":"d3269878026d","build":"193.6494.35","bucket":"197","time":1585601890444,"group":{"id":"performance","version":"31"},"event":{"count":1,"data":{"created":1585601890455},"id":"registered"}}
{"recorder_version":"31","session":"d3269878026d","build":"193.6494.35","bucket":"197","time":1585601890444,"group":{"id":"build","version":"2"},"event":{"count":1,"data":{"created":1585601890455},"id":"registered"}}
{"recorder_version":"31","session":"d3269878026d","build":"193.6494.35","bucket":"197","time":1585601890444,"group":{"id":"searchEverywhere","version":"3"},"event":{"count":1,"data":{"created":1585601890455},"id":"registered"}}
{"recorder_version":"31","session":"d3269878026d","build":"193.6494.35","bucket":"197","time":1585601890444,"group":{"id":"kotlin.ide.action.refactoring","version":"1"},"event":{"count":1,"data":{"created":1585601890455},"id":"registered"}}
{"recorder_version":"31","session":"d3269878026d","build":"193.6494.35","bucket":"197","time":1585601890444,"group":{"id":"ui.tips","version":"3"},"event":{"count":1,"data":{"created":1585601890456},"id":"registered"}}
{"recorder_version":"31","session":"d3269878026d","build":"193.6494.35","bucket":"197","time":1585601890444,"group":{"id":"surround.with","version":"2"},"event":{"count":1,"data":{"created":1585601890456},"id":"registered"}}
{"recorder_version":"31","session":"d3269878026d","build":"193.6494.35","bucket":"197","time":1585601890444,"group":{"id":"import.old.config","version":"3"},"event":{"count":1,"data":{"created":1585601890456},"id":"registered"}}
{"recorder_version":"31","session":"d3269878026d","build":"193.6494.35","bucket":"197","time":1585601890444,"group":{"id":"kotlin.jps.target","version":"3"},"event":{"count":1,"data":{"created":1585601890456},"id":"registered"}}
{"recorder_version":"31","session":"d3269878026d","build":"193.6494.35","bucket":"197","time":1585601890444,"group":{"id":"completion.postfix","version":"31"},"event":{"count":1,"data":{"created":1585601890456},"id":"registered"}}
{"recorder_version":"31","session":"d3269878026d","build":"193.6494.35","bucket":"197","time":1585601890444,"group":{"id":"build.maven.packagesearch","version":"2"},"event":{"count":1,"data":{"created":1585601890456},"id":"registered"}}
