{"recorder_version":"31","session":"ad5e1e868911","build":"193.6494.35","bucket":"197","time":1585550522929,"group":{"id":"settings","version":"4"},"event":{"state":true,"data":{"component":"UISettings","created":1585550523216},"id":"invoked"}}
{"recorder_version":"31","session":"ad5e1e868911","build":"193.6494.35","bucket":"197","time":1585550522930,"group":{"id":"settings","version":"4"},"event":{"state":true,"data":{"component":"NotRoamableUiSettings","created":1585550523219},"id":"invoked"}}
{"recorder_version":"31","session":"ad5e1e868911","build":"193.6494.35","bucket":"197","time":1585550522944,"group":{"id":"system.java","version":"1"},"event":{"state":true,"data":{"created":1585550523227,"version":"validation.undefined_rule"},"id":"validation.undefined_rule"}}
{"recorder_version":"31","session":"ad5e1e868911","build":"193.6494.35","bucket":"197","time":1585550522944,"group":{"id":"system.java","version":"1"},"event":{"state":true,"data":{"created":1585550523227},"id":"invoked"}}
{"recorder_version":"31","session":"ad5e1e868911","build":"193.6494.35","bucket":"197","time":1585550522966,"group":{"id":"system.os","version":"3"},"event":{"state":true,"data":{"created":1585550523227,"version":"10.14"},"id":"Mac"}}
{"recorder_version":"31","session":"ad5e1e868911","build":"193.6494.35","bucket":"197","time":1585550522966,"group":{"id":"system.os","version":"3"},"event":{"state":true,"data":{"created":1585550523228,"name":"Mac","version":"10.14"},"id":"os.name"}}
{"recorder_version":"31","session":"ad5e1e868911","build":"193.6494.35","bucket":"197","time":1585550522966,"group":{"id":"system.os","version":"3"},"event":{"state":true,"data":{"created":1585550523228,"value":"-04_00"},"id":"os.timezone"}}
{"recorder_version":"31","session":"ad5e1e868911","build":"193.6494.35","bucket":"197","time":1585550522966,"group":{"id":"system.os","version":"3"},"event":{"state":true,"data":{"created":1585550523228},"id":"invoked"}}
{"recorder_version":"31","session":"ad5e1e868911","build":"193.6494.35","bucket":"197","time":1585550523134,"group":{"id":"settings","version":"4"},"event":{"state":true,"data":{"component":"UpdatesConfigurable","created":1585550523229,"name":"checkNeeded","type":"bool","value":false},"id":"not.default"}}
{"recorder_version":"31","session":"ad5e1e868911","build":"193.6494.35","bucket":"197","time":1585550523135,"group":{"id":"settings","version":"4"},"event":{"state":true,"data":{"component":"UpdatesConfigurable","created":1585550523229},"id":"invoked"}}
{"recorder_version":"31","session":"ad5e1e868911","build":"193.6494.35","bucket":"197","time":1585550523198,"group":{"id":"event.log","version":"31"},"event":{"count":1,"data":{"created":1585550523229,"version":"1194.0"},"id":"whitelist.loaded"}}
{"recorder_version":"31","session":"ad5e1e868911","build":"193.6494.35","bucket":"197","time":1585550523313,"group":{"id":"settings","version":"4"},"event":{"state":true,"data":{"component":"GeneralSettings","created":1585550523313,"name":"showTipsOnStartup","type":"bool","value":false},"id":"not.default"}}
{"recorder_version":"31","session":"ad5e1e868911","build":"193.6494.35","bucket":"197","time":1585550523313,"group":{"id":"settings","version":"4"},"event":{"state":true,"data":{"component":"GeneralSettings","created":1585550523314},"id":"invoked"}}
{"recorder_version":"31","session":"ad5e1e868911","build":"193.6494.35","bucket":"197","time":1585550523344,"group":{"id":"lifecycle","version":"31"},"event":{"count":1,"data":{"internal":true,"eap":false,"created":1585550523344},"id":"ide.start"}}
{"recorder_version":"31","session":"ad5e1e868911","build":"193.6494.35","bucket":"197","time":1585550523435,"group":{"id":"settings","version":"4"},"event":{"state":true,"data":{"component":"XmlEditorOptions","created":1585550523435},"id":"invoked"}}
{"recorder_version":"31","session":"ad5e1e868911","build":"193.6494.35","bucket":"197","time":1585550523879,"group":{"id":"settings","version":"4"},"event":{"state":true,"data":{"component":"VcsApplicationSettings","created":1585550523879},"id":"invoked"}}
{"recorder_version":"31","session":"ad5e1e868911","build":"193.6494.35","bucket":"197","time":1585550523879,"group":{"id":"lifecycle","version":"31"},"event":{"count":1,"data":{"created":1585550523880},"id":"frame.activated"}}
{"recorder_version":"31","session":"ad5e1e868911","build":"193.6494.35","bucket":"197","time":1585550523971,"group":{"id":"performance","version":"31"},"event":{"count":1,"data":{"duration_ms":123,"created":1585550523971},"id":"ui.latency"}}
{"recorder_version":"31","session":"ad5e1e868911","build":"193.6494.35","bucket":"197","time":1585550523971,"group":{"id":"performance","version":"31"},"event":{"count":1,"data":{"duration_ms":123,"created":1585550523971},"id":"ui.lagging"}}
{"recorder_version":"31","session":"ad5e1e868911","build":"193.6494.35","bucket":"197","time":1585550524002,"group":{"id":"ui.dialogs","version":"31"},"event":{"count":1,"data":{"created":1585550524002,"plugin_type":"PLATFORM","dialog_class":"com.intellij.openapi.progress.util.ProgressDialog$MyDialogWrapper"},"id":"show"}}
{"recorder_version":"31","session":"ad5e1e868911","build":"193.6494.35","bucket":"197","time":1585550525336,"group":{"id":"lifecycle","version":"31"},"event":{"count":1,"data":{"created":1585550525336,"project":"984dc00f1549fa535f2d186f3a9a6c29e1d93de0955a772968cfd5c04d3a9bb2"},"id":"project.opened"}}
{"recorder_version":"31","session":"ad5e1e868911","build":"193.6494.35","bucket":"197","time":1585550525952,"group":{"id":"performance","version":"31"},"event":{"count":1,"data":{"duration_ms":113,"created":1585550525952},"id":"ui.lagging"}}
{"recorder_version":"31","session":"ad5e1e868911","build":"193.6494.35","bucket":"197","time":1585550525959,"group":{"id":"indexing","version":"2"},"event":{"count":1,"data":{"ide_activity_id":1,"created":1585550525959,"project":"984dc00f1549fa535f2d186f3a9a6c29e1d93de0955a772968cfd5c04d3a9bb2"},"id":"started"}}
{"recorder_version":"31","session":"ad5e1e868911","build":"193.6494.35","bucket":"197","time":1585550525991,"group":{"id":"indexing","version":"2"},"event":{"count":1,"data":{"ide_activity_id":1,"stage_class":"com.intellij.util.indexing.UnindexedFilesUpdater","created":1585550525991,"plugin_type":"PLATFORM"},"id":"stage"}}
{"recorder_version":"31","session":"ad5e1e868911","build":"193.6494.35","bucket":"197","time":1585550526741,"group":{"id":"toolwindow","version":"31"},"event":{"count":1,"data":{"ViewMode":"Dock_Pinned","created":1585550526741,"plugin_type":"PLATFORM","id":"Project","Location":"Left_Top"},"id":"activated"}}
{"recorder_version":"31","session":"ad5e1e868911","build":"193.6494.35","bucket":"197","time":1585550527217,"group":{"id":"performance","version":"31"},"event":{"count":1,"data":{"duration_ms":376,"created":1585550527217},"id":"ui.lagging"}}
{"recorder_version":"31","session":"ad5e1e868911","build":"193.6494.35","bucket":"197","time":1585550527798,"group":{"id":"project.fs","version":"1"},"event":{"state":true,"data":{"os":"Mac","cs-project":false,"created":1585550527798,"project":"984dc00f1549fa535f2d186f3a9a6c29e1d93de0955a772968cfd5c04d3a9bb2","cs-implicit":true,"cs-system":false},"id":"case-sensitivity"}}
{"recorder_version":"31","session":"ad5e1e868911","build":"193.6494.35","bucket":"197","time":1585550527798,"group":{"id":"project.fs","version":"1"},"event":{"state":true,"data":{"created":1585550527798},"id":"invoked"}}
{"recorder_version":"31","session":"ad5e1e868911","build":"193.6494.35","bucket":"197","time":1585550527798,"group":{"id":"project.fs","version":"1"},"event":{"state":true,"data":{"pct-non-watched":0,"created":1585550527799,"project":"984dc00f1549fa535f2d186f3a9a6c29e1d93de0955a772968cfd5c04d3a9bb2"},"id":"roots-watched"}}
{"recorder_version":"31","session":"ad5e1e868911","build":"193.6494.35","bucket":"197","time":1585550527798,"group":{"id":"project.fs","version":"1"},"event":{"state":true,"data":{"created":1585550527799},"id":"invoked"}}
{"recorder_version":"31","session":"ad5e1e868911","build":"193.6494.35","bucket":"197","time":1585550527866,"group":{"id":"ui.dialogs","version":"31"},"event":{"count":1,"data":{"code":1,"created":1585550527867,"plugin_type":"PLATFORM","dialog_class":"com.intellij.openapi.progress.util.ProgressDialog$MyDialogWrapper"},"id":"close"}}
{"recorder_version":"31","session":"ad5e1e868911","build":"193.6494.35","bucket":"197","time":1585550528017,"group":{"id":"lifecycle","version":"31"},"event":{"count":1,"data":{"duration_ms":4566,"created":1585550528017,"project":"984dc00f1549fa535f2d186f3a9a6c29e1d93de0955a772968cfd5c04d3a9bb2"},"id":"project.opening.finished"}}
{"recorder_version":"31","session":"ad5e1e868911","build":"193.6494.35","bucket":"197","time":1585550528358,"group":{"id":"indexing","version":"2"},"event":{"count":1,"data":{"duration_ms":2399,"ide_activity_id":1,"created":1585550528359},"id":"finished"}}
{"recorder_version":"31","session":"ad5e1e868911","build":"193.6494.35","bucket":"197","time":1585550528453,"group":{"id":"indexing","version":"2"},"event":{"count":1,"data":{"ide_activity_id":2,"created":1585550528453,"project":"984dc00f1549fa535f2d186f3a9a6c29e1d93de0955a772968cfd5c04d3a9bb2"},"id":"started"}}
{"recorder_version":"31","session":"ad5e1e868911","build":"193.6494.35","bucket":"197","time":1585550528470,"group":{"id":"indexing","version":"2"},"event":{"count":1,"data":{"ide_activity_id":2,"plugin":"org.jetbrains.android","stage_class":"com.android.tools.idea.res.ResourceFolderRepositoryFileCacheImpl$PruneTask","created":1585550528470,"plugin_type":"JB_BUNDLED"},"id":"stage"}}
{"recorder_version":"31","session":"ad5e1e868911","build":"193.6494.35","bucket":"197","time":1585550528520,"group":{"id":"indexing","version":"2"},"event":{"count":1,"data":{"ide_activity_id":2,"plugin":"org.jetbrains.android","stage_class":"com.android.tools.idea.res.ResourceFolderRepositoryFileCacheImpl$ManageLruProjectFilesTask","created":1585550528520,"plugin_type":"JB_BUNDLED"},"id":"stage"}}
{"recorder_version":"31","session":"ad5e1e868911","build":"193.6494.35","bucket":"197","time":1585550528558,"group":{"id":"indexing","version":"2"},"event":{"count":1,"data":{"duration_ms":105,"ide_activity_id":2,"created":1585550528560},"id":"finished"}}
{"recorder_version":"31","session":"ad5e1e868911","build":"193.6494.35","bucket":"197","time":1585550528587,"group":{"id":"indexing","version":"2"},"event":{"count":1,"data":{"ide_activity_id":3,"created":1585550528587,"project":"984dc00f1549fa535f2d186f3a9a6c29e1d93de0955a772968cfd5c04d3a9bb2"},"id":"started"}}
{"recorder_version":"31","session":"ad5e1e868911","build":"193.6494.35","bucket":"197","time":1585550528610,"group":{"id":"indexing","version":"2"},"event":{"count":1,"data":{"ide_activity_id":3,"plugin":"org.jetbrains.android","stage_class":"com.android.tools.idea.res.ResourceFolderRegistry$PopulateCachesTask","created":1585550528610,"plugin_type":"JB_BUNDLED"},"id":"stage"}}
{"recorder_version":"31","session":"ad5e1e868911","build":"193.6494.35","bucket":"197","time":1585550528630,"group":{"id":"indexing","version":"2"},"event":{"count":1,"data":{"duration_ms":43,"ide_activity_id":3,"created":1585550528630},"id":"finished"}}
{"recorder_version":"31","session":"ad5e1e868911","build":"193.6494.35","bucket":"197","time":1585550529046,"group":{"id":"performance","version":"31"},"event":{"count":1,"data":{"duration_ms":204,"created":1585550529047},"id":"ui.lagging"}}
{"recorder_version":"31","session":"ad5e1e868911","build":"193.6494.35","bucket":"197","time":1585550531110,"group":{"id":"lifecycle","version":"31"},"event":{"count":1,"data":{"created":1585550531110,"project":"984dc00f1549fa535f2d186f3a9a6c29e1d93de0955a772968cfd5c04d3a9bb2"},"id":"frame.deactivated"}}
{"recorder_version":"31","session":"ad5e1e868911","build":"193.6494.35","bucket":"197","time":1585550532885,"group":{"id":"startup","version":"1"},"event":{"count":1,"data":{"duration":1553,"created":1585550532885},"id":"appInit"}}
{"recorder_version":"31","session":"ad5e1e868911","build":"193.6494.35","bucket":"197","time":1585550532885,"group":{"id":"startup","version":"1"},"event":{"count":1,"data":{"duration":261,"created":1585550532885},"id":"splash"}}
{"recorder_version":"31","session":"ad5e1e868911","build":"193.6494.35","bucket":"197","time":1585550532885,"group":{"id":"startup","version":"1"},"event":{"count":1,"data":{"duration":191,"created":1585550532885},"id":"bootstrap"}}
{"recorder_version":"31","session":"ad5e1e868911","build":"193.6494.35","bucket":"197","time":1585550532885,"group":{"id":"startup","version":"1"},"event":{"count":1,"data":{"duration":6988,"created":1585550532886},"id":"totalDuration"}}
{"recorder_version":"31","session":"ad5e1e868911","build":"193.6494.35","bucket":"197","time":1585550535702,"group":{"id":"lifecycle","version":"31"},"event":{"count":1,"data":{"created":1585550535702,"project":"984dc00f1549fa535f2d186f3a9a6c29e1d93de0955a772968cfd5c04d3a9bb2"},"id":"frame.activated"}}
{"recorder_version":"31","session":"ad5e1e868911","build":"193.6494.35","bucket":"197","time":1585550540094,"group":{"id":"actions","version":"31"},"event":{"count":1,"data":{"context_menu":true,"action_id":"third.party","created":1585550540094,"plugin_type":"NOT_LISTED","project":"984dc00f1549fa535f2d186f3a9a6c29e1d93de0955a772968cfd5c04d3a9bb2","place":"MainMenu","class":"third.party","input_event":"NoMouseButton"},"id":"action.invoked"}}
{"recorder_version":"31","session":"ad5e1e868911","build":"193.6494.35","bucket":"197","time":1585550542006,"group":{"id":"ui.dialogs","version":"31"},"event":{"count":1,"data":{"created":1585550542006,"plugin_type":"NOT_LISTED","dialog_class":"third.party"},"id":"show"}}
{"recorder_version":"31","session":"ad5e1e868911","build":"193.6494.35","bucket":"197","time":1585550542975,"group":{"id":"lifecycle","version":"31"},"event":{"count":1,"data":{"created":1585550542975,"project":"984dc00f1549fa535f2d186f3a9a6c29e1d93de0955a772968cfd5c04d3a9bb2"},"id":"frame.deactivated"}}
{"recorder_version":"31","session":"ad5e1e868911","build":"193.6494.35","bucket":"197","time":1585550624100,"group":{"id":"performance","version":"31"},"event":{"count":1,"data":{"duration_ms":1,"created":1585550624100},"id":"ui.latency"}}
