{"recorder_version":"31","session":"95976e83b24a","build":"193.6494.35","bucket":"197","time":1585613347512,"group":{"id":"settings","version":"4"},"event":{"state":true,"data":{"component":"NotRoamableUiSettings","created":1585613347791},"id":"invoked"}}
{"recorder_version":"31","session":"95976e83b24a","build":"193.6494.35","bucket":"197","time":1585613347517,"group":{"id":"settings","version":"4"},"event":{"state":true,"data":{"component":"UISettings","created":1585613347793},"id":"invoked"}}
{"recorder_version":"31","session":"95976e83b24a","build":"193.6494.35","bucket":"197","time":1585613347520,"group":{"id":"system.java","version":"1"},"event":{"state":true,"data":{"created":1585613347802,"version":"validation.undefined_rule"},"id":"validation.undefined_rule"}}
{"recorder_version":"31","session":"95976e83b24a","build":"193.6494.35","bucket":"197","time":1585613347520,"group":{"id":"system.java","version":"1"},"event":{"state":true,"data":{"created":1585613347803},"id":"invoked"}}
{"recorder_version":"31","session":"95976e83b24a","build":"193.6494.35","bucket":"197","time":1585613347543,"group":{"id":"system.os","version":"3"},"event":{"state":true,"data":{"created":1585613347804,"version":"10.14"},"id":"Mac"}}
{"recorder_version":"31","session":"95976e83b24a","build":"193.6494.35","bucket":"197","time":1585613347543,"group":{"id":"system.os","version":"3"},"event":{"state":true,"data":{"created":1585613347805,"name":"Mac","version":"10.14"},"id":"os.name"}}
{"recorder_version":"31","session":"95976e83b24a","build":"193.6494.35","bucket":"197","time":1585613347543,"group":{"id":"system.os","version":"3"},"event":{"state":true,"data":{"created":1585613347806,"value":"-04_00"},"id":"os.timezone"}}
{"recorder_version":"31","session":"95976e83b24a","build":"193.6494.35","bucket":"197","time":1585613347543,"group":{"id":"system.os","version":"3"},"event":{"state":true,"data":{"created":1585613347807},"id":"invoked"}}
{"recorder_version":"31","session":"95976e83b24a","build":"193.6494.35","bucket":"197","time":1585613347681,"group":{"id":"settings","version":"4"},"event":{"state":true,"data":{"component":"UpdatesConfigurable","created":1585613347807,"name":"checkNeeded","type":"bool","value":false},"id":"not.default"}}
{"recorder_version":"31","session":"95976e83b24a","build":"193.6494.35","bucket":"197","time":1585613347681,"group":{"id":"settings","version":"4"},"event":{"state":true,"data":{"component":"UpdatesConfigurable","created":1585613347807},"id":"invoked"}}
{"recorder_version":"31","session":"95976e83b24a","build":"193.6494.35","bucket":"197","time":1585613347765,"group":{"id":"event.log","version":"31"},"event":{"count":1,"data":{"created":1585613347808,"version":"1200.0"},"id":"whitelist.loaded"}}
{"recorder_version":"31","session":"95976e83b24a","build":"193.6494.35","bucket":"197","time":1585613347848,"group":{"id":"settings","version":"4"},"event":{"state":true,"data":{"component":"GeneralSettings","created":1585613347854,"name":"showTipsOnStartup","type":"bool","value":false},"id":"not.default"}}
{"recorder_version":"31","session":"95976e83b24a","build":"193.6494.35","bucket":"197","time":1585613347855,"group":{"id":"settings","version":"4"},"event":{"state":true,"data":{"component":"GeneralSettings","created":1585613347855},"id":"invoked"}}
{"recorder_version":"31","session":"95976e83b24a","build":"193.6494.35","bucket":"197","time":1585613347860,"group":{"id":"lifecycle","version":"31"},"event":{"count":1,"data":{"internal":true,"eap":false,"created":1585613347860},"id":"ide.start"}}
{"recorder_version":"31","session":"95976e83b24a","build":"193.6494.35","bucket":"197","time":1585613347951,"group":{"id":"settings","version":"4"},"event":{"state":true,"data":{"component":"XmlEditorOptions","created":1585613347952},"id":"invoked"}}
{"recorder_version":"31","session":"95976e83b24a","build":"193.6494.35","bucket":"197","time":1585613348373,"group":{"id":"ui.dialogs","version":"31"},"event":{"count":1,"data":{"created":1585613348374,"plugin_type":"PLATFORM","dialog_class":"com.intellij.openapi.progress.util.ProgressDialog$MyDialogWrapper"},"id":"show"}}
{"recorder_version":"31","session":"95976e83b24a","build":"193.6494.35","bucket":"197","time":1585613348450,"group":{"id":"performance","version":"31"},"event":{"count":1,"data":{"duration_ms":74,"created":1585613348450},"id":"ui.latency"}}
{"recorder_version":"31","session":"95976e83b24a","build":"193.6494.35","bucket":"197","time":1585613348497,"group":{"id":"settings","version":"4"},"event":{"state":true,"data":{"component":"VcsApplicationSettings","created":1585613348497},"id":"invoked"}}
{"recorder_version":"31","session":"95976e83b24a","build":"193.6494.35","bucket":"197","time":1585613349514,"group":{"id":"lifecycle","version":"31"},"event":{"count":1,"data":{"created":1585613349514,"project":"984dc00f1549fa535f2d186f3a9a6c29e1d93de0955a772968cfd5c04d3a9bb2"},"id":"project.opened"}}
{"recorder_version":"31","session":"95976e83b24a","build":"193.6494.35","bucket":"197","time":1585613349793,"group":{"id":"performance","version":"31"},"event":{"count":1,"data":{"duration_ms":420,"created":1585613349794},"id":"ui.lagging"}}
{"recorder_version":"31","session":"95976e83b24a","build":"193.6494.35","bucket":"197","time":1585613350100,"group":{"id":"indexing","version":"2"},"event":{"count":1,"data":{"ide_activity_id":1,"created":1585613350101,"project":"984dc00f1549fa535f2d186f3a9a6c29e1d93de0955a772968cfd5c04d3a9bb2"},"id":"started"}}
{"recorder_version":"31","session":"95976e83b24a","build":"193.6494.35","bucket":"197","time":1585613350132,"group":{"id":"indexing","version":"2"},"event":{"count":1,"data":{"ide_activity_id":1,"stage_class":"com.intellij.util.indexing.UnindexedFilesUpdater","created":1585613350133,"plugin_type":"PLATFORM"},"id":"stage"}}
{"recorder_version":"31","session":"95976e83b24a","build":"193.6494.35","bucket":"197","time":1585613350555,"group":{"id":"performance","version":"31"},"event":{"count":1,"data":{"duration_ms":180,"created":1585613350555},"id":"ui.lagging"}}
{"recorder_version":"31","session":"95976e83b24a","build":"193.6494.35","bucket":"197","time":1585613350668,"group":{"id":"toolwindow","version":"31"},"event":{"count":1,"data":{"ViewMode":"Dock_Pinned","created":1585613350669,"plugin_type":"PLATFORM","id":"Project","Location":"Left_Top"},"id":"activated"}}
{"recorder_version":"31","session":"95976e83b24a","build":"193.6494.35","bucket":"197","time":1585613351453,"group":{"id":"project.fs","version":"1"},"event":{"state":true,"data":{"os":"Mac","cs-project":false,"created":1585613351453,"project":"984dc00f1549fa535f2d186f3a9a6c29e1d93de0955a772968cfd5c04d3a9bb2","cs-implicit":true,"cs-system":false},"id":"case-sensitivity"}}
{"recorder_version":"31","session":"95976e83b24a","build":"193.6494.35","bucket":"197","time":1585613351453,"group":{"id":"project.fs","version":"1"},"event":{"state":true,"data":{"created":1585613351454},"id":"invoked"}}
{"recorder_version":"31","session":"95976e83b24a","build":"193.6494.35","bucket":"197","time":1585613351454,"group":{"id":"project.fs","version":"1"},"event":{"state":true,"data":{"pct-non-watched":0,"created":1585613351454,"project":"984dc00f1549fa535f2d186f3a9a6c29e1d93de0955a772968cfd5c04d3a9bb2"},"id":"roots-watched"}}
{"recorder_version":"31","session":"95976e83b24a","build":"193.6494.35","bucket":"197","time":1585613351454,"group":{"id":"project.fs","version":"1"},"event":{"state":true,"data":{"created":1585613351454},"id":"invoked"}}
{"recorder_version":"31","session":"95976e83b24a","build":"193.6494.35","bucket":"197","time":1585613351478,"group":{"id":"ui.dialogs","version":"31"},"event":{"count":1,"data":{"code":1,"created":1585613351479,"plugin_type":"PLATFORM","dialog_class":"com.intellij.openapi.progress.util.ProgressDialog$MyDialogWrapper"},"id":"close"}}
{"recorder_version":"31","session":"95976e83b24a","build":"193.6494.35","bucket":"197","time":1585613351619,"group":{"id":"lifecycle","version":"31"},"event":{"count":1,"data":{"duration_ms":3659,"created":1585613351619,"project":"984dc00f1549fa535f2d186f3a9a6c29e1d93de0955a772968cfd5c04d3a9bb2"},"id":"project.opening.finished"}}
{"recorder_version":"31","session":"95976e83b24a","build":"193.6494.35","bucket":"197","time":1585613352091,"group":{"id":"indexing","version":"2"},"event":{"count":1,"data":{"duration_ms":1991,"ide_activity_id":1,"created":1585613352094},"id":"finished"}}
{"recorder_version":"31","session":"95976e83b24a","build":"193.6494.35","bucket":"197","time":1585613352171,"group":{"id":"indexing","version":"2"},"event":{"count":1,"data":{"ide_activity_id":2,"created":1585613352172,"project":"984dc00f1549fa535f2d186f3a9a6c29e1d93de0955a772968cfd5c04d3a9bb2"},"id":"started"}}
{"recorder_version":"31","session":"95976e83b24a","build":"193.6494.35","bucket":"197","time":1585613352190,"group":{"id":"indexing","version":"2"},"event":{"count":1,"data":{"ide_activity_id":2,"plugin":"org.jetbrains.android","stage_class":"com.android.tools.idea.res.ResourceFolderRepositoryFileCacheImpl$PruneTask","created":1585613352190,"plugin_type":"JB_BUNDLED"},"id":"stage"}}
{"recorder_version":"31","session":"95976e83b24a","build":"193.6494.35","bucket":"197","time":1585613352203,"group":{"id":"indexing","version":"2"},"event":{"count":1,"data":{"ide_activity_id":2,"plugin":"org.jetbrains.android","stage_class":"com.android.tools.idea.res.ResourceFolderRepositoryFileCacheImpl$ManageLruProjectFilesTask","created":1585613352204,"plugin_type":"JB_BUNDLED"},"id":"stage"}}
{"recorder_version":"31","session":"95976e83b24a","build":"193.6494.35","bucket":"197","time":1585613352273,"group":{"id":"indexing","version":"2"},"event":{"count":1,"data":{"duration_ms":101,"ide_activity_id":2,"created":1585613352276},"id":"finished"}}
{"recorder_version":"31","session":"95976e83b24a","build":"193.6494.35","bucket":"197","time":1585613352311,"group":{"id":"indexing","version":"2"},"event":{"count":1,"data":{"ide_activity_id":3,"created":1585613352311,"project":"984dc00f1549fa535f2d186f3a9a6c29e1d93de0955a772968cfd5c04d3a9bb2"},"id":"started"}}
{"recorder_version":"31","session":"95976e83b24a","build":"193.6494.35","bucket":"197","time":1585613352331,"group":{"id":"indexing","version":"2"},"event":{"count":1,"data":{"ide_activity_id":3,"plugin":"org.jetbrains.android","stage_class":"com.android.tools.idea.res.ResourceFolderRegistry$PopulateCachesTask","created":1585613352332,"plugin_type":"JB_BUNDLED"},"id":"stage"}}
{"recorder_version":"31","session":"95976e83b24a","build":"193.6494.35","bucket":"197","time":1585613352346,"group":{"id":"indexing","version":"2"},"event":{"count":1,"data":{"duration_ms":35,"ide_activity_id":3,"created":1585613352346},"id":"finished"}}
{"recorder_version":"31","session":"95976e83b24a","build":"193.6494.35","bucket":"197","time":1585613352498,"group":{"id":"performance","version":"31"},"event":{"count":1,"data":{"duration_ms":122,"created":1585613352498},"id":"ui.lagging"}}
{"recorder_version":"31","session":"95976e83b24a","build":"193.6494.35","bucket":"197","time":1585613356488,"group":{"id":"startup","version":"1"},"event":{"count":1,"data":{"duration":1378,"created":1585613356488},"id":"appInit"}}
{"recorder_version":"31","session":"95976e83b24a","build":"193.6494.35","bucket":"197","time":1585613356488,"group":{"id":"startup","version":"1"},"event":{"count":1,"data":{"duration":232,"created":1585613356488},"id":"splash"}}
{"recorder_version":"31","session":"95976e83b24a","build":"193.6494.35","bucket":"197","time":1585613356488,"group":{"id":"startup","version":"1"},"event":{"count":1,"data":{"duration":192,"created":1585613356489},"id":"bootstrap"}}
{"recorder_version":"31","session":"95976e83b24a","build":"193.6494.35","bucket":"197","time":1585613356488,"group":{"id":"startup","version":"1"},"event":{"count":1,"data":{"duration":5803,"created":1585613356489},"id":"totalDuration"}}
{"recorder_version":"31","session":"95976e83b24a","build":"193.6494.35","bucket":"197","time":1585613363807,"group":{"id":"lifecycle","version":"31"},"event":{"count":1,"data":{"created":1585613363807,"project":"984dc00f1549fa535f2d186f3a9a6c29e1d93de0955a772968cfd5c04d3a9bb2"},"id":"frame.activated"}}
{"recorder_version":"31","session":"95976e83b24a","build":"193.6494.35","bucket":"197","time":1585613366071,"group":{"id":"actions","version":"31"},"event":{"count":1,"data":{"context_menu":true,"action_id":"third.party","created":1585613366071,"plugin_type":"NOT_LISTED","project":"984dc00f1549fa535f2d186f3a9a6c29e1d93de0955a772968cfd5c04d3a9bb2","place":"MainMenu","class":"third.party","input_event":"NoMouseButton"},"id":"action.invoked"}}
{"recorder_version":"31","session":"95976e83b24a","build":"193.6494.35","bucket":"197","time":1585613367542,"group":{"id":"ui.dialogs","version":"31"},"event":{"count":1,"data":{"created":1585613367543,"plugin_type":"NOT_LISTED","dialog_class":"third.party"},"id":"show"}}
{"recorder_version":"31","session":"95976e83b24a","build":"193.6494.35","bucket":"197","time":1585613369320,"group":{"id":"ui.dialogs","version":"31"},"event":{"count":1,"data":{"code":0,"created":1585613369320,"plugin_type":"NOT_LISTED","dialog_class":"third.party"},"id":"close"}}
{"recorder_version":"31","session":"95976e83b24a","build":"193.6494.35","bucket":"197","time":1585613370973,"group":{"id":"ui.dialogs","version":"31"},"event":{"count":1,"data":{"created":1585613370973,"plugin_type":"NOT_LISTED","dialog_class":"third.party"},"id":"show"}}
{"recorder_version":"31","session":"95976e83b24a","build":"193.6494.35","bucket":"197","time":1585613373640,"group":{"id":"ui.dialogs","version":"31"},"event":{"count":1,"data":{"code":0,"created":1585613373640,"plugin_type":"NOT_LISTED","dialog_class":"third.party"},"id":"close"}}
{"recorder_version":"31","session":"95976e83b24a","build":"193.6494.35","bucket":"197","time":1585613373677,"group":{"id":"ui.dialogs","version":"31"},"event":{"count":1,"data":{"created":1585613373677,"plugin_type":"NOT_LISTED","dialog_class":"third.party"},"id":"show"}}
{"recorder_version":"31","session":"95976e83b24a","build":"193.6494.35","bucket":"197","time":1585613375521,"group":{"id":"ui.dialogs","version":"31"},"event":{"count":1,"data":{"code":0,"created":1585613375521,"plugin_type":"NOT_LISTED","dialog_class":"third.party"},"id":"close"}}
{"recorder_version":"31","session":"95976e83b24a","build":"193.6494.35","bucket":"197","time":1585613376902,"group":{"id":"ui.dialogs","version":"31"},"event":{"count":1,"data":{"created":1585613376903,"plugin_type":"NOT_LISTED","dialog_class":"third.party"},"id":"show"}}
{"recorder_version":"31","session":"95976e83b24a","build":"193.6494.35","bucket":"197","time":1585613379622,"group":{"id":"ui.dialogs","version":"31"},"event":{"count":1,"data":{"code":0,"created":1585613379623,"plugin_type":"NOT_LISTED","dialog_class":"third.party"},"id":"close"}}
{"recorder_version":"31","session":"95976e83b24a","build":"193.6494.35","bucket":"197","time":1585613379662,"group":{"id":"ui.dialogs","version":"31"},"event":{"count":1,"data":{"created":1585613379662,"plugin_type":"NOT_LISTED","dialog_class":"third.party"},"id":"show"}}
{"recorder_version":"31","session":"95976e83b24a","build":"193.6494.35","bucket":"197","time":1585613381507,"group":{"id":"lifecycle","version":"31"},"event":{"count":1,"data":{"created":1585613381507,"project":"984dc00f1549fa535f2d186f3a9a6c29e1d93de0955a772968cfd5c04d3a9bb2"},"id":"frame.deactivated"}}
{"recorder_version":"31","session":"95976e83b24a","build":"193.6494.35","bucket":"197","time":1585613385820,"group":{"id":"lifecycle","version":"31"},"event":{"count":1,"data":{"created":1585613385820,"project":"984dc00f1549fa535f2d186f3a9a6c29e1d93de0955a772968cfd5c04d3a9bb2"},"id":"frame.activated"}}
{"recorder_version":"31","session":"95976e83b24a","build":"193.6494.35","bucket":"197","time":1585613386476,"group":{"id":"ui.dialogs","version":"31"},"event":{"count":1,"data":{"code":1,"created":1585613386477,"plugin_type":"NOT_LISTED","dialog_class":"third.party"},"id":"close"}}
{"recorder_version":"31","session":"95976e83b24a","build":"193.6494.35","bucket":"197","time":1585613386517,"group":{"id":"ui.dialogs","version":"31"},"event":{"count":1,"data":{"created":1585613386517,"plugin_type":"NOT_LISTED","dialog_class":"third.party"},"id":"show"}}
{"recorder_version":"31","session":"95976e83b24a","build":"193.6494.35","bucket":"197","time":1585613387226,"group":{"id":"ui.dialogs","version":"31"},"event":{"count":1,"data":{"code":1,"created":1585613387227,"plugin_type":"NOT_LISTED","dialog_class":"third.party"},"id":"close"}}
{"recorder_version":"31","session":"95976e83b24a","build":"193.6494.35","bucket":"197","time":1585613387260,"group":{"id":"ui.dialogs","version":"31"},"event":{"count":1,"data":{"created":1585613387260,"plugin_type":"NOT_LISTED","dialog_class":"third.party"},"id":"show"}}
{"recorder_version":"31","session":"95976e83b24a","build":"193.6494.35","bucket":"197","time":1585613387937,"group":{"id":"ui.dialogs","version":"31"},"event":{"count":1,"data":{"code":1,"created":1585613387938,"plugin_type":"NOT_LISTED","dialog_class":"third.party"},"id":"close"}}
{"recorder_version":"31","session":"95976e83b24a","build":"193.6494.35","bucket":"197","time":1585613387972,"group":{"id":"ui.dialogs","version":"31"},"event":{"count":1,"data":{"created":1585613387972,"plugin_type":"NOT_LISTED","dialog_class":"third.party"},"id":"show"}}
{"recorder_version":"31","session":"95976e83b24a","build":"193.6494.35","bucket":"197","time":1585613389003,"group":{"id":"ui.dialogs","version":"31"},"event":{"count":1,"data":{"code":1,"created":1585613389004,"plugin_type":"NOT_LISTED","dialog_class":"third.party"},"id":"close"}}
{"recorder_version":"31","session":"95976e83b24a","build":"193.6494.35","bucket":"197","time":1585613389042,"group":{"id":"ui.dialogs","version":"31"},"event":{"count":1,"data":{"created":1585613389042,"plugin_type":"NOT_LISTED","dialog_class":"third.party"},"id":"show"}}
{"recorder_version":"31","session":"95976e83b24a","build":"193.6494.35","bucket":"197","time":1585613389786,"group":{"id":"ui.dialogs","version":"31"},"event":{"count":1,"data":{"code":1,"created":1585613389787,"plugin_type":"NOT_LISTED","dialog_class":"third.party"},"id":"close"}}
{"recorder_version":"31","session":"95976e83b24a","build":"193.6494.35","bucket":"197","time":1585613392122,"group":{"id":"actions","version":"31"},"event":{"count":1,"data":{"context_menu":true,"action_id":"third.party","created":1585613392122,"plugin_type":"NOT_LISTED","project":"984dc00f1549fa535f2d186f3a9a6c29e1d93de0955a772968cfd5c04d3a9bb2","place":"MainMenu","class":"third.party","input_event":"NoMouseButton"},"id":"action.invoked"}}
{"recorder_version":"31","session":"95976e83b24a","build":"193.6494.35","bucket":"197","time":1585613393728,"group":{"id":"ui.dialogs","version":"31"},"event":{"count":1,"data":{"created":1585613393729,"plugin_type":"NOT_LISTED","dialog_class":"third.party"},"id":"show"}}
{"recorder_version":"31","session":"95976e83b24a","build":"193.6494.35","bucket":"197","time":1585613396446,"group":{"id":"ui.dialogs","version":"31"},"event":{"count":1,"data":{"code":0,"created":1585613396447,"plugin_type":"NOT_LISTED","dialog_class":"third.party"},"id":"close"}}
{"recorder_version":"31","session":"95976e83b24a","build":"193.6494.35","bucket":"197","time":1585613397693,"group":{"id":"ui.dialogs","version":"31"},"event":{"count":1,"data":{"created":1585613397693,"plugin_type":"NOT_LISTED","dialog_class":"third.party"},"id":"show"}}
{"recorder_version":"31","session":"95976e83b24a","build":"193.6494.35","bucket":"197","time":1585613400152,"group":{"id":"actions","version":"31"},"event":{"count":1,"data":{"context_menu":false,"action_id":"EditorBackSpace","created":1585613400152,"plugin_type":"PLATFORM","project":"984dc00f1549fa535f2d186f3a9a6c29e1d93de0955a772968cfd5c04d3a9bb2","place":"keyboard_shortcut","class":"com.intellij.openapi.editor.actions.BackspaceAction","input_event":"Backspace"},"id":"action.invoked"}}
{"recorder_version":"31","session":"95976e83b24a","build":"193.6494.35","bucket":"197","time":1585613401861,"group":{"id":"ui.dialogs","version":"31"},"event":{"count":1,"data":{"code":0,"created":1585613401862,"plugin_type":"NOT_LISTED","dialog_class":"third.party"},"id":"close"}}
{"recorder_version":"31","session":"95976e83b24a","build":"193.6494.35","bucket":"197","time":1585613401890,"group":{"id":"ui.dialogs","version":"31"},"event":{"count":1,"data":{"created":1585613401890,"plugin_type":"NOT_LISTED","dialog_class":"third.party"},"id":"show"}}
{"recorder_version":"31","session":"95976e83b24a","build":"193.6494.35","bucket":"197","time":1585613403681,"group":{"id":"ui.dialogs","version":"31"},"event":{"count":1,"data":{"code":0,"created":1585613403681,"plugin_type":"NOT_LISTED","dialog_class":"third.party"},"id":"close"}}
{"recorder_version":"31","session":"95976e83b24a","build":"193.6494.35","bucket":"197","time":1585613403721,"group":{"id":"ui.dialogs","version":"31"},"event":{"count":1,"data":{"created":1585613403721,"plugin_type":"NOT_LISTED","dialog_class":"third.party"},"id":"show"}}
