{"recorder_version":"31","session":"1b55e8f741cc","build":"193.6494.35","bucket":"197","time":1585615256273,"group":{"id":"settings","version":"4"},"event":{"state":true,"data":{"component":"NotRoamableUiSettings","created":1585615256546},"id":"invoked"}}
{"recorder_version":"31","session":"1b55e8f741cc","build":"193.6494.35","bucket":"197","time":1585615256274,"group":{"id":"settings","version":"4"},"event":{"state":true,"data":{"component":"UISettings","created":1585615256549},"id":"invoked"}}
{"recorder_version":"31","session":"1b55e8f741cc","build":"193.6494.35","bucket":"197","time":1585615256278,"group":{"id":"system.java","version":"1"},"event":{"state":true,"data":{"created":1585615256555,"version":"validation.undefined_rule"},"id":"validation.undefined_rule"}}
{"recorder_version":"31","session":"1b55e8f741cc","build":"193.6494.35","bucket":"197","time":1585615256278,"group":{"id":"system.java","version":"1"},"event":{"state":true,"data":{"created":1585615256555},"id":"invoked"}}
{"recorder_version":"31","session":"1b55e8f741cc","build":"193.6494.35","bucket":"197","time":1585615256304,"group":{"id":"system.os","version":"3"},"event":{"state":true,"data":{"created":1585615256556,"version":"10.14"},"id":"Mac"}}
{"recorder_version":"31","session":"1b55e8f741cc","build":"193.6494.35","bucket":"197","time":1585615256304,"group":{"id":"system.os","version":"3"},"event":{"state":true,"data":{"created":1585615256556,"name":"Mac","version":"10.14"},"id":"os.name"}}
{"recorder_version":"31","session":"1b55e8f741cc","build":"193.6494.35","bucket":"197","time":1585615256304,"group":{"id":"system.os","version":"3"},"event":{"state":true,"data":{"created":1585615256556,"value":"-04_00"},"id":"os.timezone"}}
{"recorder_version":"31","session":"1b55e8f741cc","build":"193.6494.35","bucket":"197","time":1585615256304,"group":{"id":"system.os","version":"3"},"event":{"state":true,"data":{"created":1585615256556},"id":"invoked"}}
{"recorder_version":"31","session":"1b55e8f741cc","build":"193.6494.35","bucket":"197","time":1585615256455,"group":{"id":"settings","version":"4"},"event":{"state":true,"data":{"component":"UpdatesConfigurable","created":1585615256557,"name":"checkNeeded","type":"bool","value":false},"id":"not.default"}}
{"recorder_version":"31","session":"1b55e8f741cc","build":"193.6494.35","bucket":"197","time":1585615256455,"group":{"id":"settings","version":"4"},"event":{"state":true,"data":{"component":"UpdatesConfigurable","created":1585615256557},"id":"invoked"}}
{"recorder_version":"31","session":"1b55e8f741cc","build":"193.6494.35","bucket":"197","time":1585615256518,"group":{"id":"event.log","version":"31"},"event":{"count":1,"data":{"created":1585615256557,"version":"1200.0"},"id":"whitelist.loaded"}}
{"recorder_version":"31","session":"1b55e8f741cc","build":"193.6494.35","bucket":"197","time":1585615256613,"group":{"id":"settings","version":"4"},"event":{"state":true,"data":{"component":"GeneralSettings","created":1585615256614,"name":"showTipsOnStartup","type":"bool","value":false},"id":"not.default"}}
{"recorder_version":"31","session":"1b55e8f741cc","build":"193.6494.35","bucket":"197","time":1585615256616,"group":{"id":"settings","version":"4"},"event":{"state":true,"data":{"component":"GeneralSettings","created":1585615256616},"id":"invoked"}}
{"recorder_version":"31","session":"1b55e8f741cc","build":"193.6494.35","bucket":"197","time":1585615256693,"group":{"id":"lifecycle","version":"31"},"event":{"count":1,"data":{"internal":true,"eap":false,"created":1585615256693},"id":"ide.start"}}
{"recorder_version":"31","session":"1b55e8f741cc","build":"193.6494.35","bucket":"197","time":1585615256755,"group":{"id":"settings","version":"4"},"event":{"state":true,"data":{"component":"XmlEditorOptions","created":1585615256755},"id":"invoked"}}
{"recorder_version":"31","session":"1b55e8f741cc","build":"193.6494.35","bucket":"197","time":1585615257083,"group":{"id":"lifecycle","version":"31"},"event":{"count":1,"data":{"created":1585615257083},"id":"frame.activated"}}
{"recorder_version":"31","session":"1b55e8f741cc","build":"193.6494.35","bucket":"197","time":1585615257083,"group":{"id":"settings","version":"4"},"event":{"state":true,"data":{"component":"VcsApplicationSettings","created":1585615257083},"id":"invoked"}}
{"recorder_version":"31","session":"1b55e8f741cc","build":"193.6494.35","bucket":"197","time":1585615257191,"group":{"id":"ui.dialogs","version":"31"},"event":{"count":1,"data":{"created":1585615257192,"plugin_type":"PLATFORM","dialog_class":"com.intellij.openapi.progress.util.ProgressDialog$MyDialogWrapper"},"id":"show"}}
{"recorder_version":"31","session":"1b55e8f741cc","build":"193.6494.35","bucket":"197","time":1585615257269,"group":{"id":"performance","version":"31"},"event":{"count":1,"data":{"duration_ms":105,"created":1585615257269},"id":"ui.latency"}}
{"recorder_version":"31","session":"1b55e8f741cc","build":"193.6494.35","bucket":"197","time":1585615257269,"group":{"id":"performance","version":"31"},"event":{"count":1,"data":{"duration_ms":105,"created":1585615257269},"id":"ui.lagging"}}
{"recorder_version":"31","session":"1b55e8f741cc","build":"193.6494.35","bucket":"197","time":1585615258314,"group":{"id":"lifecycle","version":"31"},"event":{"count":1,"data":{"created":1585615258314,"project":"984dc00f1549fa535f2d186f3a9a6c29e1d93de0955a772968cfd5c04d3a9bb2"},"id":"project.opened"}}
{"recorder_version":"31","session":"1b55e8f741cc","build":"193.6494.35","bucket":"197","time":1585615258568,"group":{"id":"performance","version":"31"},"event":{"count":1,"data":{"duration_ms":405,"created":1585615258568},"id":"ui.lagging"}}
{"recorder_version":"31","session":"1b55e8f741cc","build":"193.6494.35","bucket":"197","time":1585615258868,"group":{"id":"indexing","version":"2"},"event":{"count":1,"data":{"ide_activity_id":1,"created":1585615258868,"project":"984dc00f1549fa535f2d186f3a9a6c29e1d93de0955a772968cfd5c04d3a9bb2"},"id":"started"}}
{"recorder_version":"31","session":"1b55e8f741cc","build":"193.6494.35","bucket":"197","time":1585615259288,"group":{"id":"indexing","version":"2"},"event":{"count":1,"data":{"ide_activity_id":1,"stage_class":"com.intellij.util.indexing.UnindexedFilesUpdater","created":1585615259288,"plugin_type":"PLATFORM"},"id":"stage"}}
{"recorder_version":"31","session":"1b55e8f741cc","build":"193.6494.35","bucket":"197","time":1585615259297,"group":{"id":"performance","version":"31"},"event":{"count":1,"data":{"duration_ms":132,"created":1585615259297},"id":"ui.lagging"}}
{"recorder_version":"31","session":"1b55e8f741cc","build":"193.6494.35","bucket":"197","time":1585615259414,"group":{"id":"toolwindow","version":"31"},"event":{"count":1,"data":{"ViewMode":"Dock_Pinned","created":1585615259415,"plugin_type":"PLATFORM","id":"Project","Location":"Left_Top"},"id":"activated"}}
{"recorder_version":"31","session":"1b55e8f741cc","build":"193.6494.35","bucket":"197","time":1585615260469,"group":{"id":"project.fs","version":"1"},"event":{"state":true,"data":{"os":"Mac","cs-project":false,"created":1585615260469,"project":"984dc00f1549fa535f2d186f3a9a6c29e1d93de0955a772968cfd5c04d3a9bb2","cs-implicit":true,"cs-system":false},"id":"case-sensitivity"}}
{"recorder_version":"31","session":"1b55e8f741cc","build":"193.6494.35","bucket":"197","time":1585615260469,"group":{"id":"project.fs","version":"1"},"event":{"state":true,"data":{"created":1585615260470},"id":"invoked"}}
{"recorder_version":"31","session":"1b55e8f741cc","build":"193.6494.35","bucket":"197","time":1585615260470,"group":{"id":"project.fs","version":"1"},"event":{"state":true,"data":{"pct-non-watched":0,"created":1585615260470,"project":"984dc00f1549fa535f2d186f3a9a6c29e1d93de0955a772968cfd5c04d3a9bb2"},"id":"roots-watched"}}
{"recorder_version":"31","session":"1b55e8f741cc","build":"193.6494.35","bucket":"197","time":1585615260470,"group":{"id":"project.fs","version":"1"},"event":{"state":true,"data":{"created":1585615260470},"id":"invoked"}}
{"recorder_version":"31","session":"1b55e8f741cc","build":"193.6494.35","bucket":"197","time":1585615260570,"group":{"id":"ui.dialogs","version":"31"},"event":{"count":1,"data":{"code":1,"created":1585615260570,"plugin_type":"PLATFORM","dialog_class":"com.intellij.openapi.progress.util.ProgressDialog$MyDialogWrapper"},"id":"close"}}
{"recorder_version":"31","session":"1b55e8f741cc","build":"193.6494.35","bucket":"197","time":1585615260717,"group":{"id":"lifecycle","version":"31"},"event":{"count":1,"data":{"duration_ms":3987,"created":1585615260717,"project":"984dc00f1549fa535f2d186f3a9a6c29e1d93de0955a772968cfd5c04d3a9bb2"},"id":"project.opening.finished"}}
{"recorder_version":"31","session":"1b55e8f741cc","build":"193.6494.35","bucket":"197","time":1585615261097,"group":{"id":"indexing","version":"2"},"event":{"count":1,"data":{"duration_ms":2229,"ide_activity_id":1,"created":1585615261098},"id":"finished"}}
{"recorder_version":"31","session":"1b55e8f741cc","build":"193.6494.35","bucket":"197","time":1585615261203,"group":{"id":"indexing","version":"2"},"event":{"count":1,"data":{"ide_activity_id":2,"created":1585615261203,"project":"984dc00f1549fa535f2d186f3a9a6c29e1d93de0955a772968cfd5c04d3a9bb2"},"id":"started"}}
{"recorder_version":"31","session":"1b55e8f741cc","build":"193.6494.35","bucket":"197","time":1585615261230,"group":{"id":"indexing","version":"2"},"event":{"count":1,"data":{"ide_activity_id":2,"plugin":"org.jetbrains.android","stage_class":"com.android.tools.idea.res.ResourceFolderRepositoryFileCacheImpl$PruneTask","created":1585615261231,"plugin_type":"JB_BUNDLED"},"id":"stage"}}
{"recorder_version":"31","session":"1b55e8f741cc","build":"193.6494.35","bucket":"197","time":1585615261292,"group":{"id":"indexing","version":"2"},"event":{"count":1,"data":{"ide_activity_id":2,"plugin":"org.jetbrains.android","stage_class":"com.android.tools.idea.res.ResourceFolderRepositoryFileCacheImpl$ManageLruProjectFilesTask","created":1585615261292,"plugin_type":"JB_BUNDLED"},"id":"stage"}}
{"recorder_version":"31","session":"1b55e8f741cc","build":"193.6494.35","bucket":"197","time":1585615261316,"group":{"id":"indexing","version":"2"},"event":{"count":1,"data":{"duration_ms":113,"ide_activity_id":2,"created":1585615261316},"id":"finished"}}
{"recorder_version":"31","session":"1b55e8f741cc","build":"193.6494.35","bucket":"197","time":1585615261353,"group":{"id":"indexing","version":"2"},"event":{"count":1,"data":{"ide_activity_id":3,"created":1585615261353,"project":"984dc00f1549fa535f2d186f3a9a6c29e1d93de0955a772968cfd5c04d3a9bb2"},"id":"started"}}
{"recorder_version":"31","session":"1b55e8f741cc","build":"193.6494.35","bucket":"197","time":1585615261395,"group":{"id":"indexing","version":"2"},"event":{"count":1,"data":{"ide_activity_id":3,"plugin":"org.jetbrains.android","stage_class":"com.android.tools.idea.res.ResourceFolderRegistry$PopulateCachesTask","created":1585615261395,"plugin_type":"JB_BUNDLED"},"id":"stage"}}
{"recorder_version":"31","session":"1b55e8f741cc","build":"193.6494.35","bucket":"197","time":1585615261421,"group":{"id":"indexing","version":"2"},"event":{"count":1,"data":{"duration_ms":68,"ide_activity_id":3,"created":1585615261421},"id":"finished"}}
{"recorder_version":"31","session":"1b55e8f741cc","build":"193.6494.35","bucket":"197","time":1585615263531,"group":{"id":"actions","version":"31"},"event":{"count":1,"data":{"context_menu":true,"action_id":"third.party","created":1585615263531,"plugin_type":"NOT_LISTED","project":"984dc00f1549fa535f2d186f3a9a6c29e1d93de0955a772968cfd5c04d3a9bb2","place":"MainMenu","class":"third.party","input_event":"NoMouseButton"},"id":"action.invoked"}}
{"recorder_version":"31","session":"1b55e8f741cc","build":"193.6494.35","bucket":"197","time":1585615265576,"group":{"id":"startup","version":"1"},"event":{"count":1,"data":{"duration":1357,"created":1585615265577},"id":"appInit"}}
{"recorder_version":"31","session":"1b55e8f741cc","build":"193.6494.35","bucket":"197","time":1585615265576,"group":{"id":"startup","version":"1"},"event":{"count":1,"data":{"duration":282,"created":1585615265577},"id":"splash"}}
{"recorder_version":"31","session":"1b55e8f741cc","build":"193.6494.35","bucket":"197","time":1585615265576,"group":{"id":"startup","version":"1"},"event":{"count":1,"data":{"duration":186,"created":1585615265577},"id":"bootstrap"}}
{"recorder_version":"31","session":"1b55e8f741cc","build":"193.6494.35","bucket":"197","time":1585615265576,"group":{"id":"startup","version":"1"},"event":{"count":1,"data":{"duration":5953,"created":1585615265577},"id":"totalDuration"}}
{"recorder_version":"31","session":"1b55e8f741cc","build":"193.6494.35","bucket":"197","time":1585615266043,"group":{"id":"ui.dialogs","version":"31"},"event":{"count":1,"data":{"created":1585615266043,"plugin_type":"NOT_LISTED","dialog_class":"third.party"},"id":"show"}}
{"recorder_version":"31","session":"1b55e8f741cc","build":"193.6494.35","bucket":"197","time":1585615268272,"group":{"id":"ui.dialogs","version":"31"},"event":{"count":1,"data":{"code":0,"created":1585615268272,"plugin_type":"NOT_LISTED","dialog_class":"third.party"},"id":"close"}}
{"recorder_version":"31","session":"1b55e8f741cc","build":"193.6494.35","bucket":"197","time":1585615269516,"group":{"id":"ui.dialogs","version":"31"},"event":{"count":1,"data":{"created":1585615269516,"plugin_type":"NOT_LISTED","dialog_class":"third.party"},"id":"show"}}
{"recorder_version":"31","session":"1b55e8f741cc","build":"193.6494.35","bucket":"197","time":1585615272576,"group":{"id":"ui.dialogs","version":"31"},"event":{"count":1,"data":{"code":0,"created":1585615272577,"plugin_type":"NOT_LISTED","dialog_class":"third.party"},"id":"close"}}
{"recorder_version":"31","session":"1b55e8f741cc","build":"193.6494.35","bucket":"197","time":1585615272612,"group":{"id":"ui.dialogs","version":"31"},"event":{"count":1,"data":{"created":1585615272612,"plugin_type":"NOT_LISTED","dialog_class":"third.party"},"id":"show"}}
{"recorder_version":"31","session":"1b55e8f741cc","build":"193.6494.35","bucket":"197","time":1585615274620,"group":{"id":"ui.dialogs","version":"31"},"event":{"count":1,"data":{"code":0,"created":1585615274620,"plugin_type":"NOT_LISTED","dialog_class":"third.party"},"id":"close"}}
{"recorder_version":"31","session":"1b55e8f741cc","build":"193.6494.35","bucket":"197","time":1585615276459,"group":{"id":"ui.dialogs","version":"31"},"event":{"count":1,"data":{"created":1585615276460,"plugin_type":"NOT_LISTED","dialog_class":"third.party"},"id":"show"}}
{"recorder_version":"31","session":"1b55e8f741cc","build":"193.6494.35","bucket":"197","time":1585615280318,"group":{"id":"ui.dialogs","version":"31"},"event":{"count":1,"data":{"code":0,"created":1585615280319,"plugin_type":"NOT_LISTED","dialog_class":"third.party"},"id":"close"}}
{"recorder_version":"31","session":"1b55e8f741cc","build":"193.6494.35","bucket":"197","time":1585615280356,"group":{"id":"ui.dialogs","version":"31"},"event":{"count":1,"data":{"created":1585615280356,"plugin_type":"NOT_LISTED","dialog_class":"third.party"},"id":"show"}}
{"recorder_version":"31","session":"1b55e8f741cc","build":"193.6494.35","bucket":"197","time":1585615282660,"group":{"id":"ui.dialogs","version":"31"},"event":{"count":1,"data":{"code":0,"created":1585615282660,"plugin_type":"NOT_LISTED","dialog_class":"third.party"},"id":"close"}}
{"recorder_version":"31","session":"1b55e8f741cc","build":"193.6494.35","bucket":"197","time":1585615282699,"group":{"id":"ui.dialogs","version":"31"},"event":{"count":1,"data":{"created":1585615282699,"plugin_type":"NOT_LISTED","dialog_class":"third.party"},"id":"show"}}
{"recorder_version":"31","session":"1b55e8f741cc","build":"193.6494.35","bucket":"197","time":1585615285623,"group":{"id":"ui.dialogs","version":"31"},"event":{"count":1,"data":{"code":0,"created":1585615285623,"plugin_type":"NOT_LISTED","dialog_class":"third.party"},"id":"close"}}
{"recorder_version":"31","session":"1b55e8f741cc","build":"193.6494.35","bucket":"197","time":1585615287007,"group":{"id":"ui.dialogs","version":"31"},"event":{"count":1,"data":{"created":1585615287007,"plugin_type":"NOT_LISTED","dialog_class":"third.party"},"id":"show"}}
{"recorder_version":"31","session":"1b55e8f741cc","build":"193.6494.35","bucket":"197","time":1585615291371,"group":{"id":"ui.dialogs","version":"31"},"event":{"count":1,"data":{"code":0,"created":1585615291371,"plugin_type":"NOT_LISTED","dialog_class":"third.party"},"id":"close"}}
{"recorder_version":"31","session":"1b55e8f741cc","build":"193.6494.35","bucket":"197","time":1585615294196,"group":{"id":"ui.dialogs","version":"31"},"event":{"count":1,"data":{"created":1585615294196,"plugin_type":"NOT_LISTED","dialog_class":"third.party"},"id":"show"}}
{"recorder_version":"31","session":"1b55e8f741cc","build":"193.6494.35","bucket":"197","time":1585615297337,"group":{"id":"ui.dialogs","version":"31"},"event":{"count":1,"data":{"code":0,"created":1585615297338,"plugin_type":"NOT_LISTED","dialog_class":"third.party"},"id":"close"}}
{"recorder_version":"31","session":"1b55e8f741cc","build":"193.6494.35","bucket":"197","time":1585615297374,"group":{"id":"ui.dialogs","version":"31"},"event":{"count":1,"data":{"created":1585615297374,"plugin_type":"NOT_LISTED","dialog_class":"third.party"},"id":"show"}}
{"recorder_version":"31","session":"1b55e8f741cc","build":"193.6494.35","bucket":"197","time":1585615302553,"group":{"id":"ui.dialogs","version":"31"},"event":{"count":1,"data":{"code":0,"created":1585615302553,"plugin_type":"NOT_LISTED","dialog_class":"third.party"},"id":"close"}}
{"recorder_version":"31","session":"1b55e8f741cc","build":"193.6494.35","bucket":"197","time":1585615302593,"group":{"id":"ui.dialogs","version":"31"},"event":{"count":1,"data":{"created":1585615302593,"plugin_type":"NOT_LISTED","dialog_class":"third.party"},"id":"show"}}
{"recorder_version":"31","session":"1b55e8f741cc","build":"193.6494.35","bucket":"197","time":1585615304216,"group":{"id":"ui.dialogs","version":"31"},"event":{"count":1,"data":{"code":0,"created":1585615304217,"plugin_type":"NOT_LISTED","dialog_class":"third.party"},"id":"close"}}
{"recorder_version":"31","session":"1b55e8f741cc","build":"193.6494.35","bucket":"197","time":1585615304250,"group":{"id":"ui.dialogs","version":"31"},"event":{"count":1,"data":{"created":1585615304250,"plugin_type":"NOT_LISTED","dialog_class":"third.party"},"id":"show"}}
{"recorder_version":"31","session":"1b55e8f741cc","build":"193.6494.35","bucket":"197","time":1585615306163,"group":{"id":"ui.dialogs","version":"31"},"event":{"count":1,"data":{"code":0,"created":1585615306163,"plugin_type":"NOT_LISTED","dialog_class":"third.party"},"id":"close"}}
{"recorder_version":"31","session":"1b55e8f741cc","build":"193.6494.35","bucket":"197","time":1585615313087,"group":{"id":"lifecycle","version":"31"},"event":{"count":1,"data":{"created":1585615313087,"project":"984dc00f1549fa535f2d186f3a9a6c29e1d93de0955a772968cfd5c04d3a9bb2"},"id":"frame.deactivated"}}
{"recorder_version":"31","session":"1b55e8f741cc","build":"193.6494.35","bucket":"197","time":1585615316050,"group":{"id":"lifecycle","version":"31"},"event":{"count":1,"data":{"created":1585615316050,"project":"984dc00f1549fa535f2d186f3a9a6c29e1d93de0955a772968cfd5c04d3a9bb2"},"id":"frame.activated"}}
{"recorder_version":"31","session":"1b55e8f741cc","build":"193.6494.35","bucket":"197","time":1585615316433,"group":{"id":"indexing","version":"2"},"event":{"count":1,"data":{"ide_activity_id":4,"created":1585615316433,"project":"984dc00f1549fa535f2d186f3a9a6c29e1d93de0955a772968cfd5c04d3a9bb2"},"id":"started"}}
{"recorder_version":"31","session":"1b55e8f741cc","build":"193.6494.35","bucket":"197","time":1585615316489,"group":{"id":"indexing","version":"2"},"event":{"count":1,"data":{"ide_activity_id":4,"stage_class":"com.intellij.openapi.roots.impl.PushedFilePropertiesUpdaterImpl$3","created":1585615316490,"plugin_type":"PLATFORM"},"id":"stage"}}
{"recorder_version":"31","session":"1b55e8f741cc","build":"193.6494.35","bucket":"197","time":1585615316502,"group":{"id":"indexing","version":"2"},"event":{"count":1,"data":{"duration_ms":69,"ide_activity_id":4,"created":1585615316502},"id":"finished"}}
{"recorder_version":"31","session":"1b55e8f741cc","build":"193.6494.35","bucket":"197","time":1585615321193,"group":{"id":"file.types.usage","version":"31"},"event":{"count":1,"data":{"file_path":"24af9ce172d64dbcf029b9a4370198e10a44d01dee2845fc8d9ec0bb8c41bd78","plugin":"com.intellij.java","file_type":"JAVA","created":1585615321194,"plugin_type":"JB_BUNDLED","project":"984dc00f1549fa535f2d186f3a9a6c29e1d93de0955a772968cfd5c04d3a9bb2"},"id":"open"}}
{"recorder_version":"31","session":"1b55e8f741cc","build":"193.6494.35","bucket":"197","time":1585615343688,"group":{"id":"lifecycle","version":"31"},"event":{"count":1,"data":{"created":1585615343688,"project":"984dc00f1549fa535f2d186f3a9a6c29e1d93de0955a772968cfd5c04d3a9bb2"},"id":"frame.deactivated"}}
{"recorder_version":"31","session":"1b55e8f741cc","build":"193.6494.35","bucket":"197","time":1585615357411,"group":{"id":"performance","version":"31"},"event":{"count":1,"data":{"duration_ms":0,"created":1585615357411},"id":"ui.latency"}}
{"recorder_version":"31","session":"1b55e8f741cc","build":"193.6494.35","bucket":"197","time":1585615457671,"group":{"id":"performance","version":"31"},"event":{"count":1,"data":{"duration_ms":0,"created":1585615457671},"id":"ui.latency"}}
{"recorder_version":"31","session":"1b55e8f741cc","build":"193.6494.35","bucket":"197","time":1585615556700,"group":{"id":"kotlin.ide.j2k","version":"1"},"event":{"count":1,"data":{"created":1585615556700},"id":"registered"}}
{"recorder_version":"31","session":"1b55e8f741cc","build":"193.6494.35","bucket":"197","time":1585615556700,"group":{"id":"java.find.usages","version":"1"},"event":{"count":1,"data":{"created":1585615556700},"id":"registered"}}
{"recorder_version":"31","session":"1b55e8f741cc","build":"193.6494.35","bucket":"197","time":1585615556700,"group":{"id":"file.types.usage","version":"31"},"event":{"count":1,"data":{"created":1585615556701},"id":"registered"}}
{"recorder_version":"31","session":"1b55e8f741cc","build":"193.6494.35","bucket":"197","time":1585615556700,"group":{"id":"ide.script.engine","version":"2"},"event":{"count":1,"data":{"created":1585615556701},"id":"registered"}}
{"recorder_version":"31","session":"1b55e8f741cc","build":"193.6494.35","bucket":"197","time":1585615556700,"group":{"id":"live.templates","version":"31"},"event":{"count":1,"data":{"created":1585615556701},"id":"registered"}}
{"recorder_version":"31","session":"1b55e8f741cc","build":"193.6494.35","bucket":"197","time":1585615556700,"group":{"id":"ide.self.update","version":"2"},"event":{"count":1,"data":{"created":1585615556701},"id":"registered"}}
{"recorder_version":"31","session":"1b55e8f741cc","build":"193.6494.35","bucket":"197","time":1585615556700,"group":{"id":"lifecycle","version":"31"},"event":{"count":1,"data":{"created":1585615556702},"id":"registered"}}
{"recorder_version":"31","session":"1b55e8f741cc","build":"193.6494.35","bucket":"197","time":1585615556700,"group":{"id":"vcs.diff.trigger","version":"1"},"event":{"count":1,"data":{"created":1585615556702},"id":"registered"}}
{"recorder_version":"31","session":"1b55e8f741cc","build":"193.6494.35","bucket":"197","time":1585615556700,"group":{"id":"debugger.breakpoints.usage","version":"2"},"event":{"count":1,"data":{"created":1585615556702},"id":"registered"}}
{"recorder_version":"31","session":"1b55e8f741cc","build":"193.6494.35","bucket":"197","time":1585615556700,"group":{"id":"kotlin.gradle.library","version":"1"},"event":{"count":1,"data":{"created":1585615556702},"id":"registered"}}
{"recorder_version":"31","session":"1b55e8f741cc","build":"193.6494.35","bucket":"197","time":1585615556700,"group":{"id":"startup","version":"1"},"event":{"count":1,"data":{"created":1585615556703},"id":"registered"}}
{"recorder_version":"31","session":"1b55e8f741cc","build":"193.6494.35","bucket":"197","time":1585615556700,"group":{"id":"find","version":"2"},"event":{"count":1,"data":{"created":1585615556703},"id":"registered"}}
{"recorder_version":"31","session":"1b55e8f741cc","build":"193.6494.35","bucket":"197","time":1585615556700,"group":{"id":"kotlin.gradle.target","version":"2"},"event":{"count":1,"data":{"created":1585615556703},"id":"registered"}}
{"recorder_version":"31","session":"1b55e8f741cc","build":"193.6494.35","bucket":"197","time":1585615556700,"group":{"id":"gutter.icon.click","version":"2"},"event":{"count":1,"data":{"created":1585615556703},"id":"registered"}}
{"recorder_version":"31","session":"1b55e8f741cc","build":"193.6494.35","bucket":"197","time":1585615556700,"group":{"id":"shell.script","version":"1"},"event":{"count":1,"data":{"created":1585615556703},"id":"registered"}}
{"recorder_version":"31","session":"1b55e8f741cc","build":"193.6494.35","bucket":"197","time":1585615556700,"group":{"id":"new.project.wizard","version":"1"},"event":{"count":1,"data":{"created":1585615556703},"id":"registered"}}
{"recorder_version":"31","session":"1b55e8f741cc","build":"193.6494.35","bucket":"197","time":1585615556700,"group":{"id":"kotlin.ide.npwizards","version":"1"},"event":{"count":1,"data":{"created":1585615556704},"id":"registered"}}
{"recorder_version":"31","session":"1b55e8f741cc","build":"193.6494.35","bucket":"197","time":1585615556700,"group":{"id":"intentions","version":"31"},"event":{"count":1,"data":{"created":1585615556704},"id":"registered"}}
{"recorder_version":"31","session":"1b55e8f741cc","build":"193.6494.35","bucket":"197","time":1585615556700,"group":{"id":"settings.repository","version":"1"},"event":{"count":1,"data":{"created":1585615556704},"id":"registered"}}
{"recorder_version":"31","session":"1b55e8f741cc","build":"193.6494.35","bucket":"197","time":1585615556700,"group":{"id":"vcs.change.reminder","version":"2"},"event":{"count":1,"data":{"created":1585615556704},"id":"registered"}}
{"recorder_version":"31","session":"1b55e8f741cc","build":"193.6494.35","bucket":"197","time":1585615556700,"group":{"id":"create.directory.dialog","version":"1"},"event":{"count":1,"data":{"created":1585615556704},"id":"registered"}}
{"recorder_version":"31","session":"1b55e8f741cc","build":"193.6494.35","bucket":"197","time":1585615556700,"group":{"id":"kotlin.maven.target","version":"3"},"event":{"count":1,"data":{"created":1585615556705},"id":"registered"}}
{"recorder_version":"31","session":"1b55e8f741cc","build":"193.6494.35","bucket":"197","time":1585615556700,"group":{"id":"json.schema","version":"1"},"event":{"count":1,"data":{"created":1585615556705},"id":"registered"}}
{"recorder_version":"31","session":"1b55e8f741cc","build":"193.6494.35","bucket":"197","time":1585615556700,"group":{"id":"terminalShell","version":"1"},"event":{"count":1,"data":{"created":1585615556705},"id":"registered"}}
{"recorder_version":"31","session":"1b55e8f741cc","build":"193.6494.35","bucket":"197","time":1585615556700,"group":{"id":"rename.refactoring","version":"1"},"event":{"count":1,"data":{"created":1585615556705},"id":"registered"}}
{"recorder_version":"31","session":"1b55e8f741cc","build":"193.6494.35","bucket":"197","time":1585615556700,"group":{"id":"build.ant.actions","version":"1"},"event":{"count":1,"data":{"created":1585615556705},"id":"registered"}}
{"recorder_version":"31","session":"1b55e8f741cc","build":"193.6494.35","bucket":"197","time":1585615556700,"group":{"id":"actions","version":"31"},"event":{"count":1,"data":{"created":1585615556705},"id":"registered"}}
{"recorder_version":"31","session":"1b55e8f741cc","build":"193.6494.35","bucket":"197","time":1585615556700,"group":{"id":"kotlin.ide.editor","version":"1"},"event":{"count":1,"data":{"created":1585615556705},"id":"registered"}}
{"recorder_version":"31","session":"1b55e8f741cc","build":"193.6494.35","bucket":"197","time":1585615556700,"group":{"id":"event.log","version":"31"},"event":{"count":1,"data":{"created":1585615556706},"id":"registered"}}
{"recorder_version":"31","session":"1b55e8f741cc","build":"193.6494.35","bucket":"197","time":1585615556700,"group":{"id":"run.configuration.exec","version":"31"},"event":{"count":1,"data":{"created":1585615556706},"id":"registered"}}
{"recorder_version":"31","session":"1b55e8f741cc","build":"193.6494.35","bucket":"197","time":1585615556700,"group":{"id":"build.tools.actions","version":"1"},"event":{"count":1,"data":{"created":1585615556706},"id":"registered"}}
{"recorder_version":"31","session":"1b55e8f741cc","build":"193.6494.35","bucket":"197","time":1585615556700,"group":{"id":"file.editor","version":"2"},"event":{"count":1,"data":{"created":1585615556706},"id":"registered"}}
{"recorder_version":"31","session":"1b55e8f741cc","build":"193.6494.35","bucket":"197","time":1585615556700,"group":{"id":"vfs","version":"2"},"event":{"count":1,"data":{"created":1585615556706},"id":"registered"}}
{"recorder_version":"31","session":"1b55e8f741cc","build":"193.6494.35","bucket":"197","time":1585615556700,"group":{"id":"project.import","version":"2"},"event":{"count":1,"data":{"created":1585615556706},"id":"registered"}}
{"recorder_version":"31","session":"1b55e8f741cc","build":"193.6494.35","bucket":"197","time":1585615556700,"group":{"id":"actions.runAnything","version":"1"},"event":{"count":1,"data":{"created":1585615556706},"id":"registered"}}
{"recorder_version":"31","session":"1b55e8f741cc","build":"193.6494.35","bucket":"197","time":1585615556700,"group":{"id":"toolwindow","version":"31"},"event":{"count":1,"data":{"created":1585615556706},"id":"registered"}}
{"recorder_version":"31","session":"1b55e8f741cc","build":"193.6494.35","bucket":"197","time":1585615556700,"group":{"id":"kotlin.ide.newFileTempl","version":"1"},"event":{"count":1,"data":{"created":1585615556706},"id":"registered"}}
{"recorder_version":"31","session":"1b55e8f741cc","build":"193.6494.35","bucket":"197","time":1585615556700,"group":{"id":"ui.settings","version":"31"},"event":{"count":1,"data":{"created":1585615556707},"id":"registered"}}
{"recorder_version":"31","session":"1b55e8f741cc","build":"193.6494.35","bucket":"197","time":1585615556700,"group":{"id":"vcs.log.trigger","version":"2"},"event":{"count":1,"data":{"created":1585615556707},"id":"registered"}}
{"recorder_version":"31","session":"1b55e8f741cc","build":"193.6494.35","bucket":"197","time":1585615556700,"group":{"id":"productivity","version":"31"},"event":{"count":1,"data":{"created":1585615556707},"id":"registered"}}
{"recorder_version":"31","session":"1b55e8f741cc","build":"193.6494.35","bucket":"197","time":1585615556700,"group":{"id":"build.maven.actions","version":"1"},"event":{"count":1,"data":{"created":1585615556707},"id":"registered"}}
{"recorder_version":"31","session":"1b55e8f741cc","build":"193.6494.35","bucket":"197","time":1585615556700,"group":{"id":"ui.event","version":"3"},"event":{"count":1,"data":{"created":1585615556707},"id":"registered"}}
{"recorder_version":"31","session":"1b55e8f741cc","build":"193.6494.35","bucket":"197","time":1585615556700,"group":{"id":"plugins.advertiser","version":"1"},"event":{"count":1,"data":{"created":1585615556707},"id":"registered"}}
{"recorder_version":"31","session":"1b55e8f741cc","build":"193.6494.35","bucket":"197","time":1585615556700,"group":{"id":"editor.notification.panel","version":"1"},"event":{"count":1,"data":{"created":1585615556707},"id":"registered"}}
{"recorder_version":"31","session":"1b55e8f741cc","build":"193.6494.35","bucket":"197","time":1585615556700,"group":{"id":"kotlin.ide.debugger","version":"2"},"event":{"count":1,"data":{"created":1585615556707},"id":"registered"}}
{"recorder_version":"31","session":"1b55e8f741cc","build":"193.6494.35","bucket":"197","time":1585615556700,"group":{"id":"tooltip.action.events","version":"1"},"event":{"count":1,"data":{"created":1585615556708},"id":"registered"}}
{"recorder_version":"31","session":"1b55e8f741cc","build":"193.6494.35","bucket":"197","time":1585615556700,"group":{"id":"completion","version":"2"},"event":{"count":1,"data":{"created":1585615556708},"id":"registered"}}
{"recorder_version":"31","session":"1b55e8f741cc","build":"193.6494.35","bucket":"197","time":1585615556700,"group":{"id":"indexing","version":"2"},"event":{"count":1,"data":{"created":1585615556708},"id":"registered"}}
{"recorder_version":"31","session":"1b55e8f741cc","build":"193.6494.35","bucket":"197","time":1585615556700,"group":{"id":"vcs","version":"2"},"event":{"count":1,"data":{"created":1585615556708},"id":"registered"}}
{"recorder_version":"31","session":"1b55e8f741cc","build":"193.6494.35","bucket":"197","time":1585615556700,"group":{"id":"ui.dialogs","version":"31"},"event":{"count":1,"data":{"created":1585615556708},"id":"registered"}}
{"recorder_version":"31","session":"1b55e8f741cc","build":"193.6494.35","bucket":"197","time":1585615556700,"group":{"id":"vcs.back.forward.trigger","version":"1"},"event":{"count":1,"data":{"created":1585615556708},"id":"registered"}}
{"recorder_version":"31","session":"1b55e8f741cc","build":"193.6494.35","bucket":"197","time":1585615556700,"group":{"id":"customize.wizard","version":"1"},"event":{"count":1,"data":{"created":1585615556708},"id":"registered"}}
{"recorder_version":"31","session":"1b55e8f741cc","build":"193.6494.35","bucket":"197","time":1585615556700,"group":{"id":"ide.update.dialog","version":"1"},"event":{"count":1,"data":{"created":1585615556708},"id":"registered"}}
{"recorder_version":"31","session":"1b55e8f741cc","build":"193.6494.35","bucket":"197","time":1585615556700,"group":{"id":"toolbar","version":"31"},"event":{"count":1,"data":{"created":1585615556709},"id":"registered"}}
{"recorder_version":"31","session":"1b55e8f741cc","build":"193.6494.35","bucket":"197","time":1585615556700,"group":{"id":"build.gradle.actions","version":"1"},"event":{"count":1,"data":{"created":1585615556709},"id":"registered"}}
{"recorder_version":"31","session":"1b55e8f741cc","build":"193.6494.35","bucket":"197","time":1585615556700,"group":{"id":"performance","version":"31"},"event":{"count":1,"data":{"created":1585615556709},"id":"registered"}}
{"recorder_version":"31","session":"1b55e8f741cc","build":"193.6494.35","bucket":"197","time":1585615556700,"group":{"id":"build","version":"2"},"event":{"count":1,"data":{"created":1585615556709},"id":"registered"}}
{"recorder_version":"31","session":"1b55e8f741cc","build":"193.6494.35","bucket":"197","time":1585615556700,"group":{"id":"searchEverywhere","version":"3"},"event":{"count":1,"data":{"created":1585615556709},"id":"registered"}}
{"recorder_version":"31","session":"1b55e8f741cc","build":"193.6494.35","bucket":"197","time":1585615556700,"group":{"id":"kotlin.ide.action.refactoring","version":"1"},"event":{"count":1,"data":{"created":1585615556709},"id":"registered"}}
{"recorder_version":"31","session":"1b55e8f741cc","build":"193.6494.35","bucket":"197","time":1585615556700,"group":{"id":"ui.tips","version":"3"},"event":{"count":1,"data":{"created":1585615556709},"id":"registered"}}
{"recorder_version":"31","session":"1b55e8f741cc","build":"193.6494.35","bucket":"197","time":1585615556700,"group":{"id":"surround.with","version":"2"},"event":{"count":1,"data":{"created":1585615556709},"id":"registered"}}
{"recorder_version":"31","session":"1b55e8f741cc","build":"193.6494.35","bucket":"197","time":1585615556700,"group":{"id":"import.old.config","version":"3"},"event":{"count":1,"data":{"created":1585615556710},"id":"registered"}}
{"recorder_version":"31","session":"1b55e8f741cc","build":"193.6494.35","bucket":"197","time":1585615556700,"group":{"id":"kotlin.jps.target","version":"3"},"event":{"count":1,"data":{"created":1585615556710},"id":"registered"}}
{"recorder_version":"31","session":"1b55e8f741cc","build":"193.6494.35","bucket":"197","time":1585615556700,"group":{"id":"completion.postfix","version":"31"},"event":{"count":1,"data":{"created":1585615556710},"id":"registered"}}
{"recorder_version":"31","session":"1b55e8f741cc","build":"193.6494.35","bucket":"197","time":1585615556700,"group":{"id":"build.maven.packagesearch","version":"2"},"event":{"count":1,"data":{"created":1585615556710},"id":"registered"}}
{"recorder_version":"31","session":"1b55e8f741cc","build":"193.6494.35","bucket":"197","time":1585615557940,"group":{"id":"performance","version":"31"},"event":{"count":1,"data":{"duration_ms":0,"created":1585615557940},"id":"ui.latency"}}
