{"recorder_version":"31","session":"2267218bf100","build":"193.6494.35","bucket":"197","time":1585613483441,"group":{"id":"settings","version":"4"},"event":{"state":true,"data":{"component":"NotRoamableUiSettings","created":1585613483735},"id":"invoked"}}
{"recorder_version":"31","session":"2267218bf100","build":"193.6494.35","bucket":"197","time":1585613483442,"group":{"id":"settings","version":"4"},"event":{"state":true,"data":{"component":"UISettings","created":1585613483737},"id":"invoked"}}
{"recorder_version":"31","session":"2267218bf100","build":"193.6494.35","bucket":"197","time":1585613483447,"group":{"id":"system.java","version":"1"},"event":{"state":true,"data":{"created":1585613483750,"version":"validation.undefined_rule"},"id":"validation.undefined_rule"}}
{"recorder_version":"31","session":"2267218bf100","build":"193.6494.35","bucket":"197","time":1585613483447,"group":{"id":"system.java","version":"1"},"event":{"state":true,"data":{"created":1585613483750},"id":"invoked"}}
{"recorder_version":"31","session":"2267218bf100","build":"193.6494.35","bucket":"197","time":1585613483494,"group":{"id":"system.os","version":"3"},"event":{"state":true,"data":{"created":1585613483751,"version":"10.14"},"id":"Mac"}}
{"recorder_version":"31","session":"2267218bf100","build":"193.6494.35","bucket":"197","time":1585613483494,"group":{"id":"system.os","version":"3"},"event":{"state":true,"data":{"created":1585613483753,"name":"Mac","version":"10.14"},"id":"os.name"}}
{"recorder_version":"31","session":"2267218bf100","build":"193.6494.35","bucket":"197","time":1585613483494,"group":{"id":"system.os","version":"3"},"event":{"state":true,"data":{"created":1585613483754,"value":"-04_00"},"id":"os.timezone"}}
{"recorder_version":"31","session":"2267218bf100","build":"193.6494.35","bucket":"197","time":1585613483494,"group":{"id":"system.os","version":"3"},"event":{"state":true,"data":{"created":1585613483754},"id":"invoked"}}
{"recorder_version":"31","session":"2267218bf100","build":"193.6494.35","bucket":"197","time":1585613483640,"group":{"id":"settings","version":"4"},"event":{"state":true,"data":{"component":"UpdatesConfigurable","created":1585613483754,"name":"checkNeeded","type":"bool","value":false},"id":"not.default"}}
{"recorder_version":"31","session":"2267218bf100","build":"193.6494.35","bucket":"197","time":1585613483640,"group":{"id":"settings","version":"4"},"event":{"state":true,"data":{"component":"UpdatesConfigurable","created":1585613483755},"id":"invoked"}}
{"recorder_version":"31","session":"2267218bf100","build":"193.6494.35","bucket":"197","time":1585613483694,"group":{"id":"event.log","version":"31"},"event":{"count":1,"data":{"created":1585613483755,"version":"1200.0"},"id":"whitelist.loaded"}}
{"recorder_version":"31","session":"2267218bf100","build":"193.6494.35","bucket":"197","time":1585613483791,"group":{"id":"settings","version":"4"},"event":{"state":true,"data":{"component":"GeneralSettings","created":1585613483792,"name":"showTipsOnStartup","type":"bool","value":false},"id":"not.default"}}
{"recorder_version":"31","session":"2267218bf100","build":"193.6494.35","bucket":"197","time":1585613483791,"group":{"id":"settings","version":"4"},"event":{"state":true,"data":{"component":"GeneralSettings","created":1585613483792},"id":"invoked"}}
{"recorder_version":"31","session":"2267218bf100","build":"193.6494.35","bucket":"197","time":1585613483837,"group":{"id":"lifecycle","version":"31"},"event":{"count":1,"data":{"internal":true,"eap":false,"created":1585613483837},"id":"ide.start"}}
{"recorder_version":"31","session":"2267218bf100","build":"193.6494.35","bucket":"197","time":1585613483904,"group":{"id":"settings","version":"4"},"event":{"state":true,"data":{"component":"XmlEditorOptions","created":1585613483904},"id":"invoked"}}
{"recorder_version":"31","session":"2267218bf100","build":"193.6494.35","bucket":"197","time":1585613484263,"group":{"id":"settings","version":"4"},"event":{"state":true,"data":{"component":"VcsApplicationSettings","created":1585613484263},"id":"invoked"}}
{"recorder_version":"31","session":"2267218bf100","build":"193.6494.35","bucket":"197","time":1585613484263,"group":{"id":"lifecycle","version":"31"},"event":{"count":1,"data":{"created":1585613484264},"id":"frame.activated"}}
{"recorder_version":"31","session":"2267218bf100","build":"193.6494.35","bucket":"197","time":1585613484371,"group":{"id":"ui.dialogs","version":"31"},"event":{"count":1,"data":{"created":1585613484372,"plugin_type":"PLATFORM","dialog_class":"com.intellij.openapi.progress.util.ProgressDialog$MyDialogWrapper"},"id":"show"}}
{"recorder_version":"31","session":"2267218bf100","build":"193.6494.35","bucket":"197","time":1585613484454,"group":{"id":"performance","version":"31"},"event":{"count":1,"data":{"duration_ms":111,"created":1585613484454},"id":"ui.latency"}}
{"recorder_version":"31","session":"2267218bf100","build":"193.6494.35","bucket":"197","time":1585613484454,"group":{"id":"performance","version":"31"},"event":{"count":1,"data":{"duration_ms":111,"created":1585613484455},"id":"ui.lagging"}}
{"recorder_version":"31","session":"2267218bf100","build":"193.6494.35","bucket":"197","time":1585613485411,"group":{"id":"lifecycle","version":"31"},"event":{"count":1,"data":{"created":1585613485412,"project":"984dc00f1549fa535f2d186f3a9a6c29e1d93de0955a772968cfd5c04d3a9bb2"},"id":"project.opened"}}
{"recorder_version":"31","session":"2267218bf100","build":"193.6494.35","bucket":"197","time":1585613485667,"group":{"id":"performance","version":"31"},"event":{"count":1,"data":{"duration_ms":330,"created":1585613485667},"id":"ui.lagging"}}
{"recorder_version":"31","session":"2267218bf100","build":"193.6494.35","bucket":"197","time":1585613485954,"group":{"id":"indexing","version":"2"},"event":{"count":1,"data":{"ide_activity_id":1,"created":1585613485954,"project":"984dc00f1549fa535f2d186f3a9a6c29e1d93de0955a772968cfd5c04d3a9bb2"},"id":"started"}}
{"recorder_version":"31","session":"2267218bf100","build":"193.6494.35","bucket":"197","time":1585613485988,"group":{"id":"indexing","version":"2"},"event":{"count":1,"data":{"ide_activity_id":1,"stage_class":"com.intellij.util.indexing.UnindexedFilesUpdater","created":1585613485988,"plugin_type":"PLATFORM"},"id":"stage"}}
{"recorder_version":"31","session":"2267218bf100","build":"193.6494.35","bucket":"197","time":1585613486516,"group":{"id":"toolwindow","version":"31"},"event":{"count":1,"data":{"ViewMode":"Dock_Pinned","created":1585613486517,"plugin_type":"PLATFORM","id":"Project","Location":"Left_Top"},"id":"activated"}}
{"recorder_version":"31","session":"2267218bf100","build":"193.6494.35","bucket":"197","time":1585613487362,"group":{"id":"project.fs","version":"1"},"event":{"state":true,"data":{"os":"Mac","cs-project":false,"created":1585613487363,"project":"984dc00f1549fa535f2d186f3a9a6c29e1d93de0955a772968cfd5c04d3a9bb2","cs-implicit":true,"cs-system":false},"id":"case-sensitivity"}}
{"recorder_version":"31","session":"2267218bf100","build":"193.6494.35","bucket":"197","time":1585613487362,"group":{"id":"project.fs","version":"1"},"event":{"state":true,"data":{"created":1585613487363},"id":"invoked"}}
{"recorder_version":"31","session":"2267218bf100","build":"193.6494.35","bucket":"197","time":1585613487364,"group":{"id":"project.fs","version":"1"},"event":{"state":true,"data":{"pct-non-watched":0,"created":1585613487364,"project":"984dc00f1549fa535f2d186f3a9a6c29e1d93de0955a772968cfd5c04d3a9bb2"},"id":"roots-watched"}}
{"recorder_version":"31","session":"2267218bf100","build":"193.6494.35","bucket":"197","time":1585613487364,"group":{"id":"project.fs","version":"1"},"event":{"state":true,"data":{"created":1585613487364},"id":"invoked"}}
{"recorder_version":"31","session":"2267218bf100","build":"193.6494.35","bucket":"197","time":1585613487454,"group":{"id":"ui.dialogs","version":"31"},"event":{"count":1,"data":{"code":1,"created":1585613487454,"plugin_type":"PLATFORM","dialog_class":"com.intellij.openapi.progress.util.ProgressDialog$MyDialogWrapper"},"id":"close"}}
{"recorder_version":"31","session":"2267218bf100","build":"193.6494.35","bucket":"197","time":1585613487577,"group":{"id":"lifecycle","version":"31"},"event":{"count":1,"data":{"duration_ms":3640,"created":1585613487578,"project":"984dc00f1549fa535f2d186f3a9a6c29e1d93de0955a772968cfd5c04d3a9bb2"},"id":"project.opening.finished"}}
{"recorder_version":"31","session":"2267218bf100","build":"193.6494.35","bucket":"197","time":1585613487980,"group":{"id":"indexing","version":"2"},"event":{"count":1,"data":{"duration_ms":2025,"ide_activity_id":1,"created":1585613487980},"id":"finished"}}
{"recorder_version":"31","session":"2267218bf100","build":"193.6494.35","bucket":"197","time":1585613488074,"group":{"id":"indexing","version":"2"},"event":{"count":1,"data":{"ide_activity_id":2,"created":1585613488074,"project":"984dc00f1549fa535f2d186f3a9a6c29e1d93de0955a772968cfd5c04d3a9bb2"},"id":"started"}}
{"recorder_version":"31","session":"2267218bf100","build":"193.6494.35","bucket":"197","time":1585613488089,"group":{"id":"indexing","version":"2"},"event":{"count":1,"data":{"ide_activity_id":2,"plugin":"org.jetbrains.android","stage_class":"com.android.tools.idea.res.ResourceFolderRepositoryFileCacheImpl$PruneTask","created":1585613488090,"plugin_type":"JB_BUNDLED"},"id":"stage"}}
{"recorder_version":"31","session":"2267218bf100","build":"193.6494.35","bucket":"197","time":1585613488123,"group":{"id":"indexing","version":"2"},"event":{"count":1,"data":{"ide_activity_id":2,"plugin":"org.jetbrains.android","stage_class":"com.android.tools.idea.res.ResourceFolderRepositoryFileCacheImpl$ManageLruProjectFilesTask","created":1585613488124,"plugin_type":"JB_BUNDLED"},"id":"stage"}}
{"recorder_version":"31","session":"2267218bf100","build":"193.6494.35","bucket":"197","time":1585613488162,"group":{"id":"indexing","version":"2"},"event":{"count":1,"data":{"duration_ms":88,"ide_activity_id":2,"created":1585613488163},"id":"finished"}}
{"recorder_version":"31","session":"2267218bf100","build":"193.6494.35","bucket":"197","time":1585613488179,"group":{"id":"indexing","version":"2"},"event":{"count":1,"data":{"ide_activity_id":3,"created":1585613488180,"project":"984dc00f1549fa535f2d186f3a9a6c29e1d93de0955a772968cfd5c04d3a9bb2"},"id":"started"}}
{"recorder_version":"31","session":"2267218bf100","build":"193.6494.35","bucket":"197","time":1585613488218,"group":{"id":"indexing","version":"2"},"event":{"count":1,"data":{"ide_activity_id":3,"plugin":"org.jetbrains.android","stage_class":"com.android.tools.idea.res.ResourceFolderRegistry$PopulateCachesTask","created":1585613488218,"plugin_type":"JB_BUNDLED"},"id":"stage"}}
{"recorder_version":"31","session":"2267218bf100","build":"193.6494.35","bucket":"197","time":1585613488231,"group":{"id":"indexing","version":"2"},"event":{"count":1,"data":{"duration_ms":52,"ide_activity_id":3,"created":1585613488231},"id":"finished"}}
{"recorder_version":"31","session":"2267218bf100","build":"193.6494.35","bucket":"197","time":1585613488529,"group":{"id":"performance","version":"31"},"event":{"count":1,"data":{"duration_ms":185,"created":1585613488529},"id":"ui.lagging"}}
{"recorder_version":"31","session":"2267218bf100","build":"193.6494.35","bucket":"197","time":1585613491806,"group":{"id":"actions","version":"31"},"event":{"count":1,"data":{"context_menu":true,"action_id":"third.party","created":1585613491806,"plugin_type":"NOT_LISTED","project":"984dc00f1549fa535f2d186f3a9a6c29e1d93de0955a772968cfd5c04d3a9bb2","place":"MainMenu","class":"third.party","input_event":"NoMouseButton"},"id":"action.invoked"}}
{"recorder_version":"31","session":"2267218bf100","build":"193.6494.35","bucket":"197","time":1585613492469,"group":{"id":"startup","version":"1"},"event":{"count":1,"data":{"duration":1391,"created":1585613492469},"id":"appInit"}}
{"recorder_version":"31","session":"2267218bf100","build":"193.6494.35","bucket":"197","time":1585613492469,"group":{"id":"startup","version":"1"},"event":{"count":1,"data":{"duration":273,"created":1585613492470},"id":"splash"}}
{"recorder_version":"31","session":"2267218bf100","build":"193.6494.35","bucket":"197","time":1585613492469,"group":{"id":"startup","version":"1"},"event":{"count":1,"data":{"duration":178,"created":1585613492470},"id":"bootstrap"}}
{"recorder_version":"31","session":"2267218bf100","build":"193.6494.35","bucket":"197","time":1585613492469,"group":{"id":"startup","version":"1"},"event":{"count":1,"data":{"duration":5763,"created":1585613492470},"id":"totalDuration"}}
{"recorder_version":"31","session":"2267218bf100","build":"193.6494.35","bucket":"197","time":1585613493455,"group":{"id":"ui.dialogs","version":"31"},"event":{"count":1,"data":{"created":1585613493455,"plugin_type":"NOT_LISTED","dialog_class":"third.party"},"id":"show"}}
{"recorder_version":"31","session":"2267218bf100","build":"193.6494.35","bucket":"197","time":1585613495847,"group":{"id":"ui.dialogs","version":"31"},"event":{"count":1,"data":{"code":0,"created":1585613495848,"plugin_type":"NOT_LISTED","dialog_class":"third.party"},"id":"close"}}
{"recorder_version":"31","session":"2267218bf100","build":"193.6494.35","bucket":"197","time":1585613497111,"group":{"id":"ui.dialogs","version":"31"},"event":{"count":1,"data":{"created":1585613497111,"plugin_type":"NOT_LISTED","dialog_class":"third.party"},"id":"show"}}
{"recorder_version":"31","session":"2267218bf100","build":"193.6494.35","bucket":"197","time":1585613499778,"group":{"id":"ui.dialogs","version":"31"},"event":{"count":1,"data":{"code":0,"created":1585613499779,"plugin_type":"NOT_LISTED","dialog_class":"third.party"},"id":"close"}}
{"recorder_version":"31","session":"2267218bf100","build":"193.6494.35","bucket":"197","time":1585613499815,"group":{"id":"ui.dialogs","version":"31"},"event":{"count":1,"data":{"created":1585613499815,"plugin_type":"NOT_LISTED","dialog_class":"third.party"},"id":"show"}}
{"recorder_version":"31","session":"2267218bf100","build":"193.6494.35","bucket":"197","time":1585613501183,"group":{"id":"ui.dialogs","version":"31"},"event":{"count":1,"data":{"code":0,"created":1585613501183,"plugin_type":"NOT_LISTED","dialog_class":"third.party"},"id":"close"}}
{"recorder_version":"31","session":"2267218bf100","build":"193.6494.35","bucket":"197","time":1585613501218,"group":{"id":"ui.dialogs","version":"31"},"event":{"count":1,"data":{"created":1585613501219,"plugin_type":"NOT_LISTED","dialog_class":"third.party"},"id":"show"}}
{"recorder_version":"31","session":"2267218bf100","build":"193.6494.35","bucket":"197","time":1585613503896,"group":{"id":"ui.dialogs","version":"31"},"event":{"count":1,"data":{"code":0,"created":1585613503897,"plugin_type":"NOT_LISTED","dialog_class":"third.party"},"id":"close"}}
{"recorder_version":"31","session":"2267218bf100","build":"193.6494.35","bucket":"197","time":1585613503932,"group":{"id":"ui.dialogs","version":"31"},"event":{"count":1,"data":{"created":1585613503933,"plugin_type":"NOT_LISTED","dialog_class":"third.party"},"id":"show"}}
{"recorder_version":"31","session":"2267218bf100","build":"193.6494.35","bucket":"197","time":1585613508062,"group":{"id":"ui.dialogs","version":"31"},"event":{"count":1,"data":{"code":0,"created":1585613508063,"plugin_type":"NOT_LISTED","dialog_class":"third.party"},"id":"close"}}
{"recorder_version":"31","session":"2267218bf100","build":"193.6494.35","bucket":"197","time":1585613508098,"group":{"id":"ui.dialogs","version":"31"},"event":{"count":1,"data":{"created":1585613508098,"plugin_type":"NOT_LISTED","dialog_class":"third.party"},"id":"show"}}
{"recorder_version":"31","session":"2267218bf100","build":"193.6494.35","bucket":"197","time":1585613510396,"group":{"id":"ui.dialogs","version":"31"},"event":{"count":1,"data":{"code":0,"created":1585613510397,"plugin_type":"NOT_LISTED","dialog_class":"third.party"},"id":"close"}}
{"recorder_version":"31","session":"2267218bf100","build":"193.6494.35","bucket":"197","time":1585613510436,"group":{"id":"ui.dialogs","version":"31"},"event":{"count":1,"data":{"created":1585613510436,"plugin_type":"NOT_LISTED","dialog_class":"third.party"},"id":"show"}}
{"recorder_version":"31","session":"2267218bf100","build":"193.6494.35","bucket":"197","time":1585613512681,"group":{"id":"ui.dialogs","version":"31"},"event":{"count":1,"data":{"code":0,"created":1585613512681,"plugin_type":"NOT_LISTED","dialog_class":"third.party"},"id":"close"}}
{"recorder_version":"31","session":"2267218bf100","build":"193.6494.35","bucket":"197","time":1585613526518,"group":{"id":"actions","version":"31"},"event":{"count":1,"data":{"context_menu":true,"current_file":"TEXT","action_id":"third.party","created":1585613526518,"plugin_type":"NOT_LISTED","project":"984dc00f1549fa535f2d186f3a9a6c29e1d93de0955a772968cfd5c04d3a9bb2","place":"MainMenu","class":"third.party","input_event":"NoMouseButton"},"id":"action.invoked"}}
{"recorder_version":"31","session":"2267218bf100","build":"193.6494.35","bucket":"197","time":1585613527827,"group":{"id":"ui.dialogs","version":"31"},"event":{"count":1,"data":{"created":1585613527828,"plugin_type":"NOT_LISTED","dialog_class":"third.party"},"id":"show"}}
{"recorder_version":"31","session":"2267218bf100","build":"193.6494.35","bucket":"197","time":1585613530522,"group":{"id":"ui.dialogs","version":"31"},"event":{"count":1,"data":{"code":0,"created":1585613530522,"plugin_type":"NOT_LISTED","dialog_class":"third.party"},"id":"close"}}
{"recorder_version":"31","session":"2267218bf100","build":"193.6494.35","bucket":"197","time":1585613531866,"group":{"id":"ui.dialogs","version":"31"},"event":{"count":1,"data":{"created":1585613531866,"plugin_type":"NOT_LISTED","dialog_class":"third.party"},"id":"show"}}
{"recorder_version":"31","session":"2267218bf100","build":"193.6494.35","bucket":"197","time":1585613534211,"group":{"id":"ui.dialogs","version":"31"},"event":{"count":1,"data":{"code":0,"created":1585613534211,"plugin_type":"NOT_LISTED","dialog_class":"third.party"},"id":"close"}}
{"recorder_version":"31","session":"2267218bf100","build":"193.6494.35","bucket":"197","time":1585613534247,"group":{"id":"ui.dialogs","version":"31"},"event":{"count":1,"data":{"created":1585613534247,"plugin_type":"NOT_LISTED","dialog_class":"third.party"},"id":"show"}}
{"recorder_version":"31","session":"2267218bf100","build":"193.6494.35","bucket":"197","time":1585613535802,"group":{"id":"ui.dialogs","version":"31"},"event":{"count":1,"data":{"code":0,"created":1585613535802,"plugin_type":"NOT_LISTED","dialog_class":"third.party"},"id":"close"}}
{"recorder_version":"31","session":"2267218bf100","build":"193.6494.35","bucket":"197","time":1585613535855,"group":{"id":"ui.dialogs","version":"31"},"event":{"count":1,"data":{"created":1585613535855,"plugin_type":"NOT_LISTED","dialog_class":"third.party"},"id":"show"}}
{"recorder_version":"31","session":"2267218bf100","build":"193.6494.35","bucket":"197","time":1585613544012,"group":{"id":"ui.dialogs","version":"31"},"event":{"count":1,"data":{"code":0,"created":1585613544012,"plugin_type":"NOT_LISTED","dialog_class":"third.party"},"id":"close"}}
{"recorder_version":"31","session":"2267218bf100","build":"193.6494.35","bucket":"197","time":1585613544047,"group":{"id":"ui.dialogs","version":"31"},"event":{"count":1,"data":{"created":1585613544047,"plugin_type":"NOT_LISTED","dialog_class":"third.party"},"id":"show"}}
{"recorder_version":"31","session":"2267218bf100","build":"193.6494.35","bucket":"197","time":1585613546491,"group":{"id":"ui.dialogs","version":"31"},"event":{"count":1,"data":{"code":0,"created":1585613546492,"plugin_type":"NOT_LISTED","dialog_class":"third.party"},"id":"close"}}
{"recorder_version":"31","session":"2267218bf100","build":"193.6494.35","bucket":"197","time":1585613546529,"group":{"id":"ui.dialogs","version":"31"},"event":{"count":1,"data":{"created":1585613546529,"plugin_type":"NOT_LISTED","dialog_class":"third.party"},"id":"show"}}
{"recorder_version":"31","session":"2267218bf100","build":"193.6494.35","bucket":"197","time":1585613549067,"group":{"id":"ui.dialogs","version":"31"},"event":{"count":1,"data":{"code":0,"created":1585613549068,"plugin_type":"NOT_LISTED","dialog_class":"third.party"},"id":"close"}}
{"recorder_version":"31","session":"2267218bf100","build":"193.6494.35","bucket":"197","time":1585613549113,"group":{"id":"ui.dialogs","version":"31"},"event":{"count":1,"data":{"created":1585613549113,"plugin_type":"NOT_LISTED","dialog_class":"third.party"},"id":"show"}}
{"recorder_version":"31","session":"2267218bf100","build":"193.6494.35","bucket":"197","time":1585613550868,"group":{"id":"ui.dialogs","version":"31"},"event":{"count":1,"data":{"code":0,"created":1585613550868,"plugin_type":"NOT_LISTED","dialog_class":"third.party"},"id":"close"}}
{"recorder_version":"31","session":"2267218bf100","build":"193.6494.35","bucket":"197","time":1585613584618,"group":{"id":"performance","version":"31"},"event":{"count":1,"data":{"duration_ms":0,"created":1585613584619},"id":"ui.latency"}}
{"recorder_version":"31","session":"2267218bf100","build":"193.6494.35","bucket":"197","time":1585613598786,"group":{"id":"lifecycle","version":"31"},"event":{"count":1,"data":{"created":1585613598786,"project":"984dc00f1549fa535f2d186f3a9a6c29e1d93de0955a772968cfd5c04d3a9bb2"},"id":"frame.deactivated"}}
{"recorder_version":"31","session":"2267218bf100","build":"193.6494.35","bucket":"197","time":1585613632071,"group":{"id":"lifecycle","version":"31"},"event":{"count":1,"data":{"created":1585613632071,"project":"984dc00f1549fa535f2d186f3a9a6c29e1d93de0955a772968cfd5c04d3a9bb2"},"id":"frame.activated"}}
{"recorder_version":"31","session":"2267218bf100","build":"193.6494.35","bucket":"197","time":1585613633097,"group":{"id":"performance","version":"31"},"event":{"count":1,"data":{"duration_ms":372,"created":1585613633097},"id":"ui.lagging"}}
{"recorder_version":"31","session":"2267218bf100","build":"193.6494.35","bucket":"197","time":1585613633151,"group":{"id":"ui.event","version":"3"},"event":{"count":1,"data":{"created":1585613633151},"id":"HectorPopupDisplayed"}}
{"recorder_version":"31","session":"2267218bf100","build":"193.6494.35","bucket":"197","time":1585613633352,"group":{"id":"indexing","version":"2"},"event":{"count":1,"data":{"ide_activity_id":4,"created":1585613633352,"project":"984dc00f1549fa535f2d186f3a9a6c29e1d93de0955a772968cfd5c04d3a9bb2"},"id":"started"}}
{"recorder_version":"31","session":"2267218bf100","build":"193.6494.35","bucket":"197","time":1585613633425,"group":{"id":"indexing","version":"2"},"event":{"count":1,"data":{"ide_activity_id":4,"stage_class":"com.intellij.openapi.roots.impl.PushedFilePropertiesUpdaterImpl$3","created":1585613633425,"plugin_type":"PLATFORM"},"id":"stage"}}
{"recorder_version":"31","session":"2267218bf100","build":"193.6494.35","bucket":"197","time":1585613633436,"group":{"id":"indexing","version":"2"},"event":{"count":1,"data":{"duration_ms":84,"ide_activity_id":4,"created":1585613633436},"id":"finished"}}
{"recorder_version":"31","session":"2267218bf100","build":"193.6494.35","bucket":"197","time":1585613636481,"group":{"id":"actions","version":"31"},"event":{"count":1,"data":{"context_menu":true,"current_file":"TEXT","action_id":"third.party","created":1585613636481,"plugin_type":"NOT_LISTED","project":"984dc00f1549fa535f2d186f3a9a6c29e1d93de0955a772968cfd5c04d3a9bb2","place":"MainMenu","class":"third.party","input_event":"NoMouseButton"},"id":"action.invoked"}}
{"recorder_version":"31","session":"2267218bf100","build":"193.6494.35","bucket":"197","time":1585613637930,"group":{"id":"ui.dialogs","version":"31"},"event":{"count":1,"data":{"created":1585613637930,"plugin_type":"NOT_LISTED","dialog_class":"third.party"},"id":"show"}}
{"recorder_version":"31","session":"2267218bf100","build":"193.6494.35","bucket":"197","time":1585613640266,"group":{"id":"ui.dialogs","version":"31"},"event":{"count":1,"data":{"code":0,"created":1585613640267,"plugin_type":"NOT_LISTED","dialog_class":"third.party"},"id":"close"}}
{"recorder_version":"31","session":"2267218bf100","build":"193.6494.35","bucket":"197","time":1585613641747,"group":{"id":"ui.dialogs","version":"31"},"event":{"count":1,"data":{"created":1585613641747,"plugin_type":"NOT_LISTED","dialog_class":"third.party"},"id":"show"}}
{"recorder_version":"31","session":"2267218bf100","build":"193.6494.35","bucket":"197","time":1585613644037,"group":{"id":"ui.dialogs","version":"31"},"event":{"count":1,"data":{"code":0,"created":1585613644038,"plugin_type":"NOT_LISTED","dialog_class":"third.party"},"id":"close"}}
{"recorder_version":"31","session":"2267218bf100","build":"193.6494.35","bucket":"197","time":1585613644072,"group":{"id":"ui.dialogs","version":"31"},"event":{"count":1,"data":{"created":1585613644072,"plugin_type":"NOT_LISTED","dialog_class":"third.party"},"id":"show"}}
{"recorder_version":"31","session":"2267218bf100","build":"193.6494.35","bucket":"197","time":1585613646516,"group":{"id":"ui.dialogs","version":"31"},"event":{"count":1,"data":{"code":0,"created":1585613646517,"plugin_type":"NOT_LISTED","dialog_class":"third.party"},"id":"close"}}
{"recorder_version":"31","session":"2267218bf100","build":"193.6494.35","bucket":"197","time":1585613646553,"group":{"id":"ui.dialogs","version":"31"},"event":{"count":1,"data":{"created":1585613646553,"plugin_type":"NOT_LISTED","dialog_class":"third.party"},"id":"show"}}
{"recorder_version":"31","session":"2267218bf100","build":"193.6494.35","bucket":"197","time":1585613648565,"group":{"id":"ui.dialogs","version":"31"},"event":{"count":1,"data":{"code":0,"created":1585613648565,"plugin_type":"NOT_LISTED","dialog_class":"third.party"},"id":"close"}}
{"recorder_version":"31","session":"2267218bf100","build":"193.6494.35","bucket":"197","time":1585613648588,"group":{"id":"ui.dialogs","version":"31"},"event":{"count":1,"data":{"created":1585613648588,"plugin_type":"NOT_LISTED","dialog_class":"third.party"},"id":"show"}}
{"recorder_version":"31","session":"2267218bf100","build":"193.6494.35","bucket":"197","time":1585613650779,"group":{"id":"ui.dialogs","version":"31"},"event":{"count":1,"data":{"code":0,"created":1585613650780,"plugin_type":"NOT_LISTED","dialog_class":"third.party"},"id":"close"}}
{"recorder_version":"31","session":"2267218bf100","build":"193.6494.35","bucket":"197","time":1585613650814,"group":{"id":"ui.dialogs","version":"31"},"event":{"count":1,"data":{"created":1585613650815,"plugin_type":"NOT_LISTED","dialog_class":"third.party"},"id":"show"}}
{"recorder_version":"31","session":"2267218bf100","build":"193.6494.35","bucket":"197","time":1585613665997,"group":{"id":"ui.dialogs","version":"31"},"event":{"count":1,"data":{"code":0,"created":1585613665997,"plugin_type":"NOT_LISTED","dialog_class":"third.party"},"id":"close"}}
{"recorder_version":"31","session":"2267218bf100","build":"193.6494.35","bucket":"197","time":1585613666037,"group":{"id":"ui.dialogs","version":"31"},"event":{"count":1,"data":{"created":1585613666038,"plugin_type":"NOT_LISTED","dialog_class":"third.party"},"id":"show"}}
{"recorder_version":"31","session":"2267218bf100","build":"193.6494.35","bucket":"197","time":1585613668336,"group":{"id":"lifecycle","version":"31"},"event":{"count":1,"data":{"created":1585613668336,"project":"984dc00f1549fa535f2d186f3a9a6c29e1d93de0955a772968cfd5c04d3a9bb2"},"id":"frame.deactivated"}}
{"recorder_version":"31","session":"2267218bf100","build":"193.6494.35","bucket":"197","time":1585613670994,"group":{"id":"lifecycle","version":"31"},"event":{"count":1,"data":{"created":1585613670995,"project":"984dc00f1549fa535f2d186f3a9a6c29e1d93de0955a772968cfd5c04d3a9bb2"},"id":"frame.activated"}}
{"recorder_version":"31","session":"2267218bf100","build":"193.6494.35","bucket":"197","time":1585613674297,"group":{"id":"ui.dialogs","version":"31"},"event":{"count":1,"data":{"code":0,"created":1585613674298,"plugin_type":"NOT_LISTED","dialog_class":"third.party"},"id":"close"}}
{"recorder_version":"31","session":"2267218bf100","build":"193.6494.35","bucket":"197","time":1585613678252,"group":{"id":"lifecycle","version":"31"},"event":{"count":1,"data":{"created":1585613678252,"project":"984dc00f1549fa535f2d186f3a9a6c29e1d93de0955a772968cfd5c04d3a9bb2"},"id":"frame.deactivated"}}
{"recorder_version":"31","session":"2267218bf100","build":"193.6494.35","bucket":"197","time":1585613683000,"group":{"id":"lifecycle","version":"31"},"event":{"count":1,"data":{"created":1585613683001,"project":"984dc00f1549fa535f2d186f3a9a6c29e1d93de0955a772968cfd5c04d3a9bb2"},"id":"frame.activated"}}
{"recorder_version":"31","session":"2267218bf100","build":"193.6494.35","bucket":"197","time":1585613684839,"group":{"id":"performance","version":"31"},"event":{"count":1,"data":{"duration_ms":0,"created":1585613684839},"id":"ui.latency"}}
{"recorder_version":"31","session":"2267218bf100","build":"193.6494.35","bucket":"197","time":1585613690633,"group":{"id":"lifecycle","version":"31"},"event":{"count":1,"data":{"created":1585613690633,"project":"984dc00f1549fa535f2d186f3a9a6c29e1d93de0955a772968cfd5c04d3a9bb2"},"id":"frame.deactivated"}}
{"recorder_version":"31","session":"2267218bf100","build":"193.6494.35","bucket":"197","time":1585613693115,"group":{"id":"lifecycle","version":"31"},"event":{"count":1,"data":{"created":1585613693115,"project":"984dc00f1549fa535f2d186f3a9a6c29e1d93de0955a772968cfd5c04d3a9bb2"},"id":"frame.activated"}}
{"recorder_version":"31","session":"2267218bf100","build":"193.6494.35","bucket":"197","time":1585613693833,"group":{"id":"lifecycle","version":"31"},"event":{"count":1,"data":{"created":1585613693834,"project":"984dc00f1549fa535f2d186f3a9a6c29e1d93de0955a772968cfd5c04d3a9bb2"},"id":"frame.deactivated"}}
{"recorder_version":"31","session":"2267218bf100","build":"193.6494.35","bucket":"197","time":1585613694357,"group":{"id":"lifecycle","version":"31"},"event":{"count":1,"data":{"created":1585613694357,"project":"984dc00f1549fa535f2d186f3a9a6c29e1d93de0955a772968cfd5c04d3a9bb2"},"id":"frame.activated"}}
{"recorder_version":"31","session":"2267218bf100","build":"193.6494.35","bucket":"197","time":1585613702589,"group":{"id":"lifecycle","version":"31"},"event":{"count":1,"data":{"created":1585613702589,"project":"984dc00f1549fa535f2d186f3a9a6c29e1d93de0955a772968cfd5c04d3a9bb2"},"id":"frame.deactivated"}}
{"recorder_version":"31","session":"2267218bf100","build":"193.6494.35","bucket":"197","time":1585613709075,"group":{"id":"lifecycle","version":"31"},"event":{"count":1,"data":{"created":1585613709075,"project":"984dc00f1549fa535f2d186f3a9a6c29e1d93de0955a772968cfd5c04d3a9bb2"},"id":"frame.activated"}}
{"recorder_version":"31","session":"2267218bf100","build":"193.6494.35","bucket":"197","time":1585613721693,"group":{"id":"lifecycle","version":"31"},"event":{"count":1,"data":{"created":1585613721693,"project":"984dc00f1549fa535f2d186f3a9a6c29e1d93de0955a772968cfd5c04d3a9bb2"},"id":"frame.deactivated"}}
{"recorder_version":"31","session":"2267218bf100","build":"193.6494.35","bucket":"197","time":1585613722489,"group":{"id":"lifecycle","version":"31"},"event":{"count":1,"data":{"created":1585613722489,"project":"984dc00f1549fa535f2d186f3a9a6c29e1d93de0955a772968cfd5c04d3a9bb2"},"id":"frame.activated"}}
