{"recorder_version":"31","session":"bcbcfaa6ba56","build":"193.6494.35","bucket":"197","time":1585612656052,"group":{"id":"settings","version":"4"},"event":{"state":true,"data":{"component":"UISettings","created":1585612656315},"id":"invoked"}}
{"recorder_version":"31","session":"bcbcfaa6ba56","build":"193.6494.35","bucket":"197","time":1585612656052,"group":{"id":"settings","version":"4"},"event":{"state":true,"data":{"component":"NotRoamableUiSettings","created":1585612656319},"id":"invoked"}}
{"recorder_version":"31","session":"bcbcfaa6ba56","build":"193.6494.35","bucket":"197","time":1585612656065,"group":{"id":"system.java","version":"1"},"event":{"state":true,"data":{"created":1585612656335,"version":"validation.undefined_rule"},"id":"validation.undefined_rule"}}
{"recorder_version":"31","session":"bcbcfaa6ba56","build":"193.6494.35","bucket":"197","time":1585612656065,"group":{"id":"system.java","version":"1"},"event":{"state":true,"data":{"created":1585612656335},"id":"invoked"}}
{"recorder_version":"31","session":"bcbcfaa6ba56","build":"193.6494.35","bucket":"197","time":1585612656093,"group":{"id":"system.os","version":"3"},"event":{"state":true,"data":{"created":1585612656337,"version":"10.14"},"id":"Mac"}}
{"recorder_version":"31","session":"bcbcfaa6ba56","build":"193.6494.35","bucket":"197","time":1585612656093,"group":{"id":"system.os","version":"3"},"event":{"state":true,"data":{"created":1585612656337,"name":"Mac","version":"10.14"},"id":"os.name"}}
{"recorder_version":"31","session":"bcbcfaa6ba56","build":"193.6494.35","bucket":"197","time":1585612656093,"group":{"id":"system.os","version":"3"},"event":{"state":true,"data":{"created":1585612656338,"value":"-04_00"},"id":"os.timezone"}}
{"recorder_version":"31","session":"bcbcfaa6ba56","build":"193.6494.35","bucket":"197","time":1585612656093,"group":{"id":"system.os","version":"3"},"event":{"state":true,"data":{"created":1585612656338},"id":"invoked"}}
{"recorder_version":"31","session":"bcbcfaa6ba56","build":"193.6494.35","bucket":"197","time":1585612656234,"group":{"id":"settings","version":"4"},"event":{"state":true,"data":{"component":"UpdatesConfigurable","created":1585612656338,"name":"checkNeeded","type":"bool","value":false},"id":"not.default"}}
{"recorder_version":"31","session":"bcbcfaa6ba56","build":"193.6494.35","bucket":"197","time":1585612656234,"group":{"id":"settings","version":"4"},"event":{"state":true,"data":{"component":"UpdatesConfigurable","created":1585612656339},"id":"invoked"}}
{"recorder_version":"31","session":"bcbcfaa6ba56","build":"193.6494.35","bucket":"197","time":1585612656285,"group":{"id":"event.log","version":"31"},"event":{"count":1,"data":{"created":1585612656339,"version":"1200.0"},"id":"whitelist.loaded"}}
{"recorder_version":"31","session":"bcbcfaa6ba56","build":"193.6494.35","bucket":"197","time":1585612656397,"group":{"id":"settings","version":"4"},"event":{"state":true,"data":{"component":"GeneralSettings","created":1585612656403,"name":"showTipsOnStartup","type":"bool","value":false},"id":"not.default"}}
{"recorder_version":"31","session":"bcbcfaa6ba56","build":"193.6494.35","bucket":"197","time":1585612656397,"group":{"id":"settings","version":"4"},"event":{"state":true,"data":{"component":"GeneralSettings","created":1585612656404},"id":"invoked"}}
{"recorder_version":"31","session":"bcbcfaa6ba56","build":"193.6494.35","bucket":"197","time":1585612656479,"group":{"id":"lifecycle","version":"31"},"event":{"count":1,"data":{"internal":true,"eap":false,"created":1585612656479},"id":"ide.start"}}
{"recorder_version":"31","session":"bcbcfaa6ba56","build":"193.6494.35","bucket":"197","time":1585612656508,"group":{"id":"settings","version":"4"},"event":{"state":true,"data":{"component":"XmlEditorOptions","created":1585612656509},"id":"invoked"}}
{"recorder_version":"31","session":"bcbcfaa6ba56","build":"193.6494.35","bucket":"197","time":1585612656888,"group":{"id":"ui.dialogs","version":"31"},"event":{"count":1,"data":{"created":1585612656888,"plugin_type":"PLATFORM","dialog_class":"com.intellij.openapi.progress.util.ProgressDialog$MyDialogWrapper"},"id":"show"}}
{"recorder_version":"31","session":"bcbcfaa6ba56","build":"193.6494.35","bucket":"197","time":1585612656971,"group":{"id":"performance","version":"31"},"event":{"count":1,"data":{"duration_ms":34,"created":1585612656971},"id":"ui.latency"}}
{"recorder_version":"31","session":"bcbcfaa6ba56","build":"193.6494.35","bucket":"197","time":1585612657054,"group":{"id":"settings","version":"4"},"event":{"state":true,"data":{"component":"VcsApplicationSettings","created":1585612657054},"id":"invoked"}}
{"recorder_version":"31","session":"bcbcfaa6ba56","build":"193.6494.35","bucket":"197","time":1585612658063,"group":{"id":"lifecycle","version":"31"},"event":{"count":1,"data":{"created":1585612658065,"project":"984dc00f1549fa535f2d186f3a9a6c29e1d93de0955a772968cfd5c04d3a9bb2"},"id":"project.opened"}}
{"recorder_version":"31","session":"bcbcfaa6ba56","build":"193.6494.35","bucket":"197","time":1585612658338,"group":{"id":"performance","version":"31"},"event":{"count":1,"data":{"duration_ms":404,"created":1585612658339},"id":"ui.lagging"}}
{"recorder_version":"31","session":"bcbcfaa6ba56","build":"193.6494.35","bucket":"197","time":1585612658626,"group":{"id":"indexing","version":"2"},"event":{"count":1,"data":{"ide_activity_id":1,"created":1585612658626,"project":"984dc00f1549fa535f2d186f3a9a6c29e1d93de0955a772968cfd5c04d3a9bb2"},"id":"started"}}
{"recorder_version":"31","session":"bcbcfaa6ba56","build":"193.6494.35","bucket":"197","time":1585612658663,"group":{"id":"indexing","version":"2"},"event":{"count":1,"data":{"ide_activity_id":1,"stage_class":"com.intellij.util.indexing.UnindexedFilesUpdater","created":1585612658663,"plugin_type":"PLATFORM"},"id":"stage"}}
{"recorder_version":"31","session":"bcbcfaa6ba56","build":"193.6494.35","bucket":"197","time":1585612659096,"group":{"id":"performance","version":"31"},"event":{"count":1,"data":{"duration_ms":161,"created":1585612659096},"id":"ui.lagging"}}
{"recorder_version":"31","session":"bcbcfaa6ba56","build":"193.6494.35","bucket":"197","time":1585612659197,"group":{"id":"toolwindow","version":"31"},"event":{"count":1,"data":{"ViewMode":"Dock_Pinned","created":1585612659197,"plugin_type":"PLATFORM","id":"Project","Location":"Left_Top"},"id":"activated"}}
{"recorder_version":"31","session":"bcbcfaa6ba56","build":"193.6494.35","bucket":"197","time":1585612659959,"group":{"id":"project.fs","version":"1"},"event":{"state":true,"data":{"os":"Mac","cs-project":false,"created":1585612659959,"project":"984dc00f1549fa535f2d186f3a9a6c29e1d93de0955a772968cfd5c04d3a9bb2","cs-implicit":true,"cs-system":false},"id":"case-sensitivity"}}
{"recorder_version":"31","session":"bcbcfaa6ba56","build":"193.6494.35","bucket":"197","time":1585612659959,"group":{"id":"project.fs","version":"1"},"event":{"state":true,"data":{"created":1585612659959},"id":"invoked"}}
{"recorder_version":"31","session":"bcbcfaa6ba56","build":"193.6494.35","bucket":"197","time":1585612659961,"group":{"id":"project.fs","version":"1"},"event":{"state":true,"data":{"pct-non-watched":0,"created":1585612659961,"project":"984dc00f1549fa535f2d186f3a9a6c29e1d93de0955a772968cfd5c04d3a9bb2"},"id":"roots-watched"}}
{"recorder_version":"31","session":"bcbcfaa6ba56","build":"193.6494.35","bucket":"197","time":1585612659961,"group":{"id":"project.fs","version":"1"},"event":{"state":true,"data":{"created":1585612659962},"id":"invoked"}}
{"recorder_version":"31","session":"bcbcfaa6ba56","build":"193.6494.35","bucket":"197","time":1585612660015,"group":{"id":"ui.dialogs","version":"31"},"event":{"count":1,"data":{"code":1,"created":1585612660016,"plugin_type":"PLATFORM","dialog_class":"com.intellij.openapi.progress.util.ProgressDialog$MyDialogWrapper"},"id":"close"}}
{"recorder_version":"31","session":"bcbcfaa6ba56","build":"193.6494.35","bucket":"197","time":1585612660150,"group":{"id":"lifecycle","version":"31"},"event":{"count":1,"data":{"duration_ms":3622,"created":1585612660151,"project":"984dc00f1549fa535f2d186f3a9a6c29e1d93de0955a772968cfd5c04d3a9bb2"},"id":"project.opening.finished"}}
{"recorder_version":"31","session":"bcbcfaa6ba56","build":"193.6494.35","bucket":"197","time":1585612660690,"group":{"id":"indexing","version":"2"},"event":{"count":1,"data":{"duration_ms":2063,"ide_activity_id":1,"created":1585612660690},"id":"finished"}}
{"recorder_version":"31","session":"bcbcfaa6ba56","build":"193.6494.35","bucket":"197","time":1585612660762,"group":{"id":"indexing","version":"2"},"event":{"count":1,"data":{"ide_activity_id":2,"created":1585612660762,"project":"984dc00f1549fa535f2d186f3a9a6c29e1d93de0955a772968cfd5c04d3a9bb2"},"id":"started"}}
{"recorder_version":"31","session":"bcbcfaa6ba56","build":"193.6494.35","bucket":"197","time":1585612660808,"group":{"id":"indexing","version":"2"},"event":{"count":1,"data":{"ide_activity_id":2,"plugin":"org.jetbrains.android","stage_class":"com.android.tools.idea.res.ResourceFolderRepositoryFileCacheImpl$PruneTask","created":1585612660809,"plugin_type":"JB_BUNDLED"},"id":"stage"}}
{"recorder_version":"31","session":"bcbcfaa6ba56","build":"193.6494.35","bucket":"197","time":1585612660848,"group":{"id":"indexing","version":"2"},"event":{"count":1,"data":{"ide_activity_id":2,"plugin":"org.jetbrains.android","stage_class":"com.android.tools.idea.res.ResourceFolderRepositoryFileCacheImpl$ManageLruProjectFilesTask","created":1585612660848,"plugin_type":"JB_BUNDLED"},"id":"stage"}}
{"recorder_version":"31","session":"bcbcfaa6ba56","build":"193.6494.35","bucket":"197","time":1585612660873,"group":{"id":"indexing","version":"2"},"event":{"count":1,"data":{"duration_ms":111,"ide_activity_id":2,"created":1585612660873},"id":"finished"}}
{"recorder_version":"31","session":"bcbcfaa6ba56","build":"193.6494.35","bucket":"197","time":1585612660901,"group":{"id":"indexing","version":"2"},"event":{"count":1,"data":{"ide_activity_id":3,"created":1585612660901,"project":"984dc00f1549fa535f2d186f3a9a6c29e1d93de0955a772968cfd5c04d3a9bb2"},"id":"started"}}
{"recorder_version":"31","session":"bcbcfaa6ba56","build":"193.6494.35","bucket":"197","time":1585612660925,"group":{"id":"indexing","version":"2"},"event":{"count":1,"data":{"ide_activity_id":3,"plugin":"org.jetbrains.android","stage_class":"com.android.tools.idea.res.ResourceFolderRegistry$PopulateCachesTask","created":1585612660925,"plugin_type":"JB_BUNDLED"},"id":"stage"}}
{"recorder_version":"31","session":"bcbcfaa6ba56","build":"193.6494.35","bucket":"197","time":1585612660953,"group":{"id":"indexing","version":"2"},"event":{"count":1,"data":{"duration_ms":52,"ide_activity_id":3,"created":1585612660953},"id":"finished"}}
{"recorder_version":"31","session":"bcbcfaa6ba56","build":"193.6494.35","bucket":"197","time":1585612661106,"group":{"id":"performance","version":"31"},"event":{"count":1,"data":{"duration_ms":169,"created":1585612661107},"id":"ui.lagging"}}
{"recorder_version":"31","session":"bcbcfaa6ba56","build":"193.6494.35","bucket":"197","time":1585612665027,"group":{"id":"startup","version":"1"},"event":{"count":1,"data":{"duration":1392,"created":1585612665027},"id":"appInit"}}
{"recorder_version":"31","session":"bcbcfaa6ba56","build":"193.6494.35","bucket":"197","time":1585612665027,"group":{"id":"startup","version":"1"},"event":{"count":1,"data":{"duration":251,"created":1585612665027},"id":"splash"}}
{"recorder_version":"31","session":"bcbcfaa6ba56","build":"193.6494.35","bucket":"197","time":1585612665027,"group":{"id":"startup","version":"1"},"event":{"count":1,"data":{"duration":177,"created":1585612665028},"id":"bootstrap"}}
{"recorder_version":"31","session":"bcbcfaa6ba56","build":"193.6494.35","bucket":"197","time":1585612665027,"group":{"id":"startup","version":"1"},"event":{"count":1,"data":{"duration":5842,"created":1585612665028},"id":"totalDuration"}}
{"recorder_version":"31","session":"bcbcfaa6ba56","build":"193.6494.35","bucket":"197","time":1585612669806,"group":{"id":"lifecycle","version":"31"},"event":{"count":1,"data":{"created":1585612669806,"project":"984dc00f1549fa535f2d186f3a9a6c29e1d93de0955a772968cfd5c04d3a9bb2"},"id":"frame.activated"}}
{"recorder_version":"31","session":"bcbcfaa6ba56","build":"193.6494.35","bucket":"197","time":1585612671742,"group":{"id":"actions","version":"31"},"event":{"count":1,"data":{"context_menu":true,"action_id":"third.party","created":1585612671743,"plugin_type":"NOT_LISTED","project":"984dc00f1549fa535f2d186f3a9a6c29e1d93de0955a772968cfd5c04d3a9bb2","place":"MainMenu","class":"third.party","input_event":"NoMouseButton"},"id":"action.invoked"}}
{"recorder_version":"31","session":"bcbcfaa6ba56","build":"193.6494.35","bucket":"197","time":1585612673228,"group":{"id":"ui.dialogs","version":"31"},"event":{"count":1,"data":{"created":1585612673228,"plugin_type":"NOT_LISTED","dialog_class":"third.party"},"id":"show"}}
{"recorder_version":"31","session":"bcbcfaa6ba56","build":"193.6494.35","bucket":"197","time":1585612676131,"group":{"id":"actions","version":"31"},"event":{"count":1,"data":{"context_menu":false,"action_id":"EditorBackSpace","created":1585612676131,"plugin_type":"PLATFORM","project":"984dc00f1549fa535f2d186f3a9a6c29e1d93de0955a772968cfd5c04d3a9bb2","place":"keyboard_shortcut","class":"com.intellij.openapi.editor.actions.BackspaceAction","input_event":"Backspace"},"id":"action.invoked"}}
{"recorder_version":"31","session":"bcbcfaa6ba56","build":"193.6494.35","bucket":"197","time":1585612677531,"group":{"id":"ui.dialogs","version":"31"},"event":{"count":1,"data":{"code":0,"created":1585612677531,"plugin_type":"NOT_LISTED","dialog_class":"third.party"},"id":"close"}}
{"recorder_version":"31","session":"bcbcfaa6ba56","build":"193.6494.35","bucket":"197","time":1585612678838,"group":{"id":"ui.dialogs","version":"31"},"event":{"count":1,"data":{"created":1585612678838,"plugin_type":"NOT_LISTED","dialog_class":"third.party"},"id":"show"}}
{"recorder_version":"31","session":"bcbcfaa6ba56","build":"193.6494.35","bucket":"197","time":1585612682020,"group":{"id":"ui.dialogs","version":"31"},"event":{"count":1,"data":{"code":0,"created":1585612682021,"plugin_type":"NOT_LISTED","dialog_class":"third.party"},"id":"close"}}
{"recorder_version":"31","session":"bcbcfaa6ba56","build":"193.6494.35","bucket":"197","time":1585612682056,"group":{"id":"ui.dialogs","version":"31"},"event":{"count":1,"data":{"created":1585612682056,"plugin_type":"NOT_LISTED","dialog_class":"third.party"},"id":"show"}}
{"recorder_version":"31","session":"bcbcfaa6ba56","build":"193.6494.35","bucket":"197","time":1585612683820,"group":{"id":"ui.dialogs","version":"31"},"event":{"count":1,"data":{"code":0,"created":1585612683821,"plugin_type":"NOT_LISTED","dialog_class":"third.party"},"id":"close"}}
{"recorder_version":"31","session":"bcbcfaa6ba56","build":"193.6494.35","bucket":"197","time":1585612687921,"group":{"id":"ui.dialogs","version":"31"},"event":{"count":1,"data":{"created":1585612687921,"plugin_type":"NOT_LISTED","dialog_class":"third.party"},"id":"show"}}
{"recorder_version":"31","session":"bcbcfaa6ba56","build":"193.6494.35","bucket":"197","time":1585612690181,"group":{"id":"ui.dialogs","version":"31"},"event":{"count":1,"data":{"code":0,"created":1585612690182,"plugin_type":"NOT_LISTED","dialog_class":"third.party"},"id":"close"}}
{"recorder_version":"31","session":"bcbcfaa6ba56","build":"193.6494.35","bucket":"197","time":1585612690216,"group":{"id":"ui.dialogs","version":"31"},"event":{"count":1,"data":{"created":1585612690216,"plugin_type":"NOT_LISTED","dialog_class":"third.party"},"id":"show"}}
{"recorder_version":"31","session":"bcbcfaa6ba56","build":"193.6494.35","bucket":"197","time":1585612691367,"group":{"id":"ui.dialogs","version":"31"},"event":{"count":1,"data":{"code":1,"created":1585612691368,"plugin_type":"NOT_LISTED","dialog_class":"third.party"},"id":"close"}}
{"recorder_version":"31","session":"bcbcfaa6ba56","build":"193.6494.35","bucket":"197","time":1585612691411,"group":{"id":"ui.dialogs","version":"31"},"event":{"count":1,"data":{"created":1585612691411,"plugin_type":"NOT_LISTED","dialog_class":"third.party"},"id":"show"}}
{"recorder_version":"31","session":"bcbcfaa6ba56","build":"193.6494.35","bucket":"197","time":1585612692151,"group":{"id":"ui.dialogs","version":"31"},"event":{"count":1,"data":{"code":1,"created":1585612692151,"plugin_type":"NOT_LISTED","dialog_class":"third.party"},"id":"close"}}
{"recorder_version":"31","session":"bcbcfaa6ba56","build":"193.6494.35","bucket":"197","time":1585612692198,"group":{"id":"ui.dialogs","version":"31"},"event":{"count":1,"data":{"created":1585612692199,"plugin_type":"NOT_LISTED","dialog_class":"third.party"},"id":"show"}}
{"recorder_version":"31","session":"bcbcfaa6ba56","build":"193.6494.35","bucket":"197","time":1585612692885,"group":{"id":"ui.dialogs","version":"31"},"event":{"count":1,"data":{"code":1,"created":1585612692886,"plugin_type":"NOT_LISTED","dialog_class":"third.party"},"id":"close"}}
{"recorder_version":"31","session":"bcbcfaa6ba56","build":"193.6494.35","bucket":"197","time":1585612692922,"group":{"id":"ui.dialogs","version":"31"},"event":{"count":1,"data":{"created":1585612692922,"plugin_type":"NOT_LISTED","dialog_class":"third.party"},"id":"show"}}
{"recorder_version":"31","session":"bcbcfaa6ba56","build":"193.6494.35","bucket":"197","time":1585612693458,"group":{"id":"ui.dialogs","version":"31"},"event":{"count":1,"data":{"code":1,"created":1585612693459,"plugin_type":"NOT_LISTED","dialog_class":"third.party"},"id":"close"}}
{"recorder_version":"31","session":"bcbcfaa6ba56","build":"193.6494.35","bucket":"197","time":1585612695285,"group":{"id":"actions","version":"31"},"event":{"count":1,"data":{"context_menu":true,"action_id":"third.party","created":1585612695285,"plugin_type":"NOT_LISTED","project":"984dc00f1549fa535f2d186f3a9a6c29e1d93de0955a772968cfd5c04d3a9bb2","place":"MainMenu","class":"third.party","input_event":"NoMouseButton"},"id":"action.invoked"}}
{"recorder_version":"31","session":"bcbcfaa6ba56","build":"193.6494.35","bucket":"197","time":1585612696583,"group":{"id":"ui.dialogs","version":"31"},"event":{"count":1,"data":{"created":1585612696583,"plugin_type":"NOT_LISTED","dialog_class":"third.party"},"id":"show"}}
{"recorder_version":"31","session":"bcbcfaa6ba56","build":"193.6494.35","bucket":"197","time":1585612699102,"group":{"id":"ui.dialogs","version":"31"},"event":{"count":1,"data":{"code":0,"created":1585612699102,"plugin_type":"NOT_LISTED","dialog_class":"third.party"},"id":"close"}}
{"recorder_version":"31","session":"bcbcfaa6ba56","build":"193.6494.35","bucket":"197","time":1585612700577,"group":{"id":"ui.dialogs","version":"31"},"event":{"count":1,"data":{"created":1585612700577,"plugin_type":"NOT_LISTED","dialog_class":"third.party"},"id":"show"}}
{"recorder_version":"31","session":"bcbcfaa6ba56","build":"193.6494.35","bucket":"197","time":1585612703241,"group":{"id":"ui.dialogs","version":"31"},"event":{"count":1,"data":{"code":0,"created":1585612703242,"plugin_type":"NOT_LISTED","dialog_class":"third.party"},"id":"close"}}
{"recorder_version":"31","session":"bcbcfaa6ba56","build":"193.6494.35","bucket":"197","time":1585612703277,"group":{"id":"ui.dialogs","version":"31"},"event":{"count":1,"data":{"created":1585612703277,"plugin_type":"NOT_LISTED","dialog_class":"third.party"},"id":"show"}}
{"recorder_version":"31","session":"bcbcfaa6ba56","build":"193.6494.35","bucket":"197","time":1585612704954,"group":{"id":"ui.dialogs","version":"31"},"event":{"count":1,"data":{"code":0,"created":1585612704955,"plugin_type":"NOT_LISTED","dialog_class":"third.party"},"id":"close"}}
{"recorder_version":"31","session":"bcbcfaa6ba56","build":"193.6494.35","bucket":"197","time":1585612704993,"group":{"id":"ui.dialogs","version":"31"},"event":{"count":1,"data":{"created":1585612704993,"plugin_type":"NOT_LISTED","dialog_class":"third.party"},"id":"show"}}
{"recorder_version":"31","session":"bcbcfaa6ba56","build":"193.6494.35","bucket":"197","time":1585612707411,"group":{"id":"lifecycle","version":"31"},"event":{"count":1,"data":{"created":1585612707411,"project":"984dc00f1549fa535f2d186f3a9a6c29e1d93de0955a772968cfd5c04d3a9bb2"},"id":"frame.deactivated"}}
