{"recorder_version":"31","session":"ac1cd21baf79","build":"193.6494.35","bucket":"197","time":1585601964333,"group":{"id":"settings","version":"4"},"event":{"state":true,"data":{"component":"NotRoamableUiSettings","created":1585601964602},"id":"invoked"}}
{"recorder_version":"31","session":"ac1cd21baf79","build":"193.6494.35","bucket":"197","time":1585601964333,"group":{"id":"settings","version":"4"},"event":{"state":true,"data":{"component":"UISettings","created":1585601964604},"id":"invoked"}}
{"recorder_version":"31","session":"ac1cd21baf79","build":"193.6494.35","bucket":"197","time":1585601964342,"group":{"id":"system.java","version":"1"},"event":{"state":true,"data":{"created":1585601964611,"version":"validation.undefined_rule"},"id":"validation.undefined_rule"}}
{"recorder_version":"31","session":"ac1cd21baf79","build":"193.6494.35","bucket":"197","time":1585601964342,"group":{"id":"system.java","version":"1"},"event":{"state":true,"data":{"created":1585601964611},"id":"invoked"}}
{"recorder_version":"31","session":"ac1cd21baf79","build":"193.6494.35","bucket":"197","time":1585601964379,"group":{"id":"system.os","version":"3"},"event":{"state":true,"data":{"created":1585601964612,"version":"10.14"},"id":"Mac"}}
{"recorder_version":"31","session":"ac1cd21baf79","build":"193.6494.35","bucket":"197","time":1585601964379,"group":{"id":"system.os","version":"3"},"event":{"state":true,"data":{"created":1585601964612,"name":"Mac","version":"10.14"},"id":"os.name"}}
{"recorder_version":"31","session":"ac1cd21baf79","build":"193.6494.35","bucket":"197","time":1585601964379,"group":{"id":"system.os","version":"3"},"event":{"state":true,"data":{"created":1585601964614,"value":"-04_00"},"id":"os.timezone"}}
{"recorder_version":"31","session":"ac1cd21baf79","build":"193.6494.35","bucket":"197","time":1585601964379,"group":{"id":"system.os","version":"3"},"event":{"state":true,"data":{"created":1585601964614},"id":"invoked"}}
{"recorder_version":"31","session":"ac1cd21baf79","build":"193.6494.35","bucket":"197","time":1585601964539,"group":{"id":"settings","version":"4"},"event":{"state":true,"data":{"component":"UpdatesConfigurable","created":1585601964615,"name":"checkNeeded","type":"bool","value":false},"id":"not.default"}}
{"recorder_version":"31","session":"ac1cd21baf79","build":"193.6494.35","bucket":"197","time":1585601964539,"group":{"id":"settings","version":"4"},"event":{"state":true,"data":{"component":"UpdatesConfigurable","created":1585601964615},"id":"invoked"}}
{"recorder_version":"31","session":"ac1cd21baf79","build":"193.6494.35","bucket":"197","time":1585601964580,"group":{"id":"event.log","version":"31"},"event":{"count":1,"data":{"created":1585601964615,"version":"1200.0"},"id":"whitelist.loaded"}}
{"recorder_version":"31","session":"ac1cd21baf79","build":"193.6494.35","bucket":"197","time":1585601964677,"group":{"id":"settings","version":"4"},"event":{"state":true,"data":{"component":"GeneralSettings","created":1585601964678,"name":"showTipsOnStartup","type":"bool","value":false},"id":"not.default"}}
{"recorder_version":"31","session":"ac1cd21baf79","build":"193.6494.35","bucket":"197","time":1585601964677,"group":{"id":"settings","version":"4"},"event":{"state":true,"data":{"component":"GeneralSettings","created":1585601964679},"id":"invoked"}}
{"recorder_version":"31","session":"ac1cd21baf79","build":"193.6494.35","bucket":"197","time":1585601964722,"group":{"id":"lifecycle","version":"31"},"event":{"count":1,"data":{"internal":true,"eap":false,"created":1585601964724},"id":"ide.start"}}
{"recorder_version":"31","session":"ac1cd21baf79","build":"193.6494.35","bucket":"197","time":1585601964806,"group":{"id":"settings","version":"4"},"event":{"state":true,"data":{"component":"XmlEditorOptions","created":1585601964806},"id":"invoked"}}
{"recorder_version":"31","session":"ac1cd21baf79","build":"193.6494.35","bucket":"197","time":1585601965135,"group":{"id":"lifecycle","version":"31"},"event":{"count":1,"data":{"created":1585601965135},"id":"frame.activated"}}
{"recorder_version":"31","session":"ac1cd21baf79","build":"193.6494.35","bucket":"197","time":1585601965135,"group":{"id":"settings","version":"4"},"event":{"state":true,"data":{"component":"VcsApplicationSettings","created":1585601965135},"id":"invoked"}}
{"recorder_version":"31","session":"ac1cd21baf79","build":"193.6494.35","bucket":"197","time":1585601965233,"group":{"id":"ui.dialogs","version":"31"},"event":{"count":1,"data":{"created":1585601965233,"plugin_type":"PLATFORM","dialog_class":"com.intellij.openapi.progress.util.ProgressDialog$MyDialogWrapper"},"id":"show"}}
{"recorder_version":"31","session":"ac1cd21baf79","build":"193.6494.35","bucket":"197","time":1585601965313,"group":{"id":"performance","version":"31"},"event":{"count":1,"data":{"duration_ms":64,"created":1585601965313},"id":"ui.latency"}}
{"recorder_version":"31","session":"ac1cd21baf79","build":"193.6494.35","bucket":"197","time":1585601966288,"group":{"id":"lifecycle","version":"31"},"event":{"count":1,"data":{"created":1585601966288,"project":"984dc00f1549fa535f2d186f3a9a6c29e1d93de0955a772968cfd5c04d3a9bb2"},"id":"project.opened"}}
{"recorder_version":"31","session":"ac1cd21baf79","build":"193.6494.35","bucket":"197","time":1585601966579,"group":{"id":"performance","version":"31"},"event":{"count":1,"data":{"duration_ms":333,"created":1585601966579},"id":"ui.lagging"}}
{"recorder_version":"31","session":"ac1cd21baf79","build":"193.6494.35","bucket":"197","time":1585601966801,"group":{"id":"indexing","version":"2"},"event":{"count":1,"data":{"ide_activity_id":1,"created":1585601966801,"project":"984dc00f1549fa535f2d186f3a9a6c29e1d93de0955a772968cfd5c04d3a9bb2"},"id":"started"}}
{"recorder_version":"31","session":"ac1cd21baf79","build":"193.6494.35","bucket":"197","time":1585601966836,"group":{"id":"indexing","version":"2"},"event":{"count":1,"data":{"ide_activity_id":1,"stage_class":"com.intellij.util.indexing.UnindexedFilesUpdater","created":1585601966836,"plugin_type":"PLATFORM"},"id":"stage"}}
{"recorder_version":"31","session":"ac1cd21baf79","build":"193.6494.35","bucket":"197","time":1585601967405,"group":{"id":"toolwindow","version":"31"},"event":{"count":1,"data":{"ViewMode":"Dock_Pinned","created":1585601967405,"plugin_type":"PLATFORM","id":"Project","Location":"Left_Top"},"id":"activated"}}
{"recorder_version":"31","session":"ac1cd21baf79","build":"193.6494.35","bucket":"197","time":1585601968275,"group":{"id":"project.fs","version":"1"},"event":{"state":true,"data":{"os":"Mac","cs-project":false,"created":1585601968275,"project":"984dc00f1549fa535f2d186f3a9a6c29e1d93de0955a772968cfd5c04d3a9bb2","cs-implicit":true,"cs-system":false},"id":"case-sensitivity"}}
{"recorder_version":"31","session":"ac1cd21baf79","build":"193.6494.35","bucket":"197","time":1585601968275,"group":{"id":"project.fs","version":"1"},"event":{"state":true,"data":{"created":1585601968276},"id":"invoked"}}
{"recorder_version":"31","session":"ac1cd21baf79","build":"193.6494.35","bucket":"197","time":1585601968276,"group":{"id":"project.fs","version":"1"},"event":{"state":true,"data":{"pct-non-watched":0,"created":1585601968276,"project":"984dc00f1549fa535f2d186f3a9a6c29e1d93de0955a772968cfd5c04d3a9bb2"},"id":"roots-watched"}}
{"recorder_version":"31","session":"ac1cd21baf79","build":"193.6494.35","bucket":"197","time":1585601968276,"group":{"id":"project.fs","version":"1"},"event":{"state":true,"data":{"created":1585601968276},"id":"invoked"}}
{"recorder_version":"31","session":"ac1cd21baf79","build":"193.6494.35","bucket":"197","time":1585601968303,"group":{"id":"ui.dialogs","version":"31"},"event":{"count":1,"data":{"code":1,"created":1585601968303,"plugin_type":"PLATFORM","dialog_class":"com.intellij.openapi.progress.util.ProgressDialog$MyDialogWrapper"},"id":"close"}}
{"recorder_version":"31","session":"ac1cd21baf79","build":"193.6494.35","bucket":"197","time":1585601968533,"group":{"id":"lifecycle","version":"31"},"event":{"count":1,"data":{"duration_ms":3729,"created":1585601968537,"project":"984dc00f1549fa535f2d186f3a9a6c29e1d93de0955a772968cfd5c04d3a9bb2"},"id":"project.opening.finished"}}
{"recorder_version":"31","session":"ac1cd21baf79","build":"193.6494.35","bucket":"197","time":1585601969114,"group":{"id":"indexing","version":"2"},"event":{"count":1,"data":{"duration_ms":2313,"ide_activity_id":1,"created":1585601969114},"id":"finished"}}
{"recorder_version":"31","session":"ac1cd21baf79","build":"193.6494.35","bucket":"197","time":1585601969209,"group":{"id":"indexing","version":"2"},"event":{"count":1,"data":{"ide_activity_id":2,"created":1585601969209,"project":"984dc00f1549fa535f2d186f3a9a6c29e1d93de0955a772968cfd5c04d3a9bb2"},"id":"started"}}
{"recorder_version":"31","session":"ac1cd21baf79","build":"193.6494.35","bucket":"197","time":1585601969246,"group":{"id":"indexing","version":"2"},"event":{"count":1,"data":{"ide_activity_id":2,"plugin":"org.jetbrains.android","stage_class":"com.android.tools.idea.res.ResourceFolderRepositoryFileCacheImpl$PruneTask","created":1585601969246,"plugin_type":"JB_BUNDLED"},"id":"stage"}}
{"recorder_version":"31","session":"ac1cd21baf79","build":"193.6494.35","bucket":"197","time":1585601969260,"group":{"id":"indexing","version":"2"},"event":{"count":1,"data":{"ide_activity_id":2,"plugin":"org.jetbrains.android","stage_class":"com.android.tools.idea.res.ResourceFolderRepositoryFileCacheImpl$ManageLruProjectFilesTask","created":1585601969260,"plugin_type":"JB_BUNDLED"},"id":"stage"}}
{"recorder_version":"31","session":"ac1cd21baf79","build":"193.6494.35","bucket":"197","time":1585601969292,"group":{"id":"indexing","version":"2"},"event":{"count":1,"data":{"duration_ms":83,"ide_activity_id":2,"created":1585601969292},"id":"finished"}}
{"recorder_version":"31","session":"ac1cd21baf79","build":"193.6494.35","bucket":"197","time":1585601969344,"group":{"id":"indexing","version":"2"},"event":{"count":1,"data":{"ide_activity_id":3,"created":1585601969345,"project":"984dc00f1549fa535f2d186f3a9a6c29e1d93de0955a772968cfd5c04d3a9bb2"},"id":"started"}}
{"recorder_version":"31","session":"ac1cd21baf79","build":"193.6494.35","bucket":"197","time":1585601969364,"group":{"id":"indexing","version":"2"},"event":{"count":1,"data":{"ide_activity_id":3,"plugin":"org.jetbrains.android","stage_class":"com.android.tools.idea.res.ResourceFolderRegistry$PopulateCachesTask","created":1585601969365,"plugin_type":"JB_BUNDLED"},"id":"stage"}}
{"recorder_version":"31","session":"ac1cd21baf79","build":"193.6494.35","bucket":"197","time":1585601969389,"group":{"id":"indexing","version":"2"},"event":{"count":1,"data":{"duration_ms":45,"ide_activity_id":3,"created":1585601969390},"id":"finished"}}
{"recorder_version":"31","session":"ac1cd21baf79","build":"193.6494.35","bucket":"197","time":1585601971693,"group":{"id":"lifecycle","version":"31"},"event":{"count":1,"data":{"created":1585601971693,"project":"984dc00f1549fa535f2d186f3a9a6c29e1d93de0955a772968cfd5c04d3a9bb2"},"id":"frame.deactivated"}}
{"recorder_version":"31","session":"ac1cd21baf79","build":"193.6494.35","bucket":"197","time":1585601973316,"group":{"id":"startup","version":"1"},"event":{"count":1,"data":{"duration":1347,"created":1585601973317},"id":"appInit"}}
{"recorder_version":"31","session":"ac1cd21baf79","build":"193.6494.35","bucket":"197","time":1585601973316,"group":{"id":"startup","version":"1"},"event":{"count":1,"data":{"duration":250,"created":1585601973317},"id":"splash"}}
{"recorder_version":"31","session":"ac1cd21baf79","build":"193.6494.35","bucket":"197","time":1585601973316,"group":{"id":"startup","version":"1"},"event":{"count":1,"data":{"duration":170,"created":1585601973318},"id":"bootstrap"}}
{"recorder_version":"31","session":"ac1cd21baf79","build":"193.6494.35","bucket":"197","time":1585601973316,"group":{"id":"startup","version":"1"},"event":{"count":1,"data":{"duration":5772,"created":1585601973318},"id":"totalDuration"}}
{"recorder_version":"31","session":"ac1cd21baf79","build":"193.6494.35","bucket":"197","time":1585601983091,"group":{"id":"lifecycle","version":"31"},"event":{"count":1,"data":{"created":1585601983091,"project":"984dc00f1549fa535f2d186f3a9a6c29e1d93de0955a772968cfd5c04d3a9bb2"},"id":"frame.activated"}}
{"recorder_version":"31","session":"ac1cd21baf79","build":"193.6494.35","bucket":"197","time":1585601984697,"group":{"id":"actions","version":"31"},"event":{"count":1,"data":{"context_menu":true,"action_id":"third.party","created":1585601984697,"plugin_type":"NOT_LISTED","project":"984dc00f1549fa535f2d186f3a9a6c29e1d93de0955a772968cfd5c04d3a9bb2","place":"MainMenu","class":"third.party","input_event":"NoMouseButton"},"id":"action.invoked"}}
{"recorder_version":"31","session":"ac1cd21baf79","build":"193.6494.35","bucket":"197","time":1585601986216,"group":{"id":"ui.dialogs","version":"31"},"event":{"count":1,"data":{"created":1585601986216,"plugin_type":"NOT_LISTED","dialog_class":"third.party"},"id":"show"}}
{"recorder_version":"31","session":"ac1cd21baf79","build":"193.6494.35","bucket":"197","time":1585601991554,"group":{"id":"ui.dialogs","version":"31"},"event":{"count":1,"data":{"code":0,"created":1585601991554,"plugin_type":"NOT_LISTED","dialog_class":"third.party"},"id":"close"}}
{"recorder_version":"31","session":"ac1cd21baf79","build":"193.6494.35","bucket":"197","time":1585601993003,"group":{"id":"ui.dialogs","version":"31"},"event":{"count":1,"data":{"created":1585601993003,"plugin_type":"NOT_LISTED","dialog_class":"third.party"},"id":"show"}}
{"recorder_version":"31","session":"ac1cd21baf79","build":"193.6494.35","bucket":"197","time":1585601996155,"group":{"id":"ui.dialogs","version":"31"},"event":{"count":1,"data":{"code":0,"created":1585601996156,"plugin_type":"NOT_LISTED","dialog_class":"third.party"},"id":"close"}}
{"recorder_version":"31","session":"ac1cd21baf79","build":"193.6494.35","bucket":"197","time":1585601996193,"group":{"id":"ui.dialogs","version":"31"},"event":{"count":1,"data":{"created":1585601996194,"plugin_type":"NOT_LISTED","dialog_class":"third.party"},"id":"show"}}
{"recorder_version":"31","session":"ac1cd21baf79","build":"193.6494.35","bucket":"197","time":1585602000594,"group":{"id":"lifecycle","version":"31"},"event":{"count":1,"data":{"created":1585602000594,"project":"984dc00f1549fa535f2d186f3a9a6c29e1d93de0955a772968cfd5c04d3a9bb2"},"id":"frame.deactivated"}}
{"recorder_version":"31","session":"ac1cd21baf79","build":"193.6494.35","bucket":"197","time":1585602019758,"group":{"id":"lifecycle","version":"31"},"event":{"count":1,"data":{"created":1585602019758,"project":"984dc00f1549fa535f2d186f3a9a6c29e1d93de0955a772968cfd5c04d3a9bb2"},"id":"frame.activated"}}
{"recorder_version":"31","session":"ac1cd21baf79","build":"193.6494.35","bucket":"197","time":1585602026656,"group":{"id":"ui.dialogs","version":"31"},"event":{"count":1,"data":{"code":0,"created":1585602026656,"plugin_type":"NOT_LISTED","dialog_class":"third.party"},"id":"close"}}
{"recorder_version":"31","session":"ac1cd21baf79","build":"193.6494.35","bucket":"197","time":1585602028732,"group":{"id":"ui.dialogs","version":"31"},"event":{"count":1,"data":{"created":1585602028733,"plugin_type":"NOT_LISTED","dialog_class":"third.party"},"id":"show"}}
{"recorder_version":"31","session":"ac1cd21baf79","build":"193.6494.35","bucket":"197","time":1585602029478,"group":{"id":"lifecycle","version":"31"},"event":{"count":1,"data":{"created":1585602029478,"project":"984dc00f1549fa535f2d186f3a9a6c29e1d93de0955a772968cfd5c04d3a9bb2"},"id":"frame.deactivated"}}
{"recorder_version":"31","session":"ac1cd21baf79","build":"193.6494.35","bucket":"197","time":1585602030056,"group":{"id":"lifecycle","version":"31"},"event":{"count":1,"data":{"created":1585602030056,"project":"984dc00f1549fa535f2d186f3a9a6c29e1d93de0955a772968cfd5c04d3a9bb2"},"id":"frame.activated"}}
