{"recorder_version":"31","session":"110957f1d551","build":"193.6494.35","bucket":"197","time":1585614750169,"group":{"id":"settings","version":"4"},"event":{"state":true,"data":{"component":"UISettings","created":1585614750474},"id":"invoked"}}
{"recorder_version":"31","session":"110957f1d551","build":"193.6494.35","bucket":"197","time":1585614750170,"group":{"id":"settings","version":"4"},"event":{"state":true,"data":{"component":"NotRoamableUiSettings","created":1585614750475},"id":"invoked"}}
{"recorder_version":"31","session":"110957f1d551","build":"193.6494.35","bucket":"197","time":1585614750177,"group":{"id":"system.java","version":"1"},"event":{"state":true,"data":{"created":1585614750511,"version":"validation.undefined_rule"},"id":"validation.undefined_rule"}}
{"recorder_version":"31","session":"110957f1d551","build":"193.6494.35","bucket":"197","time":1585614750177,"group":{"id":"system.java","version":"1"},"event":{"state":true,"data":{"created":1585614750511},"id":"invoked"}}
{"recorder_version":"31","session":"110957f1d551","build":"193.6494.35","bucket":"197","time":1585614750194,"group":{"id":"system.os","version":"3"},"event":{"state":true,"data":{"created":1585614750513,"version":"10.14"},"id":"Mac"}}
{"recorder_version":"31","session":"110957f1d551","build":"193.6494.35","bucket":"197","time":1585614750194,"group":{"id":"system.os","version":"3"},"event":{"state":true,"data":{"created":1585614750514,"name":"Mac","version":"10.14"},"id":"os.name"}}
{"recorder_version":"31","session":"110957f1d551","build":"193.6494.35","bucket":"197","time":1585614750194,"group":{"id":"system.os","version":"3"},"event":{"state":true,"data":{"created":1585614750514,"value":"-04_00"},"id":"os.timezone"}}
{"recorder_version":"31","session":"110957f1d551","build":"193.6494.35","bucket":"197","time":1585614750194,"group":{"id":"system.os","version":"3"},"event":{"state":true,"data":{"created":1585614750515},"id":"invoked"}}
{"recorder_version":"31","session":"110957f1d551","build":"193.6494.35","bucket":"197","time":1585614750321,"group":{"id":"settings","version":"4"},"event":{"state":true,"data":{"component":"UpdatesConfigurable","created":1585614750515,"name":"checkNeeded","type":"bool","value":false},"id":"not.default"}}
{"recorder_version":"31","session":"110957f1d551","build":"193.6494.35","bucket":"197","time":1585614750321,"group":{"id":"settings","version":"4"},"event":{"state":true,"data":{"component":"UpdatesConfigurable","created":1585614750515},"id":"invoked"}}
{"recorder_version":"31","session":"110957f1d551","build":"193.6494.35","bucket":"197","time":1585614750430,"group":{"id":"event.log","version":"31"},"event":{"count":1,"data":{"created":1585614750516,"version":"1200.0"},"id":"whitelist.loaded"}}
{"recorder_version":"31","session":"110957f1d551","build":"193.6494.35","bucket":"197","time":1585614750494,"group":{"id":"settings","version":"4"},"event":{"state":true,"data":{"component":"GeneralSettings","created":1585614750516,"name":"showTipsOnStartup","type":"bool","value":false},"id":"not.default"}}
{"recorder_version":"31","session":"110957f1d551","build":"193.6494.35","bucket":"197","time":1585614750494,"group":{"id":"settings","version":"4"},"event":{"state":true,"data":{"component":"GeneralSettings","created":1585614750516},"id":"invoked"}}
{"recorder_version":"31","session":"110957f1d551","build":"193.6494.35","bucket":"197","time":1585614750514,"group":{"id":"lifecycle","version":"31"},"event":{"count":1,"data":{"internal":true,"eap":false,"created":1585614750516},"id":"ide.start"}}
{"recorder_version":"31","session":"110957f1d551","build":"193.6494.35","bucket":"197","time":1585614750602,"group":{"id":"settings","version":"4"},"event":{"state":true,"data":{"component":"XmlEditorOptions","created":1585614750602},"id":"invoked"}}
{"recorder_version":"31","session":"110957f1d551","build":"193.6494.35","bucket":"197","time":1585614750925,"group":{"id":"settings","version":"4"},"event":{"state":true,"data":{"component":"VcsApplicationSettings","created":1585614750925},"id":"invoked"}}
{"recorder_version":"31","session":"110957f1d551","build":"193.6494.35","bucket":"197","time":1585614750925,"group":{"id":"lifecycle","version":"31"},"event":{"count":1,"data":{"created":1585614750927},"id":"frame.activated"}}
{"recorder_version":"31","session":"110957f1d551","build":"193.6494.35","bucket":"197","time":1585614751026,"group":{"id":"ui.dialogs","version":"31"},"event":{"count":1,"data":{"created":1585614751027,"plugin_type":"PLATFORM","dialog_class":"com.intellij.openapi.progress.util.ProgressDialog$MyDialogWrapper"},"id":"show"}}
{"recorder_version":"31","session":"110957f1d551","build":"193.6494.35","bucket":"197","time":1585614751100,"group":{"id":"performance","version":"31"},"event":{"count":1,"data":{"duration_ms":59,"created":1585614751100},"id":"ui.latency"}}
{"recorder_version":"31","session":"110957f1d551","build":"193.6494.35","bucket":"197","time":1585614752034,"group":{"id":"lifecycle","version":"31"},"event":{"count":1,"data":{"created":1585614752034,"project":"984dc00f1549fa535f2d186f3a9a6c29e1d93de0955a772968cfd5c04d3a9bb2"},"id":"project.opened"}}
{"recorder_version":"31","session":"110957f1d551","build":"193.6494.35","bucket":"197","time":1585614752320,"group":{"id":"performance","version":"31"},"event":{"count":1,"data":{"duration_ms":285,"created":1585614752320},"id":"ui.lagging"}}
{"recorder_version":"31","session":"110957f1d551","build":"193.6494.35","bucket":"197","time":1585614752557,"group":{"id":"indexing","version":"2"},"event":{"count":1,"data":{"ide_activity_id":1,"created":1585614752557,"project":"984dc00f1549fa535f2d186f3a9a6c29e1d93de0955a772968cfd5c04d3a9bb2"},"id":"started"}}
{"recorder_version":"31","session":"110957f1d551","build":"193.6494.35","bucket":"197","time":1585614752590,"group":{"id":"indexing","version":"2"},"event":{"count":1,"data":{"ide_activity_id":1,"stage_class":"com.intellij.util.indexing.UnindexedFilesUpdater","created":1585614752591,"plugin_type":"PLATFORM"},"id":"stage"}}
{"recorder_version":"31","session":"110957f1d551","build":"193.6494.35","bucket":"197","time":1585614753101,"group":{"id":"toolwindow","version":"31"},"event":{"count":1,"data":{"ViewMode":"Dock_Pinned","created":1585614753102,"plugin_type":"PLATFORM","id":"Project","Location":"Left_Top"},"id":"activated"}}
{"recorder_version":"31","session":"110957f1d551","build":"193.6494.35","bucket":"197","time":1585614753983,"group":{"id":"project.fs","version":"1"},"event":{"state":true,"data":{"os":"Mac","cs-project":false,"created":1585614753984,"project":"984dc00f1549fa535f2d186f3a9a6c29e1d93de0955a772968cfd5c04d3a9bb2","cs-implicit":true,"cs-system":false},"id":"case-sensitivity"}}
{"recorder_version":"31","session":"110957f1d551","build":"193.6494.35","bucket":"197","time":1585614753984,"group":{"id":"project.fs","version":"1"},"event":{"state":true,"data":{"created":1585614753984},"id":"invoked"}}
{"recorder_version":"31","session":"110957f1d551","build":"193.6494.35","bucket":"197","time":1585614753985,"group":{"id":"project.fs","version":"1"},"event":{"state":true,"data":{"pct-non-watched":0,"created":1585614753985,"project":"984dc00f1549fa535f2d186f3a9a6c29e1d93de0955a772968cfd5c04d3a9bb2"},"id":"roots-watched"}}
{"recorder_version":"31","session":"110957f1d551","build":"193.6494.35","bucket":"197","time":1585614753985,"group":{"id":"project.fs","version":"1"},"event":{"state":true,"data":{"created":1585614753985},"id":"invoked"}}
{"recorder_version":"31","session":"110957f1d551","build":"193.6494.35","bucket":"197","time":1585614754085,"group":{"id":"ui.dialogs","version":"31"},"event":{"count":1,"data":{"code":1,"created":1585614754086,"plugin_type":"PLATFORM","dialog_class":"com.intellij.openapi.progress.util.ProgressDialog$MyDialogWrapper"},"id":"close"}}
{"recorder_version":"31","session":"110957f1d551","build":"193.6494.35","bucket":"197","time":1585614754261,"group":{"id":"lifecycle","version":"31"},"event":{"count":1,"data":{"duration_ms":3658,"created":1585614754261,"project":"984dc00f1549fa535f2d186f3a9a6c29e1d93de0955a772968cfd5c04d3a9bb2"},"id":"project.opening.finished"}}
{"recorder_version":"31","session":"110957f1d551","build":"193.6494.35","bucket":"197","time":1585614754662,"group":{"id":"indexing","version":"2"},"event":{"count":1,"data":{"duration_ms":2105,"ide_activity_id":1,"created":1585614754662},"id":"finished"}}
{"recorder_version":"31","session":"110957f1d551","build":"193.6494.35","bucket":"197","time":1585614754742,"group":{"id":"indexing","version":"2"},"event":{"count":1,"data":{"ide_activity_id":2,"created":1585614754743,"project":"984dc00f1549fa535f2d186f3a9a6c29e1d93de0955a772968cfd5c04d3a9bb2"},"id":"started"}}
{"recorder_version":"31","session":"110957f1d551","build":"193.6494.35","bucket":"197","time":1585614754760,"group":{"id":"indexing","version":"2"},"event":{"count":1,"data":{"ide_activity_id":2,"plugin":"org.jetbrains.android","stage_class":"com.android.tools.idea.res.ResourceFolderRepositoryFileCacheImpl$PruneTask","created":1585614754760,"plugin_type":"JB_BUNDLED"},"id":"stage"}}
{"recorder_version":"31","session":"110957f1d551","build":"193.6494.35","bucket":"197","time":1585614754803,"group":{"id":"indexing","version":"2"},"event":{"count":1,"data":{"ide_activity_id":2,"plugin":"org.jetbrains.android","stage_class":"com.android.tools.idea.res.ResourceFolderRepositoryFileCacheImpl$ManageLruProjectFilesTask","created":1585614754805,"plugin_type":"JB_BUNDLED"},"id":"stage"}}
{"recorder_version":"31","session":"110957f1d551","build":"193.6494.35","bucket":"197","time":1585614754839,"group":{"id":"indexing","version":"2"},"event":{"count":1,"data":{"duration_ms":97,"ide_activity_id":2,"created":1585614754842},"id":"finished"}}
{"recorder_version":"31","session":"110957f1d551","build":"193.6494.35","bucket":"197","time":1585614754862,"group":{"id":"indexing","version":"2"},"event":{"count":1,"data":{"ide_activity_id":3,"created":1585614754863,"project":"984dc00f1549fa535f2d186f3a9a6c29e1d93de0955a772968cfd5c04d3a9bb2"},"id":"started"}}
{"recorder_version":"31","session":"110957f1d551","build":"193.6494.35","bucket":"197","time":1585614754883,"group":{"id":"indexing","version":"2"},"event":{"count":1,"data":{"ide_activity_id":3,"plugin":"org.jetbrains.android","stage_class":"com.android.tools.idea.res.ResourceFolderRegistry$PopulateCachesTask","created":1585614754883,"plugin_type":"JB_BUNDLED"},"id":"stage"}}
{"recorder_version":"31","session":"110957f1d551","build":"193.6494.35","bucket":"197","time":1585614754893,"group":{"id":"indexing","version":"2"},"event":{"count":1,"data":{"duration_ms":31,"ide_activity_id":3,"created":1585614754893},"id":"finished"}}
{"recorder_version":"31","session":"110957f1d551","build":"193.6494.35","bucket":"197","time":1585614755150,"group":{"id":"performance","version":"31"},"event":{"count":1,"data":{"duration_ms":111,"created":1585614755150},"id":"ui.lagging"}}
{"recorder_version":"31","session":"110957f1d551","build":"193.6494.35","bucket":"197","time":1585614759096,"group":{"id":"startup","version":"1"},"event":{"count":1,"data":{"duration":1381,"created":1585614759097},"id":"appInit"}}
{"recorder_version":"31","session":"110957f1d551","build":"193.6494.35","bucket":"197","time":1585614759097,"group":{"id":"startup","version":"1"},"event":{"count":1,"data":{"duration":253,"created":1585614759097},"id":"splash"}}
{"recorder_version":"31","session":"110957f1d551","build":"193.6494.35","bucket":"197","time":1585614759097,"group":{"id":"startup","version":"1"},"event":{"count":1,"data":{"duration":173,"created":1585614759097},"id":"bootstrap"}}
{"recorder_version":"31","session":"110957f1d551","build":"193.6494.35","bucket":"197","time":1585614759097,"group":{"id":"startup","version":"1"},"event":{"count":1,"data":{"duration":5499,"created":1585614759097},"id":"totalDuration"}}
{"recorder_version":"31","session":"110957f1d551","build":"193.6494.35","bucket":"197","time":1585614760811,"group":{"id":"actions","version":"31"},"event":{"count":1,"data":{"context_menu":true,"action_id":"third.party","created":1585614760811,"plugin_type":"NOT_LISTED","project":"984dc00f1549fa535f2d186f3a9a6c29e1d93de0955a772968cfd5c04d3a9bb2","place":"MainMenu","class":"third.party","input_event":"NoMouseButton"},"id":"action.invoked"}}
{"recorder_version":"31","session":"110957f1d551","build":"193.6494.35","bucket":"197","time":1585614762247,"group":{"id":"ui.dialogs","version":"31"},"event":{"count":1,"data":{"created":1585614762247,"plugin_type":"NOT_LISTED","dialog_class":"third.party"},"id":"show"}}
{"recorder_version":"31","session":"110957f1d551","build":"193.6494.35","bucket":"197","time":1585614764444,"group":{"id":"ui.dialogs","version":"31"},"event":{"count":1,"data":{"code":0,"created":1585614764445,"plugin_type":"NOT_LISTED","dialog_class":"third.party"},"id":"close"}}
{"recorder_version":"31","session":"110957f1d551","build":"193.6494.35","bucket":"197","time":1585614766008,"group":{"id":"ui.dialogs","version":"31"},"event":{"count":1,"data":{"created":1585614766008,"plugin_type":"NOT_LISTED","dialog_class":"third.party"},"id":"show"}}
{"recorder_version":"31","session":"110957f1d551","build":"193.6494.35","bucket":"197","time":1585614769482,"group":{"id":"ui.dialogs","version":"31"},"event":{"count":1,"data":{"code":0,"created":1585614769482,"plugin_type":"NOT_LISTED","dialog_class":"third.party"},"id":"close"}}
{"recorder_version":"31","session":"110957f1d551","build":"193.6494.35","bucket":"197","time":1585614769519,"group":{"id":"ui.dialogs","version":"31"},"event":{"count":1,"data":{"created":1585614769519,"plugin_type":"NOT_LISTED","dialog_class":"third.party"},"id":"show"}}
{"recorder_version":"31","session":"110957f1d551","build":"193.6494.35","bucket":"197","time":1585614772367,"group":{"id":"ui.dialogs","version":"31"},"event":{"count":1,"data":{"code":0,"created":1585614772368,"plugin_type":"NOT_LISTED","dialog_class":"third.party"},"id":"close"}}
{"recorder_version":"31","session":"110957f1d551","build":"193.6494.35","bucket":"197","time":1585614773882,"group":{"id":"ui.dialogs","version":"31"},"event":{"count":1,"data":{"created":1585614773882,"plugin_type":"NOT_LISTED","dialog_class":"third.party"},"id":"show"}}
{"recorder_version":"31","session":"110957f1d551","build":"193.6494.35","bucket":"197","time":1585614776566,"group":{"id":"ui.dialogs","version":"31"},"event":{"count":1,"data":{"code":0,"created":1585614776566,"plugin_type":"NOT_LISTED","dialog_class":"third.party"},"id":"close"}}
{"recorder_version":"31","session":"110957f1d551","build":"193.6494.35","bucket":"197","time":1585614782460,"group":{"id":"ui.dialogs","version":"31"},"event":{"count":1,"data":{"created":1585614782460,"plugin_type":"NOT_LISTED","dialog_class":"third.party"},"id":"show"}}
{"recorder_version":"31","session":"110957f1d551","build":"193.6494.35","bucket":"197","time":1585614787769,"group":{"id":"ui.dialogs","version":"31"},"event":{"count":1,"data":{"code":0,"created":1585614787770,"plugin_type":"NOT_LISTED","dialog_class":"third.party"},"id":"close"}}
{"recorder_version":"31","session":"110957f1d551","build":"193.6494.35","bucket":"197","time":1585614787809,"group":{"id":"ui.dialogs","version":"31"},"event":{"count":1,"data":{"created":1585614787809,"plugin_type":"NOT_LISTED","dialog_class":"third.party"},"id":"show"}}
{"recorder_version":"31","session":"110957f1d551","build":"193.6494.35","bucket":"197","time":1585614790741,"group":{"id":"actions","version":"31"},"event":{"count":1,"data":{"context_menu":false,"action_id":"EditorBackSpace","created":1585614790741,"plugin_type":"PLATFORM","project":"984dc00f1549fa535f2d186f3a9a6c29e1d93de0955a772968cfd5c04d3a9bb2","place":"keyboard_shortcut","class":"com.intellij.openapi.editor.actions.BackspaceAction","input_event":"Backspace"},"id":"action.invoked"}}
{"recorder_version":"31","session":"110957f1d551","build":"193.6494.35","bucket":"197","time":1585614791878,"group":{"id":"ui.dialogs","version":"31"},"event":{"count":1,"data":{"code":0,"created":1585614791879,"plugin_type":"NOT_LISTED","dialog_class":"third.party"},"id":"close"}}
{"recorder_version":"31","session":"110957f1d551","build":"193.6494.35","bucket":"197","time":1585614791915,"group":{"id":"ui.dialogs","version":"31"},"event":{"count":1,"data":{"created":1585614791916,"plugin_type":"NOT_LISTED","dialog_class":"third.party"},"id":"show"}}
{"recorder_version":"31","session":"110957f1d551","build":"193.6494.35","bucket":"197","time":1585614796794,"group":{"id":"ui.dialogs","version":"31"},"event":{"count":1,"data":{"code":0,"created":1585614796794,"plugin_type":"NOT_LISTED","dialog_class":"third.party"},"id":"close"}}
{"recorder_version":"31","session":"110957f1d551","build":"193.6494.35","bucket":"197","time":1585614802572,"group":{"id":"ui.dialogs","version":"31"},"event":{"count":1,"data":{"created":1585614802572,"plugin_type":"NOT_LISTED","dialog_class":"third.party"},"id":"show"}}
{"recorder_version":"31","session":"110957f1d551","build":"193.6494.35","bucket":"197","time":1585614812035,"group":{"id":"lifecycle","version":"31"},"event":{"count":1,"data":{"created":1585614812035,"project":"984dc00f1549fa535f2d186f3a9a6c29e1d93de0955a772968cfd5c04d3a9bb2"},"id":"frame.deactivated"}}
{"recorder_version":"31","session":"110957f1d551","build":"193.6494.35","bucket":"197","time":1585614813161,"group":{"id":"lifecycle","version":"31"},"event":{"count":1,"data":{"created":1585614813161,"project":"984dc00f1549fa535f2d186f3a9a6c29e1d93de0955a772968cfd5c04d3a9bb2"},"id":"frame.activated"}}
{"recorder_version":"31","session":"110957f1d551","build":"193.6494.35","bucket":"197","time":1585614818224,"group":{"id":"ui.dialogs","version":"31"},"event":{"count":1,"data":{"code":0,"created":1585614818225,"plugin_type":"NOT_LISTED","dialog_class":"third.party"},"id":"close"}}
{"recorder_version":"31","session":"110957f1d551","build":"193.6494.35","bucket":"197","time":1585614818262,"group":{"id":"ui.dialogs","version":"31"},"event":{"count":1,"data":{"created":1585614818262,"plugin_type":"NOT_LISTED","dialog_class":"third.party"},"id":"show"}}
{"recorder_version":"31","session":"110957f1d551","build":"193.6494.35","bucket":"197","time":1585614820611,"group":{"id":"lifecycle","version":"31"},"event":{"count":1,"data":{"created":1585614820611,"project":"984dc00f1549fa535f2d186f3a9a6c29e1d93de0955a772968cfd5c04d3a9bb2"},"id":"frame.deactivated"}}
{"recorder_version":"31","session":"110957f1d551","build":"193.6494.35","bucket":"197","time":1585614851292,"group":{"id":"performance","version":"31"},"event":{"count":1,"data":{"duration_ms":0,"created":1585614851292},"id":"ui.latency"}}
