{"recorder_version":"31","session":"ae20b153c01f","build":"193.6494.35","bucket":"197","time":1585612295252,"group":{"id":"settings","version":"4"},"event":{"state":true,"data":{"component":"NotRoamableUiSettings","created":1585612295550},"id":"invoked"}}
{"recorder_version":"31","session":"ae20b153c01f","build":"193.6494.35","bucket":"197","time":1585612295254,"group":{"id":"settings","version":"4"},"event":{"state":true,"data":{"component":"UISettings","created":1585612295553},"id":"invoked"}}
{"recorder_version":"31","session":"ae20b153c01f","build":"193.6494.35","bucket":"197","time":1585612295265,"group":{"id":"system.java","version":"1"},"event":{"state":true,"data":{"created":1585612295566,"version":"validation.undefined_rule"},"id":"validation.undefined_rule"}}
{"recorder_version":"31","session":"ae20b153c01f","build":"193.6494.35","bucket":"197","time":1585612295266,"group":{"id":"system.java","version":"1"},"event":{"state":true,"data":{"created":1585612295567},"id":"invoked"}}
{"recorder_version":"31","session":"ae20b153c01f","build":"193.6494.35","bucket":"197","time":1585612295280,"group":{"id":"system.os","version":"3"},"event":{"state":true,"data":{"created":1585612295567,"version":"10.14"},"id":"Mac"}}
{"recorder_version":"31","session":"ae20b153c01f","build":"193.6494.35","bucket":"197","time":1585612295280,"group":{"id":"system.os","version":"3"},"event":{"state":true,"data":{"created":1585612295567,"name":"Mac","version":"10.14"},"id":"os.name"}}
{"recorder_version":"31","session":"ae20b153c01f","build":"193.6494.35","bucket":"197","time":1585612295280,"group":{"id":"system.os","version":"3"},"event":{"state":true,"data":{"created":1585612295568,"value":"-04_00"},"id":"os.timezone"}}
{"recorder_version":"31","session":"ae20b153c01f","build":"193.6494.35","bucket":"197","time":1585612295280,"group":{"id":"system.os","version":"3"},"event":{"state":true,"data":{"created":1585612295568},"id":"invoked"}}
{"recorder_version":"31","session":"ae20b153c01f","build":"193.6494.35","bucket":"197","time":1585612295444,"group":{"id":"settings","version":"4"},"event":{"state":true,"data":{"component":"UpdatesConfigurable","created":1585612295568,"name":"checkNeeded","type":"bool","value":false},"id":"not.default"}}
{"recorder_version":"31","session":"ae20b153c01f","build":"193.6494.35","bucket":"197","time":1585612295444,"group":{"id":"settings","version":"4"},"event":{"state":true,"data":{"component":"UpdatesConfigurable","created":1585612295568},"id":"invoked"}}
{"recorder_version":"31","session":"ae20b153c01f","build":"193.6494.35","bucket":"197","time":1585612295525,"group":{"id":"event.log","version":"31"},"event":{"count":1,"data":{"created":1585612295568,"version":"1200.0"},"id":"whitelist.loaded"}}
{"recorder_version":"31","session":"ae20b153c01f","build":"193.6494.35","bucket":"197","time":1585612295586,"group":{"id":"settings","version":"4"},"event":{"state":true,"data":{"component":"GeneralSettings","created":1585612295587,"name":"showTipsOnStartup","type":"bool","value":false},"id":"not.default"}}
{"recorder_version":"31","session":"ae20b153c01f","build":"193.6494.35","bucket":"197","time":1585612295588,"group":{"id":"settings","version":"4"},"event":{"state":true,"data":{"component":"GeneralSettings","created":1585612295588},"id":"invoked"}}
{"recorder_version":"31","session":"ae20b153c01f","build":"193.6494.35","bucket":"197","time":1585612295601,"group":{"id":"lifecycle","version":"31"},"event":{"count":1,"data":{"internal":true,"eap":false,"created":1585612295602},"id":"ide.start"}}
{"recorder_version":"31","session":"ae20b153c01f","build":"193.6494.35","bucket":"197","time":1585612295682,"group":{"id":"settings","version":"4"},"event":{"state":true,"data":{"component":"XmlEditorOptions","created":1585612295682},"id":"invoked"}}
{"recorder_version":"31","session":"ae20b153c01f","build":"193.6494.35","bucket":"197","time":1585612296023,"group":{"id":"settings","version":"4"},"event":{"state":true,"data":{"component":"VcsApplicationSettings","created":1585612296023},"id":"invoked"}}
{"recorder_version":"31","session":"ae20b153c01f","build":"193.6494.35","bucket":"197","time":1585612296023,"group":{"id":"lifecycle","version":"31"},"event":{"count":1,"data":{"created":1585612296023},"id":"frame.activated"}}
{"recorder_version":"31","session":"ae20b153c01f","build":"193.6494.35","bucket":"197","time":1585612296168,"group":{"id":"ui.dialogs","version":"31"},"event":{"count":1,"data":{"created":1585612296169,"plugin_type":"PLATFORM","dialog_class":"com.intellij.openapi.progress.util.ProgressDialog$MyDialogWrapper"},"id":"show"}}
{"recorder_version":"31","session":"ae20b153c01f","build":"193.6494.35","bucket":"197","time":1585612296238,"group":{"id":"performance","version":"31"},"event":{"count":1,"data":{"duration_ms":112,"created":1585612296239},"id":"ui.latency"}}
{"recorder_version":"31","session":"ae20b153c01f","build":"193.6494.35","bucket":"197","time":1585612296238,"group":{"id":"performance","version":"31"},"event":{"count":1,"data":{"duration_ms":112,"created":1585612296239},"id":"ui.lagging"}}
{"recorder_version":"31","session":"ae20b153c01f","build":"193.6494.35","bucket":"197","time":1585612297172,"group":{"id":"lifecycle","version":"31"},"event":{"count":1,"data":{"created":1585612297172,"project":"984dc00f1549fa535f2d186f3a9a6c29e1d93de0955a772968cfd5c04d3a9bb2"},"id":"project.opened"}}
{"recorder_version":"31","session":"ae20b153c01f","build":"193.6494.35","bucket":"197","time":1585612297476,"group":{"id":"performance","version":"31"},"event":{"count":1,"data":{"duration_ms":349,"created":1585612297476},"id":"ui.lagging"}}
{"recorder_version":"31","session":"ae20b153c01f","build":"193.6494.35","bucket":"197","time":1585612297725,"group":{"id":"indexing","version":"2"},"event":{"count":1,"data":{"ide_activity_id":1,"created":1585612297725,"project":"984dc00f1549fa535f2d186f3a9a6c29e1d93de0955a772968cfd5c04d3a9bb2"},"id":"started"}}
{"recorder_version":"31","session":"ae20b153c01f","build":"193.6494.35","bucket":"197","time":1585612298080,"group":{"id":"indexing","version":"2"},"event":{"count":1,"data":{"ide_activity_id":1,"stage_class":"com.intellij.util.indexing.UnindexedFilesUpdater","created":1585612298081,"plugin_type":"PLATFORM"},"id":"stage"}}
{"recorder_version":"31","session":"ae20b153c01f","build":"193.6494.35","bucket":"197","time":1585612298226,"group":{"id":"toolwindow","version":"31"},"event":{"count":1,"data":{"ViewMode":"Dock_Pinned","created":1585612298226,"plugin_type":"PLATFORM","id":"Project","Location":"Left_Top"},"id":"activated"}}
{"recorder_version":"31","session":"ae20b153c01f","build":"193.6494.35","bucket":"197","time":1585612299084,"group":{"id":"project.fs","version":"1"},"event":{"state":true,"data":{"os":"Mac","cs-project":false,"created":1585612299084,"project":"984dc00f1549fa535f2d186f3a9a6c29e1d93de0955a772968cfd5c04d3a9bb2","cs-implicit":true,"cs-system":false},"id":"case-sensitivity"}}
{"recorder_version":"31","session":"ae20b153c01f","build":"193.6494.35","bucket":"197","time":1585612299084,"group":{"id":"project.fs","version":"1"},"event":{"state":true,"data":{"created":1585612299084},"id":"invoked"}}
{"recorder_version":"31","session":"ae20b153c01f","build":"193.6494.35","bucket":"197","time":1585612299084,"group":{"id":"project.fs","version":"1"},"event":{"state":true,"data":{"pct-non-watched":0,"created":1585612299085,"project":"984dc00f1549fa535f2d186f3a9a6c29e1d93de0955a772968cfd5c04d3a9bb2"},"id":"roots-watched"}}
{"recorder_version":"31","session":"ae20b153c01f","build":"193.6494.35","bucket":"197","time":1585612299084,"group":{"id":"project.fs","version":"1"},"event":{"state":true,"data":{"created":1585612299085},"id":"invoked"}}
{"recorder_version":"31","session":"ae20b153c01f","build":"193.6494.35","bucket":"197","time":1585612299195,"group":{"id":"ui.dialogs","version":"31"},"event":{"count":1,"data":{"code":1,"created":1585612299195,"plugin_type":"PLATFORM","dialog_class":"com.intellij.openapi.progress.util.ProgressDialog$MyDialogWrapper"},"id":"close"}}
{"recorder_version":"31","session":"ae20b153c01f","build":"193.6494.35","bucket":"197","time":1585612299330,"group":{"id":"lifecycle","version":"31"},"event":{"count":1,"data":{"duration_ms":3645,"created":1585612299330,"project":"984dc00f1549fa535f2d186f3a9a6c29e1d93de0955a772968cfd5c04d3a9bb2"},"id":"project.opening.finished"}}
{"recorder_version":"31","session":"ae20b153c01f","build":"193.6494.35","bucket":"197","time":1585612299704,"group":{"id":"indexing","version":"2"},"event":{"count":1,"data":{"duration_ms":1980,"ide_activity_id":1,"created":1585612299706},"id":"finished"}}
{"recorder_version":"31","session":"ae20b153c01f","build":"193.6494.35","bucket":"197","time":1585612299789,"group":{"id":"indexing","version":"2"},"event":{"count":1,"data":{"ide_activity_id":2,"created":1585612299789,"project":"984dc00f1549fa535f2d186f3a9a6c29e1d93de0955a772968cfd5c04d3a9bb2"},"id":"started"}}
{"recorder_version":"31","session":"ae20b153c01f","build":"193.6494.35","bucket":"197","time":1585612299824,"group":{"id":"indexing","version":"2"},"event":{"count":1,"data":{"ide_activity_id":2,"plugin":"org.jetbrains.android","stage_class":"com.android.tools.idea.res.ResourceFolderRepositoryFileCacheImpl$PruneTask","created":1585612299825,"plugin_type":"JB_BUNDLED"},"id":"stage"}}
{"recorder_version":"31","session":"ae20b153c01f","build":"193.6494.35","bucket":"197","time":1585612299862,"group":{"id":"indexing","version":"2"},"event":{"count":1,"data":{"ide_activity_id":2,"plugin":"org.jetbrains.android","stage_class":"com.android.tools.idea.res.ResourceFolderRepositoryFileCacheImpl$ManageLruProjectFilesTask","created":1585612299862,"plugin_type":"JB_BUNDLED"},"id":"stage"}}
{"recorder_version":"31","session":"ae20b153c01f","build":"193.6494.35","bucket":"197","time":1585612299904,"group":{"id":"indexing","version":"2"},"event":{"count":1,"data":{"duration_ms":115,"ide_activity_id":2,"created":1585612299905},"id":"finished"}}
{"recorder_version":"31","session":"ae20b153c01f","build":"193.6494.35","bucket":"197","time":1585612299919,"group":{"id":"indexing","version":"2"},"event":{"count":1,"data":{"ide_activity_id":3,"created":1585612299919,"project":"984dc00f1549fa535f2d186f3a9a6c29e1d93de0955a772968cfd5c04d3a9bb2"},"id":"started"}}
{"recorder_version":"31","session":"ae20b153c01f","build":"193.6494.35","bucket":"197","time":1585612299975,"group":{"id":"indexing","version":"2"},"event":{"count":1,"data":{"ide_activity_id":3,"plugin":"org.jetbrains.android","stage_class":"com.android.tools.idea.res.ResourceFolderRegistry$PopulateCachesTask","created":1585612299978,"plugin_type":"JB_BUNDLED"},"id":"stage"}}
{"recorder_version":"31","session":"ae20b153c01f","build":"193.6494.35","bucket":"197","time":1585612300004,"group":{"id":"indexing","version":"2"},"event":{"count":1,"data":{"duration_ms":85,"ide_activity_id":3,"created":1585612300006},"id":"finished"}}
{"recorder_version":"31","session":"ae20b153c01f","build":"193.6494.35","bucket":"197","time":1585612300260,"group":{"id":"performance","version":"31"},"event":{"count":1,"data":{"duration_ms":125,"created":1585612300260},"id":"ui.lagging"}}
{"recorder_version":"31","session":"ae20b153c01f","build":"193.6494.35","bucket":"197","time":1585612302903,"group":{"id":"actions","version":"31"},"event":{"count":1,"data":{"context_menu":true,"action_id":"third.party","created":1585612302903,"plugin_type":"NOT_LISTED","project":"984dc00f1549fa535f2d186f3a9a6c29e1d93de0955a772968cfd5c04d3a9bb2","place":"MainMenu","class":"third.party","input_event":"NoMouseButton"},"id":"action.invoked"}}
{"recorder_version":"31","session":"ae20b153c01f","build":"193.6494.35","bucket":"197","time":1585612304201,"group":{"id":"startup","version":"1"},"event":{"count":1,"data":{"duration":1341,"created":1585612304202},"id":"appInit"}}
{"recorder_version":"31","session":"ae20b153c01f","build":"193.6494.35","bucket":"197","time":1585612304201,"group":{"id":"startup","version":"1"},"event":{"count":1,"data":{"duration":291,"created":1585612304202},"id":"splash"}}
{"recorder_version":"31","session":"ae20b153c01f","build":"193.6494.35","bucket":"197","time":1585612304201,"group":{"id":"startup","version":"1"},"event":{"count":1,"data":{"duration":206,"created":1585612304202},"id":"bootstrap"}}
{"recorder_version":"31","session":"ae20b153c01f","build":"193.6494.35","bucket":"197","time":1585612304201,"group":{"id":"startup","version":"1"},"event":{"count":1,"data":{"duration":5711,"created":1585612304202},"id":"totalDuration"}}
{"recorder_version":"31","session":"ae20b153c01f","build":"193.6494.35","bucket":"197","time":1585612304395,"group":{"id":"ui.dialogs","version":"31"},"event":{"count":1,"data":{"created":1585612304395,"plugin_type":"NOT_LISTED","dialog_class":"third.party"},"id":"show"}}
{"recorder_version":"31","session":"ae20b153c01f","build":"193.6494.35","bucket":"197","time":1585612307707,"group":{"id":"ui.dialogs","version":"31"},"event":{"count":1,"data":{"code":0,"created":1585612307708,"plugin_type":"NOT_LISTED","dialog_class":"third.party"},"id":"close"}}
{"recorder_version":"31","session":"ae20b153c01f","build":"193.6494.35","bucket":"197","time":1585612309141,"group":{"id":"ui.dialogs","version":"31"},"event":{"count":1,"data":{"created":1585612309142,"plugin_type":"NOT_LISTED","dialog_class":"third.party"},"id":"show"}}
{"recorder_version":"31","session":"ae20b153c01f","build":"193.6494.35","bucket":"197","time":1585612311376,"group":{"id":"ui.dialogs","version":"31"},"event":{"count":1,"data":{"code":0,"created":1585612311376,"plugin_type":"NOT_LISTED","dialog_class":"third.party"},"id":"close"}}
{"recorder_version":"31","session":"ae20b153c01f","build":"193.6494.35","bucket":"197","time":1585612311410,"group":{"id":"ui.dialogs","version":"31"},"event":{"count":1,"data":{"created":1585612311410,"plugin_type":"NOT_LISTED","dialog_class":"third.party"},"id":"show"}}
{"recorder_version":"31","session":"ae20b153c01f","build":"193.6494.35","bucket":"197","time":1585612313308,"group":{"id":"ui.dialogs","version":"31"},"event":{"count":1,"data":{"code":0,"created":1585612313309,"plugin_type":"NOT_LISTED","dialog_class":"third.party"},"id":"close"}}
{"recorder_version":"31","session":"ae20b153c01f","build":"193.6494.35","bucket":"197","time":1585612314375,"group":{"id":"lifecycle","version":"31"},"event":{"count":1,"data":{"created":1585612314375,"project":"984dc00f1549fa535f2d186f3a9a6c29e1d93de0955a772968cfd5c04d3a9bb2"},"id":"frame.deactivated"}}
{"recorder_version":"31","session":"ae20b153c01f","build":"193.6494.35","bucket":"197","time":1585612342138,"group":{"id":"lifecycle","version":"31"},"event":{"count":1,"data":{"created":1585612342139,"project":"984dc00f1549fa535f2d186f3a9a6c29e1d93de0955a772968cfd5c04d3a9bb2"},"id":"frame.activated"}}
{"recorder_version":"31","session":"ae20b153c01f","build":"193.6494.35","bucket":"197","time":1585612342747,"group":{"id":"lifecycle","version":"31"},"event":{"count":1,"data":{"created":1585612342747,"project":"984dc00f1549fa535f2d186f3a9a6c29e1d93de0955a772968cfd5c04d3a9bb2"},"id":"frame.deactivated"}}
{"recorder_version":"31","session":"ae20b153c01f","build":"193.6494.35","bucket":"197","time":1585612380362,"group":{"id":"lifecycle","version":"31"},"event":{"count":1,"data":{"created":1585612380363,"project":"984dc00f1549fa535f2d186f3a9a6c29e1d93de0955a772968cfd5c04d3a9bb2"},"id":"frame.activated"}}
