{"recorder_version":"31","session":"21f505149570","build":"193.6494.35","bucket":"197","time":1585610735186,"group":{"id":"settings","version":"4"},"event":{"state":true,"data":{"component":"NotRoamableUiSettings","created":1585610735452},"id":"invoked"}}
{"recorder_version":"31","session":"21f505149570","build":"193.6494.35","bucket":"197","time":1585610735186,"group":{"id":"settings","version":"4"},"event":{"state":true,"data":{"component":"UISettings","created":1585610735453},"id":"invoked"}}
{"recorder_version":"31","session":"21f505149570","build":"193.6494.35","bucket":"197","time":1585610735194,"group":{"id":"system.java","version":"1"},"event":{"state":true,"data":{"created":1585610735465,"version":"validation.undefined_rule"},"id":"validation.undefined_rule"}}
{"recorder_version":"31","session":"21f505149570","build":"193.6494.35","bucket":"197","time":1585610735194,"group":{"id":"system.java","version":"1"},"event":{"state":true,"data":{"created":1585610735465},"id":"invoked"}}
{"recorder_version":"31","session":"21f505149570","build":"193.6494.35","bucket":"197","time":1585610735214,"group":{"id":"system.os","version":"3"},"event":{"state":true,"data":{"created":1585610735465,"version":"10.14"},"id":"Mac"}}
{"recorder_version":"31","session":"21f505149570","build":"193.6494.35","bucket":"197","time":1585610735214,"group":{"id":"system.os","version":"3"},"event":{"state":true,"data":{"created":1585610735466,"name":"Mac","version":"10.14"},"id":"os.name"}}
{"recorder_version":"31","session":"21f505149570","build":"193.6494.35","bucket":"197","time":1585610735214,"group":{"id":"system.os","version":"3"},"event":{"state":true,"data":{"created":1585610735466,"value":"-04_00"},"id":"os.timezone"}}
{"recorder_version":"31","session":"21f505149570","build":"193.6494.35","bucket":"197","time":1585610735214,"group":{"id":"system.os","version":"3"},"event":{"state":true,"data":{"created":1585610735466},"id":"invoked"}}
{"recorder_version":"31","session":"21f505149570","build":"193.6494.35","bucket":"197","time":1585610735378,"group":{"id":"settings","version":"4"},"event":{"state":true,"data":{"component":"UpdatesConfigurable","created":1585610735466,"name":"checkNeeded","type":"bool","value":false},"id":"not.default"}}
{"recorder_version":"31","session":"21f505149570","build":"193.6494.35","bucket":"197","time":1585610735379,"group":{"id":"settings","version":"4"},"event":{"state":true,"data":{"component":"UpdatesConfigurable","created":1585610735466},"id":"invoked"}}
{"recorder_version":"31","session":"21f505149570","build":"193.6494.35","bucket":"197","time":1585610735428,"group":{"id":"event.log","version":"31"},"event":{"count":1,"data":{"created":1585610735467,"version":"1200.0"},"id":"whitelist.loaded"}}
{"recorder_version":"31","session":"21f505149570","build":"193.6494.35","bucket":"197","time":1585610735573,"group":{"id":"settings","version":"4"},"event":{"state":true,"data":{"component":"GeneralSettings","created":1585610735573,"name":"showTipsOnStartup","type":"bool","value":false},"id":"not.default"}}
{"recorder_version":"31","session":"21f505149570","build":"193.6494.35","bucket":"197","time":1585610735573,"group":{"id":"settings","version":"4"},"event":{"state":true,"data":{"component":"GeneralSettings","created":1585610735574},"id":"invoked"}}
{"recorder_version":"31","session":"21f505149570","build":"193.6494.35","bucket":"197","time":1585610735575,"group":{"id":"lifecycle","version":"31"},"event":{"count":1,"data":{"internal":true,"eap":false,"created":1585610735575},"id":"ide.start"}}
{"recorder_version":"31","session":"21f505149570","build":"193.6494.35","bucket":"197","time":1585610735649,"group":{"id":"settings","version":"4"},"event":{"state":true,"data":{"component":"XmlEditorOptions","created":1585610735649},"id":"invoked"}}
{"recorder_version":"31","session":"21f505149570","build":"193.6494.35","bucket":"197","time":1585610736001,"group":{"id":"settings","version":"4"},"event":{"state":true,"data":{"component":"VcsApplicationSettings","created":1585610736001},"id":"invoked"}}
{"recorder_version":"31","session":"21f505149570","build":"193.6494.35","bucket":"197","time":1585610736001,"group":{"id":"lifecycle","version":"31"},"event":{"count":1,"data":{"created":1585610736002},"id":"frame.activated"}}
{"recorder_version":"31","session":"21f505149570","build":"193.6494.35","bucket":"197","time":1585610736106,"group":{"id":"ui.dialogs","version":"31"},"event":{"count":1,"data":{"created":1585610736107,"plugin_type":"PLATFORM","dialog_class":"com.intellij.openapi.progress.util.ProgressDialog$MyDialogWrapper"},"id":"show"}}
{"recorder_version":"31","session":"21f505149570","build":"193.6494.35","bucket":"197","time":1585610736176,"group":{"id":"performance","version":"31"},"event":{"count":1,"data":{"duration_ms":75,"created":1585610736176},"id":"ui.latency"}}
{"recorder_version":"31","session":"21f505149570","build":"193.6494.35","bucket":"197","time":1585610737143,"group":{"id":"lifecycle","version":"31"},"event":{"count":1,"data":{"created":1585610737143,"project":"984dc00f1549fa535f2d186f3a9a6c29e1d93de0955a772968cfd5c04d3a9bb2"},"id":"project.opened"}}
{"recorder_version":"31","session":"21f505149570","build":"193.6494.35","bucket":"197","time":1585610737447,"group":{"id":"performance","version":"31"},"event":{"count":1,"data":{"duration_ms":347,"created":1585610737447},"id":"ui.lagging"}}
{"recorder_version":"31","session":"21f505149570","build":"193.6494.35","bucket":"197","time":1585610737693,"group":{"id":"indexing","version":"2"},"event":{"count":1,"data":{"ide_activity_id":1,"created":1585610737694,"project":"984dc00f1549fa535f2d186f3a9a6c29e1d93de0955a772968cfd5c04d3a9bb2"},"id":"started"}}
{"recorder_version":"31","session":"21f505149570","build":"193.6494.35","bucket":"197","time":1585610738041,"group":{"id":"indexing","version":"2"},"event":{"count":1,"data":{"ide_activity_id":1,"stage_class":"com.intellij.util.indexing.UnindexedFilesUpdater","created":1585610738042,"plugin_type":"PLATFORM"},"id":"stage"}}
{"recorder_version":"31","session":"21f505149570","build":"193.6494.35","bucket":"197","time":1585610738149,"group":{"id":"toolwindow","version":"31"},"event":{"count":1,"data":{"ViewMode":"Dock_Pinned","created":1585610738149,"plugin_type":"PLATFORM","id":"Project","Location":"Left_Top"},"id":"activated"}}
{"recorder_version":"31","session":"21f505149570","build":"193.6494.35","bucket":"197","time":1585610739094,"group":{"id":"project.fs","version":"1"},"event":{"state":true,"data":{"os":"Mac","cs-project":false,"created":1585610739095,"project":"984dc00f1549fa535f2d186f3a9a6c29e1d93de0955a772968cfd5c04d3a9bb2","cs-implicit":true,"cs-system":false},"id":"case-sensitivity"}}
{"recorder_version":"31","session":"21f505149570","build":"193.6494.35","bucket":"197","time":1585610739094,"group":{"id":"project.fs","version":"1"},"event":{"state":true,"data":{"created":1585610739095},"id":"invoked"}}
{"recorder_version":"31","session":"21f505149570","build":"193.6494.35","bucket":"197","time":1585610739095,"group":{"id":"project.fs","version":"1"},"event":{"state":true,"data":{"pct-non-watched":0,"created":1585610739096,"project":"984dc00f1549fa535f2d186f3a9a6c29e1d93de0955a772968cfd5c04d3a9bb2"},"id":"roots-watched"}}
{"recorder_version":"31","session":"21f505149570","build":"193.6494.35","bucket":"197","time":1585610739095,"group":{"id":"project.fs","version":"1"},"event":{"state":true,"data":{"created":1585610739096},"id":"invoked"}}
{"recorder_version":"31","session":"21f505149570","build":"193.6494.35","bucket":"197","time":1585610739188,"group":{"id":"ui.dialogs","version":"31"},"event":{"count":1,"data":{"code":1,"created":1585610739190,"plugin_type":"PLATFORM","dialog_class":"com.intellij.openapi.progress.util.ProgressDialog$MyDialogWrapper"},"id":"close"}}
{"recorder_version":"31","session":"21f505149570","build":"193.6494.35","bucket":"197","time":1585610739323,"group":{"id":"lifecycle","version":"31"},"event":{"count":1,"data":{"duration_ms":3654,"created":1585610739324,"project":"984dc00f1549fa535f2d186f3a9a6c29e1d93de0955a772968cfd5c04d3a9bb2"},"id":"project.opening.finished"}}
{"recorder_version":"31","session":"21f505149570","build":"193.6494.35","bucket":"197","time":1585610739854,"group":{"id":"indexing","version":"2"},"event":{"count":1,"data":{"duration_ms":2161,"ide_activity_id":1,"created":1585610739854},"id":"finished"}}
{"recorder_version":"31","session":"21f505149570","build":"193.6494.35","bucket":"197","time":1585610739919,"group":{"id":"indexing","version":"2"},"event":{"count":1,"data":{"ide_activity_id":2,"created":1585610739919,"project":"984dc00f1549fa535f2d186f3a9a6c29e1d93de0955a772968cfd5c04d3a9bb2"},"id":"started"}}
{"recorder_version":"31","session":"21f505149570","build":"193.6494.35","bucket":"197","time":1585610739936,"group":{"id":"indexing","version":"2"},"event":{"count":1,"data":{"ide_activity_id":2,"plugin":"org.jetbrains.android","stage_class":"com.android.tools.idea.res.ResourceFolderRepositoryFileCacheImpl$PruneTask","created":1585610739937,"plugin_type":"JB_BUNDLED"},"id":"stage"}}
{"recorder_version":"31","session":"21f505149570","build":"193.6494.35","bucket":"197","time":1585610739959,"group":{"id":"indexing","version":"2"},"event":{"count":1,"data":{"ide_activity_id":2,"plugin":"org.jetbrains.android","stage_class":"com.android.tools.idea.res.ResourceFolderRepositoryFileCacheImpl$ManageLruProjectFilesTask","created":1585610739959,"plugin_type":"JB_BUNDLED"},"id":"stage"}}
{"recorder_version":"31","session":"21f505149570","build":"193.6494.35","bucket":"197","time":1585610739992,"group":{"id":"indexing","version":"2"},"event":{"count":1,"data":{"duration_ms":73,"ide_activity_id":2,"created":1585610739994},"id":"finished"}}
{"recorder_version":"31","session":"21f505149570","build":"193.6494.35","bucket":"197","time":1585610740030,"group":{"id":"indexing","version":"2"},"event":{"count":1,"data":{"ide_activity_id":3,"created":1585610740030,"project":"984dc00f1549fa535f2d186f3a9a6c29e1d93de0955a772968cfd5c04d3a9bb2"},"id":"started"}}
{"recorder_version":"31","session":"21f505149570","build":"193.6494.35","bucket":"197","time":1585610740059,"group":{"id":"indexing","version":"2"},"event":{"count":1,"data":{"ide_activity_id":3,"plugin":"org.jetbrains.android","stage_class":"com.android.tools.idea.res.ResourceFolderRegistry$PopulateCachesTask","created":1585610740060,"plugin_type":"JB_BUNDLED"},"id":"stage"}}
{"recorder_version":"31","session":"21f505149570","build":"193.6494.35","bucket":"197","time":1585610740070,"group":{"id":"indexing","version":"2"},"event":{"count":1,"data":{"duration_ms":40,"ide_activity_id":3,"created":1585610740071},"id":"finished"}}
{"recorder_version":"31","session":"21f505149570","build":"193.6494.35","bucket":"197","time":1585610740305,"group":{"id":"performance","version":"31"},"event":{"count":1,"data":{"duration_ms":201,"created":1585610740306},"id":"ui.lagging"}}
{"recorder_version":"31","session":"21f505149570","build":"193.6494.35","bucket":"197","time":1585610743503,"group":{"id":"actions","version":"31"},"event":{"count":1,"data":{"context_menu":true,"action_id":"third.party","created":1585610743503,"plugin_type":"NOT_LISTED","project":"984dc00f1549fa535f2d186f3a9a6c29e1d93de0955a772968cfd5c04d3a9bb2","place":"MainMenu","class":"third.party","input_event":"NoMouseButton"},"id":"action.invoked"}}
{"recorder_version":"31","session":"21f505149570","build":"193.6494.35","bucket":"197","time":1585610744194,"group":{"id":"startup","version":"1"},"event":{"count":1,"data":{"duration":1365,"created":1585610744195},"id":"appInit"}}
{"recorder_version":"31","session":"21f505149570","build":"193.6494.35","bucket":"197","time":1585610744194,"group":{"id":"startup","version":"1"},"event":{"count":1,"data":{"duration":265,"created":1585610744195},"id":"splash"}}
{"recorder_version":"31","session":"21f505149570","build":"193.6494.35","bucket":"197","time":1585610744194,"group":{"id":"startup","version":"1"},"event":{"count":1,"data":{"duration":178,"created":1585610744195},"id":"bootstrap"}}
{"recorder_version":"31","session":"21f505149570","build":"193.6494.35","bucket":"197","time":1585610744194,"group":{"id":"startup","version":"1"},"event":{"count":1,"data":{"duration":5518,"created":1585610744196},"id":"totalDuration"}}
{"recorder_version":"31","session":"21f505149570","build":"193.6494.35","bucket":"197","time":1585610745135,"group":{"id":"ui.dialogs","version":"31"},"event":{"count":1,"data":{"created":1585610745135,"plugin_type":"NOT_LISTED","dialog_class":"third.party"},"id":"show"}}
{"recorder_version":"31","session":"21f505149570","build":"193.6494.35","bucket":"197","time":1585610747580,"group":{"id":"ui.dialogs","version":"31"},"event":{"count":1,"data":{"code":0,"created":1585610747580,"plugin_type":"NOT_LISTED","dialog_class":"third.party"},"id":"close"}}
{"recorder_version":"31","session":"21f505149570","build":"193.6494.35","bucket":"197","time":1585610749151,"group":{"id":"ui.dialogs","version":"31"},"event":{"count":1,"data":{"created":1585610749152,"plugin_type":"NOT_LISTED","dialog_class":"third.party"},"id":"show"}}
{"recorder_version":"31","session":"21f505149570","build":"193.6494.35","bucket":"197","time":1585610752497,"group":{"id":"ui.dialogs","version":"31"},"event":{"count":1,"data":{"code":0,"created":1585610752498,"plugin_type":"NOT_LISTED","dialog_class":"third.party"},"id":"close"}}
{"recorder_version":"31","session":"21f505149570","build":"193.6494.35","bucket":"197","time":1585610752532,"group":{"id":"ui.dialogs","version":"31"},"event":{"count":1,"data":{"created":1585610752532,"plugin_type":"NOT_LISTED","dialog_class":"third.party"},"id":"show"}}
{"recorder_version":"31","session":"21f505149570","build":"193.6494.35","bucket":"197","time":1585610755904,"group":{"id":"ui.dialogs","version":"31"},"event":{"count":1,"data":{"code":0,"created":1585610755905,"plugin_type":"NOT_LISTED","dialog_class":"third.party"},"id":"close"}}
{"recorder_version":"31","session":"21f505149570","build":"193.6494.35","bucket":"197","time":1585610755941,"group":{"id":"ui.dialogs","version":"31"},"event":{"count":1,"data":{"created":1585610755941,"plugin_type":"NOT_LISTED","dialog_class":"third.party"},"id":"show"}}
{"recorder_version":"31","session":"21f505149570","build":"193.6494.35","bucket":"197","time":1585610758649,"group":{"id":"ui.dialogs","version":"31"},"event":{"count":1,"data":{"code":0,"created":1585610758650,"plugin_type":"NOT_LISTED","dialog_class":"third.party"},"id":"close"}}
{"recorder_version":"31","session":"21f505149570","build":"193.6494.35","bucket":"197","time":1585610758686,"group":{"id":"ui.dialogs","version":"31"},"event":{"count":1,"data":{"created":1585610758686,"plugin_type":"NOT_LISTED","dialog_class":"third.party"},"id":"show"}}
{"recorder_version":"31","session":"21f505149570","build":"193.6494.35","bucket":"197","time":1585610760918,"group":{"id":"ui.dialogs","version":"31"},"event":{"count":1,"data":{"code":0,"created":1585610760918,"plugin_type":"NOT_LISTED","dialog_class":"third.party"},"id":"close"}}
{"recorder_version":"31","session":"21f505149570","build":"193.6494.35","bucket":"197","time":1585610760955,"group":{"id":"ui.dialogs","version":"31"},"event":{"count":1,"data":{"created":1585610760955,"plugin_type":"NOT_LISTED","dialog_class":"third.party"},"id":"show"}}
{"recorder_version":"31","session":"21f505149570","build":"193.6494.35","bucket":"197","time":1585610763598,"group":{"id":"ui.dialogs","version":"31"},"event":{"count":1,"data":{"code":0,"created":1585610763599,"plugin_type":"NOT_LISTED","dialog_class":"third.party"},"id":"close"}}
{"recorder_version":"31","session":"21f505149570","build":"193.6494.35","bucket":"197","time":1585610763633,"group":{"id":"ui.dialogs","version":"31"},"event":{"count":1,"data":{"created":1585610763633,"plugin_type":"NOT_LISTED","dialog_class":"third.party"},"id":"show"}}
{"recorder_version":"31","session":"21f505149570","build":"193.6494.35","bucket":"197","time":1585610765681,"group":{"id":"ui.dialogs","version":"31"},"event":{"count":1,"data":{"code":0,"created":1585610765682,"plugin_type":"NOT_LISTED","dialog_class":"third.party"},"id":"close"}}
{"recorder_version":"31","session":"21f505149570","build":"193.6494.35","bucket":"197","time":1585610765716,"group":{"id":"ui.dialogs","version":"31"},"event":{"count":1,"data":{"created":1585610765716,"plugin_type":"NOT_LISTED","dialog_class":"third.party"},"id":"show"}}
{"recorder_version":"31","session":"21f505149570","build":"193.6494.35","bucket":"197","time":1585610768290,"group":{"id":"ui.dialogs","version":"31"},"event":{"count":1,"data":{"code":0,"created":1585610768290,"plugin_type":"NOT_LISTED","dialog_class":"third.party"},"id":"close"}}
{"recorder_version":"31","session":"21f505149570","build":"193.6494.35","bucket":"197","time":1585610773881,"group":{"id":"ui.dialogs","version":"31"},"event":{"count":1,"data":{"created":1585610773881,"plugin_type":"PLATFORM","dialog_class":"com.intellij.openapi.options.newEditor.SettingsDialog"},"id":"show"}}
{"recorder_version":"31","session":"21f505149570","build":"193.6494.35","bucket":"197","time":1585610778015,"group":{"id":"ui.dialogs","version":"31"},"event":{"count":1,"data":{"code":1,"created":1585610778015,"plugin_type":"PLATFORM","dialog_class":"com.intellij.openapi.options.newEditor.SettingsDialog"},"id":"close"}}
{"recorder_version":"31","session":"21f505149570","build":"193.6494.35","bucket":"197","time":1585610784281,"group":{"id":"lifecycle","version":"31"},"event":{"count":1,"data":{"created":1585610784281,"project":"984dc00f1549fa535f2d186f3a9a6c29e1d93de0955a772968cfd5c04d3a9bb2"},"id":"frame.deactivated"}}
{"recorder_version":"31","session":"21f505149570","build":"193.6494.35","bucket":"197","time":1585610800063,"group":{"id":"lifecycle","version":"31"},"event":{"count":1,"data":{"created":1585610800063,"project":"984dc00f1549fa535f2d186f3a9a6c29e1d93de0955a772968cfd5c04d3a9bb2"},"id":"frame.activated"}}
{"recorder_version":"31","session":"21f505149570","build":"193.6494.35","bucket":"197","time":1585610800449,"group":{"id":"indexing","version":"2"},"event":{"count":1,"data":{"ide_activity_id":4,"created":1585610800449,"project":"984dc00f1549fa535f2d186f3a9a6c29e1d93de0955a772968cfd5c04d3a9bb2"},"id":"started"}}
{"recorder_version":"31","session":"21f505149570","build":"193.6494.35","bucket":"197","time":1585610800498,"group":{"id":"indexing","version":"2"},"event":{"count":1,"data":{"ide_activity_id":4,"stage_class":"com.intellij.openapi.roots.impl.PushedFilePropertiesUpdaterImpl$3","created":1585610800498,"plugin_type":"PLATFORM"},"id":"stage"}}
{"recorder_version":"31","session":"21f505149570","build":"193.6494.35","bucket":"197","time":1585610800525,"group":{"id":"indexing","version":"2"},"event":{"count":1,"data":{"duration_ms":76,"ide_activity_id":4,"created":1585610800526},"id":"finished"}}
{"recorder_version":"31","session":"21f505149570","build":"193.6494.35","bucket":"197","time":1585610811576,"group":{"id":"lifecycle","version":"31"},"event":{"count":1,"data":{"created":1585610811576,"project":"984dc00f1549fa535f2d186f3a9a6c29e1d93de0955a772968cfd5c04d3a9bb2"},"id":"frame.deactivated"}}
{"recorder_version":"31","session":"21f505149570","build":"193.6494.35","bucket":"197","time":1585610821622,"group":{"id":"lifecycle","version":"31"},"event":{"count":1,"data":{"created":1585610821622,"project":"984dc00f1549fa535f2d186f3a9a6c29e1d93de0955a772968cfd5c04d3a9bb2"},"id":"frame.activated"}}
{"recorder_version":"31","session":"21f505149570","build":"193.6494.35","bucket":"197","time":1585610822955,"group":{"id":"actions","version":"31"},"event":{"count":1,"data":{"context_menu":true,"current_file":"TEXT","action_id":"third.party","created":1585610822955,"plugin_type":"NOT_LISTED","project":"984dc00f1549fa535f2d186f3a9a6c29e1d93de0955a772968cfd5c04d3a9bb2","place":"MainMenu","class":"third.party","input_event":"NoMouseButton"},"id":"action.invoked"}}
{"recorder_version":"31","session":"21f505149570","build":"193.6494.35","bucket":"197","time":1585610824526,"group":{"id":"ui.dialogs","version":"31"},"event":{"count":1,"data":{"created":1585610824526,"plugin_type":"NOT_LISTED","dialog_class":"third.party"},"id":"show"}}
{"recorder_version":"31","session":"21f505149570","build":"193.6494.35","bucket":"197","time":1585610827441,"group":{"id":"ui.dialogs","version":"31"},"event":{"count":1,"data":{"code":0,"created":1585610827441,"plugin_type":"NOT_LISTED","dialog_class":"third.party"},"id":"close"}}
{"recorder_version":"31","session":"21f505149570","build":"193.6494.35","bucket":"197","time":1585610829040,"group":{"id":"ui.dialogs","version":"31"},"event":{"count":1,"data":{"created":1585610829040,"plugin_type":"NOT_LISTED","dialog_class":"third.party"},"id":"show"}}
{"recorder_version":"31","session":"21f505149570","build":"193.6494.35","bucket":"197","time":1585610832965,"group":{"id":"ui.dialogs","version":"31"},"event":{"count":1,"data":{"code":0,"created":1585610832965,"plugin_type":"NOT_LISTED","dialog_class":"third.party"},"id":"close"}}
{"recorder_version":"31","session":"21f505149570","build":"193.6494.35","bucket":"197","time":1585610833000,"group":{"id":"ui.dialogs","version":"31"},"event":{"count":1,"data":{"created":1585610833000,"plugin_type":"NOT_LISTED","dialog_class":"third.party"},"id":"show"}}
{"recorder_version":"31","session":"21f505149570","build":"193.6494.35","bucket":"197","time":1585610836338,"group":{"id":"performance","version":"31"},"event":{"count":1,"data":{"duration_ms":0,"created":1585610836338},"id":"ui.latency"}}
{"recorder_version":"31","session":"21f505149570","build":"193.6494.35","bucket":"197","time":1585610839360,"group":{"id":"ui.dialogs","version":"31"},"event":{"count":1,"data":{"code":0,"created":1585610839361,"plugin_type":"NOT_LISTED","dialog_class":"third.party"},"id":"close"}}
{"recorder_version":"31","session":"21f505149570","build":"193.6494.35","bucket":"197","time":1585610839396,"group":{"id":"ui.dialogs","version":"31"},"event":{"count":1,"data":{"created":1585610839396,"plugin_type":"NOT_LISTED","dialog_class":"third.party"},"id":"show"}}
{"recorder_version":"31","session":"21f505149570","build":"193.6494.35","bucket":"197","time":1585610842065,"group":{"id":"ui.dialogs","version":"31"},"event":{"count":1,"data":{"code":1,"created":1585610842066,"plugin_type":"NOT_LISTED","dialog_class":"third.party"},"id":"close"}}
{"recorder_version":"31","session":"21f505149570","build":"193.6494.35","bucket":"197","time":1585610842102,"group":{"id":"ui.dialogs","version":"31"},"event":{"count":1,"data":{"created":1585610842102,"plugin_type":"NOT_LISTED","dialog_class":"third.party"},"id":"show"}}
{"recorder_version":"31","session":"21f505149570","build":"193.6494.35","bucket":"197","time":1585610842751,"group":{"id":"ui.dialogs","version":"31"},"event":{"count":1,"data":{"code":1,"created":1585610842752,"plugin_type":"NOT_LISTED","dialog_class":"third.party"},"id":"close"}}
{"recorder_version":"31","session":"21f505149570","build":"193.6494.35","bucket":"197","time":1585610842790,"group":{"id":"ui.dialogs","version":"31"},"event":{"count":1,"data":{"created":1585610842790,"plugin_type":"NOT_LISTED","dialog_class":"third.party"},"id":"show"}}
{"recorder_version":"31","session":"21f505149570","build":"193.6494.35","bucket":"197","time":1585610843373,"group":{"id":"ui.dialogs","version":"31"},"event":{"count":1,"data":{"code":1,"created":1585610843373,"plugin_type":"NOT_LISTED","dialog_class":"third.party"},"id":"close"}}
{"recorder_version":"31","session":"21f505149570","build":"193.6494.35","bucket":"197","time":1585610845937,"group":{"id":"lifecycle","version":"31"},"event":{"count":1,"data":{"created":1585610845937,"project":"984dc00f1549fa535f2d186f3a9a6c29e1d93de0955a772968cfd5c04d3a9bb2"},"id":"frame.deactivated"}}
{"recorder_version":"31","session":"21f505149570","build":"193.6494.35","bucket":"197","time":1585610853049,"group":{"id":"lifecycle","version":"31"},"event":{"count":1,"data":{"created":1585610853049,"project":"984dc00f1549fa535f2d186f3a9a6c29e1d93de0955a772968cfd5c04d3a9bb2"},"id":"frame.activated"}}
{"recorder_version":"31","session":"21f505149570","build":"193.6494.35","bucket":"197","time":1585610853390,"group":{"id":"indexing","version":"2"},"event":{"count":1,"data":{"ide_activity_id":5,"created":1585610853390,"project":"984dc00f1549fa535f2d186f3a9a6c29e1d93de0955a772968cfd5c04d3a9bb2"},"id":"started"}}
{"recorder_version":"31","session":"21f505149570","build":"193.6494.35","bucket":"197","time":1585610853395,"group":{"id":"indexing","version":"2"},"event":{"count":1,"data":{"ide_activity_id":5,"stage_class":"com.intellij.openapi.roots.impl.PushedFilePropertiesUpdaterImpl$3","created":1585610853396,"plugin_type":"PLATFORM"},"id":"stage"}}
{"recorder_version":"31","session":"21f505149570","build":"193.6494.35","bucket":"197","time":1585610853443,"group":{"id":"indexing","version":"2"},"event":{"count":1,"data":{"duration_ms":53,"ide_activity_id":5,"created":1585610853443},"id":"finished"}}
{"recorder_version":"31","session":"21f505149570","build":"193.6494.35","bucket":"197","time":1585610858067,"group":{"id":"actions","version":"31"},"event":{"count":1,"data":{"context_menu":true,"current_file":"TEXT","action_id":"third.party","created":1585610858067,"plugin_type":"NOT_LISTED","project":"984dc00f1549fa535f2d186f3a9a6c29e1d93de0955a772968cfd5c04d3a9bb2","place":"MainMenu","class":"third.party","input_event":"NoMouseButton"},"id":"action.invoked"}}
{"recorder_version":"31","session":"21f505149570","build":"193.6494.35","bucket":"197","time":1585610859633,"group":{"id":"ui.dialogs","version":"31"},"event":{"count":1,"data":{"created":1585610859633,"plugin_type":"NOT_LISTED","dialog_class":"third.party"},"id":"show"}}
{"recorder_version":"31","session":"21f505149570","build":"193.6494.35","bucket":"197","time":1585610862491,"group":{"id":"ui.dialogs","version":"31"},"event":{"count":1,"data":{"code":0,"created":1585610862491,"plugin_type":"NOT_LISTED","dialog_class":"third.party"},"id":"close"}}
{"recorder_version":"31","session":"21f505149570","build":"193.6494.35","bucket":"197","time":1585610864112,"group":{"id":"ui.dialogs","version":"31"},"event":{"count":1,"data":{"created":1585610864112,"plugin_type":"NOT_LISTED","dialog_class":"third.party"},"id":"show"}}
{"recorder_version":"31","session":"21f505149570","build":"193.6494.35","bucket":"197","time":1585610867796,"group":{"id":"ui.dialogs","version":"31"},"event":{"count":1,"data":{"code":0,"created":1585610867797,"plugin_type":"NOT_LISTED","dialog_class":"third.party"},"id":"close"}}
{"recorder_version":"31","session":"21f505149570","build":"193.6494.35","bucket":"197","time":1585610867832,"group":{"id":"ui.dialogs","version":"31"},"event":{"count":1,"data":{"created":1585610867832,"plugin_type":"NOT_LISTED","dialog_class":"third.party"},"id":"show"}}
