{"recorder_version":"31","session":"a6294766e416","build":"193.6494.35","bucket":"197","time":1585614157354,"group":{"id":"settings","version":"4"},"event":{"state":true,"data":{"component":"NotRoamableUiSettings","created":1585614157624},"id":"invoked"}}
{"recorder_version":"31","session":"a6294766e416","build":"193.6494.35","bucket":"197","time":1585614157360,"group":{"id":"settings","version":"4"},"event":{"state":true,"data":{"component":"UISettings","created":1585614157627},"id":"invoked"}}
{"recorder_version":"31","session":"a6294766e416","build":"193.6494.35","bucket":"197","time":1585614157362,"group":{"id":"system.java","version":"1"},"event":{"state":true,"data":{"created":1585614157634,"version":"validation.undefined_rule"},"id":"validation.undefined_rule"}}
{"recorder_version":"31","session":"a6294766e416","build":"193.6494.35","bucket":"197","time":1585614157362,"group":{"id":"system.java","version":"1"},"event":{"state":true,"data":{"created":1585614157634},"id":"invoked"}}
{"recorder_version":"31","session":"a6294766e416","build":"193.6494.35","bucket":"197","time":1585614157395,"group":{"id":"system.os","version":"3"},"event":{"state":true,"data":{"created":1585614157636,"version":"10.14"},"id":"Mac"}}
{"recorder_version":"31","session":"a6294766e416","build":"193.6494.35","bucket":"197","time":1585614157395,"group":{"id":"system.os","version":"3"},"event":{"state":true,"data":{"created":1585614157637,"name":"Mac","version":"10.14"},"id":"os.name"}}
{"recorder_version":"31","session":"a6294766e416","build":"193.6494.35","bucket":"197","time":1585614157395,"group":{"id":"system.os","version":"3"},"event":{"state":true,"data":{"created":1585614157637,"value":"-04_00"},"id":"os.timezone"}}
{"recorder_version":"31","session":"a6294766e416","build":"193.6494.35","bucket":"197","time":1585614157395,"group":{"id":"system.os","version":"3"},"event":{"state":true,"data":{"created":1585614157637},"id":"invoked"}}
{"recorder_version":"31","session":"a6294766e416","build":"193.6494.35","bucket":"197","time":1585614157511,"group":{"id":"settings","version":"4"},"event":{"state":true,"data":{"component":"UpdatesConfigurable","created":1585614157638,"name":"checkNeeded","type":"bool","value":false},"id":"not.default"}}
{"recorder_version":"31","session":"a6294766e416","build":"193.6494.35","bucket":"197","time":1585614157511,"group":{"id":"settings","version":"4"},"event":{"state":true,"data":{"component":"UpdatesConfigurable","created":1585614157638},"id":"invoked"}}
{"recorder_version":"31","session":"a6294766e416","build":"193.6494.35","bucket":"197","time":1585614157583,"group":{"id":"event.log","version":"31"},"event":{"count":1,"data":{"created":1585614157638,"version":"1200.0"},"id":"whitelist.loaded"}}
{"recorder_version":"31","session":"a6294766e416","build":"193.6494.35","bucket":"197","time":1585614157667,"group":{"id":"settings","version":"4"},"event":{"state":true,"data":{"component":"GeneralSettings","created":1585614157667,"name":"showTipsOnStartup","type":"bool","value":false},"id":"not.default"}}
{"recorder_version":"31","session":"a6294766e416","build":"193.6494.35","bucket":"197","time":1585614157667,"group":{"id":"settings","version":"4"},"event":{"state":true,"data":{"component":"GeneralSettings","created":1585614157668},"id":"invoked"}}
{"recorder_version":"31","session":"a6294766e416","build":"193.6494.35","bucket":"197","time":1585614157688,"group":{"id":"lifecycle","version":"31"},"event":{"count":1,"data":{"internal":true,"eap":false,"created":1585614157688},"id":"ide.start"}}
{"recorder_version":"31","session":"a6294766e416","build":"193.6494.35","bucket":"197","time":1585614157767,"group":{"id":"settings","version":"4"},"event":{"state":true,"data":{"component":"XmlEditorOptions","created":1585614157767},"id":"invoked"}}
{"recorder_version":"31","session":"a6294766e416","build":"193.6494.35","bucket":"197","time":1585614158105,"group":{"id":"lifecycle","version":"31"},"event":{"count":1,"data":{"created":1585614158105},"id":"frame.activated"}}
{"recorder_version":"31","session":"a6294766e416","build":"193.6494.35","bucket":"197","time":1585614158105,"group":{"id":"settings","version":"4"},"event":{"state":true,"data":{"component":"VcsApplicationSettings","created":1585614158106},"id":"invoked"}}
{"recorder_version":"31","session":"a6294766e416","build":"193.6494.35","bucket":"197","time":1585614158211,"group":{"id":"ui.dialogs","version":"31"},"event":{"count":1,"data":{"created":1585614158212,"plugin_type":"PLATFORM","dialog_class":"com.intellij.openapi.progress.util.ProgressDialog$MyDialogWrapper"},"id":"show"}}
{"recorder_version":"31","session":"a6294766e416","build":"193.6494.35","bucket":"197","time":1585614158278,"group":{"id":"performance","version":"31"},"event":{"count":1,"data":{"duration_ms":31,"created":1585614158278},"id":"ui.latency"}}
{"recorder_version":"31","session":"a6294766e416","build":"193.6494.35","bucket":"197","time":1585614159319,"group":{"id":"lifecycle","version":"31"},"event":{"count":1,"data":{"created":1585614159319,"project":"984dc00f1549fa535f2d186f3a9a6c29e1d93de0955a772968cfd5c04d3a9bb2"},"id":"project.opened"}}
{"recorder_version":"31","session":"a6294766e416","build":"193.6494.35","bucket":"197","time":1585614159595,"group":{"id":"performance","version":"31"},"event":{"count":1,"data":{"duration_ms":352,"created":1585614159595},"id":"ui.lagging"}}
{"recorder_version":"31","session":"a6294766e416","build":"193.6494.35","bucket":"197","time":1585614159897,"group":{"id":"indexing","version":"2"},"event":{"count":1,"data":{"ide_activity_id":1,"created":1585614159898,"project":"984dc00f1549fa535f2d186f3a9a6c29e1d93de0955a772968cfd5c04d3a9bb2"},"id":"started"}}
{"recorder_version":"31","session":"a6294766e416","build":"193.6494.35","bucket":"197","time":1585614159943,"group":{"id":"indexing","version":"2"},"event":{"count":1,"data":{"ide_activity_id":1,"stage_class":"com.intellij.util.indexing.UnindexedFilesUpdater","created":1585614159943,"plugin_type":"PLATFORM"},"id":"stage"}}
{"recorder_version":"31","session":"a6294766e416","build":"193.6494.35","bucket":"197","time":1585614160408,"group":{"id":"performance","version":"31"},"event":{"count":1,"data":{"duration_ms":161,"created":1585614160408},"id":"ui.lagging"}}
{"recorder_version":"31","session":"a6294766e416","build":"193.6494.35","bucket":"197","time":1585614160569,"group":{"id":"toolwindow","version":"31"},"event":{"count":1,"data":{"ViewMode":"Dock_Pinned","created":1585614160570,"plugin_type":"PLATFORM","id":"Project","Location":"Left_Top"},"id":"activated"}}
{"recorder_version":"31","session":"a6294766e416","build":"193.6494.35","bucket":"197","time":1585614161479,"group":{"id":"project.fs","version":"1"},"event":{"state":true,"data":{"os":"Mac","cs-project":false,"created":1585614161479,"project":"984dc00f1549fa535f2d186f3a9a6c29e1d93de0955a772968cfd5c04d3a9bb2","cs-implicit":true,"cs-system":false},"id":"case-sensitivity"}}
{"recorder_version":"31","session":"a6294766e416","build":"193.6494.35","bucket":"197","time":1585614161479,"group":{"id":"project.fs","version":"1"},"event":{"state":true,"data":{"created":1585614161479},"id":"invoked"}}
{"recorder_version":"31","session":"a6294766e416","build":"193.6494.35","bucket":"197","time":1585614161480,"group":{"id":"project.fs","version":"1"},"event":{"state":true,"data":{"pct-non-watched":0,"created":1585614161480,"project":"984dc00f1549fa535f2d186f3a9a6c29e1d93de0955a772968cfd5c04d3a9bb2"},"id":"roots-watched"}}
{"recorder_version":"31","session":"a6294766e416","build":"193.6494.35","bucket":"197","time":1585614161480,"group":{"id":"project.fs","version":"1"},"event":{"state":true,"data":{"created":1585614161481},"id":"invoked"}}
{"recorder_version":"31","session":"a6294766e416","build":"193.6494.35","bucket":"197","time":1585614161596,"group":{"id":"ui.dialogs","version":"31"},"event":{"count":1,"data":{"code":1,"created":1585614161596,"plugin_type":"PLATFORM","dialog_class":"com.intellij.openapi.progress.util.ProgressDialog$MyDialogWrapper"},"id":"close"}}
{"recorder_version":"31","session":"a6294766e416","build":"193.6494.35","bucket":"197","time":1585614161745,"group":{"id":"lifecycle","version":"31"},"event":{"count":1,"data":{"duration_ms":3973,"created":1585614161745,"project":"984dc00f1549fa535f2d186f3a9a6c29e1d93de0955a772968cfd5c04d3a9bb2"},"id":"project.opening.finished"}}
{"recorder_version":"31","session":"a6294766e416","build":"193.6494.35","bucket":"197","time":1585614162313,"group":{"id":"indexing","version":"2"},"event":{"count":1,"data":{"duration_ms":2416,"ide_activity_id":1,"created":1585614162313},"id":"finished"}}
{"recorder_version":"31","session":"a6294766e416","build":"193.6494.35","bucket":"197","time":1585614162401,"group":{"id":"indexing","version":"2"},"event":{"count":1,"data":{"ide_activity_id":2,"created":1585614162402,"project":"984dc00f1549fa535f2d186f3a9a6c29e1d93de0955a772968cfd5c04d3a9bb2"},"id":"started"}}
{"recorder_version":"31","session":"a6294766e416","build":"193.6494.35","bucket":"197","time":1585614162420,"group":{"id":"indexing","version":"2"},"event":{"count":1,"data":{"ide_activity_id":2,"plugin":"org.jetbrains.android","stage_class":"com.android.tools.idea.res.ResourceFolderRepositoryFileCacheImpl$PruneTask","created":1585614162421,"plugin_type":"JB_BUNDLED"},"id":"stage"}}
{"recorder_version":"31","session":"a6294766e416","build":"193.6494.35","bucket":"197","time":1585614162453,"group":{"id":"indexing","version":"2"},"event":{"count":1,"data":{"ide_activity_id":2,"plugin":"org.jetbrains.android","stage_class":"com.android.tools.idea.res.ResourceFolderRepositoryFileCacheImpl$ManageLruProjectFilesTask","created":1585614162453,"plugin_type":"JB_BUNDLED"},"id":"stage"}}
{"recorder_version":"31","session":"a6294766e416","build":"193.6494.35","bucket":"197","time":1585614162476,"group":{"id":"indexing","version":"2"},"event":{"count":1,"data":{"duration_ms":75,"ide_activity_id":2,"created":1585614162476},"id":"finished"}}
{"recorder_version":"31","session":"a6294766e416","build":"193.6494.35","bucket":"197","time":1585614162490,"group":{"id":"indexing","version":"2"},"event":{"count":1,"data":{"ide_activity_id":3,"created":1585614162490,"project":"984dc00f1549fa535f2d186f3a9a6c29e1d93de0955a772968cfd5c04d3a9bb2"},"id":"started"}}
{"recorder_version":"31","session":"a6294766e416","build":"193.6494.35","bucket":"197","time":1585614162521,"group":{"id":"indexing","version":"2"},"event":{"count":1,"data":{"ide_activity_id":3,"plugin":"org.jetbrains.android","stage_class":"com.android.tools.idea.res.ResourceFolderRegistry$PopulateCachesTask","created":1585614162521,"plugin_type":"JB_BUNDLED"},"id":"stage"}}
{"recorder_version":"31","session":"a6294766e416","build":"193.6494.35","bucket":"197","time":1585614162545,"group":{"id":"indexing","version":"2"},"event":{"count":1,"data":{"duration_ms":55,"ide_activity_id":3,"created":1585614162546},"id":"finished"}}
{"recorder_version":"31","session":"a6294766e416","build":"193.6494.35","bucket":"197","time":1585614166574,"group":{"id":"actions","version":"31"},"event":{"count":1,"data":{"context_menu":true,"action_id":"third.party","created":1585614166574,"plugin_type":"NOT_LISTED","project":"984dc00f1549fa535f2d186f3a9a6c29e1d93de0955a772968cfd5c04d3a9bb2","place":"MainMenu","class":"third.party","input_event":"NoMouseButton"},"id":"action.invoked"}}
{"recorder_version":"31","session":"a6294766e416","build":"193.6494.35","bucket":"197","time":1585614166617,"group":{"id":"startup","version":"1"},"event":{"count":1,"data":{"duration":1351,"created":1585614166617},"id":"appInit"}}
{"recorder_version":"31","session":"a6294766e416","build":"193.6494.35","bucket":"197","time":1585614166617,"group":{"id":"startup","version":"1"},"event":{"count":1,"data":{"duration":290,"created":1585614166617},"id":"splash"}}
{"recorder_version":"31","session":"a6294766e416","build":"193.6494.35","bucket":"197","time":1585614166617,"group":{"id":"startup","version":"1"},"event":{"count":1,"data":{"duration":200,"created":1585614166618},"id":"bootstrap"}}
{"recorder_version":"31","session":"a6294766e416","build":"193.6494.35","bucket":"197","time":1585614166617,"group":{"id":"startup","version":"1"},"event":{"count":1,"data":{"duration":6121,"created":1585614166618},"id":"totalDuration"}}
{"recorder_version":"31","session":"a6294766e416","build":"193.6494.35","bucket":"197","time":1585614168418,"group":{"id":"ui.dialogs","version":"31"},"event":{"count":1,"data":{"created":1585614168419,"plugin_type":"NOT_LISTED","dialog_class":"third.party"},"id":"show"}}
{"recorder_version":"31","session":"a6294766e416","build":"193.6494.35","bucket":"197","time":1585614170615,"group":{"id":"ui.dialogs","version":"31"},"event":{"count":1,"data":{"code":0,"created":1585614170615,"plugin_type":"NOT_LISTED","dialog_class":"third.party"},"id":"close"}}
{"recorder_version":"31","session":"a6294766e416","build":"193.6494.35","bucket":"197","time":1585614171883,"group":{"id":"ui.dialogs","version":"31"},"event":{"count":1,"data":{"created":1585614171883,"plugin_type":"NOT_LISTED","dialog_class":"third.party"},"id":"show"}}
{"recorder_version":"31","session":"a6294766e416","build":"193.6494.35","bucket":"197","time":1585614174509,"group":{"id":"ui.dialogs","version":"31"},"event":{"count":1,"data":{"code":0,"created":1585614174509,"plugin_type":"NOT_LISTED","dialog_class":"third.party"},"id":"close"}}
{"recorder_version":"31","session":"a6294766e416","build":"193.6494.35","bucket":"197","time":1585614174543,"group":{"id":"ui.dialogs","version":"31"},"event":{"count":1,"data":{"created":1585614174543,"plugin_type":"NOT_LISTED","dialog_class":"third.party"},"id":"show"}}
{"recorder_version":"31","session":"a6294766e416","build":"193.6494.35","bucket":"197","time":1585614176511,"group":{"id":"ui.dialogs","version":"31"},"event":{"count":1,"data":{"code":0,"created":1585614176512,"plugin_type":"NOT_LISTED","dialog_class":"third.party"},"id":"close"}}
{"recorder_version":"31","session":"a6294766e416","build":"193.6494.35","bucket":"197","time":1585614177821,"group":{"id":"ui.dialogs","version":"31"},"event":{"count":1,"data":{"created":1585614177821,"plugin_type":"NOT_LISTED","dialog_class":"third.party"},"id":"show"}}
{"recorder_version":"31","session":"a6294766e416","build":"193.6494.35","bucket":"197","time":1585614179611,"group":{"id":"ui.dialogs","version":"31"},"event":{"count":1,"data":{"code":0,"created":1585614179612,"plugin_type":"NOT_LISTED","dialog_class":"third.party"},"id":"close"}}
{"recorder_version":"31","session":"a6294766e416","build":"193.6494.35","bucket":"197","time":1585614180879,"group":{"id":"ui.dialogs","version":"31"},"event":{"count":1,"data":{"created":1585614180880,"plugin_type":"NOT_LISTED","dialog_class":"third.party"},"id":"show"}}
{"recorder_version":"31","session":"a6294766e416","build":"193.6494.35","bucket":"197","time":1585614183149,"group":{"id":"ui.dialogs","version":"31"},"event":{"count":1,"data":{"code":0,"created":1585614183149,"plugin_type":"NOT_LISTED","dialog_class":"third.party"},"id":"close"}}
{"recorder_version":"31","session":"a6294766e416","build":"193.6494.35","bucket":"197","time":1585614183186,"group":{"id":"ui.dialogs","version":"31"},"event":{"count":1,"data":{"created":1585614183186,"plugin_type":"NOT_LISTED","dialog_class":"third.party"},"id":"show"}}
{"recorder_version":"31","session":"a6294766e416","build":"193.6494.35","bucket":"197","time":1585614188828,"group":{"id":"lifecycle","version":"31"},"event":{"count":1,"data":{"created":1585614188828,"project":"984dc00f1549fa535f2d186f3a9a6c29e1d93de0955a772968cfd5c04d3a9bb2"},"id":"frame.deactivated"}}
{"recorder_version":"31","session":"a6294766e416","build":"193.6494.35","bucket":"197","time":1585614200053,"group":{"id":"lifecycle","version":"31"},"event":{"count":1,"data":{"created":1585614200053,"project":"984dc00f1549fa535f2d186f3a9a6c29e1d93de0955a772968cfd5c04d3a9bb2"},"id":"frame.activated"}}
{"recorder_version":"31","session":"a6294766e416","build":"193.6494.35","bucket":"197","time":1585614203455,"group":{"id":"ui.dialogs","version":"31"},"event":{"count":1,"data":{"code":0,"created":1585614203455,"plugin_type":"NOT_LISTED","dialog_class":"third.party"},"id":"close"}}
{"recorder_version":"31","session":"a6294766e416","build":"193.6494.35","bucket":"197","time":1585614203481,"group":{"id":"ui.dialogs","version":"31"},"event":{"count":1,"data":{"created":1585614203482,"plugin_type":"NOT_LISTED","dialog_class":"third.party"},"id":"show"}}
{"recorder_version":"31","session":"a6294766e416","build":"193.6494.35","bucket":"197","time":1585614205588,"group":{"id":"ui.dialogs","version":"31"},"event":{"count":1,"data":{"code":0,"created":1585614205588,"plugin_type":"NOT_LISTED","dialog_class":"third.party"},"id":"close"}}
{"recorder_version":"31","session":"a6294766e416","build":"193.6494.35","bucket":"197","time":1585614205623,"group":{"id":"ui.dialogs","version":"31"},"event":{"count":1,"data":{"created":1585614205623,"plugin_type":"NOT_LISTED","dialog_class":"third.party"},"id":"show"}}
{"recorder_version":"31","session":"a6294766e416","build":"193.6494.35","bucket":"197","time":1585614207454,"group":{"id":"ui.dialogs","version":"31"},"event":{"count":1,"data":{"code":0,"created":1585614207454,"plugin_type":"NOT_LISTED","dialog_class":"third.party"},"id":"close"}}
{"recorder_version":"31","session":"a6294766e416","build":"193.6494.35","bucket":"197","time":1585614207494,"group":{"id":"ui.dialogs","version":"31"},"event":{"count":1,"data":{"created":1585614207494,"plugin_type":"NOT_LISTED","dialog_class":"third.party"},"id":"show"}}
{"recorder_version":"31","session":"a6294766e416","build":"193.6494.35","bucket":"197","time":1585614209326,"group":{"id":"ui.dialogs","version":"31"},"event":{"count":1,"data":{"code":0,"created":1585614209327,"plugin_type":"NOT_LISTED","dialog_class":"third.party"},"id":"close"}}
{"recorder_version":"31","session":"a6294766e416","build":"193.6494.35","bucket":"197","time":1585614217403,"group":{"id":"actions","version":"31"},"event":{"count":1,"data":{"context_menu":true,"action_id":"third.party","created":1585614217404,"plugin_type":"NOT_LISTED","project":"984dc00f1549fa535f2d186f3a9a6c29e1d93de0955a772968cfd5c04d3a9bb2","place":"MainMenu","class":"third.party","input_event":"NoMouseButton"},"id":"action.invoked"}}
{"recorder_version":"31","session":"a6294766e416","build":"193.6494.35","bucket":"197","time":1585614218642,"group":{"id":"ui.dialogs","version":"31"},"event":{"count":1,"data":{"created":1585614218642,"plugin_type":"NOT_LISTED","dialog_class":"third.party"},"id":"show"}}
{"recorder_version":"31","session":"a6294766e416","build":"193.6494.35","bucket":"197","time":1585614221291,"group":{"id":"ui.dialogs","version":"31"},"event":{"count":1,"data":{"code":0,"created":1585614221292,"plugin_type":"NOT_LISTED","dialog_class":"third.party"},"id":"close"}}
{"recorder_version":"31","session":"a6294766e416","build":"193.6494.35","bucket":"197","time":1585614222596,"group":{"id":"ui.dialogs","version":"31"},"event":{"count":1,"data":{"created":1585614222596,"plugin_type":"NOT_LISTED","dialog_class":"third.party"},"id":"show"}}
{"recorder_version":"31","session":"a6294766e416","build":"193.6494.35","bucket":"197","time":1585614224976,"group":{"id":"actions","version":"31"},"event":{"count":1,"data":{"context_menu":false,"action_id":"EditorBackSpace","created":1585614224976,"plugin_type":"PLATFORM","project":"984dc00f1549fa535f2d186f3a9a6c29e1d93de0955a772968cfd5c04d3a9bb2","place":"keyboard_shortcut","class":"com.intellij.openapi.editor.actions.BackspaceAction","input_event":"Backspace"},"id":"action.invoked"}}
{"recorder_version":"31","session":"a6294766e416","build":"193.6494.35","bucket":"197","time":1585614226835,"group":{"id":"ui.dialogs","version":"31"},"event":{"count":1,"data":{"code":0,"created":1585614226836,"plugin_type":"NOT_LISTED","dialog_class":"third.party"},"id":"close"}}
{"recorder_version":"31","session":"a6294766e416","build":"193.6494.35","bucket":"197","time":1585614226873,"group":{"id":"ui.dialogs","version":"31"},"event":{"count":1,"data":{"created":1585614226873,"plugin_type":"NOT_LISTED","dialog_class":"third.party"},"id":"show"}}
{"recorder_version":"31","session":"a6294766e416","build":"193.6494.35","bucket":"197","time":1585614230857,"group":{"id":"lifecycle","version":"31"},"event":{"count":1,"data":{"created":1585614230857,"project":"984dc00f1549fa535f2d186f3a9a6c29e1d93de0955a772968cfd5c04d3a9bb2"},"id":"frame.deactivated"}}
{"recorder_version":"31","session":"a6294766e416","build":"193.6494.35","bucket":"197","time":1585614233755,"group":{"id":"lifecycle","version":"31"},"event":{"count":1,"data":{"created":1585614233755,"project":"984dc00f1549fa535f2d186f3a9a6c29e1d93de0955a772968cfd5c04d3a9bb2"},"id":"frame.activated"}}
{"recorder_version":"31","session":"a6294766e416","build":"193.6494.35","bucket":"197","time":1585614239307,"group":{"id":"ui.dialogs","version":"31"},"event":{"count":1,"data":{"code":0,"created":1585614239307,"plugin_type":"NOT_LISTED","dialog_class":"third.party"},"id":"close"}}
{"recorder_version":"31","session":"a6294766e416","build":"193.6494.35","bucket":"197","time":1585614239348,"group":{"id":"ui.dialogs","version":"31"},"event":{"count":1,"data":{"created":1585614239349,"plugin_type":"NOT_LISTED","dialog_class":"third.party"},"id":"show"}}
{"recorder_version":"31","session":"a6294766e416","build":"193.6494.35","bucket":"197","time":1585614241922,"group":{"id":"ui.dialogs","version":"31"},"event":{"count":1,"data":{"code":0,"created":1585614241923,"plugin_type":"NOT_LISTED","dialog_class":"third.party"},"id":"close"}}
{"recorder_version":"31","session":"a6294766e416","build":"193.6494.35","bucket":"197","time":1585614241956,"group":{"id":"ui.dialogs","version":"31"},"event":{"count":1,"data":{"created":1585614241957,"plugin_type":"NOT_LISTED","dialog_class":"third.party"},"id":"show"}}
{"recorder_version":"31","session":"a6294766e416","build":"193.6494.35","bucket":"197","time":1585614244425,"group":{"id":"ui.dialogs","version":"31"},"event":{"count":1,"data":{"code":0,"created":1585614244426,"plugin_type":"NOT_LISTED","dialog_class":"third.party"},"id":"close"}}
{"recorder_version":"31","session":"a6294766e416","build":"193.6494.35","bucket":"197","time":1585614244461,"group":{"id":"ui.dialogs","version":"31"},"event":{"count":1,"data":{"created":1585614244462,"plugin_type":"NOT_LISTED","dialog_class":"third.party"},"id":"show"}}
{"recorder_version":"31","session":"a6294766e416","build":"193.6494.35","bucket":"197","time":1585614246366,"group":{"id":"ui.dialogs","version":"31"},"event":{"count":1,"data":{"code":0,"created":1585614246367,"plugin_type":"NOT_LISTED","dialog_class":"third.party"},"id":"close"}}
{"recorder_version":"31","session":"a6294766e416","build":"193.6494.35","bucket":"197","time":1585614246403,"group":{"id":"ui.dialogs","version":"31"},"event":{"count":1,"data":{"created":1585614246404,"plugin_type":"NOT_LISTED","dialog_class":"third.party"},"id":"show"}}
{"recorder_version":"31","session":"a6294766e416","build":"193.6494.35","bucket":"197","time":1585614248268,"group":{"id":"ui.dialogs","version":"31"},"event":{"count":1,"data":{"code":0,"created":1585614248269,"plugin_type":"NOT_LISTED","dialog_class":"third.party"},"id":"close"}}
{"recorder_version":"31","session":"a6294766e416","build":"193.6494.35","bucket":"197","time":1585614248307,"group":{"id":"ui.dialogs","version":"31"},"event":{"count":1,"data":{"created":1585614248307,"plugin_type":"NOT_LISTED","dialog_class":"third.party"},"id":"show"}}
{"recorder_version":"31","session":"a6294766e416","build":"193.6494.35","bucket":"197","time":1585614250375,"group":{"id":"ui.dialogs","version":"31"},"event":{"count":1,"data":{"code":0,"created":1585614250376,"plugin_type":"NOT_LISTED","dialog_class":"third.party"},"id":"close"}}
{"recorder_version":"31","session":"a6294766e416","build":"193.6494.35","bucket":"197","time":1585614250407,"group":{"id":"ui.dialogs","version":"31"},"event":{"count":1,"data":{"created":1585614250407,"plugin_type":"NOT_LISTED","dialog_class":"third.party"},"id":"show"}}
{"recorder_version":"31","session":"a6294766e416","build":"193.6494.35","bucket":"197","time":1585614252749,"group":{"id":"ui.dialogs","version":"31"},"event":{"count":1,"data":{"code":0,"created":1585614252750,"plugin_type":"NOT_LISTED","dialog_class":"third.party"},"id":"close"}}
{"recorder_version":"31","session":"a6294766e416","build":"193.6494.35","bucket":"197","time":1585614252906,"group":{"id":"indexing","version":"2"},"event":{"count":1,"data":{"ide_activity_id":4,"created":1585614252906,"project":"984dc00f1549fa535f2d186f3a9a6c29e1d93de0955a772968cfd5c04d3a9bb2"},"id":"started"}}
{"recorder_version":"31","session":"a6294766e416","build":"193.6494.35","bucket":"197","time":1585614252913,"group":{"id":"indexing","version":"2"},"event":{"count":1,"data":{"ide_activity_id":4,"stage_class":"com.intellij.openapi.roots.impl.PushedFilePropertiesUpdaterImpl$3","created":1585614252913,"plugin_type":"PLATFORM"},"id":"stage"}}
{"recorder_version":"31","session":"a6294766e416","build":"193.6494.35","bucket":"197","time":1585614252978,"group":{"id":"indexing","version":"2"},"event":{"count":1,"data":{"duration_ms":72,"ide_activity_id":4,"created":1585614252978},"id":"finished"}}
{"recorder_version":"31","session":"a6294766e416","build":"193.6494.35","bucket":"197","time":1585614258506,"group":{"id":"performance","version":"31"},"event":{"count":1,"data":{"duration_ms":0,"created":1585614258506},"id":"ui.latency"}}
{"recorder_version":"31","session":"a6294766e416","build":"193.6494.35","bucket":"197","time":1585614266469,"group":{"id":"file.types.usage","version":"31"},"event":{"count":1,"data":{"file_path":"ff62af75a618f1440a97673f2c5fe4a693b88a734b0b0d29b3103b717f305810","plugin":"com.intellij.java","file_type":"JAVA","created":1585614266469,"plugin_type":"JB_BUNDLED","project":"984dc00f1549fa535f2d186f3a9a6c29e1d93de0955a772968cfd5c04d3a9bb2"},"id":"open"}}
{"recorder_version":"31","session":"a6294766e416","build":"193.6494.35","bucket":"197","time":1585614283653,"group":{"id":"lifecycle","version":"31"},"event":{"count":1,"data":{"created":1585614283653,"project":"984dc00f1549fa535f2d186f3a9a6c29e1d93de0955a772968cfd5c04d3a9bb2"},"id":"frame.deactivated"}}
{"recorder_version":"31","session":"a6294766e416","build":"193.6494.35","bucket":"197","time":1585614358745,"group":{"id":"performance","version":"31"},"event":{"count":1,"data":{"duration_ms":0,"created":1585614358745},"id":"ui.latency"}}
{"recorder_version":"31","session":"a6294766e416","build":"193.6494.35","bucket":"197","time":1585614457698,"group":{"id":"kotlin.ide.j2k","version":"1"},"event":{"count":1,"data":{"created":1585614457698},"id":"registered"}}
{"recorder_version":"31","session":"a6294766e416","build":"193.6494.35","bucket":"197","time":1585614457698,"group":{"id":"java.find.usages","version":"1"},"event":{"count":1,"data":{"created":1585614457698},"id":"registered"}}
{"recorder_version":"31","session":"a6294766e416","build":"193.6494.35","bucket":"197","time":1585614457698,"group":{"id":"file.types.usage","version":"31"},"event":{"count":1,"data":{"created":1585614457699},"id":"registered"}}
{"recorder_version":"31","session":"a6294766e416","build":"193.6494.35","bucket":"197","time":1585614457698,"group":{"id":"ide.script.engine","version":"2"},"event":{"count":1,"data":{"created":1585614457699},"id":"registered"}}
{"recorder_version":"31","session":"a6294766e416","build":"193.6494.35","bucket":"197","time":1585614457698,"group":{"id":"live.templates","version":"31"},"event":{"count":1,"data":{"created":1585614457699},"id":"registered"}}
{"recorder_version":"31","session":"a6294766e416","build":"193.6494.35","bucket":"197","time":1585614457698,"group":{"id":"ide.self.update","version":"2"},"event":{"count":1,"data":{"created":1585614457699},"id":"registered"}}
{"recorder_version":"31","session":"a6294766e416","build":"193.6494.35","bucket":"197","time":1585614457698,"group":{"id":"lifecycle","version":"31"},"event":{"count":1,"data":{"created":1585614457699},"id":"registered"}}
{"recorder_version":"31","session":"a6294766e416","build":"193.6494.35","bucket":"197","time":1585614457698,"group":{"id":"vcs.diff.trigger","version":"1"},"event":{"count":1,"data":{"created":1585614457700},"id":"registered"}}
{"recorder_version":"31","session":"a6294766e416","build":"193.6494.35","bucket":"197","time":1585614457698,"group":{"id":"debugger.breakpoints.usage","version":"2"},"event":{"count":1,"data":{"created":1585614457700},"id":"registered"}}
{"recorder_version":"31","session":"a6294766e416","build":"193.6494.35","bucket":"197","time":1585614457698,"group":{"id":"kotlin.gradle.library","version":"1"},"event":{"count":1,"data":{"created":1585614457700},"id":"registered"}}
{"recorder_version":"31","session":"a6294766e416","build":"193.6494.35","bucket":"197","time":1585614457698,"group":{"id":"startup","version":"1"},"event":{"count":1,"data":{"created":1585614457700},"id":"registered"}}
{"recorder_version":"31","session":"a6294766e416","build":"193.6494.35","bucket":"197","time":1585614457698,"group":{"id":"find","version":"2"},"event":{"count":1,"data":{"created":1585614457700},"id":"registered"}}
{"recorder_version":"31","session":"a6294766e416","build":"193.6494.35","bucket":"197","time":1585614457698,"group":{"id":"kotlin.gradle.target","version":"2"},"event":{"count":1,"data":{"created":1585614457701},"id":"registered"}}
{"recorder_version":"31","session":"a6294766e416","build":"193.6494.35","bucket":"197","time":1585614457698,"group":{"id":"gutter.icon.click","version":"2"},"event":{"count":1,"data":{"created":1585614457701},"id":"registered"}}
{"recorder_version":"31","session":"a6294766e416","build":"193.6494.35","bucket":"197","time":1585614457698,"group":{"id":"shell.script","version":"1"},"event":{"count":1,"data":{"created":1585614457701},"id":"registered"}}
{"recorder_version":"31","session":"a6294766e416","build":"193.6494.35","bucket":"197","time":1585614457698,"group":{"id":"new.project.wizard","version":"1"},"event":{"count":1,"data":{"created":1585614457701},"id":"registered"}}
{"recorder_version":"31","session":"a6294766e416","build":"193.6494.35","bucket":"197","time":1585614457698,"group":{"id":"kotlin.ide.npwizards","version":"1"},"event":{"count":1,"data":{"created":1585614457701},"id":"registered"}}
{"recorder_version":"31","session":"a6294766e416","build":"193.6494.35","bucket":"197","time":1585614457698,"group":{"id":"intentions","version":"31"},"event":{"count":1,"data":{"created":1585614457702},"id":"registered"}}
{"recorder_version":"31","session":"a6294766e416","build":"193.6494.35","bucket":"197","time":1585614457698,"group":{"id":"settings.repository","version":"1"},"event":{"count":1,"data":{"created":1585614457702},"id":"registered"}}
{"recorder_version":"31","session":"a6294766e416","build":"193.6494.35","bucket":"197","time":1585614457698,"group":{"id":"vcs.change.reminder","version":"2"},"event":{"count":1,"data":{"created":1585614457702},"id":"registered"}}
{"recorder_version":"31","session":"a6294766e416","build":"193.6494.35","bucket":"197","time":1585614457698,"group":{"id":"create.directory.dialog","version":"1"},"event":{"count":1,"data":{"created":1585614457702},"id":"registered"}}
{"recorder_version":"31","session":"a6294766e416","build":"193.6494.35","bucket":"197","time":1585614457698,"group":{"id":"kotlin.maven.target","version":"3"},"event":{"count":1,"data":{"created":1585614457702},"id":"registered"}}
{"recorder_version":"31","session":"a6294766e416","build":"193.6494.35","bucket":"197","time":1585614457698,"group":{"id":"json.schema","version":"1"},"event":{"count":1,"data":{"created":1585614457703},"id":"registered"}}
{"recorder_version":"31","session":"a6294766e416","build":"193.6494.35","bucket":"197","time":1585614457698,"group":{"id":"terminalShell","version":"1"},"event":{"count":1,"data":{"created":1585614457703},"id":"registered"}}
{"recorder_version":"31","session":"a6294766e416","build":"193.6494.35","bucket":"197","time":1585614457698,"group":{"id":"rename.refactoring","version":"1"},"event":{"count":1,"data":{"created":1585614457703},"id":"registered"}}
{"recorder_version":"31","session":"a6294766e416","build":"193.6494.35","bucket":"197","time":1585614457698,"group":{"id":"build.ant.actions","version":"1"},"event":{"count":1,"data":{"created":1585614457703},"id":"registered"}}
{"recorder_version":"31","session":"a6294766e416","build":"193.6494.35","bucket":"197","time":1585614457698,"group":{"id":"actions","version":"31"},"event":{"count":1,"data":{"created":1585614457703},"id":"registered"}}
{"recorder_version":"31","session":"a6294766e416","build":"193.6494.35","bucket":"197","time":1585614457698,"group":{"id":"kotlin.ide.editor","version":"1"},"event":{"count":1,"data":{"created":1585614457703},"id":"registered"}}
{"recorder_version":"31","session":"a6294766e416","build":"193.6494.35","bucket":"197","time":1585614457698,"group":{"id":"event.log","version":"31"},"event":{"count":1,"data":{"created":1585614457703},"id":"registered"}}
{"recorder_version":"31","session":"a6294766e416","build":"193.6494.35","bucket":"197","time":1585614457698,"group":{"id":"run.configuration.exec","version":"31"},"event":{"count":1,"data":{"created":1585614457703},"id":"registered"}}
{"recorder_version":"31","session":"a6294766e416","build":"193.6494.35","bucket":"197","time":1585614457698,"group":{"id":"build.tools.actions","version":"1"},"event":{"count":1,"data":{"created":1585614457703},"id":"registered"}}
{"recorder_version":"31","session":"a6294766e416","build":"193.6494.35","bucket":"197","time":1585614457698,"group":{"id":"file.editor","version":"2"},"event":{"count":1,"data":{"created":1585614457704},"id":"registered"}}
{"recorder_version":"31","session":"a6294766e416","build":"193.6494.35","bucket":"197","time":1585614457698,"group":{"id":"vfs","version":"2"},"event":{"count":1,"data":{"created":1585614457704},"id":"registered"}}
{"recorder_version":"31","session":"a6294766e416","build":"193.6494.35","bucket":"197","time":1585614457698,"group":{"id":"project.import","version":"2"},"event":{"count":1,"data":{"created":1585614457704},"id":"registered"}}
{"recorder_version":"31","session":"a6294766e416","build":"193.6494.35","bucket":"197","time":1585614457698,"group":{"id":"actions.runAnything","version":"1"},"event":{"count":1,"data":{"created":1585614457704},"id":"registered"}}
{"recorder_version":"31","session":"a6294766e416","build":"193.6494.35","bucket":"197","time":1585614457698,"group":{"id":"toolwindow","version":"31"},"event":{"count":1,"data":{"created":1585614457704},"id":"registered"}}
{"recorder_version":"31","session":"a6294766e416","build":"193.6494.35","bucket":"197","time":1585614457698,"group":{"id":"kotlin.ide.newFileTempl","version":"1"},"event":{"count":1,"data":{"created":1585614457704},"id":"registered"}}
{"recorder_version":"31","session":"a6294766e416","build":"193.6494.35","bucket":"197","time":1585614457698,"group":{"id":"ui.settings","version":"31"},"event":{"count":1,"data":{"created":1585614457704},"id":"registered"}}
{"recorder_version":"31","session":"a6294766e416","build":"193.6494.35","bucket":"197","time":1585614457698,"group":{"id":"vcs.log.trigger","version":"2"},"event":{"count":1,"data":{"created":1585614457705},"id":"registered"}}
{"recorder_version":"31","session":"a6294766e416","build":"193.6494.35","bucket":"197","time":1585614457698,"group":{"id":"productivity","version":"31"},"event":{"count":1,"data":{"created":1585614457705},"id":"registered"}}
{"recorder_version":"31","session":"a6294766e416","build":"193.6494.35","bucket":"197","time":1585614457698,"group":{"id":"build.maven.actions","version":"1"},"event":{"count":1,"data":{"created":1585614457705},"id":"registered"}}
{"recorder_version":"31","session":"a6294766e416","build":"193.6494.35","bucket":"197","time":1585614457698,"group":{"id":"ui.event","version":"3"},"event":{"count":1,"data":{"created":1585614457705},"id":"registered"}}
{"recorder_version":"31","session":"a6294766e416","build":"193.6494.35","bucket":"197","time":1585614457698,"group":{"id":"plugins.advertiser","version":"1"},"event":{"count":1,"data":{"created":1585614457705},"id":"registered"}}
{"recorder_version":"31","session":"a6294766e416","build":"193.6494.35","bucket":"197","time":1585614457698,"group":{"id":"editor.notification.panel","version":"1"},"event":{"count":1,"data":{"created":1585614457705},"id":"registered"}}
{"recorder_version":"31","session":"a6294766e416","build":"193.6494.35","bucket":"197","time":1585614457698,"group":{"id":"kotlin.ide.debugger","version":"2"},"event":{"count":1,"data":{"created":1585614457705},"id":"registered"}}
{"recorder_version":"31","session":"a6294766e416","build":"193.6494.35","bucket":"197","time":1585614457698,"group":{"id":"tooltip.action.events","version":"1"},"event":{"count":1,"data":{"created":1585614457705},"id":"registered"}}
{"recorder_version":"31","session":"a6294766e416","build":"193.6494.35","bucket":"197","time":1585614457698,"group":{"id":"completion","version":"2"},"event":{"count":1,"data":{"created":1585614457705},"id":"registered"}}
{"recorder_version":"31","session":"a6294766e416","build":"193.6494.35","bucket":"197","time":1585614457698,"group":{"id":"indexing","version":"2"},"event":{"count":1,"data":{"created":1585614457705},"id":"registered"}}
{"recorder_version":"31","session":"a6294766e416","build":"193.6494.35","bucket":"197","time":1585614457698,"group":{"id":"vcs","version":"2"},"event":{"count":1,"data":{"created":1585614457706},"id":"registered"}}
{"recorder_version":"31","session":"a6294766e416","build":"193.6494.35","bucket":"197","time":1585614457698,"group":{"id":"ui.dialogs","version":"31"},"event":{"count":1,"data":{"created":1585614457706},"id":"registered"}}
{"recorder_version":"31","session":"a6294766e416","build":"193.6494.35","bucket":"197","time":1585614457698,"group":{"id":"vcs.back.forward.trigger","version":"1"},"event":{"count":1,"data":{"created":1585614457706},"id":"registered"}}
{"recorder_version":"31","session":"a6294766e416","build":"193.6494.35","bucket":"197","time":1585614457698,"group":{"id":"customize.wizard","version":"1"},"event":{"count":1,"data":{"created":1585614457706},"id":"registered"}}
{"recorder_version":"31","session":"a6294766e416","build":"193.6494.35","bucket":"197","time":1585614457698,"group":{"id":"ide.update.dialog","version":"1"},"event":{"count":1,"data":{"created":1585614457706},"id":"registered"}}
{"recorder_version":"31","session":"a6294766e416","build":"193.6494.35","bucket":"197","time":1585614457698,"group":{"id":"toolbar","version":"31"},"event":{"count":1,"data":{"created":1585614457706},"id":"registered"}}
{"recorder_version":"31","session":"a6294766e416","build":"193.6494.35","bucket":"197","time":1585614457698,"group":{"id":"build.gradle.actions","version":"1"},"event":{"count":1,"data":{"created":1585614457706},"id":"registered"}}
{"recorder_version":"31","session":"a6294766e416","build":"193.6494.35","bucket":"197","time":1585614457698,"group":{"id":"performance","version":"31"},"event":{"count":1,"data":{"created":1585614457706},"id":"registered"}}
{"recorder_version":"31","session":"a6294766e416","build":"193.6494.35","bucket":"197","time":1585614457698,"group":{"id":"build","version":"2"},"event":{"count":1,"data":{"created":1585614457706},"id":"registered"}}
{"recorder_version":"31","session":"a6294766e416","build":"193.6494.35","bucket":"197","time":1585614457698,"group":{"id":"searchEverywhere","version":"3"},"event":{"count":1,"data":{"created":1585614457706},"id":"registered"}}
{"recorder_version":"31","session":"a6294766e416","build":"193.6494.35","bucket":"197","time":1585614457698,"group":{"id":"kotlin.ide.action.refactoring","version":"1"},"event":{"count":1,"data":{"created":1585614457707},"id":"registered"}}
{"recorder_version":"31","session":"a6294766e416","build":"193.6494.35","bucket":"197","time":1585614457698,"group":{"id":"ui.tips","version":"3"},"event":{"count":1,"data":{"created":1585614457707},"id":"registered"}}
{"recorder_version":"31","session":"a6294766e416","build":"193.6494.35","bucket":"197","time":1585614457698,"group":{"id":"surround.with","version":"2"},"event":{"count":1,"data":{"created":1585614457707},"id":"registered"}}
{"recorder_version":"31","session":"a6294766e416","build":"193.6494.35","bucket":"197","time":1585614457698,"group":{"id":"import.old.config","version":"3"},"event":{"count":1,"data":{"created":1585614457707},"id":"registered"}}
{"recorder_version":"31","session":"a6294766e416","build":"193.6494.35","bucket":"197","time":1585614457698,"group":{"id":"kotlin.jps.target","version":"3"},"event":{"count":1,"data":{"created":1585614457707},"id":"registered"}}
{"recorder_version":"31","session":"a6294766e416","build":"193.6494.35","bucket":"197","time":1585614457698,"group":{"id":"completion.postfix","version":"31"},"event":{"count":1,"data":{"created":1585614457707},"id":"registered"}}
{"recorder_version":"31","session":"a6294766e416","build":"193.6494.35","bucket":"197","time":1585614457698,"group":{"id":"build.maven.packagesearch","version":"2"},"event":{"count":1,"data":{"created":1585614457707},"id":"registered"}}
{"recorder_version":"31","session":"a6294766e416","build":"193.6494.35","bucket":"197","time":1585614458999,"group":{"id":"performance","version":"31"},"event":{"count":1,"data":{"duration_ms":0,"created":1585614458999},"id":"ui.latency"}}
{"recorder_version":"31","session":"a6294766e416","build":"193.6494.35","bucket":"197","time":1585614559233,"group":{"id":"performance","version":"31"},"event":{"count":1,"data":{"duration_ms":1,"created":1585614559233},"id":"ui.latency"}}
