{"recorder_version":"31","session":"85d41a4e7389","build":"193.6494.35","bucket":"197","time":1585611983831,"group":{"id":"settings","version":"4"},"event":{"state":true,"data":{"component":"UISettings","created":1585611984120},"id":"invoked"}}
{"recorder_version":"31","session":"85d41a4e7389","build":"193.6494.35","bucket":"197","time":1585611983832,"group":{"id":"settings","version":"4"},"event":{"state":true,"data":{"component":"NotRoamableUiSettings","created":1585611984122},"id":"invoked"}}
{"recorder_version":"31","session":"85d41a4e7389","build":"193.6494.35","bucket":"197","time":1585611983845,"group":{"id":"system.java","version":"1"},"event":{"state":true,"data":{"created":1585611984149,"version":"validation.undefined_rule"},"id":"validation.undefined_rule"}}
{"recorder_version":"31","session":"85d41a4e7389","build":"193.6494.35","bucket":"197","time":1585611983845,"group":{"id":"system.java","version":"1"},"event":{"state":true,"data":{"created":1585611984150},"id":"invoked"}}
{"recorder_version":"31","session":"85d41a4e7389","build":"193.6494.35","bucket":"197","time":1585611983873,"group":{"id":"system.os","version":"3"},"event":{"state":true,"data":{"created":1585611984150,"version":"10.14"},"id":"Mac"}}
{"recorder_version":"31","session":"85d41a4e7389","build":"193.6494.35","bucket":"197","time":1585611983873,"group":{"id":"system.os","version":"3"},"event":{"state":true,"data":{"created":1585611984150,"name":"Mac","version":"10.14"},"id":"os.name"}}
{"recorder_version":"31","session":"85d41a4e7389","build":"193.6494.35","bucket":"197","time":1585611983873,"group":{"id":"system.os","version":"3"},"event":{"state":true,"data":{"created":1585611984150,"value":"-04_00"},"id":"os.timezone"}}
{"recorder_version":"31","session":"85d41a4e7389","build":"193.6494.35","bucket":"197","time":1585611983873,"group":{"id":"system.os","version":"3"},"event":{"state":true,"data":{"created":1585611984153},"id":"invoked"}}
{"recorder_version":"31","session":"85d41a4e7389","build":"193.6494.35","bucket":"197","time":1585611984000,"group":{"id":"settings","version":"4"},"event":{"state":true,"data":{"component":"UpdatesConfigurable","created":1585611984153,"name":"checkNeeded","type":"bool","value":false},"id":"not.default"}}
{"recorder_version":"31","session":"85d41a4e7389","build":"193.6494.35","bucket":"197","time":1585611984000,"group":{"id":"settings","version":"4"},"event":{"state":true,"data":{"component":"UpdatesConfigurable","created":1585611984154},"id":"invoked"}}
{"recorder_version":"31","session":"85d41a4e7389","build":"193.6494.35","bucket":"197","time":1585611984091,"group":{"id":"event.log","version":"31"},"event":{"count":1,"data":{"created":1585611984155,"version":"1200.0"},"id":"whitelist.loaded"}}
{"recorder_version":"31","session":"85d41a4e7389","build":"193.6494.35","bucket":"197","time":1585611984189,"group":{"id":"settings","version":"4"},"event":{"state":true,"data":{"component":"GeneralSettings","created":1585611984189,"name":"showTipsOnStartup","type":"bool","value":false},"id":"not.default"}}
{"recorder_version":"31","session":"85d41a4e7389","build":"193.6494.35","bucket":"197","time":1585611984189,"group":{"id":"settings","version":"4"},"event":{"state":true,"data":{"component":"GeneralSettings","created":1585611984190},"id":"invoked"}}
{"recorder_version":"31","session":"85d41a4e7389","build":"193.6494.35","bucket":"197","time":1585611984222,"group":{"id":"lifecycle","version":"31"},"event":{"count":1,"data":{"internal":true,"eap":false,"created":1585611984223},"id":"ide.start"}}
{"recorder_version":"31","session":"85d41a4e7389","build":"193.6494.35","bucket":"197","time":1585611984288,"group":{"id":"settings","version":"4"},"event":{"state":true,"data":{"component":"XmlEditorOptions","created":1585611984288},"id":"invoked"}}
{"recorder_version":"31","session":"85d41a4e7389","build":"193.6494.35","bucket":"197","time":1585611984651,"group":{"id":"settings","version":"4"},"event":{"state":true,"data":{"component":"VcsApplicationSettings","created":1585611984651},"id":"invoked"}}
{"recorder_version":"31","session":"85d41a4e7389","build":"193.6494.35","bucket":"197","time":1585611984651,"group":{"id":"lifecycle","version":"31"},"event":{"count":1,"data":{"created":1585611984652},"id":"frame.activated"}}
{"recorder_version":"31","session":"85d41a4e7389","build":"193.6494.35","bucket":"197","time":1585611984754,"group":{"id":"ui.dialogs","version":"31"},"event":{"count":1,"data":{"created":1585611984754,"plugin_type":"PLATFORM","dialog_class":"com.intellij.openapi.progress.util.ProgressDialog$MyDialogWrapper"},"id":"show"}}
{"recorder_version":"31","session":"85d41a4e7389","build":"193.6494.35","bucket":"197","time":1585611984828,"group":{"id":"performance","version":"31"},"event":{"count":1,"data":{"duration_ms":105,"created":1585611984828},"id":"ui.latency"}}
{"recorder_version":"31","session":"85d41a4e7389","build":"193.6494.35","bucket":"197","time":1585611984828,"group":{"id":"performance","version":"31"},"event":{"count":1,"data":{"duration_ms":105,"created":1585611984828},"id":"ui.lagging"}}
{"recorder_version":"31","session":"85d41a4e7389","build":"193.6494.35","bucket":"197","time":1585611985781,"group":{"id":"lifecycle","version":"31"},"event":{"count":1,"data":{"created":1585611985781,"project":"984dc00f1549fa535f2d186f3a9a6c29e1d93de0955a772968cfd5c04d3a9bb2"},"id":"project.opened"}}
{"recorder_version":"31","session":"85d41a4e7389","build":"193.6494.35","bucket":"197","time":1585611986039,"group":{"id":"performance","version":"31"},"event":{"count":1,"data":{"duration_ms":317,"created":1585611986039},"id":"ui.lagging"}}
{"recorder_version":"31","session":"85d41a4e7389","build":"193.6494.35","bucket":"197","time":1585611986318,"group":{"id":"indexing","version":"2"},"event":{"count":1,"data":{"ide_activity_id":1,"created":1585611986318,"project":"984dc00f1549fa535f2d186f3a9a6c29e1d93de0955a772968cfd5c04d3a9bb2"},"id":"started"}}
{"recorder_version":"31","session":"85d41a4e7389","build":"193.6494.35","bucket":"197","time":1585611986350,"group":{"id":"indexing","version":"2"},"event":{"count":1,"data":{"ide_activity_id":1,"stage_class":"com.intellij.util.indexing.UnindexedFilesUpdater","created":1585611986350,"plugin_type":"PLATFORM"},"id":"stage"}}
{"recorder_version":"31","session":"85d41a4e7389","build":"193.6494.35","bucket":"197","time":1585611986855,"group":{"id":"toolwindow","version":"31"},"event":{"count":1,"data":{"ViewMode":"Dock_Pinned","created":1585611986855,"plugin_type":"PLATFORM","id":"Project","Location":"Left_Top"},"id":"activated"}}
{"recorder_version":"31","session":"85d41a4e7389","build":"193.6494.35","bucket":"197","time":1585611987655,"group":{"id":"project.fs","version":"1"},"event":{"state":true,"data":{"os":"Mac","cs-project":false,"created":1585611987656,"project":"984dc00f1549fa535f2d186f3a9a6c29e1d93de0955a772968cfd5c04d3a9bb2","cs-implicit":true,"cs-system":false},"id":"case-sensitivity"}}
{"recorder_version":"31","session":"85d41a4e7389","build":"193.6494.35","bucket":"197","time":1585611987655,"group":{"id":"project.fs","version":"1"},"event":{"state":true,"data":{"created":1585611987656},"id":"invoked"}}
{"recorder_version":"31","session":"85d41a4e7389","build":"193.6494.35","bucket":"197","time":1585611987656,"group":{"id":"project.fs","version":"1"},"event":{"state":true,"data":{"pct-non-watched":0,"created":1585611987656,"project":"984dc00f1549fa535f2d186f3a9a6c29e1d93de0955a772968cfd5c04d3a9bb2"},"id":"roots-watched"}}
{"recorder_version":"31","session":"85d41a4e7389","build":"193.6494.35","bucket":"197","time":1585611987656,"group":{"id":"project.fs","version":"1"},"event":{"state":true,"data":{"created":1585611987657},"id":"invoked"}}
{"recorder_version":"31","session":"85d41a4e7389","build":"193.6494.35","bucket":"197","time":1585611987741,"group":{"id":"ui.dialogs","version":"31"},"event":{"count":1,"data":{"code":1,"created":1585611987741,"plugin_type":"PLATFORM","dialog_class":"com.intellij.openapi.progress.util.ProgressDialog$MyDialogWrapper"},"id":"close"}}
{"recorder_version":"31","session":"85d41a4e7389","build":"193.6494.35","bucket":"197","time":1585611987872,"group":{"id":"lifecycle","version":"31"},"event":{"count":1,"data":{"duration_ms":3572,"created":1585611987872,"project":"984dc00f1549fa535f2d186f3a9a6c29e1d93de0955a772968cfd5c04d3a9bb2"},"id":"project.opening.finished"}}
{"recorder_version":"31","session":"85d41a4e7389","build":"193.6494.35","bucket":"197","time":1585611988334,"group":{"id":"indexing","version":"2"},"event":{"count":1,"data":{"duration_ms":2016,"ide_activity_id":1,"created":1585611988335},"id":"finished"}}
{"recorder_version":"31","session":"85d41a4e7389","build":"193.6494.35","bucket":"197","time":1585611988429,"group":{"id":"indexing","version":"2"},"event":{"count":1,"data":{"ide_activity_id":2,"created":1585611988430,"project":"984dc00f1549fa535f2d186f3a9a6c29e1d93de0955a772968cfd5c04d3a9bb2"},"id":"started"}}
{"recorder_version":"31","session":"85d41a4e7389","build":"193.6494.35","bucket":"197","time":1585611988442,"group":{"id":"indexing","version":"2"},"event":{"count":1,"data":{"ide_activity_id":2,"plugin":"org.jetbrains.android","stage_class":"com.android.tools.idea.res.ResourceFolderRepositoryFileCacheImpl$PruneTask","created":1585611988442,"plugin_type":"JB_BUNDLED"},"id":"stage"}}
{"recorder_version":"31","session":"85d41a4e7389","build":"193.6494.35","bucket":"197","time":1585611988481,"group":{"id":"indexing","version":"2"},"event":{"count":1,"data":{"ide_activity_id":2,"plugin":"org.jetbrains.android","stage_class":"com.android.tools.idea.res.ResourceFolderRepositoryFileCacheImpl$ManageLruProjectFilesTask","created":1585611988482,"plugin_type":"JB_BUNDLED"},"id":"stage"}}
{"recorder_version":"31","session":"85d41a4e7389","build":"193.6494.35","bucket":"197","time":1585611988504,"group":{"id":"indexing","version":"2"},"event":{"count":1,"data":{"duration_ms":75,"ide_activity_id":2,"created":1585611988505},"id":"finished"}}
{"recorder_version":"31","session":"85d41a4e7389","build":"193.6494.35","bucket":"197","time":1585611988520,"group":{"id":"indexing","version":"2"},"event":{"count":1,"data":{"ide_activity_id":3,"created":1585611988521,"project":"984dc00f1549fa535f2d186f3a9a6c29e1d93de0955a772968cfd5c04d3a9bb2"},"id":"started"}}
{"recorder_version":"31","session":"85d41a4e7389","build":"193.6494.35","bucket":"197","time":1585611988540,"group":{"id":"indexing","version":"2"},"event":{"count":1,"data":{"ide_activity_id":3,"plugin":"org.jetbrains.android","stage_class":"com.android.tools.idea.res.ResourceFolderRegistry$PopulateCachesTask","created":1585611988541,"plugin_type":"JB_BUNDLED"},"id":"stage"}}
{"recorder_version":"31","session":"85d41a4e7389","build":"193.6494.35","bucket":"197","time":1585611988557,"group":{"id":"indexing","version":"2"},"event":{"count":1,"data":{"duration_ms":37,"ide_activity_id":3,"created":1585611988557},"id":"finished"}}
{"recorder_version":"31","session":"85d41a4e7389","build":"193.6494.35","bucket":"197","time":1585611990085,"group":{"id":"actions","version":"31"},"event":{"count":1,"data":{"context_menu":true,"action_id":"third.party","created":1585611990085,"plugin_type":"NOT_LISTED","project":"984dc00f1549fa535f2d186f3a9a6c29e1d93de0955a772968cfd5c04d3a9bb2","place":"MainMenu","class":"third.party","input_event":"NoMouseButton"},"id":"action.invoked"}}
{"recorder_version":"31","session":"85d41a4e7389","build":"193.6494.35","bucket":"197","time":1585611991456,"group":{"id":"ui.dialogs","version":"31"},"event":{"count":1,"data":{"created":1585611991457,"plugin_type":"NOT_LISTED","dialog_class":"third.party"},"id":"show"}}
{"recorder_version":"31","session":"85d41a4e7389","build":"193.6494.35","bucket":"197","time":1585611992749,"group":{"id":"startup","version":"1"},"event":{"count":1,"data":{"duration":1373,"created":1585611992749},"id":"appInit"}}
{"recorder_version":"31","session":"85d41a4e7389","build":"193.6494.35","bucket":"197","time":1585611992749,"group":{"id":"startup","version":"1"},"event":{"count":1,"data":{"duration":278,"created":1585611992749},"id":"splash"}}
{"recorder_version":"31","session":"85d41a4e7389","build":"193.6494.35","bucket":"197","time":1585611992749,"group":{"id":"startup","version":"1"},"event":{"count":1,"data":{"duration":192,"created":1585611992750},"id":"bootstrap"}}
{"recorder_version":"31","session":"85d41a4e7389","build":"193.6494.35","bucket":"197","time":1585611992749,"group":{"id":"startup","version":"1"},"event":{"count":1,"data":{"duration":5732,"created":1585611992750},"id":"totalDuration"}}
{"recorder_version":"31","session":"85d41a4e7389","build":"193.6494.35","bucket":"197","time":1585611993936,"group":{"id":"ui.dialogs","version":"31"},"event":{"count":1,"data":{"code":0,"created":1585611993936,"plugin_type":"NOT_LISTED","dialog_class":"third.party"},"id":"close"}}
{"recorder_version":"31","session":"85d41a4e7389","build":"193.6494.35","bucket":"197","time":1585611995124,"group":{"id":"ui.dialogs","version":"31"},"event":{"count":1,"data":{"created":1585611995124,"plugin_type":"NOT_LISTED","dialog_class":"third.party"},"id":"show"}}
{"recorder_version":"31","session":"85d41a4e7389","build":"193.6494.35","bucket":"197","time":1585611997076,"group":{"id":"ui.dialogs","version":"31"},"event":{"count":1,"data":{"code":0,"created":1585611997076,"plugin_type":"NOT_LISTED","dialog_class":"third.party"},"id":"close"}}
{"recorder_version":"31","session":"85d41a4e7389","build":"193.6494.35","bucket":"197","time":1585611997109,"group":{"id":"ui.dialogs","version":"31"},"event":{"count":1,"data":{"created":1585611997109,"plugin_type":"NOT_LISTED","dialog_class":"third.party"},"id":"show"}}
{"recorder_version":"31","session":"85d41a4e7389","build":"193.6494.35","bucket":"197","time":1585611998544,"group":{"id":"ui.dialogs","version":"31"},"event":{"count":1,"data":{"code":0,"created":1585611998545,"plugin_type":"NOT_LISTED","dialog_class":"third.party"},"id":"close"}}
