{"recorder_version":"31","session":"93fa8094a958","build":"193.6494.35","bucket":"197","time":1585612163742,"group":{"id":"settings","version":"4"},"event":{"state":true,"data":{"component":"NotRoamableUiSettings","created":1585612164003},"id":"invoked"}}
{"recorder_version":"31","session":"93fa8094a958","build":"193.6494.35","bucket":"197","time":1585612163742,"group":{"id":"settings","version":"4"},"event":{"state":true,"data":{"component":"UISettings","created":1585612164005},"id":"invoked"}}
{"recorder_version":"31","session":"93fa8094a958","build":"193.6494.35","bucket":"197","time":1585612163748,"group":{"id":"system.java","version":"1"},"event":{"state":true,"data":{"created":1585612164015,"version":"validation.undefined_rule"},"id":"validation.undefined_rule"}}
{"recorder_version":"31","session":"93fa8094a958","build":"193.6494.35","bucket":"197","time":1585612163748,"group":{"id":"system.java","version":"1"},"event":{"state":true,"data":{"created":1585612164016},"id":"invoked"}}
{"recorder_version":"31","session":"93fa8094a958","build":"193.6494.35","bucket":"197","time":1585612163771,"group":{"id":"system.os","version":"3"},"event":{"state":true,"data":{"created":1585612164018,"version":"10.14"},"id":"Mac"}}
{"recorder_version":"31","session":"93fa8094a958","build":"193.6494.35","bucket":"197","time":1585612163771,"group":{"id":"system.os","version":"3"},"event":{"state":true,"data":{"created":1585612164020,"name":"Mac","version":"10.14"},"id":"os.name"}}
{"recorder_version":"31","session":"93fa8094a958","build":"193.6494.35","bucket":"197","time":1585612163771,"group":{"id":"system.os","version":"3"},"event":{"state":true,"data":{"created":1585612164023,"value":"-04_00"},"id":"os.timezone"}}
{"recorder_version":"31","session":"93fa8094a958","build":"193.6494.35","bucket":"197","time":1585612163771,"group":{"id":"system.os","version":"3"},"event":{"state":true,"data":{"created":1585612164025},"id":"invoked"}}
{"recorder_version":"31","session":"93fa8094a958","build":"193.6494.35","bucket":"197","time":1585612163897,"group":{"id":"settings","version":"4"},"event":{"state":true,"data":{"component":"UpdatesConfigurable","created":1585612164026,"name":"checkNeeded","type":"bool","value":false},"id":"not.default"}}
{"recorder_version":"31","session":"93fa8094a958","build":"193.6494.35","bucket":"197","time":1585612163897,"group":{"id":"settings","version":"4"},"event":{"state":true,"data":{"component":"UpdatesConfigurable","created":1585612164026},"id":"invoked"}}
{"recorder_version":"31","session":"93fa8094a958","build":"193.6494.35","bucket":"197","time":1585612163977,"group":{"id":"event.log","version":"31"},"event":{"count":1,"data":{"created":1585612164027,"version":"1200.0"},"id":"whitelist.loaded"}}
{"recorder_version":"31","session":"93fa8094a958","build":"193.6494.35","bucket":"197","time":1585612164056,"group":{"id":"settings","version":"4"},"event":{"state":true,"data":{"component":"GeneralSettings","created":1585612164062,"name":"showTipsOnStartup","type":"bool","value":false},"id":"not.default"}}
{"recorder_version":"31","session":"93fa8094a958","build":"193.6494.35","bucket":"197","time":1585612164056,"group":{"id":"settings","version":"4"},"event":{"state":true,"data":{"component":"GeneralSettings","created":1585612164062},"id":"invoked"}}
{"recorder_version":"31","session":"93fa8094a958","build":"193.6494.35","bucket":"197","time":1585612164080,"group":{"id":"lifecycle","version":"31"},"event":{"count":1,"data":{"internal":true,"eap":false,"created":1585612164081},"id":"ide.start"}}
{"recorder_version":"31","session":"93fa8094a958","build":"193.6494.35","bucket":"197","time":1585612164160,"group":{"id":"settings","version":"4"},"event":{"state":true,"data":{"component":"XmlEditorOptions","created":1585612164160},"id":"invoked"}}
{"recorder_version":"31","session":"93fa8094a958","build":"193.6494.35","bucket":"197","time":1585612164517,"group":{"id":"settings","version":"4"},"event":{"state":true,"data":{"component":"VcsApplicationSettings","created":1585612164517},"id":"invoked"}}
{"recorder_version":"31","session":"93fa8094a958","build":"193.6494.35","bucket":"197","time":1585612164517,"group":{"id":"lifecycle","version":"31"},"event":{"count":1,"data":{"created":1585612164517},"id":"frame.activated"}}
{"recorder_version":"31","session":"93fa8094a958","build":"193.6494.35","bucket":"197","time":1585612164627,"group":{"id":"ui.dialogs","version":"31"},"event":{"count":1,"data":{"created":1585612164628,"plugin_type":"PLATFORM","dialog_class":"com.intellij.openapi.progress.util.ProgressDialog$MyDialogWrapper"},"id":"show"}}
{"recorder_version":"31","session":"93fa8094a958","build":"193.6494.35","bucket":"197","time":1585612164697,"group":{"id":"performance","version":"31"},"event":{"count":1,"data":{"duration_ms":79,"created":1585612164697},"id":"ui.latency"}}
{"recorder_version":"31","session":"93fa8094a958","build":"193.6494.35","bucket":"197","time":1585612165654,"group":{"id":"lifecycle","version":"31"},"event":{"count":1,"data":{"created":1585612165654,"project":"984dc00f1549fa535f2d186f3a9a6c29e1d93de0955a772968cfd5c04d3a9bb2"},"id":"project.opened"}}
{"recorder_version":"31","session":"93fa8094a958","build":"193.6494.35","bucket":"197","time":1585612165947,"group":{"id":"performance","version":"31"},"event":{"count":1,"data":{"duration_ms":329,"created":1585612165947},"id":"ui.lagging"}}
{"recorder_version":"31","session":"93fa8094a958","build":"193.6494.35","bucket":"197","time":1585612166196,"group":{"id":"indexing","version":"2"},"event":{"count":1,"data":{"ide_activity_id":1,"created":1585612166196,"project":"984dc00f1549fa535f2d186f3a9a6c29e1d93de0955a772968cfd5c04d3a9bb2"},"id":"started"}}
{"recorder_version":"31","session":"93fa8094a958","build":"193.6494.35","bucket":"197","time":1585612166577,"group":{"id":"indexing","version":"2"},"event":{"count":1,"data":{"ide_activity_id":1,"stage_class":"com.intellij.util.indexing.UnindexedFilesUpdater","created":1585612166577,"plugin_type":"PLATFORM"},"id":"stage"}}
{"recorder_version":"31","session":"93fa8094a958","build":"193.6494.35","bucket":"197","time":1585612166690,"group":{"id":"toolwindow","version":"31"},"event":{"count":1,"data":{"ViewMode":"Dock_Pinned","created":1585612166690,"plugin_type":"PLATFORM","id":"Project","Location":"Left_Top"},"id":"activated"}}
{"recorder_version":"31","session":"93fa8094a958","build":"193.6494.35","bucket":"197","time":1585612167597,"group":{"id":"project.fs","version":"1"},"event":{"state":true,"data":{"os":"Mac","cs-project":false,"created":1585612167597,"project":"984dc00f1549fa535f2d186f3a9a6c29e1d93de0955a772968cfd5c04d3a9bb2","cs-implicit":true,"cs-system":false},"id":"case-sensitivity"}}
{"recorder_version":"31","session":"93fa8094a958","build":"193.6494.35","bucket":"197","time":1585612167597,"group":{"id":"project.fs","version":"1"},"event":{"state":true,"data":{"created":1585612167597},"id":"invoked"}}
{"recorder_version":"31","session":"93fa8094a958","build":"193.6494.35","bucket":"197","time":1585612167598,"group":{"id":"project.fs","version":"1"},"event":{"state":true,"data":{"pct-non-watched":0,"created":1585612167598,"project":"984dc00f1549fa535f2d186f3a9a6c29e1d93de0955a772968cfd5c04d3a9bb2"},"id":"roots-watched"}}
{"recorder_version":"31","session":"93fa8094a958","build":"193.6494.35","bucket":"197","time":1585612167598,"group":{"id":"project.fs","version":"1"},"event":{"state":true,"data":{"created":1585612167598},"id":"invoked"}}
{"recorder_version":"31","session":"93fa8094a958","build":"193.6494.35","bucket":"197","time":1585612167692,"group":{"id":"ui.dialogs","version":"31"},"event":{"count":1,"data":{"code":1,"created":1585612167692,"plugin_type":"PLATFORM","dialog_class":"com.intellij.openapi.progress.util.ProgressDialog$MyDialogWrapper"},"id":"close"}}
{"recorder_version":"31","session":"93fa8094a958","build":"193.6494.35","bucket":"197","time":1585612167768,"group":{"id":"performance","version":"31"},"event":{"count":1,"data":{"duration_ms":145,"created":1585612167768},"id":"ui.lagging"}}
{"recorder_version":"31","session":"93fa8094a958","build":"193.6494.35","bucket":"197","time":1585612167898,"group":{"id":"lifecycle","version":"31"},"event":{"count":1,"data":{"duration_ms":3726,"created":1585612167899,"project":"984dc00f1549fa535f2d186f3a9a6c29e1d93de0955a772968cfd5c04d3a9bb2"},"id":"project.opening.finished"}}
{"recorder_version":"31","session":"93fa8094a958","build":"193.6494.35","bucket":"197","time":1585612168627,"group":{"id":"indexing","version":"2"},"event":{"count":1,"data":{"duration_ms":2431,"ide_activity_id":1,"created":1585612168628},"id":"finished"}}
{"recorder_version":"31","session":"93fa8094a958","build":"193.6494.35","bucket":"197","time":1585612168700,"group":{"id":"indexing","version":"2"},"event":{"count":1,"data":{"ide_activity_id":2,"created":1585612168700,"project":"984dc00f1549fa535f2d186f3a9a6c29e1d93de0955a772968cfd5c04d3a9bb2"},"id":"started"}}
{"recorder_version":"31","session":"93fa8094a958","build":"193.6494.35","bucket":"197","time":1585612168718,"group":{"id":"indexing","version":"2"},"event":{"count":1,"data":{"ide_activity_id":2,"plugin":"org.jetbrains.android","stage_class":"com.android.tools.idea.res.ResourceFolderRepositoryFileCacheImpl$PruneTask","created":1585612168718,"plugin_type":"JB_BUNDLED"},"id":"stage"}}
{"recorder_version":"31","session":"93fa8094a958","build":"193.6494.35","bucket":"197","time":1585612168758,"group":{"id":"indexing","version":"2"},"event":{"count":1,"data":{"ide_activity_id":2,"plugin":"org.jetbrains.android","stage_class":"com.android.tools.idea.res.ResourceFolderRepositoryFileCacheImpl$ManageLruProjectFilesTask","created":1585612168758,"plugin_type":"JB_BUNDLED"},"id":"stage"}}
{"recorder_version":"31","session":"93fa8094a958","build":"193.6494.35","bucket":"197","time":1585612168789,"group":{"id":"indexing","version":"2"},"event":{"count":1,"data":{"duration_ms":89,"ide_activity_id":2,"created":1585612168789},"id":"finished"}}
{"recorder_version":"31","session":"93fa8094a958","build":"193.6494.35","bucket":"197","time":1585612168800,"group":{"id":"indexing","version":"2"},"event":{"count":1,"data":{"ide_activity_id":3,"created":1585612168800,"project":"984dc00f1549fa535f2d186f3a9a6c29e1d93de0955a772968cfd5c04d3a9bb2"},"id":"started"}}
{"recorder_version":"31","session":"93fa8094a958","build":"193.6494.35","bucket":"197","time":1585612168837,"group":{"id":"indexing","version":"2"},"event":{"count":1,"data":{"ide_activity_id":3,"plugin":"org.jetbrains.android","stage_class":"com.android.tools.idea.res.ResourceFolderRegistry$PopulateCachesTask","created":1585612168838,"plugin_type":"JB_BUNDLED"},"id":"stage"}}
{"recorder_version":"31","session":"93fa8094a958","build":"193.6494.35","bucket":"197","time":1585612168872,"group":{"id":"indexing","version":"2"},"event":{"count":1,"data":{"duration_ms":72,"ide_activity_id":3,"created":1585612168872},"id":"finished"}}
{"recorder_version":"31","session":"93fa8094a958","build":"193.6494.35","bucket":"197","time":1585612170677,"group":{"id":"actions","version":"31"},"event":{"count":1,"data":{"context_menu":true,"action_id":"third.party","created":1585612170677,"plugin_type":"NOT_LISTED","project":"984dc00f1549fa535f2d186f3a9a6c29e1d93de0955a772968cfd5c04d3a9bb2","place":"MainMenu","class":"third.party","input_event":"NoMouseButton"},"id":"action.invoked"}}
{"recorder_version":"31","session":"93fa8094a958","build":"193.6494.35","bucket":"197","time":1585612172194,"group":{"id":"ui.dialogs","version":"31"},"event":{"count":1,"data":{"created":1585612172194,"plugin_type":"NOT_LISTED","dialog_class":"third.party"},"id":"show"}}
{"recorder_version":"31","session":"93fa8094a958","build":"193.6494.35","bucket":"197","time":1585612172697,"group":{"id":"startup","version":"1"},"event":{"count":1,"data":{"duration":1446,"created":1585612172697},"id":"appInit"}}
{"recorder_version":"31","session":"93fa8094a958","build":"193.6494.35","bucket":"197","time":1585612172697,"group":{"id":"startup","version":"1"},"event":{"count":1,"data":{"duration":337,"created":1585612172697},"id":"splash"}}
{"recorder_version":"31","session":"93fa8094a958","build":"193.6494.35","bucket":"197","time":1585612172697,"group":{"id":"startup","version":"1"},"event":{"count":1,"data":{"duration":202,"created":1585612172697},"id":"bootstrap"}}
{"recorder_version":"31","session":"93fa8094a958","build":"193.6494.35","bucket":"197","time":1585612172697,"group":{"id":"startup","version":"1"},"event":{"count":1,"data":{"duration":5916,"created":1585612172698},"id":"totalDuration"}}
{"recorder_version":"31","session":"93fa8094a958","build":"193.6494.35","bucket":"197","time":1585612174555,"group":{"id":"ui.dialogs","version":"31"},"event":{"count":1,"data":{"code":0,"created":1585612174555,"plugin_type":"NOT_LISTED","dialog_class":"third.party"},"id":"close"}}
{"recorder_version":"31","session":"93fa8094a958","build":"193.6494.35","bucket":"197","time":1585612176024,"group":{"id":"ui.dialogs","version":"31"},"event":{"count":1,"data":{"created":1585612176024,"plugin_type":"NOT_LISTED","dialog_class":"third.party"},"id":"show"}}
{"recorder_version":"31","session":"93fa8094a958","build":"193.6494.35","bucket":"197","time":1585612177844,"group":{"id":"actions","version":"31"},"event":{"count":1,"data":{"context_menu":false,"action_id":"EditorBackSpace","created":1585612177844,"plugin_type":"PLATFORM","project":"984dc00f1549fa535f2d186f3a9a6c29e1d93de0955a772968cfd5c04d3a9bb2","place":"keyboard_shortcut","class":"com.intellij.openapi.editor.actions.BackspaceAction","input_event":"Backspace"},"id":"action.invoked"}}
{"recorder_version":"31","session":"93fa8094a958","build":"193.6494.35","bucket":"197","time":1585612179910,"group":{"id":"ui.dialogs","version":"31"},"event":{"count":1,"data":{"code":0,"created":1585612179911,"plugin_type":"NOT_LISTED","dialog_class":"third.party"},"id":"close"}}
{"recorder_version":"31","session":"93fa8094a958","build":"193.6494.35","bucket":"197","time":1585612179944,"group":{"id":"ui.dialogs","version":"31"},"event":{"count":1,"data":{"created":1585612179944,"plugin_type":"NOT_LISTED","dialog_class":"third.party"},"id":"show"}}
{"recorder_version":"31","session":"93fa8094a958","build":"193.6494.35","bucket":"197","time":1585612181241,"group":{"id":"ui.dialogs","version":"31"},"event":{"count":1,"data":{"code":0,"created":1585612181241,"plugin_type":"NOT_LISTED","dialog_class":"third.party"},"id":"close"}}
{"recorder_version":"31","session":"93fa8094a958","build":"193.6494.35","bucket":"197","time":1585612182582,"group":{"id":"lifecycle","version":"31"},"event":{"count":1,"data":{"created":1585612182583,"project":"984dc00f1549fa535f2d186f3a9a6c29e1d93de0955a772968cfd5c04d3a9bb2"},"id":"frame.deactivated"}}
{"recorder_version":"31","session":"93fa8094a958","build":"193.6494.35","bucket":"197","time":1585612220918,"group":{"id":"lifecycle","version":"31"},"event":{"count":1,"data":{"created":1585612220918,"project":"984dc00f1549fa535f2d186f3a9a6c29e1d93de0955a772968cfd5c04d3a9bb2"},"id":"frame.activated"}}
{"recorder_version":"31","session":"93fa8094a958","build":"193.6494.35","bucket":"197","time":1585612223766,"group":{"id":"ui.dialogs","version":"31"},"event":{"count":1,"data":{"created":1585612223766,"plugin_type":"NOT_LISTED","dialog_class":"third.party"},"id":"show"}}
{"recorder_version":"31","session":"93fa8094a958","build":"193.6494.35","bucket":"197","time":1585612224625,"group":{"id":"lifecycle","version":"31"},"event":{"count":1,"data":{"created":1585612224625,"project":"984dc00f1549fa535f2d186f3a9a6c29e1d93de0955a772968cfd5c04d3a9bb2"},"id":"frame.deactivated"}}
{"recorder_version":"31","session":"93fa8094a958","build":"193.6494.35","bucket":"197","time":1585612252534,"group":{"id":"lifecycle","version":"31"},"event":{"count":1,"data":{"created":1585612252534,"project":"984dc00f1549fa535f2d186f3a9a6c29e1d93de0955a772968cfd5c04d3a9bb2"},"id":"frame.activated"}}
{"recorder_version":"31","session":"93fa8094a958","build":"193.6494.35","bucket":"197","time":1585612253516,"group":{"id":"lifecycle","version":"31"},"event":{"count":1,"data":{"created":1585612253516,"project":"984dc00f1549fa535f2d186f3a9a6c29e1d93de0955a772968cfd5c04d3a9bb2"},"id":"frame.deactivated"}}
{"recorder_version":"31","session":"93fa8094a958","build":"193.6494.35","bucket":"197","time":1585612264196,"group":{"id":"lifecycle","version":"31"},"event":{"count":1,"data":{"created":1585612264196,"project":"984dc00f1549fa535f2d186f3a9a6c29e1d93de0955a772968cfd5c04d3a9bb2"},"id":"frame.activated"}}
{"recorder_version":"31","session":"93fa8094a958","build":"193.6494.35","bucket":"197","time":1585612264881,"group":{"id":"performance","version":"31"},"event":{"count":1,"data":{"duration_ms":0,"created":1585612264882},"id":"ui.latency"}}
