{"recorder_version":"31","session":"407bd071eb3f","build":"193.6494.35","bucket":"197","time":1585616133046,"group":{"id":"settings","version":"4"},"event":{"state":true,"data":{"component":"NotRoamableUiSettings","created":1585616133364},"id":"invoked"}}
{"recorder_version":"31","session":"407bd071eb3f","build":"193.6494.35","bucket":"197","time":1585616133047,"group":{"id":"settings","version":"4"},"event":{"state":true,"data":{"component":"UISettings","created":1585616133365},"id":"invoked"}}
{"recorder_version":"31","session":"407bd071eb3f","build":"193.6494.35","bucket":"197","time":1585616133058,"group":{"id":"system.java","version":"1"},"event":{"state":true,"data":{"created":1585616133373,"version":"validation.undefined_rule"},"id":"validation.undefined_rule"}}
{"recorder_version":"31","session":"407bd071eb3f","build":"193.6494.35","bucket":"197","time":1585616133058,"group":{"id":"system.java","version":"1"},"event":{"state":true,"data":{"created":1585616133374},"id":"invoked"}}
{"recorder_version":"31","session":"407bd071eb3f","build":"193.6494.35","bucket":"197","time":1585616133074,"group":{"id":"system.os","version":"3"},"event":{"state":true,"data":{"created":1585616133375,"version":"10.14"},"id":"Mac"}}
{"recorder_version":"31","session":"407bd071eb3f","build":"193.6494.35","bucket":"197","time":1585616133074,"group":{"id":"system.os","version":"3"},"event":{"state":true,"data":{"created":1585616133375,"name":"Mac","version":"10.14"},"id":"os.name"}}
{"recorder_version":"31","session":"407bd071eb3f","build":"193.6494.35","bucket":"197","time":1585616133074,"group":{"id":"system.os","version":"3"},"event":{"state":true,"data":{"created":1585616133375,"value":"-04_00"},"id":"os.timezone"}}
{"recorder_version":"31","session":"407bd071eb3f","build":"193.6494.35","bucket":"197","time":1585616133074,"group":{"id":"system.os","version":"3"},"event":{"state":true,"data":{"created":1585616133376},"id":"invoked"}}
{"recorder_version":"31","session":"407bd071eb3f","build":"193.6494.35","bucket":"197","time":1585616133252,"group":{"id":"settings","version":"4"},"event":{"state":true,"data":{"component":"UpdatesConfigurable","created":1585616133377,"name":"checkNeeded","type":"bool","value":false},"id":"not.default"}}
{"recorder_version":"31","session":"407bd071eb3f","build":"193.6494.35","bucket":"197","time":1585616133252,"group":{"id":"settings","version":"4"},"event":{"state":true,"data":{"component":"UpdatesConfigurable","created":1585616133377},"id":"invoked"}}
{"recorder_version":"31","session":"407bd071eb3f","build":"193.6494.35","bucket":"197","time":1585616133327,"group":{"id":"event.log","version":"31"},"event":{"count":1,"data":{"created":1585616133381,"version":"1200.0"},"id":"whitelist.loaded"}}
{"recorder_version":"31","session":"407bd071eb3f","build":"193.6494.35","bucket":"197","time":1585616133375,"group":{"id":"settings","version":"4"},"event":{"state":true,"data":{"component":"GeneralSettings","created":1585616133386,"name":"showTipsOnStartup","type":"bool","value":false},"id":"not.default"}}
{"recorder_version":"31","session":"407bd071eb3f","build":"193.6494.35","bucket":"197","time":1585616133375,"group":{"id":"settings","version":"4"},"event":{"state":true,"data":{"component":"GeneralSettings","created":1585616133386},"id":"invoked"}}
{"recorder_version":"31","session":"407bd071eb3f","build":"193.6494.35","bucket":"197","time":1585616133394,"group":{"id":"lifecycle","version":"31"},"event":{"count":1,"data":{"internal":true,"eap":false,"created":1585616133394},"id":"ide.start"}}
{"recorder_version":"31","session":"407bd071eb3f","build":"193.6494.35","bucket":"197","time":1585616133457,"group":{"id":"settings","version":"4"},"event":{"state":true,"data":{"component":"XmlEditorOptions","created":1585616133458},"id":"invoked"}}
{"recorder_version":"31","session":"407bd071eb3f","build":"193.6494.35","bucket":"197","time":1585616134084,"group":{"id":"lifecycle","version":"31"},"event":{"count":1,"data":{"created":1585616134084},"id":"frame.activated"}}
{"recorder_version":"31","session":"407bd071eb3f","build":"193.6494.35","bucket":"197","time":1585616134084,"group":{"id":"settings","version":"4"},"event":{"state":true,"data":{"component":"VcsApplicationSettings","created":1585616134084},"id":"invoked"}}
{"recorder_version":"31","session":"407bd071eb3f","build":"193.6494.35","bucket":"197","time":1585616134108,"group":{"id":"performance","version":"31"},"event":{"count":1,"data":{"duration_ms":181,"created":1585616134108},"id":"ui.latency"}}
{"recorder_version":"31","session":"407bd071eb3f","build":"193.6494.35","bucket":"197","time":1585616134108,"group":{"id":"performance","version":"31"},"event":{"count":1,"data":{"duration_ms":181,"created":1585616134109},"id":"ui.lagging"}}
{"recorder_version":"31","session":"407bd071eb3f","build":"193.6494.35","bucket":"197","time":1585616134177,"group":{"id":"ui.dialogs","version":"31"},"event":{"count":1,"data":{"created":1585616134177,"plugin_type":"PLATFORM","dialog_class":"com.intellij.openapi.progress.util.ProgressDialog$MyDialogWrapper"},"id":"show"}}
{"recorder_version":"31","session":"407bd071eb3f","build":"193.6494.35","bucket":"197","time":1585616135126,"group":{"id":"lifecycle","version":"31"},"event":{"count":1,"data":{"created":1585616135127,"project":"984dc00f1549fa535f2d186f3a9a6c29e1d93de0955a772968cfd5c04d3a9bb2"},"id":"project.opened"}}
{"recorder_version":"31","session":"407bd071eb3f","build":"193.6494.35","bucket":"197","time":1585616135368,"group":{"id":"performance","version":"31"},"event":{"count":1,"data":{"duration_ms":443,"created":1585616135368},"id":"ui.lagging"}}
{"recorder_version":"31","session":"407bd071eb3f","build":"193.6494.35","bucket":"197","time":1585616135656,"group":{"id":"indexing","version":"2"},"event":{"count":1,"data":{"ide_activity_id":1,"created":1585616135657,"project":"984dc00f1549fa535f2d186f3a9a6c29e1d93de0955a772968cfd5c04d3a9bb2"},"id":"started"}}
{"recorder_version":"31","session":"407bd071eb3f","build":"193.6494.35","bucket":"197","time":1585616135687,"group":{"id":"indexing","version":"2"},"event":{"count":1,"data":{"ide_activity_id":1,"stage_class":"com.intellij.util.indexing.UnindexedFilesUpdater","created":1585616135687,"plugin_type":"PLATFORM"},"id":"stage"}}
{"recorder_version":"31","session":"407bd071eb3f","build":"193.6494.35","bucket":"197","time":1585616136062,"group":{"id":"performance","version":"31"},"event":{"count":1,"data":{"duration_ms":135,"created":1585616136062},"id":"ui.lagging"}}
{"recorder_version":"31","session":"407bd071eb3f","build":"193.6494.35","bucket":"197","time":1585616136169,"group":{"id":"toolwindow","version":"31"},"event":{"count":1,"data":{"ViewMode":"Dock_Pinned","created":1585616136170,"plugin_type":"PLATFORM","id":"Event_Log","Location":"Bottom_Right"},"id":"activated"}}
{"recorder_version":"31","session":"407bd071eb3f","build":"193.6494.35","bucket":"197","time":1585616137174,"group":{"id":"project.fs","version":"1"},"event":{"state":true,"data":{"os":"Mac","cs-project":false,"created":1585616137174,"project":"984dc00f1549fa535f2d186f3a9a6c29e1d93de0955a772968cfd5c04d3a9bb2","cs-implicit":true,"cs-system":false},"id":"case-sensitivity"}}
{"recorder_version":"31","session":"407bd071eb3f","build":"193.6494.35","bucket":"197","time":1585616137174,"group":{"id":"project.fs","version":"1"},"event":{"state":true,"data":{"created":1585616137174},"id":"invoked"}}
{"recorder_version":"31","session":"407bd071eb3f","build":"193.6494.35","bucket":"197","time":1585616137174,"group":{"id":"project.fs","version":"1"},"event":{"state":true,"data":{"pct-non-watched":0,"created":1585616137175,"project":"984dc00f1549fa535f2d186f3a9a6c29e1d93de0955a772968cfd5c04d3a9bb2"},"id":"roots-watched"}}
{"recorder_version":"31","session":"407bd071eb3f","build":"193.6494.35","bucket":"197","time":1585616137174,"group":{"id":"project.fs","version":"1"},"event":{"state":true,"data":{"created":1585616137175},"id":"invoked"}}
{"recorder_version":"31","session":"407bd071eb3f","build":"193.6494.35","bucket":"197","time":1585616137212,"group":{"id":"ui.dialogs","version":"31"},"event":{"count":1,"data":{"code":1,"created":1585616137213,"plugin_type":"PLATFORM","dialog_class":"com.intellij.openapi.progress.util.ProgressDialog$MyDialogWrapper"},"id":"close"}}
{"recorder_version":"31","session":"407bd071eb3f","build":"193.6494.35","bucket":"197","time":1585616137406,"group":{"id":"lifecycle","version":"31"},"event":{"count":1,"data":{"duration_ms":3926,"created":1585616137406,"project":"984dc00f1549fa535f2d186f3a9a6c29e1d93de0955a772968cfd5c04d3a9bb2"},"id":"project.opening.finished"}}
{"recorder_version":"31","session":"407bd071eb3f","build":"193.6494.35","bucket":"197","time":1585616137563,"group":{"id":"indexing","version":"2"},"event":{"count":1,"data":{"duration_ms":1907,"ide_activity_id":1,"created":1585616137564},"id":"finished"}}
{"recorder_version":"31","session":"407bd071eb3f","build":"193.6494.35","bucket":"197","time":1585616137772,"group":{"id":"indexing","version":"2"},"event":{"count":1,"data":{"ide_activity_id":2,"created":1585616137773,"project":"984dc00f1549fa535f2d186f3a9a6c29e1d93de0955a772968cfd5c04d3a9bb2"},"id":"started"}}
{"recorder_version":"31","session":"407bd071eb3f","build":"193.6494.35","bucket":"197","time":1585616137790,"group":{"id":"indexing","version":"2"},"event":{"count":1,"data":{"ide_activity_id":2,"plugin":"org.jetbrains.android","stage_class":"com.android.tools.idea.res.ResourceFolderRepositoryFileCacheImpl$PruneTask","created":1585616137791,"plugin_type":"JB_BUNDLED"},"id":"stage"}}
{"recorder_version":"31","session":"407bd071eb3f","build":"193.6494.35","bucket":"197","time":1585616137827,"group":{"id":"indexing","version":"2"},"event":{"count":1,"data":{"ide_activity_id":2,"plugin":"org.jetbrains.android","stage_class":"com.android.tools.idea.res.ResourceFolderRepositoryFileCacheImpl$ManageLruProjectFilesTask","created":1585616137827,"plugin_type":"JB_BUNDLED"},"id":"stage"}}
{"recorder_version":"31","session":"407bd071eb3f","build":"193.6494.35","bucket":"197","time":1585616137854,"group":{"id":"indexing","version":"2"},"event":{"count":1,"data":{"duration_ms":82,"ide_activity_id":2,"created":1585616137854},"id":"finished"}}
{"recorder_version":"31","session":"407bd071eb3f","build":"193.6494.35","bucket":"197","time":1585616137908,"group":{"id":"indexing","version":"2"},"event":{"count":1,"data":{"ide_activity_id":3,"created":1585616137908,"project":"984dc00f1549fa535f2d186f3a9a6c29e1d93de0955a772968cfd5c04d3a9bb2"},"id":"started"}}
{"recorder_version":"31","session":"407bd071eb3f","build":"193.6494.35","bucket":"197","time":1585616137930,"group":{"id":"indexing","version":"2"},"event":{"count":1,"data":{"ide_activity_id":3,"plugin":"org.jetbrains.android","stage_class":"com.android.tools.idea.res.ResourceFolderRegistry$PopulateCachesTask","created":1585616137931,"plugin_type":"JB_BUNDLED"},"id":"stage"}}
{"recorder_version":"31","session":"407bd071eb3f","build":"193.6494.35","bucket":"197","time":1585616137952,"group":{"id":"indexing","version":"2"},"event":{"count":1,"data":{"duration_ms":44,"ide_activity_id":3,"created":1585616137952},"id":"finished"}}
{"recorder_version":"31","session":"407bd071eb3f","build":"193.6494.35","bucket":"197","time":1585616140831,"group":{"id":"actions","version":"31"},"event":{"count":1,"data":{"context_menu":true,"action_id":"third.party","created":1585616140831,"plugin_type":"NOT_LISTED","project":"984dc00f1549fa535f2d186f3a9a6c29e1d93de0955a772968cfd5c04d3a9bb2","place":"MainMenu","class":"third.party","input_event":"NoMouseButton"},"id":"action.invoked"}}
{"recorder_version":"31","session":"407bd071eb3f","build":"193.6494.35","bucket":"197","time":1585616142222,"group":{"id":"startup","version":"1"},"event":{"count":1,"data":{"duration":1329,"created":1585616142222},"id":"appInit"}}
{"recorder_version":"31","session":"407bd071eb3f","build":"193.6494.35","bucket":"197","time":1585616142222,"group":{"id":"startup","version":"1"},"event":{"count":1,"data":{"duration":271,"created":1585616142223},"id":"splash"}}
{"recorder_version":"31","session":"407bd071eb3f","build":"193.6494.35","bucket":"197","time":1585616142222,"group":{"id":"startup","version":"1"},"event":{"count":1,"data":{"duration":173,"created":1585616142223},"id":"bootstrap"}}
{"recorder_version":"31","session":"407bd071eb3f","build":"193.6494.35","bucket":"197","time":1585616142222,"group":{"id":"startup","version":"1"},"event":{"count":1,"data":{"duration":5791,"created":1585616142223},"id":"totalDuration"}}
{"recorder_version":"31","session":"407bd071eb3f","build":"193.6494.35","bucket":"197","time":1585616142313,"group":{"id":"ui.dialogs","version":"31"},"event":{"count":1,"data":{"created":1585616142314,"plugin_type":"NOT_LISTED","dialog_class":"third.party"},"id":"show"}}
{"recorder_version":"31","session":"407bd071eb3f","build":"193.6494.35","bucket":"197","time":1585616144619,"group":{"id":"ui.dialogs","version":"31"},"event":{"count":1,"data":{"code":0,"created":1585616144619,"plugin_type":"NOT_LISTED","dialog_class":"third.party"},"id":"close"}}
{"recorder_version":"31","session":"407bd071eb3f","build":"193.6494.35","bucket":"197","time":1585616146494,"group":{"id":"ui.dialogs","version":"31"},"event":{"count":1,"data":{"created":1585616146494,"plugin_type":"NOT_LISTED","dialog_class":"third.party"},"id":"show"}}
{"recorder_version":"31","session":"407bd071eb3f","build":"193.6494.35","bucket":"197","time":1585616148921,"group":{"id":"ui.dialogs","version":"31"},"event":{"count":1,"data":{"code":0,"created":1585616148922,"plugin_type":"NOT_LISTED","dialog_class":"third.party"},"id":"close"}}
{"recorder_version":"31","session":"407bd071eb3f","build":"193.6494.35","bucket":"197","time":1585616148957,"group":{"id":"ui.dialogs","version":"31"},"event":{"count":1,"data":{"created":1585616148957,"plugin_type":"NOT_LISTED","dialog_class":"third.party"},"id":"show"}}
{"recorder_version":"31","session":"407bd071eb3f","build":"193.6494.35","bucket":"197","time":1585616152771,"group":{"id":"ui.dialogs","version":"31"},"event":{"count":1,"data":{"code":0,"created":1585616152772,"plugin_type":"NOT_LISTED","dialog_class":"third.party"},"id":"close"}}
{"recorder_version":"31","session":"407bd071eb3f","build":"193.6494.35","bucket":"197","time":1585616152810,"group":{"id":"ui.dialogs","version":"31"},"event":{"count":1,"data":{"created":1585616152810,"plugin_type":"NOT_LISTED","dialog_class":"third.party"},"id":"show"}}
{"recorder_version":"31","session":"407bd071eb3f","build":"193.6494.35","bucket":"197","time":1585616156258,"group":{"id":"ui.dialogs","version":"31"},"event":{"count":1,"data":{"code":0,"created":1585616156259,"plugin_type":"NOT_LISTED","dialog_class":"third.party"},"id":"close"}}
{"recorder_version":"31","session":"407bd071eb3f","build":"193.6494.35","bucket":"197","time":1585616156285,"group":{"id":"ui.dialogs","version":"31"},"event":{"count":1,"data":{"created":1585616156285,"plugin_type":"NOT_LISTED","dialog_class":"third.party"},"id":"show"}}
{"recorder_version":"31","session":"407bd071eb3f","build":"193.6494.35","bucket":"197","time":1585616160694,"group":{"id":"lifecycle","version":"31"},"event":{"count":1,"data":{"created":1585616160694,"project":"984dc00f1549fa535f2d186f3a9a6c29e1d93de0955a772968cfd5c04d3a9bb2"},"id":"frame.deactivated"}}
{"recorder_version":"31","session":"407bd071eb3f","build":"193.6494.35","bucket":"197","time":1585616193856,"group":{"id":"lifecycle","version":"31"},"event":{"count":1,"data":{"created":1585616193856,"project":"984dc00f1549fa535f2d186f3a9a6c29e1d93de0955a772968cfd5c04d3a9bb2"},"id":"frame.activated"}}
{"recorder_version":"31","session":"407bd071eb3f","build":"193.6494.35","bucket":"197","time":1585616196384,"group":{"id":"ui.dialogs","version":"31"},"event":{"count":1,"data":{"code":0,"created":1585616196385,"plugin_type":"NOT_LISTED","dialog_class":"third.party"},"id":"close"}}
{"recorder_version":"31","session":"407bd071eb3f","build":"193.6494.35","bucket":"197","time":1585616196423,"group":{"id":"ui.dialogs","version":"31"},"event":{"count":1,"data":{"created":1585616196423,"plugin_type":"NOT_LISTED","dialog_class":"third.party"},"id":"show"}}
{"recorder_version":"31","session":"407bd071eb3f","build":"193.6494.35","bucket":"197","time":1585616199348,"group":{"id":"ui.dialogs","version":"31"},"event":{"count":1,"data":{"code":0,"created":1585616199348,"plugin_type":"NOT_LISTED","dialog_class":"third.party"},"id":"close"}}
{"recorder_version":"31","session":"407bd071eb3f","build":"193.6494.35","bucket":"197","time":1585616199384,"group":{"id":"ui.dialogs","version":"31"},"event":{"count":1,"data":{"created":1585616199384,"plugin_type":"NOT_LISTED","dialog_class":"third.party"},"id":"show"}}
{"recorder_version":"31","session":"407bd071eb3f","build":"193.6494.35","bucket":"197","time":1585616202387,"group":{"id":"actions","version":"31"},"event":{"count":1,"data":{"context_menu":false,"action_id":"EditorBackSpace","created":1585616202387,"plugin_type":"PLATFORM","project":"984dc00f1549fa535f2d186f3a9a6c29e1d93de0955a772968cfd5c04d3a9bb2","place":"keyboard_shortcut","class":"com.intellij.openapi.editor.actions.BackspaceAction","input_event":"Backspace"},"id":"action.invoked"}}
{"recorder_version":"31","session":"407bd071eb3f","build":"193.6494.35","bucket":"197","time":1585616203383,"group":{"id":"ui.dialogs","version":"31"},"event":{"count":1,"data":{"code":0,"created":1585616203384,"plugin_type":"NOT_LISTED","dialog_class":"third.party"},"id":"close"}}
{"recorder_version":"31","session":"407bd071eb3f","build":"193.6494.35","bucket":"197","time":1585616203420,"group":{"id":"ui.dialogs","version":"31"},"event":{"count":1,"data":{"created":1585616203420,"plugin_type":"NOT_LISTED","dialog_class":"third.party"},"id":"show"}}
{"recorder_version":"31","session":"407bd071eb3f","build":"193.6494.35","bucket":"197","time":1585616205249,"group":{"id":"ui.dialogs","version":"31"},"event":{"count":1,"data":{"code":0,"created":1585616205250,"plugin_type":"NOT_LISTED","dialog_class":"third.party"},"id":"close"}}
{"recorder_version":"31","session":"407bd071eb3f","build":"193.6494.35","bucket":"197","time":1585616205285,"group":{"id":"ui.dialogs","version":"31"},"event":{"count":1,"data":{"created":1585616205285,"plugin_type":"NOT_LISTED","dialog_class":"third.party"},"id":"show"}}
{"recorder_version":"31","session":"407bd071eb3f","build":"193.6494.35","bucket":"197","time":1585616207825,"group":{"id":"actions","version":"31"},"event":{"count":1,"data":{"context_menu":false,"action_id":"EditorBackSpace","created":1585616207826,"plugin_type":"PLATFORM","project":"984dc00f1549fa535f2d186f3a9a6c29e1d93de0955a772968cfd5c04d3a9bb2","place":"keyboard_shortcut","class":"com.intellij.openapi.editor.actions.BackspaceAction","input_event":"Backspace"},"id":"action.invoked"}}
{"recorder_version":"31","session":"407bd071eb3f","build":"193.6494.35","bucket":"197","time":1585616208826,"group":{"id":"ui.dialogs","version":"31"},"event":{"count":1,"data":{"code":0,"created":1585616208827,"plugin_type":"NOT_LISTED","dialog_class":"third.party"},"id":"close"}}
{"recorder_version":"31","session":"407bd071eb3f","build":"193.6494.35","bucket":"197","time":1585616209042,"group":{"id":"indexing","version":"2"},"event":{"count":1,"data":{"ide_activity_id":4,"created":1585616209042,"project":"984dc00f1549fa535f2d186f3a9a6c29e1d93de0955a772968cfd5c04d3a9bb2"},"id":"started"}}
{"recorder_version":"31","session":"407bd071eb3f","build":"193.6494.35","bucket":"197","time":1585616209048,"group":{"id":"indexing","version":"2"},"event":{"count":1,"data":{"ide_activity_id":4,"stage_class":"com.intellij.openapi.roots.impl.PushedFilePropertiesUpdaterImpl$3","created":1585616209049,"plugin_type":"PLATFORM"},"id":"stage"}}
{"recorder_version":"31","session":"407bd071eb3f","build":"193.6494.35","bucket":"197","time":1585616209085,"group":{"id":"indexing","version":"2"},"event":{"count":1,"data":{"duration_ms":43,"ide_activity_id":4,"created":1585616209085},"id":"finished"}}
{"recorder_version":"31","session":"407bd071eb3f","build":"193.6494.35","bucket":"197","time":1585616213177,"group":{"id":"toolwindow","version":"31"},"event":{"count":1,"data":{"ViewMode":"Dock_Pinned","created":1585616213177,"plugin_type":"PLATFORM","id":"Project","Location":"Left_Top"},"id":"activated"}}
{"recorder_version":"31","session":"407bd071eb3f","build":"193.6494.35","bucket":"197","time":1585616222851,"group":{"id":"lifecycle","version":"31"},"event":{"count":1,"data":{"created":1585616222851,"project":"984dc00f1549fa535f2d186f3a9a6c29e1d93de0955a772968cfd5c04d3a9bb2"},"id":"frame.deactivated"}}
{"recorder_version":"31","session":"407bd071eb3f","build":"193.6494.35","bucket":"197","time":1585616227896,"group":{"id":"lifecycle","version":"31"},"event":{"count":1,"data":{"created":1585616227897,"project":"984dc00f1549fa535f2d186f3a9a6c29e1d93de0955a772968cfd5c04d3a9bb2"},"id":"frame.activated"}}
{"recorder_version":"31","session":"407bd071eb3f","build":"193.6494.35","bucket":"197","time":1585616228483,"group":{"id":"lifecycle","version":"31"},"event":{"count":1,"data":{"created":1585616228484,"project":"984dc00f1549fa535f2d186f3a9a6c29e1d93de0955a772968cfd5c04d3a9bb2"},"id":"frame.deactivated"}}
{"recorder_version":"31","session":"407bd071eb3f","build":"193.6494.35","bucket":"197","time":1585616234141,"group":{"id":"performance","version":"31"},"event":{"count":1,"data":{"duration_ms":1,"created":1585616234141},"id":"ui.latency"}}
